///////////////////////////////////////////////////////////////////////////////////
///                                                                             ///
///                                                                             ///
///              QQQ       UUU  UUU    KKK   KK    EEEEEEE    TTTTTTT           ///
///             Q   Q       u    U      K   K       E    E    T  T  T           ///
///            Q     Q      U    U      K  K        E  E         T              ///
///            Q     Q      U    U      KKK         EEEE         T              ///
///            Q QQQ Q      U    U      K  K        E  E         T              ///
///             Q   Q       U    U      K   K       E    E       T              ///
///              QQQ QQ      UUUU      KKK   KK    EEEEEEE      TTT             ///
///                                                                             ///
///                      Quantum Computing Simulator Ver Beta                   ///
///                                                                             ///
///        Copyright 2019-2020                                                  ///
///        QC Project Team, Ten-no Research Group                               ///
///        All rights Reserved.                                                 ///
///                                                                             ///
///////////////////////////////////////////////////////////////////////////////////
Start at 2021-02-02 20:12:22.273113
+-------------+
|  Job #   1  |
+-------------+
1 processes  x  4 threads  =  Total 4 cores

 *** Geometry **************************
  C       0.0000     0.0000     0.0000
 ***************************************

E[FCI] = -37.68034712359646
E[HF]  = -37.58820401835025
Spin-Projection is not yet available for 1-upccgsd.
Projecting to spin space :  s = 1.0    Ms = 0 
             Grid points :  (alpha,beta,gamma) = (4,2,0)
Performing VQE for 1-upccgsd
Number of VQE parameters: 42
Initial configuration: |00000000000011>
Theta list = random
Circuit order: Exp[T1] Exp[T2] |0>
    1:  E[1-UpCCGSD] = -37.526618676490  <S**2> = 2.000000000000000  CPU Time =  9.91 (0.11 / step)
    2:  E[1-UpCCGSD] = -37.574896676623  <S**2> = 1.999999999999999  CPU Time =  4.91 (0.11 / step)
    3:  E[1-UpCCGSD] = -37.660015095647  <S**2> = 1.999999999999998  CPU Time =  4.66 (0.11 / step)
    4:  E[1-UpCCGSD] = -37.664585289463  <S**2> = 1.999999999999996  CPU Time =  4.82 (0.10 / step)
    5:  E[1-UpCCGSD] = -37.667797495770  <S**2> = 2.000000000000005  CPU Time =  4.91 (0.11 / step)
    6:  E[1-UpCCGSD] = -37.675387497419  <S**2> = 2.000000000000006  CPU Time =  4.89 (0.11 / step)
    7:  E[1-UpCCGSD] = -37.678332852986  <S**2> = 1.999999999999993  CPU Time =  4.90 (0.11 / step)
    8:  E[1-UpCCGSD] = -37.679142447873  <S**2> = 2.000000000000005  CPU Time =  4.88 (0.11 / step)
    9:  E[1-UpCCGSD] = -37.679892277518  <S**2> = 1.999999999999996  CPU Time =  4.91 (0.10 / step)
   10:  E[1-UpCCGSD] = -37.680021970596  <S**2> = 2.000000000000005  CPU Time =  4.90 (0.11 / step)
   11:  E[1-UpCCGSD] = -37.680231237200  <S**2> = 1.999999999999995  CPU Time =  4.90 (0.11 / step)
   12:  E[1-UpCCGSD] = -37.680256817552  <S**2> = 1.999999999999994  CPU Time =  4.78 (0.10 / step)
   13:  E[1-UpCCGSD] = -37.680283902918  <S**2> = 2.000000000000008  CPU Time =  4.69 (0.11 / step)
   14:  E[1-UpCCGSD] = -37.680308397026  <S**2> = 2.000000000000002  CPU Time =  4.94 (0.11 / step)
   15:  E[1-UpCCGSD] = -37.680315941938  <S**2> = 2.000000000000004  CPU Time =  4.91 (0.11 / step)
   16:  E[1-UpCCGSD] = -37.680322804192  <S**2> = 1.999999999999997  CPU Time =  4.91 (0.11 / step)
   17:  E[1-UpCCGSD] = -37.680329097690  <S**2> = 2.000000000000004  CPU Time =  4.80 (0.08 / step)
   18:  E[1-UpCCGSD] = -37.680335619918  <S**2> = 2.000000000000003  CPU Time =  4.76 (0.11 / step)
   19:  E[1-UpCCGSD] = -37.680337009212  <S**2> = 2.000000000000001  CPU Time =  9.72 (0.11 / step)
   20:  E[1-UpCCGSD] = -37.680339269504  <S**2> = 2.000000000000000  CPU Time =  4.91 (0.10 / step)
   21:  E[1-UpCCGSD] = -37.680340082336  <S**2> = 2.000000000000001  CPU Time =  4.93 (0.11 / step)
   22:  E[1-UpCCGSD] = -37.680340953889  <S**2> = 1.999999999999998  CPU Time =  4.90 (0.11 / step)
   23:  E[1-UpCCGSD] = -37.680342618154  <S**2> = 2.000000000000001  CPU Time =  4.91 (0.11 / step)
   24:  E[1-UpCCGSD] = -37.680345191433  <S**2> = 1.999999999999997  CPU Time =  4.89 (0.11 / step)
   25:  E[1-UpCCGSD] = -37.680345814130  <S**2> = 1.999999999999999  CPU Time =  9.56 (0.11 / step)
   26:  E[1-UpCCGSD] = -37.680346232935  <S**2> = 2.000000000000001  CPU Time =  4.90 (0.11 / step)
   27:  E[1-UpCCGSD] = -37.680346372843  <S**2> = 1.999999999999996  CPU Time =  4.89 (0.11 / step)
   28:  E[1-UpCCGSD] = -37.680346427781  <S**2> = 1.999999999999995  CPU Time =  4.83 (0.10 / step)
   29:  E[1-UpCCGSD] = -37.680346619575  <S**2> = 1.999999999999996  CPU Time =  4.40 (0.10 / step)
   30:  E[1-UpCCGSD] = -37.680346709364  <S**2> = 2.000000000000012  CPU Time =  4.88 (0.11 / step)
   31:  E[1-UpCCGSD] = -37.680346741703  <S**2> = 2.000000000000001  CPU Time =  4.90 (0.11 / step)
Final:  E[1-UpCCGSD] = -37.680346741703  <S**2> = 2.000000000000001  rho = 1

(1-UpCCGSD state)
 Basis       Coef
|00000000000110> : +0.2720 +0.0000j
|00000000001001> : +0.2720 +0.0000j
|00000000010010> : -0.6399 +0.0000j
|00000000100001> : -0.6399 +0.0000j

Dipole moment (in Debye) :
x = -0.00015     y = 0.00021    z = -0.00012
| mu | = 0.00029

 Done: CPU Time =         165.3078
End at 2021-02-02 20:15:08.565024
