///////////////////////////////////////////////////////////////////////////////////
///                                                                             ///
///                                                                             ///
///              QQQ       UUU  UUU    KKK   KK    EEEEEEE    TTTTTTT           ///
///             Q   Q       u    U      K   K       E    E    T  T  T           ///
///            Q     Q      U    U      K  K        E  E         T              ///
///            Q     Q      U    U      KKK         EEEE         T              ///
///            Q QQQ Q      U    U      K  K        E  E         T              ///
///             Q   Q       U    U      K   K       E    E       T              ///
///              QQQ QQ      UUUU      KKK   KK    EEEEEEE      TTT             ///
///                                                                             ///
///                      Quantum Computing Simulator Ver Beta                   ///
///                                                                             ///
///        Copyright 2019-2020                                                  ///
///        QC Project Team, Ten-no Research Group                               ///
///        All rights Reserved.                                                 ///
///                                                                             ///
///////////////////////////////////////////////////////////////////////////////////
Start at 2021-02-02 17:45:43.028283
+-------------+
|  Job #   1  |
+-------------+
8 processes  x  4 threads  =  Total 32 cores

 *** Geometry **************************
  O       0.0000     0.0000     0.0000
 ***************************************

E[FCI] = -74.80942868583296
E[HF]  = -74.65581295360302
Spin-Projection is not yet available for 2-upccgsd.
Projecting to spin space :  s = 0.0    Ms = 0 
             Grid points :  (alpha,beta,gamma) = (4,2,0)
Performing VQE for 2-upccgsd
Number of VQE parameters: 84
Initial configuration: |00000000001111>
Theta list = random
Circuit order: Exp[T1] Exp[T2] |0>
    1:  E[2-UpCCGSD] = -74.670783623391  <S**2> = 0.000000000000000  CPU Time =  3.93 (0.09 / step)
    2:  E[2-UpCCGSD] = -74.675433360776  <S**2> =-0.000000000000001  CPU Time =  1.29 (0.09 / step)
    3:  E[2-UpCCGSD] = -74.678590603133  <S**2> =-0.000000000000001  CPU Time =  1.30 (0.09 / step)
    4:  E[2-UpCCGSD] = -74.690199101750  <S**2> = 0.000000000000005  CPU Time =  1.30 (0.09 / step)
    5:  E[2-UpCCGSD] = -74.696949876720  <S**2> = 0.000000000000002  CPU Time =  1.30 (0.09 / step)
    6:  E[2-UpCCGSD] = -74.698585989852  <S**2> = 0.000000000000001  CPU Time =  1.29 (0.09 / step)
    7:  E[2-UpCCGSD] = -74.700067247694  <S**2> =-0.000000000000002  CPU Time =  1.30 (0.09 / step)
    8:  E[2-UpCCGSD] = -74.702627207622  <S**2> = 0.000000000000001  CPU Time =  1.29 (0.09 / step)
    9:  E[2-UpCCGSD] = -74.704721289575  <S**2> = 0.000000000000007  CPU Time =  2.50 (0.09 / step)
   10:  E[2-UpCCGSD] = -74.705650442613  <S**2> = 0.000000000000004  CPU Time =  2.49 (0.09 / step)
   11:  E[2-UpCCGSD] = -74.706697307047  <S**2> =-0.000000000000001  CPU Time =  1.29 (0.09 / step)
   12:  E[2-UpCCGSD] = -74.707083469058  <S**2> = 0.000000000000001  CPU Time =  1.29 (0.09 / step)
   13:  E[2-UpCCGSD] = -74.707277226946  <S**2> = 0.000000000000002  CPU Time =  1.30 (0.09 / step)
   14:  E[2-UpCCGSD] = -74.707527710607  <S**2> = 0.000000000000006  CPU Time =  1.30 (0.09 / step)
   15:  E[2-UpCCGSD] = -74.707962629541  <S**2> =-0.000000000000001  CPU Time =  1.30 (0.09 / step)
   16:  E[2-UpCCGSD] = -74.708177212505  <S**2> =-0.000000000000002  CPU Time =  1.29 (0.09 / step)
   17:  E[2-UpCCGSD] = -74.708274336021  <S**2> =-0.000000000000000  CPU Time =  1.29 (0.09 / step)
   18:  E[2-UpCCGSD] = -74.708339158101  <S**2> = 0.000000000000001  CPU Time =  1.29 (0.09 / step)
   19:  E[2-UpCCGSD] = -74.708361863777  <S**2> = 0.000000000000003  CPU Time =  1.30 (0.09 / step)
   20:  E[2-UpCCGSD] = -74.708433103266  <S**2> = 0.000000000000006  CPU Time =  1.29 (0.09 / step)
   21:  E[2-UpCCGSD] = -74.708542376469  <S**2> = 0.000000000000007  CPU Time =  1.30 (0.09 / step)
   22:  E[2-UpCCGSD] = -74.708710761264  <S**2> = 0.000000000000005  CPU Time =  1.29 (0.09 / step)
   23:  E[2-UpCCGSD] = -74.708973003599  <S**2> = 0.000000000000001  CPU Time =  1.29 (0.09 / step)
   24:  E[2-UpCCGSD] = -74.709496872388  <S**2> =-0.000000000000000  CPU Time =  1.30 (0.09 / step)
   25:  E[2-UpCCGSD] = -74.710095722621  <S**2> = 0.000000000000004  CPU Time =  1.29 (0.09 / step)
   26:  E[2-UpCCGSD] = -74.710783324807  <S**2> = 0.000000000000002  CPU Time =  1.29 (0.09 / step)
   27:  E[2-UpCCGSD] = -74.711874461926  <S**2> =-0.000000000000004  CPU Time =  1.29 (0.09 / step)
   28:  E[2-UpCCGSD] = -74.712633800620  <S**2> =-0.000000000000005  CPU Time =  1.29 (0.09 / step)
   29:  E[2-UpCCGSD] = -74.713956685283  <S**2> =-0.000000000000004  CPU Time =  1.29 (0.09 / step)
   30:  E[2-UpCCGSD] = -74.714604332012  <S**2> = 0.000000000000002  CPU Time =  1.30 (0.09 / step)
   31:  E[2-UpCCGSD] = -74.715408384378  <S**2> = 0.000000000000006  CPU Time =  1.29 (0.09 / step)
   32:  E[2-UpCCGSD] = -74.716722520285  <S**2> =-0.000000000000004  CPU Time =  1.29 (0.09 / step)
   33:  E[2-UpCCGSD] = -74.717869399762  <S**2> =-0.000000000000008  CPU Time =  1.29 (0.09 / step)
   34:  E[2-UpCCGSD] = -74.718723421521  <S**2> = 0.000000000000003  CPU Time =  1.29 (0.09 / step)
   35:  E[2-UpCCGSD] = -74.719173621439  <S**2> =-0.000000000000001  CPU Time =  1.29 (0.09 / step)
   36:  E[2-UpCCGSD] = -74.719827280883  <S**2> = 0.000000000000005  CPU Time =  1.29 (0.09 / step)
   37:  E[2-UpCCGSD] = -74.719980660084  <S**2> =-0.000000000000004  CPU Time =  1.29 (0.09 / step)
   38:  E[2-UpCCGSD] = -74.720270361061  <S**2> = 0.000000000000003  CPU Time =  1.30 (0.09 / step)
   39:  E[2-UpCCGSD] = -74.720624749631  <S**2> =-0.000000000000001  CPU Time =  1.29 (0.09 / step)
   40:  E[2-UpCCGSD] = -74.720795765172  <S**2> =-0.000000000000002  CPU Time =  1.29 (0.09 / step)
   41:  E[2-UpCCGSD] = -74.721222264053  <S**2> = 0.000000000000009  CPU Time =  1.30 (0.09 / step)
   42:  E[2-UpCCGSD] = -74.721389252645  <S**2> =-0.000000000000003  CPU Time =  1.29 (0.09 / step)
   43:  E[2-UpCCGSD] = -74.721610812605  <S**2> = 0.000000000000003  CPU Time =  1.29 (0.09 / step)
   44:  E[2-UpCCGSD] = -74.721795420049  <S**2> = 0.000000000000004  CPU Time =  1.29 (0.09 / step)
   45:  E[2-UpCCGSD] = -74.722093714285  <S**2> = 0.000000000000002  CPU Time =  1.29 (0.09 / step)
   46:  E[2-UpCCGSD] = -74.722175932668  <S**2> =-0.000000000000003  CPU Time =  1.29 (0.09 / step)
   47:  E[2-UpCCGSD] = -74.722287920659  <S**2> = 0.000000000000004  CPU Time =  1.29 (0.09 / step)
   48:  E[2-UpCCGSD] = -74.722366071700  <S**2> = 0.000000000000002  CPU Time =  2.52 (0.09 / step)
   49:  E[2-UpCCGSD] = -74.722504183396  <S**2> =-0.000000000000001  CPU Time =  1.30 (0.09 / step)
   50:  E[2-UpCCGSD] = -74.722582591919  <S**2> =-0.000000000000004  CPU Time =  1.29 (0.09 / step)
   51:  E[2-UpCCGSD] = -74.722650426278  <S**2> =-0.000000000000008  CPU Time =  1.29 (0.09 / step)
   52:  E[2-UpCCGSD] = -74.722715523001  <S**2> = 0.000000000000003  CPU Time =  1.31 (0.09 / step)
   53:  E[2-UpCCGSD] = -74.722785456002  <S**2> = 0.000000000000002  CPU Time =  1.29 (0.09 / step)
   54:  E[2-UpCCGSD] = -74.722823814770  <S**2> = 0.000000000000004  CPU Time =  1.29 (0.09 / step)
   55:  E[2-UpCCGSD] = -74.722885688849  <S**2> =-0.000000000000004  CPU Time =  1.30 (0.09 / step)
   56:  E[2-UpCCGSD] = -74.722933231745  <S**2> =-0.000000000000003  CPU Time =  1.29 (0.09 / step)
   57:  E[2-UpCCGSD] = -74.722986115257  <S**2> =-0.000000000000002  CPU Time =  1.30 (0.09 / step)
   58:  E[2-UpCCGSD] = -74.723029833540  <S**2> = 0.000000000000006  CPU Time =  1.30 (0.09 / step)
   59:  E[2-UpCCGSD] = -74.723088062503  <S**2> = 0.000000000000000  CPU Time =  1.29 (0.09 / step)
   60:  E[2-UpCCGSD] = -74.723143419375  <S**2> = 0.000000000000001  CPU Time =  1.29 (0.09 / step)
   61:  E[2-UpCCGSD] = -74.723204556032  <S**2> = 0.000000000000000  CPU Time =  1.30 (0.09 / step)
   62:  E[2-UpCCGSD] = -74.723306568538  <S**2> =-0.000000000000005  CPU Time =  1.29 (0.09 / step)
   63:  E[2-UpCCGSD] = -74.723342782495  <S**2> =-0.000000000000004  CPU Time =  2.49 (0.09 / step)
   64:  E[2-UpCCGSD] = -74.723415598870  <S**2> = 0.000000000000003  CPU Time =  1.29 (0.09 / step)
   65:  E[2-UpCCGSD] = -74.723455715390  <S**2> =-0.000000000000008  CPU Time =  1.29 (0.09 / step)
   66:  E[2-UpCCGSD] = -74.723484903454  <S**2> = 0.000000000000004  CPU Time =  1.30 (0.09 / step)
   67:  E[2-UpCCGSD] = -74.723518481281  <S**2> = 0.000000000000004  CPU Time =  1.29 (0.09 / step)
   68:  E[2-UpCCGSD] = -74.723561310959  <S**2> = 0.000000000000004  CPU Time =  1.29 (0.09 / step)
   69:  E[2-UpCCGSD] = -74.723601034059  <S**2> = 0.000000000000002  CPU Time =  1.29 (0.09 / step)
   70:  E[2-UpCCGSD] = -74.723628588268  <S**2> =-0.000000000000000  CPU Time =  1.29 (0.09 / step)
   71:  E[2-UpCCGSD] = -74.723643686166  <S**2> = 0.000000000000001  CPU Time =  1.29 (0.09 / step)
   72:  E[2-UpCCGSD] = -74.723652747543  <S**2> =-0.000000000000002  CPU Time =  1.29 (0.09 / step)
   73:  E[2-UpCCGSD] = -74.723675267023  <S**2> =-0.000000000000001  CPU Time =  1.29 (0.09 / step)
   74:  E[2-UpCCGSD] = -74.723693824522  <S**2> = 0.000000000000003  CPU Time =  1.29 (0.09 / step)
   75:  E[2-UpCCGSD] = -74.723719498709  <S**2> = 0.000000000000003  CPU Time =  1.29 (0.09 / step)
   76:  E[2-UpCCGSD] = -74.723746326806  <S**2> =-0.000000000000004  CPU Time =  1.29 (0.09 / step)
   77:  E[2-UpCCGSD] = -74.723795554950  <S**2> = 0.000000000000002  CPU Time =  1.29 (0.09 / step)
   78:  E[2-UpCCGSD] = -74.723850967666  <S**2> =-0.000000000000002  CPU Time =  1.29 (0.09 / step)
   79:  E[2-UpCCGSD] = -74.723920529329  <S**2> =-0.000000000000002  CPU Time =  1.29 (0.09 / step)
   80:  E[2-UpCCGSD] = -74.724012568377  <S**2> = 0.000000000000005  CPU Time =  1.30 (0.09 / step)
   81:  E[2-UpCCGSD] = -74.724086518810  <S**2> = 0.000000000000003  CPU Time =  1.30 (0.09 / step)
   82:  E[2-UpCCGSD] = -74.724164419780  <S**2> = 0.000000000000005  CPU Time =  1.30 (0.09 / step)
   83:  E[2-UpCCGSD] = -74.724216382125  <S**2> =-0.000000000000006  CPU Time =  1.30 (0.09 / step)
   84:  E[2-UpCCGSD] = -74.724275609033  <S**2> = 0.000000000000004  CPU Time =  1.30 (0.09 / step)
   85:  E[2-UpCCGSD] = -74.724341470198  <S**2> = 0.000000000000002  CPU Time =  1.30 (0.09 / step)
   86:  E[2-UpCCGSD] = -74.724431991321  <S**2> =-0.000000000000004  CPU Time =  1.30 (0.09 / step)
   87:  E[2-UpCCGSD] = -74.724529041829  <S**2> = 0.000000000000001  CPU Time =  1.30 (0.09 / step)
   88:  E[2-UpCCGSD] = -74.724630235755  <S**2> =-0.000000000000004  CPU Time =  1.30 (0.09 / step)
   89:  E[2-UpCCGSD] = -74.724777262353  <S**2> =-0.000000000000005  CPU Time =  1.30 (0.09 / step)
   90:  E[2-UpCCGSD] = -74.724957132599  <S**2> =-0.000000000000002  CPU Time =  1.30 (0.09 / step)
   91:  E[2-UpCCGSD] = -74.725177301230  <S**2> = 0.000000000000002  CPU Time =  1.30 (0.09 / step)
   92:  E[2-UpCCGSD] = -74.725340063063  <S**2> = 0.000000000000005  CPU Time =  1.30 (0.09 / step)
   93:  E[2-UpCCGSD] = -74.725511542790  <S**2> = 0.000000000000000  CPU Time =  1.31 (0.09 / step)
   94:  E[2-UpCCGSD] = -74.725608659033  <S**2> = 0.000000000000005  CPU Time =  2.50 (0.09 / step)
   95:  E[2-UpCCGSD] = -74.725751011959  <S**2> =-0.000000000000003  CPU Time =  1.31 (0.09 / step)
   96:  E[2-UpCCGSD] = -74.725891209431  <S**2> = 0.000000000000003  CPU Time =  1.30 (0.09 / step)
   97:  E[2-UpCCGSD] = -74.726073644368  <S**2> =-0.000000000000002  CPU Time =  1.30 (0.09 / step)
   98:  E[2-UpCCGSD] = -74.726163703253  <S**2> =-0.000000000000004  CPU Time =  1.30 (0.09 / step)
   99:  E[2-UpCCGSD] = -74.726228746222  <S**2> =-0.000000000000003  CPU Time =  1.31 (0.09 / step)
  100:  E[2-UpCCGSD] = -74.726405540263  <S**2> =-0.000000000000002  CPU Time =  1.30 (0.09 / step)
  101:  E[2-UpCCGSD] = -74.726558180571  <S**2> = 0.000000000000003  CPU Time =  1.30 (0.09 / step)
  102:  E[2-UpCCGSD] = -74.726696752364  <S**2> =-0.000000000000004  CPU Time =  1.30 (0.09 / step)
  103:  E[2-UpCCGSD] = -74.726747824320  <S**2> = 0.000000000000007  CPU Time =  1.30 (0.09 / step)
  104:  E[2-UpCCGSD] = -74.726817281386  <S**2> = 0.000000000000002  CPU Time =  1.30 (0.09 / step)
  105:  E[2-UpCCGSD] = -74.726884532175  <S**2> =-0.000000000000008  CPU Time =  1.30 (0.09 / step)
  106:  E[2-UpCCGSD] = -74.726945844489  <S**2> =-0.000000000000001  CPU Time =  1.30 (0.09 / step)
  107:  E[2-UpCCGSD] = -74.727049833572  <S**2> = 0.000000000000001  CPU Time =  1.30 (0.09 / step)
  108:  E[2-UpCCGSD] = -74.727109748366  <S**2> =-0.000000000000003  CPU Time =  1.30 (0.09 / step)
  109:  E[2-UpCCGSD] = -74.727169726435  <S**2> =-0.000000000000001  CPU Time =  1.30 (0.09 / step)
  110:  E[2-UpCCGSD] = -74.727236050044  <S**2> =-0.000000000000002  CPU Time =  1.30 (0.09 / step)
  111:  E[2-UpCCGSD] = -74.727282965574  <S**2> = 0.000000000000002  CPU Time =  1.30 (0.09 / step)
  112:  E[2-UpCCGSD] = -74.727326665513  <S**2> = 0.000000000000000  CPU Time =  1.30 (0.09 / step)
  113:  E[2-UpCCGSD] = -74.727399863205  <S**2> =-0.000000000000002  CPU Time =  1.31 (0.09 / step)
  114:  E[2-UpCCGSD] = -74.727437961621  <S**2> =-0.000000000000002  CPU Time =  2.50 (0.09 / step)
  115:  E[2-UpCCGSD] = -74.727474695289  <S**2> =-0.000000000000001  CPU Time =  1.30 (0.09 / step)
  116:  E[2-UpCCGSD] = -74.727498956289  <S**2> = 0.000000000000003  CPU Time =  1.30 (0.09 / step)
  117:  E[2-UpCCGSD] = -74.727516712430  <S**2> = 0.000000000000004  CPU Time =  1.30 (0.09 / step)
  118:  E[2-UpCCGSD] = -74.727533521473  <S**2> =-0.000000000000003  CPU Time =  1.30 (0.09 / step)
  119:  E[2-UpCCGSD] = -74.727571699163  <S**2> =-0.000000000000002  CPU Time =  1.30 (0.09 / step)
  120:  E[2-UpCCGSD] = -74.727591006919  <S**2> = 0.000000000000000  CPU Time =  1.30 (0.09 / step)
  121:  E[2-UpCCGSD] = -74.727617349503  <S**2> =-0.000000000000002  CPU Time =  1.31 (0.09 / step)
  122:  E[2-UpCCGSD] = -74.727631394246  <S**2> =-0.000000000000001  CPU Time =  1.30 (0.09 / step)
  123:  E[2-UpCCGSD] = -74.727644951608  <S**2> = 0.000000000000001  CPU Time =  1.30 (0.09 / step)
  124:  E[2-UpCCGSD] = -74.727680565782  <S**2> =-0.000000000000001  CPU Time =  1.30 (0.09 / step)
  125:  E[2-UpCCGSD] = -74.727740515628  <S**2> = 0.000000000000000  CPU Time =  1.30 (0.09 / step)
  126:  E[2-UpCCGSD] = -74.727804583601  <S**2> =-0.000000000000001  CPU Time =  1.30 (0.09 / step)
  127:  E[2-UpCCGSD] = -74.727886680049  <S**2> = 0.000000000000003  CPU Time =  1.30 (0.09 / step)
  128:  E[2-UpCCGSD] = -74.727959836420  <S**2> = 0.000000000000003  CPU Time =  1.30 (0.09 / step)
  129:  E[2-UpCCGSD] = -74.727991035104  <S**2> = 0.000000000000002  CPU Time =  1.30 (0.09 / step)
  130:  E[2-UpCCGSD] = -74.728090357946  <S**2> =-0.000000000000004  CPU Time =  1.30 (0.09 / step)
  131:  E[2-UpCCGSD] = -74.728120816812  <S**2> =-0.000000000000001  CPU Time =  1.31 (0.09 / step)
  132:  E[2-UpCCGSD] = -74.728157940965  <S**2> = 0.000000000000000  CPU Time =  1.30 (0.09 / step)
  133:  E[2-UpCCGSD] = -74.728197565641  <S**2> = 0.000000000000002  CPU Time =  1.30 (0.09 / step)
  134:  E[2-UpCCGSD] = -74.728229116949  <S**2> =-0.000000000000003  CPU Time =  1.30 (0.09 / step)
  135:  E[2-UpCCGSD] = -74.728277570834  <S**2> = 0.000000000000002  CPU Time =  1.30 (0.09 / step)
  136:  E[2-UpCCGSD] = -74.728301763273  <S**2> =-0.000000000000004  CPU Time =  1.30 (0.09 / step)
  137:  E[2-UpCCGSD] = -74.728335771369  <S**2> = 0.000000000000004  CPU Time =  1.30 (0.09 / step)
  138:  E[2-UpCCGSD] = -74.728390359387  <S**2> = 0.000000000000002  CPU Time =  1.30 (0.09 / step)
  139:  E[2-UpCCGSD] = -74.728419820672  <S**2> =-0.000000000000002  CPU Time =  2.51 (0.09 / step)
  140:  E[2-UpCCGSD] = -74.728467066939  <S**2> =-0.000000000000005  CPU Time =  1.30 (0.09 / step)
  141:  E[2-UpCCGSD] = -74.728512590238  <S**2> =-0.000000000000004  CPU Time =  1.30 (0.09 / step)
  142:  E[2-UpCCGSD] = -74.728546697059  <S**2> =-0.000000000000000  CPU Time =  1.31 (0.09 / step)
  143:  E[2-UpCCGSD] = -74.728569845261  <S**2> = 0.000000000000007  CPU Time =  2.50 (0.09 / step)
  144:  E[2-UpCCGSD] = -74.728610669339  <S**2> = 0.000000000000002  CPU Time =  1.30 (0.09 / step)
  145:  E[2-UpCCGSD] = -74.728629428611  <S**2> =-0.000000000000000  CPU Time =  1.30 (0.09 / step)
  146:  E[2-UpCCGSD] = -74.728639992945  <S**2> = 0.000000000000001  CPU Time =  1.30 (0.09 / step)
  147:  E[2-UpCCGSD] = -74.728651627098  <S**2> =-0.000000000000001  CPU Time =  1.30 (0.09 / step)
  148:  E[2-UpCCGSD] = -74.728666903255  <S**2> =-0.000000000000002  CPU Time =  1.30 (0.09 / step)
  149:  E[2-UpCCGSD] = -74.728690156491  <S**2> = 0.000000000000001  CPU Time =  1.30 (0.09 / step)
  150:  E[2-UpCCGSD] = -74.728749724786  <S**2> =-0.000000000000002  CPU Time =  1.30 (0.09 / step)
  151:  E[2-UpCCGSD] = -74.728793218313  <S**2> =-0.000000000000003  CPU Time =  1.30 (0.09 / step)
  152:  E[2-UpCCGSD] = -74.728836173068  <S**2> = 0.000000000000001  CPU Time =  1.30 (0.09 / step)
  153:  E[2-UpCCGSD] = -74.728871696625  <S**2> = 0.000000000000002  CPU Time =  1.30 (0.09 / step)
  154:  E[2-UpCCGSD] = -74.728890892580  <S**2> =-0.000000000000002  CPU Time =  1.30 (0.09 / step)
  155:  E[2-UpCCGSD] = -74.728917452893  <S**2> =-0.000000000000003  CPU Time =  1.29 (0.09 / step)
  156:  E[2-UpCCGSD] = -74.728920252706  <S**2> =-0.000000000000002  CPU Time =  1.30 (0.09 / step)
  157:  E[2-UpCCGSD] = -74.728935210581  <S**2> =-0.000000000000001  CPU Time =  1.30 (0.09 / step)
  158:  E[2-UpCCGSD] = -74.728938629235  <S**2> = 0.000000000000004  CPU Time =  1.30 (0.09 / step)
  159:  E[2-UpCCGSD] = -74.728946445921  <S**2> = 0.000000000000001  CPU Time =  1.30 (0.09 / step)
  160:  E[2-UpCCGSD] = -74.728955823101  <S**2> =-0.000000000000001  CPU Time =  1.30 (0.09 / step)
  161:  E[2-UpCCGSD] = -74.728964535770  <S**2> = 0.000000000000004  CPU Time =  1.30 (0.09 / step)
  162:  E[2-UpCCGSD] = -74.728974097584  <S**2> =-0.000000000000001  CPU Time =  1.30 (0.09 / step)
  163:  E[2-UpCCGSD] = -74.728977864860  <S**2> = 0.000000000000006  CPU Time =  1.29 (0.09 / step)
  164:  E[2-UpCCGSD] = -74.728979020538  <S**2> = 0.000000000000002  CPU Time =  1.30 (0.09 / step)
  165:  E[2-UpCCGSD] = -74.728981891998  <S**2> =-0.000000000000002  CPU Time =  1.30 (0.09 / step)
  166:  E[2-UpCCGSD] = -74.728985905874  <S**2> = 0.000000000000000  CPU Time =  1.30 (0.09 / step)
  167:  E[2-UpCCGSD] = -74.728990252079  <S**2> = 0.000000000000003  CPU Time =  1.30 (0.09 / step)
  168:  E[2-UpCCGSD] = -74.728997754262  <S**2> = 0.000000000000002  CPU Time =  1.30 (0.09 / step)
  169:  E[2-UpCCGSD] = -74.729003338951  <S**2> = 0.000000000000001  CPU Time =  1.31 (0.09 / step)
  170:  E[2-UpCCGSD] = -74.729006935848  <S**2> = 0.000000000000001  CPU Time =  1.30 (0.09 / step)
  171:  E[2-UpCCGSD] = -74.729008781985  <S**2> =-0.000000000000004  CPU Time =  1.30 (0.09 / step)
  172:  E[2-UpCCGSD] = -74.729015833742  <S**2> = 0.000000000000002  CPU Time =  1.30 (0.09 / step)
  173:  E[2-UpCCGSD] = -74.729021725772  <S**2> =-0.000000000000003  CPU Time =  1.30 (0.09 / step)
  174:  E[2-UpCCGSD] = -74.729029376132  <S**2> = 0.000000000000002  CPU Time =  1.30 (0.09 / step)
  175:  E[2-UpCCGSD] = -74.729037181377  <S**2> = 0.000000000000002  CPU Time =  1.30 (0.09 / step)
  176:  E[2-UpCCGSD] = -74.729041630015  <S**2> = 0.000000000000000  CPU Time =  1.30 (0.09 / step)
  177:  E[2-UpCCGSD] = -74.729045189044  <S**2> =-0.000000000000003  CPU Time =  1.30 (0.09 / step)
  178:  E[2-UpCCGSD] = -74.729049458963  <S**2> = 0.000000000000005  CPU Time =  1.30 (0.09 / step)
  179:  E[2-UpCCGSD] = -74.729055555293  <S**2> = 0.000000000000004  CPU Time =  1.30 (0.09 / step)
  180:  E[2-UpCCGSD] = -74.729063964437  <S**2> = 0.000000000000002  CPU Time =  1.30 (0.09 / step)
  181:  E[2-UpCCGSD] = -74.729068804576  <S**2> = 0.000000000000003  CPU Time =  1.30 (0.09 / step)
  182:  E[2-UpCCGSD] = -74.729072917325  <S**2> =-0.000000000000001  CPU Time =  1.30 (0.09 / step)
  183:  E[2-UpCCGSD] = -74.729077169095  <S**2> = 0.000000000000003  CPU Time =  1.30 (0.09 / step)
  184:  E[2-UpCCGSD] = -74.729082670513  <S**2> =-0.000000000000007  CPU Time =  1.30 (0.09 / step)
  185:  E[2-UpCCGSD] = -74.729085118526  <S**2> =-0.000000000000003  CPU Time =  1.30 (0.09 / step)
  186:  E[2-UpCCGSD] = -74.729091710511  <S**2> = 0.000000000000002  CPU Time =  1.30 (0.09 / step)
  187:  E[2-UpCCGSD] = -74.729099647722  <S**2> = 0.000000000000001  CPU Time =  1.30 (0.09 / step)
  188:  E[2-UpCCGSD] = -74.729104640438  <S**2> = 0.000000000000002  CPU Time =  1.30 (0.09 / step)
  189:  E[2-UpCCGSD] = -74.729112172836  <S**2> =-0.000000000000003  CPU Time =  1.30 (0.09 / step)
  190:  E[2-UpCCGSD] = -74.729115973749  <S**2> =-0.000000000000002  CPU Time =  1.29 (0.09 / step)
  191:  E[2-UpCCGSD] = -74.729119910209  <S**2> = 0.000000000000001  CPU Time =  1.30 (0.09 / step)
  192:  E[2-UpCCGSD] = -74.729121237559  <S**2> =-0.000000000000002  CPU Time =  2.50 (0.09 / step)
  193:  E[2-UpCCGSD] = -74.729123148938  <S**2> = 0.000000000000002  CPU Time =  1.30 (0.09 / step)
  194:  E[2-UpCCGSD] = -74.729124488007  <S**2> = 0.000000000000005  CPU Time =  1.30 (0.09 / step)
  195:  E[2-UpCCGSD] = -74.729125679662  <S**2> = 0.000000000000001  CPU Time =  1.32 (0.09 / step)
  196:  E[2-UpCCGSD] = -74.729126349709  <S**2> =-0.000000000000001  CPU Time =  1.31 (0.09 / step)
  197:  E[2-UpCCGSD] = -74.729128406749  <S**2> =-0.000000000000003  CPU Time =  1.29 (0.09 / step)
  198:  E[2-UpCCGSD] = -74.729129853960  <S**2> =-0.000000000000001  CPU Time =  1.30 (0.09 / step)
  199:  E[2-UpCCGSD] = -74.729131577661  <S**2> = 0.000000000000000  CPU Time =  1.31 (0.09 / step)
  200:  E[2-UpCCGSD] = -74.729135580869  <S**2> = 0.000000000000001  CPU Time =  1.30 (0.09 / step)
  201:  E[2-UpCCGSD] = -74.729142990886  <S**2> =-0.000000000000001  CPU Time =  1.30 (0.09 / step)
  202:  E[2-UpCCGSD] = -74.729146312818  <S**2> =-0.000000000000008  CPU Time =  1.30 (0.09 / step)
  203:  E[2-UpCCGSD] = -74.729156592850  <S**2> = 0.000000000000003  CPU Time =  1.30 (0.10 / step)
  204:  E[2-UpCCGSD] = -74.729161735086  <S**2> =-0.000000000000001  CPU Time =  1.30 (0.09 / step)
  205:  E[2-UpCCGSD] = -74.729165369901  <S**2> = 0.000000000000004  CPU Time =  1.30 (0.09 / step)
  206:  E[2-UpCCGSD] = -74.729169357585  <S**2> = 0.000000000000003  CPU Time =  1.30 (0.09 / step)
  207:  E[2-UpCCGSD] = -74.729172367680  <S**2> =-0.000000000000001  CPU Time =  1.30 (0.09 / step)
  208:  E[2-UpCCGSD] = -74.729175159354  <S**2> = 0.000000000000003  CPU Time =  1.29 (0.09 / step)
  209:  E[2-UpCCGSD] = -74.729177198587  <S**2> =-0.000000000000004  CPU Time =  1.30 (0.09 / step)
  210:  E[2-UpCCGSD] = -74.729179692525  <S**2> = 0.000000000000000  CPU Time =  1.30 (0.09 / step)
  211:  E[2-UpCCGSD] = -74.729183135360  <S**2> =-0.000000000000003  CPU Time =  1.30 (0.09 / step)
  212:  E[2-UpCCGSD] = -74.729185085083  <S**2> = 0.000000000000003  CPU Time =  2.50 (0.09 / step)
  213:  E[2-UpCCGSD] = -74.729186596951  <S**2> =-0.000000000000004  CPU Time =  1.30 (0.09 / step)
  214:  E[2-UpCCGSD] = -74.729189232079  <S**2> = 0.000000000000002  CPU Time =  1.30 (0.09 / step)
  215:  E[2-UpCCGSD] = -74.729194130401  <S**2> = 0.000000000000005  CPU Time =  1.30 (0.09 / step)
  216:  E[2-UpCCGSD] = -74.729195869397  <S**2> =-0.000000000000002  CPU Time =  1.29 (0.09 / step)
  217:  E[2-UpCCGSD] = -74.729201346696  <S**2> =-0.000000000000001  CPU Time =  1.30 (0.09 / step)
  218:  E[2-UpCCGSD] = -74.729203541710  <S**2> = 0.000000000000002  CPU Time =  1.30 (0.09 / step)
  219:  E[2-UpCCGSD] = -74.729206827561  <S**2> = 0.000000000000001  CPU Time =  1.31 (0.09 / step)
  220:  E[2-UpCCGSD] = -74.729210480623  <S**2> = 0.000000000000004  CPU Time =  1.30 (0.09 / step)
  221:  E[2-UpCCGSD] = -74.729215400108  <S**2> = 0.000000000000002  CPU Time =  1.30 (0.09 / step)
  222:  E[2-UpCCGSD] = -74.729222364337  <S**2> = 0.000000000000003  CPU Time =  1.30 (0.09 / step)
  223:  E[2-UpCCGSD] = -74.729225599759  <S**2> =-0.000000000000000  CPU Time =  1.30 (0.09 / step)
  224:  E[2-UpCCGSD] = -74.729229068536  <S**2> =-0.000000000000003  CPU Time =  1.30 (0.09 / step)
  225:  E[2-UpCCGSD] = -74.729230433505  <S**2> =-0.000000000000001  CPU Time =  1.30 (0.09 / step)
  226:  E[2-UpCCGSD] = -74.729233183370  <S**2> = 0.000000000000003  CPU Time =  1.31 (0.09 / step)
  227:  E[2-UpCCGSD] = -74.729236973731  <S**2> = 0.000000000000001  CPU Time =  1.30 (0.09 / step)
  228:  E[2-UpCCGSD] = -74.729241953700  <S**2> = 0.000000000000002  CPU Time =  1.30 (0.09 / step)
  229:  E[2-UpCCGSD] = -74.729247019186  <S**2> = 0.000000000000002  CPU Time =  1.30 (0.09 / step)
  230:  E[2-UpCCGSD] = -74.729251800713  <S**2> = 0.000000000000001  CPU Time =  1.31 (0.09 / step)
  231:  E[2-UpCCGSD] = -74.729259814081  <S**2> =-0.000000000000006  CPU Time =  1.30 (0.09 / step)
  232:  E[2-UpCCGSD] = -74.729263143578  <S**2> =-0.000000000000001  CPU Time =  1.30 (0.09 / step)
  233:  E[2-UpCCGSD] = -74.729270587519  <S**2> = 0.000000000000003  CPU Time =  1.30 (0.09 / step)
  234:  E[2-UpCCGSD] = -74.729274177063  <S**2> = 0.000000000000002  CPU Time =  1.30 (0.09 / step)
  235:  E[2-UpCCGSD] = -74.729276937689  <S**2> = 0.000000000000004  CPU Time =  1.30 (0.09 / step)
  236:  E[2-UpCCGSD] = -74.729282549288  <S**2> = 0.000000000000001  CPU Time =  1.30 (0.09 / step)
  237:  E[2-UpCCGSD] = -74.729287210857  <S**2> =-0.000000000000002  CPU Time =  1.31 (0.09 / step)
  238:  E[2-UpCCGSD] = -74.729290634763  <S**2> = 0.000000000000001  CPU Time =  1.30 (0.09 / step)
  239:  E[2-UpCCGSD] = -74.729293814823  <S**2> = 0.000000000000001  CPU Time =  1.30 (0.09 / step)
  240:  E[2-UpCCGSD] = -74.729295782147  <S**2> = 0.000000000000007  CPU Time =  1.30 (0.09 / step)
  241:  E[2-UpCCGSD] = -74.729297353433  <S**2> = 0.000000000000001  CPU Time =  1.30 (0.09 / step)
  242:  E[2-UpCCGSD] = -74.729298904907  <S**2> =-0.000000000000005  CPU Time =  1.30 (0.09 / step)
  243:  E[2-UpCCGSD] = -74.729300942637  <S**2> = 0.000000000000002  CPU Time =  1.30 (0.09 / step)
  244:  E[2-UpCCGSD] = -74.729305136922  <S**2> =-0.000000000000003  CPU Time =  1.30 (0.09 / step)
  245:  E[2-UpCCGSD] = -74.729306699743  <S**2> =-0.000000000000003  CPU Time =  2.50 (0.09 / step)
  246:  E[2-UpCCGSD] = -74.729310586218  <S**2> = 0.000000000000007  CPU Time =  1.30 (0.09 / step)
  247:  E[2-UpCCGSD] = -74.729320108406  <S**2> =-0.000000000000004  CPU Time =  1.30 (0.09 / step)
  248:  E[2-UpCCGSD] = -74.729324983375  <S**2> = 0.000000000000002  CPU Time =  1.29 (0.09 / step)
  249:  E[2-UpCCGSD] = -74.729328856362  <S**2> = 0.000000000000001  CPU Time =  1.30 (0.09 / step)
  250:  E[2-UpCCGSD] = -74.729332297505  <S**2> = 0.000000000000000  CPU Time =  1.31 (0.09 / step)
  251:  E[2-UpCCGSD] = -74.729335704651  <S**2> =-0.000000000000000  CPU Time =  1.30 (0.09 / step)
  252:  E[2-UpCCGSD] = -74.729341319618  <S**2> =-0.000000000000000  CPU Time =  1.31 (0.09 / step)
  253:  E[2-UpCCGSD] = -74.729344486352  <S**2> =-0.000000000000006  CPU Time =  1.30 (0.09 / step)
  254:  E[2-UpCCGSD] = -74.729348082621  <S**2> = 0.000000000000006  CPU Time =  1.30 (0.09 / step)
  255:  E[2-UpCCGSD] = -74.729352267598  <S**2> = 0.000000000000001  CPU Time =  1.31 (0.09 / step)
  256:  E[2-UpCCGSD] = -74.729357295903  <S**2> =-0.000000000000000  CPU Time =  1.30 (0.09 / step)
  257:  E[2-UpCCGSD] = -74.729359350340  <S**2> = 0.000000000000001  CPU Time =  1.30 (0.09 / step)
  258:  E[2-UpCCGSD] = -74.729360837208  <S**2> = 0.000000000000000  CPU Time =  1.30 (0.09 / step)
  259:  E[2-UpCCGSD] = -74.729362137063  <S**2> =-0.000000000000001  CPU Time =  1.31 (0.09 / step)
  260:  E[2-UpCCGSD] = -74.729363301157  <S**2> =-0.000000000000003  CPU Time =  1.30 (0.09 / step)
  261:  E[2-UpCCGSD] = -74.729366542508  <S**2> =-0.000000000000003  CPU Time =  1.30 (0.09 / step)
  262:  E[2-UpCCGSD] = -74.729369896240  <S**2> =-0.000000000000002  CPU Time =  1.30 (0.09 / step)
  263:  E[2-UpCCGSD] = -74.729372318093  <S**2> = 0.000000000000003  CPU Time =  1.31 (0.09 / step)
  264:  E[2-UpCCGSD] = -74.729375568796  <S**2> = 0.000000000000000  CPU Time =  1.30 (0.09 / step)
  265:  E[2-UpCCGSD] = -74.729381303050  <S**2> = 0.000000000000002  CPU Time =  1.31 (0.09 / step)
  266:  E[2-UpCCGSD] = -74.729387114347  <S**2> = 0.000000000000000  CPU Time =  1.31 (0.09 / step)
  267:  E[2-UpCCGSD] = -74.729391340992  <S**2> =-0.000000000000001  CPU Time =  1.30 (0.09 / step)
  268:  E[2-UpCCGSD] = -74.729394033528  <S**2> =-0.000000000000003  CPU Time =  1.30 (0.09 / step)
  269:  E[2-UpCCGSD] = -74.729397727256  <S**2> = 0.000000000000002  CPU Time =  1.30 (0.09 / step)
  270:  E[2-UpCCGSD] = -74.729401614144  <S**2> = 0.000000000000006  CPU Time =  1.30 (0.09 / step)
  271:  E[2-UpCCGSD] = -74.729404900069  <S**2> = 0.000000000000003  CPU Time =  1.30 (0.09 / step)
  272:  E[2-UpCCGSD] = -74.729406730801  <S**2> = 0.000000000000001  CPU Time =  1.30 (0.09 / step)
  273:  E[2-UpCCGSD] = -74.729409104474  <S**2> = 0.000000000000002  CPU Time =  1.29 (0.09 / step)
  274:  E[2-UpCCGSD] = -74.729410848186  <S**2> =-0.000000000000000  CPU Time =  1.30 (0.09 / step)
  275:  E[2-UpCCGSD] = -74.729412299984  <S**2> = 0.000000000000005  CPU Time =  1.30 (0.09 / step)
  276:  E[2-UpCCGSD] = -74.729414516452  <S**2> =-0.000000000000001  CPU Time =  1.30 (0.09 / step)
  277:  E[2-UpCCGSD] = -74.729415863507  <S**2> = 0.000000000000003  CPU Time =  1.30 (0.09 / step)
  278:  E[2-UpCCGSD] = -74.729418971282  <S**2> =-0.000000000000006  CPU Time =  1.31 (0.09 / step)
  279:  E[2-UpCCGSD] = -74.729420133137  <S**2> = 0.000000000000007  CPU Time =  1.30 (0.09 / step)
  280:  E[2-UpCCGSD] = -74.729421820336  <S**2> = 0.000000000000001  CPU Time =  1.31 (0.09 / step)
  281:  E[2-UpCCGSD] = -74.729423355725  <S**2> = 0.000000000000003  CPU Time =  1.30 (0.09 / step)
  282:  E[2-UpCCGSD] = -74.729425052271  <S**2> = 0.000000000000004  CPU Time =  1.30 (0.09 / step)
  283:  E[2-UpCCGSD] = -74.729426310396  <S**2> = 0.000000000000010  CPU Time =  1.30 (0.09 / step)
  284:  E[2-UpCCGSD] = -74.729428083816  <S**2> =-0.000000000000005  CPU Time =  1.30 (0.09 / step)
  285:  E[2-UpCCGSD] = -74.729430065630  <S**2> =-0.000000000000002  CPU Time =  1.30 (0.09 / step)
  286:  E[2-UpCCGSD] = -74.729431441291  <S**2> = 0.000000000000000  CPU Time =  1.30 (0.09 / step)
  287:  E[2-UpCCGSD] = -74.729432976853  <S**2> = 0.000000000000000  CPU Time =  1.30 (0.09 / step)
  288:  E[2-UpCCGSD] = -74.729434929934  <S**2> = 0.000000000000002  CPU Time =  1.30 (0.09 / step)
  289:  E[2-UpCCGSD] = -74.729437278808  <S**2> = 0.000000000000002  CPU Time =  1.30 (0.09 / step)
  290:  E[2-UpCCGSD] = -74.729438051647  <S**2> = 0.000000000000004  CPU Time =  1.31 (0.09 / step)
  291:  E[2-UpCCGSD] = -74.729438880801  <S**2> =-0.000000000000004  CPU Time =  1.30 (0.09 / step)
  292:  E[2-UpCCGSD] = -74.729439475668  <S**2> =-0.000000000000002  CPU Time =  1.31 (0.09 / step)
  293:  E[2-UpCCGSD] = -74.729440188672  <S**2> =-0.000000000000006  CPU Time =  1.30 (0.09 / step)
  294:  E[2-UpCCGSD] = -74.729440589662  <S**2> = 0.000000000000004  CPU Time =  1.30 (0.09 / step)
  295:  E[2-UpCCGSD] = -74.729441248288  <S**2> =-0.000000000000001  CPU Time =  1.30 (0.09 / step)
  296:  E[2-UpCCGSD] = -74.729441338178  <S**2> = 0.000000000000006  CPU Time =  1.30 (0.09 / step)
  297:  E[2-UpCCGSD] = -74.729441896886  <S**2> =-0.000000000000002  CPU Time =  1.30 (0.09 / step)
  298:  E[2-UpCCGSD] = -74.729442067054  <S**2> = 0.000000000000000  CPU Time =  1.30 (0.09 / step)
  299:  E[2-UpCCGSD] = -74.729442564882  <S**2> =-0.000000000000001  CPU Time =  1.30 (0.09 / step)
  300:  E[2-UpCCGSD] = -74.729443528106  <S**2> = 0.000000000000000  CPU Time =  1.30 (0.09 / step)
  301:  E[2-UpCCGSD] = -74.729444942201  <S**2> = 0.000000000000004  CPU Time =  1.30 (0.09 / step)
  302:  E[2-UpCCGSD] = -74.729446511966  <S**2> =-0.000000000000001  CPU Time =  1.31 (0.09 / step)
  303:  E[2-UpCCGSD] = -74.729447368550  <S**2> = 0.000000000000003  CPU Time =  1.30 (0.09 / step)
  304:  E[2-UpCCGSD] = -74.729448320134  <S**2> = 0.000000000000002  CPU Time =  1.30 (0.09 / step)
  305:  E[2-UpCCGSD] = -74.729448999424  <S**2> = 0.000000000000006  CPU Time =  1.30 (0.09 / step)
  306:  E[2-UpCCGSD] = -74.729449725512  <S**2> = 0.000000000000002  CPU Time =  1.31 (0.09 / step)
  307:  E[2-UpCCGSD] = -74.729450464103  <S**2> = 0.000000000000005  CPU Time =  1.30 (0.09 / step)
  308:  E[2-UpCCGSD] = -74.729451023121  <S**2> =-0.000000000000008  CPU Time =  1.30 (0.09 / step)
  309:  E[2-UpCCGSD] = -74.729451495222  <S**2> =-0.000000000000001  CPU Time =  1.30 (0.09 / step)
  310:  E[2-UpCCGSD] = -74.729451930189  <S**2> = 0.000000000000000  CPU Time =  1.30 (0.09 / step)
  311:  E[2-UpCCGSD] = -74.729452444709  <S**2> = 0.000000000000001  CPU Time =  1.30 (0.09 / step)
  312:  E[2-UpCCGSD] = -74.729453519215  <S**2> = 0.000000000000001  CPU Time =  1.30 (0.09 / step)
  313:  E[2-UpCCGSD] = -74.729454625584  <S**2> = 0.000000000000002  CPU Time =  1.31 (0.09 / step)
  314:  E[2-UpCCGSD] = -74.729455198163  <S**2> = 0.000000000000001  CPU Time =  1.30 (0.09 / step)
  315:  E[2-UpCCGSD] = -74.729455497564  <S**2> = 0.000000000000001  CPU Time =  1.31 (0.09 / step)
  316:  E[2-UpCCGSD] = -74.729455668017  <S**2> = 0.000000000000003  CPU Time =  2.51 (0.09 / step)
  317:  E[2-UpCCGSD] = -74.729456575830  <S**2> = 0.000000000000002  CPU Time =  1.31 (0.09 / step)
  318:  E[2-UpCCGSD] = -74.729457390311  <S**2> = 0.000000000000002  CPU Time =  1.30 (0.09 / step)
  319:  E[2-UpCCGSD] = -74.729457958048  <S**2> = 0.000000000000002  CPU Time =  1.30 (0.09 / step)
  320:  E[2-UpCCGSD] = -74.729458339702  <S**2> = 0.000000000000004  CPU Time =  1.30 (0.09 / step)
  321:  E[2-UpCCGSD] = -74.729458631964  <S**2> = 0.000000000000004  CPU Time =  1.30 (0.09 / step)
  322:  E[2-UpCCGSD] = -74.729458909606  <S**2> =-0.000000000000001  CPU Time =  2.52 (0.09 / step)
  323:  E[2-UpCCGSD] = -74.729459447406  <S**2> = 0.000000000000004  CPU Time =  1.30 (0.09 / step)
  324:  E[2-UpCCGSD] = -74.729460365769  <S**2> =-0.000000000000004  CPU Time =  1.30 (0.09 / step)
  325:  E[2-UpCCGSD] = -74.729460756351  <S**2> =-0.000000000000003  CPU Time =  1.30 (0.09 / step)
  326:  E[2-UpCCGSD] = -74.729461415790  <S**2> = 0.000000000000001  CPU Time =  1.31 (0.09 / step)
  327:  E[2-UpCCGSD] = -74.729462164348  <S**2> = 0.000000000000002  CPU Time =  1.30 (0.09 / step)
  328:  E[2-UpCCGSD] = -74.729462665208  <S**2> = 0.000000000000003  CPU Time =  1.30 (0.09 / step)
  329:  E[2-UpCCGSD] = -74.729463788398  <S**2> = 0.000000000000001  CPU Time =  1.31 (0.09 / step)
  330:  E[2-UpCCGSD] = -74.729464910518  <S**2> = 0.000000000000002  CPU Time =  1.30 (0.09 / step)
  331:  E[2-UpCCGSD] = -74.729465627830  <S**2> =-0.000000000000004  CPU Time =  1.30 (0.09 / step)
  332:  E[2-UpCCGSD] = -74.729466960705  <S**2> = 0.000000000000005  CPU Time =  1.30 (0.09 / step)
  333:  E[2-UpCCGSD] = -74.729467813916  <S**2> =-0.000000000000002  CPU Time =  1.31 (0.09 / step)
  334:  E[2-UpCCGSD] = -74.729468581048  <S**2> =-0.000000000000008  CPU Time =  1.30 (0.09 / step)
  335:  E[2-UpCCGSD] = -74.729469385622  <S**2> =-0.000000000000004  CPU Time =  1.30 (0.09 / step)
  336:  E[2-UpCCGSD] = -74.729470014310  <S**2> = 0.000000000000005  CPU Time =  1.30 (0.09 / step)
  337:  E[2-UpCCGSD] = -74.729470543761  <S**2> =-0.000000000000001  CPU Time =  1.30 (0.09 / step)
  338:  E[2-UpCCGSD] = -74.729470968509  <S**2> = 0.000000000000001  CPU Time =  1.30 (0.09 / step)
  339:  E[2-UpCCGSD] = -74.729471716042  <S**2> =-0.000000000000003  CPU Time =  1.30 (0.09 / step)
  340:  E[2-UpCCGSD] = -74.729472619421  <S**2> =-0.000000000000004  CPU Time =  1.30 (0.09 / step)
  341:  E[2-UpCCGSD] = -74.729472993030  <S**2> =-0.000000000000000  CPU Time =  1.31 (0.09 / step)
  342:  E[2-UpCCGSD] = -74.729473337877  <S**2> =-0.000000000000003  CPU Time =  2.51 (0.09 / step)
  343:  E[2-UpCCGSD] = -74.729474200027  <S**2> =-0.000000000000001  CPU Time =  1.31 (0.09 / step)
  344:  E[2-UpCCGSD] = -74.729474590895  <S**2> =-0.000000000000003  CPU Time =  1.30 (0.09 / step)
  345:  E[2-UpCCGSD] = -74.729474967945  <S**2> = 0.000000000000004  CPU Time =  1.30 (0.09 / step)
  346:  E[2-UpCCGSD] = -74.729475281913  <S**2> =-0.000000000000006  CPU Time =  1.30 (0.09 / step)
  347:  E[2-UpCCGSD] = -74.729475713377  <S**2> =-0.000000000000002  CPU Time =  1.30 (0.09 / step)
  348:  E[2-UpCCGSD] = -74.729476307348  <S**2> =-0.000000000000002  CPU Time =  1.30 (0.09 / step)
  349:  E[2-UpCCGSD] = -74.729476843920  <S**2> = 0.000000000000003  CPU Time =  1.30 (0.09 / step)
  350:  E[2-UpCCGSD] = -74.729477496445  <S**2> = 0.000000000000001  CPU Time =  1.31 (0.09 / step)
  351:  E[2-UpCCGSD] = -74.729477919271  <S**2> =-0.000000000000001  CPU Time =  1.30 (0.09 / step)
  352:  E[2-UpCCGSD] = -74.729478239175  <S**2> = 0.000000000000003  CPU Time =  1.30 (0.09 / step)
  353:  E[2-UpCCGSD] = -74.729478593843  <S**2> = 0.000000000000001  CPU Time =  1.30 (0.09 / step)
  354:  E[2-UpCCGSD] = -74.729478912261  <S**2> =-0.000000000000001  CPU Time =  1.30 (0.09 / step)
  355:  E[2-UpCCGSD] = -74.729479181922  <S**2> =-0.000000000000002  CPU Time =  1.30 (0.09 / step)
  356:  E[2-UpCCGSD] = -74.729479328239  <S**2> = 0.000000000000002  CPU Time =  1.30 (0.09 / step)
  357:  E[2-UpCCGSD] = -74.729479592552  <S**2> =-0.000000000000001  CPU Time =  1.30 (0.09 / step)
  358:  E[2-UpCCGSD] = -74.729479772486  <S**2> = 0.000000000000002  CPU Time =  1.30 (0.09 / step)
  359:  E[2-UpCCGSD] = -74.729479930388  <S**2> =-0.000000000000003  CPU Time =  2.50 (0.09 / step)
  360:  E[2-UpCCGSD] = -74.729480068762  <S**2> =-0.000000000000001  CPU Time =  1.30 (0.09 / step)
  361:  E[2-UpCCGSD] = -74.729480165622  <S**2> = 0.000000000000001  CPU Time =  1.30 (0.09 / step)
  362:  E[2-UpCCGSD] = -74.729480357914  <S**2> =-0.000000000000002  CPU Time =  2.51 (0.09 / step)
  363:  E[2-UpCCGSD] = -74.729480566914  <S**2> =-0.000000000000001  CPU Time =  1.30 (0.09 / step)
  364:  E[2-UpCCGSD] = -74.729480835837  <S**2> =-0.000000000000004  CPU Time =  1.30 (0.09 / step)
  365:  E[2-UpCCGSD] = -74.729481029645  <S**2> = 0.000000000000003  CPU Time =  1.31 (0.09 / step)
  366:  E[2-UpCCGSD] = -74.729481281617  <S**2> =-0.000000000000000  CPU Time =  1.30 (0.09 / step)
  367:  E[2-UpCCGSD] = -74.729481394204  <S**2> =-0.000000000000006  CPU Time =  1.30 (0.09 / step)
  368:  E[2-UpCCGSD] = -74.729481646436  <S**2> =-0.000000000000006  CPU Time =  1.30 (0.09 / step)
  369:  E[2-UpCCGSD] = -74.729481838256  <S**2> = 0.000000000000001  CPU Time =  1.30 (0.09 / step)
  370:  E[2-UpCCGSD] = -74.729482056978  <S**2> = 0.000000000000007  CPU Time =  1.30 (0.09 / step)
  371:  E[2-UpCCGSD] = -74.729482308838  <S**2> =-0.000000000000000  CPU Time =  1.30 (0.09 / step)
  372:  E[2-UpCCGSD] = -74.729482393201  <S**2> = 0.000000000000003  CPU Time =  1.30 (0.09 / step)
  373:  E[2-UpCCGSD] = -74.729482502232  <S**2> =-0.000000000000002  CPU Time =  1.31 (0.09 / step)
  374:  E[2-UpCCGSD] = -74.729482689698  <S**2> = 0.000000000000000  CPU Time =  1.30 (0.09 / step)
  375:  E[2-UpCCGSD] = -74.729483008845  <S**2> =-0.000000000000003  CPU Time =  1.31 (0.09 / step)
  376:  E[2-UpCCGSD] = -74.729483360373  <S**2> =-0.000000000000007  CPU Time =  1.30 (0.09 / step)
  377:  E[2-UpCCGSD] = -74.729483536486  <S**2> = 0.000000000000003  CPU Time =  1.31 (0.09 / step)
  378:  E[2-UpCCGSD] = -74.729483760549  <S**2> = 0.000000000000002  CPU Time =  1.30 (0.09 / step)
  379:  E[2-UpCCGSD] = -74.729483908547  <S**2> = 0.000000000000002  CPU Time =  1.30 (0.09 / step)
  380:  E[2-UpCCGSD] = -74.729484050793  <S**2> =-0.000000000000003  CPU Time =  2.52 (0.09 / step)
  381:  E[2-UpCCGSD] = -74.729484326334  <S**2> = 0.000000000000005  CPU Time =  1.30 (0.09 / step)
  382:  E[2-UpCCGSD] = -74.729484592680  <S**2> =-0.000000000000005  CPU Time =  1.30 (0.09 / step)
  383:  E[2-UpCCGSD] = -74.729484860397  <S**2> =-0.000000000000001  CPU Time =  1.31 (0.09 / step)
  384:  E[2-UpCCGSD] = -74.729485209623  <S**2> =-0.000000000000005  CPU Time =  1.30 (0.09 / step)
  385:  E[2-UpCCGSD] = -74.729485264391  <S**2> = 0.000000000000003  CPU Time =  1.30 (0.09 / step)
Final:  E[2-UpCCGSD] = -74.729485264391  <S**2> = 0.000000000000003  rho = 1

(2-UpCCGSD state)
 Basis       Coef
|00000000001111> : +0.7260 +0.0000j
|00000000110011> : -0.6637 +0.0000j

Dipole moment (in Debye) :
x = -0.00019     y = 0.00028    z = 0.00017
| mu | = 0.00038

 Done: CPU Time =         523.4541
End at 2021-02-02 17:54:27.817279
