///////////////////////////////////////////////////////////////////////////////////
///                                                                             ///
///                                                                             ///
///              QQQ       UUU  UUU    KKK   KK    EEEEEEE    TTTTTTT           ///
///             Q   Q       u    U      K   K       E    E    T  T  T           ///
///            Q     Q      U    U      K  K        E  E         T              ///
///            Q     Q      U    U      KKK         EEEE         T              ///
///            Q QQQ Q      U    U      K  K        E  E         T              ///
///             Q   Q       U    U      K   K       E    E       T              ///
///              QQQ QQ      UUUU      KKK   KK    EEEEEEE      TTT             ///
///                                                                             ///
///                      Quantum Computing Simulator Ver Beta                   ///
///                                                                             ///
///        Copyright 2019-2020                                                  ///
///        QC Project Team, Ten-no Research Group                               ///
///        All rights Reserved.                                                 ///
///                                                                             ///
///////////////////////////////////////////////////////////////////////////////////
Start at 2021-02-02 17:30:39.122296
+-------------+
|  Job #   1  |
+-------------+
8 processes  x  4 threads  =  Total 32 cores

 *** Geometry **************************
  O       0.0000     0.0000     0.0000
 ***************************************

E[FCI] = -74.8094286858331
E[HF]  = -74.65581295360303
Spin-Projection is not yet available for 2-upccgsd.
Projecting to spin space :  s = 1.0    Ms = 0 
             Grid points :  (alpha,beta,gamma) = (3,2,0)
Performing VQE for 2-upccgsd
Number of VQE parameters: 84
Initial configuration: |00000000001111>
Theta list = random
Circuit order: Exp[T1] Exp[T2] |0>
    1:  E[2-UpCCGSD] = -74.506471754313  <S**2> = 1.999999999999997  CPU Time =  3.70 (0.09 / step)
    2:  E[2-UpCCGSD] = -74.668467330751  <S**2> = 1.999999999999996  CPU Time =  1.22 (0.09 / step)
    3:  E[2-UpCCGSD] = -74.780825603423  <S**2> = 2.000000000000001  CPU Time =  1.22 (0.09 / step)
    4:  E[2-UpCCGSD] = -74.786345848990  <S**2> = 1.999999999999998  CPU Time =  1.22 (0.09 / step)
    5:  E[2-UpCCGSD] = -74.787652429764  <S**2> = 1.999999999999997  CPU Time =  1.22 (0.09 / step)
    6:  E[2-UpCCGSD] = -74.788239836069  <S**2> = 2.000000000000008  CPU Time =  1.22 (0.09 / step)
    7:  E[2-UpCCGSD] = -74.788715501204  <S**2> = 2.000000000000002  CPU Time =  1.22 (0.09 / step)
    8:  E[2-UpCCGSD] = -74.789435905869  <S**2> = 2.000000000000001  CPU Time =  1.22 (0.09 / step)
    9:  E[2-UpCCGSD] = -74.790208586775  <S**2> = 1.999999999999999  CPU Time =  1.22 (0.09 / step)
   10:  E[2-UpCCGSD] = -74.791267291223  <S**2> = 1.999999999999999  CPU Time =  1.22 (0.09 / step)
   11:  E[2-UpCCGSD] = -74.791576444954  <S**2> = 2.000000000000002  CPU Time =  1.22 (0.09 / step)
   12:  E[2-UpCCGSD] = -74.792251726322  <S**2> = 1.999999999999993  CPU Time =  1.22 (0.09 / step)
   13:  E[2-UpCCGSD] = -74.792551545798  <S**2> = 2.000000000000002  CPU Time =  1.22 (0.09 / step)
   14:  E[2-UpCCGSD] = -74.793047159733  <S**2> = 1.999999999999998  CPU Time =  1.22 (0.09 / step)
   15:  E[2-UpCCGSD] = -74.793212655909  <S**2> = 2.000000000000000  CPU Time =  1.22 (0.09 / step)
   16:  E[2-UpCCGSD] = -74.793271361037  <S**2> = 2.000000000000000  CPU Time =  1.22 (0.09 / step)
   17:  E[2-UpCCGSD] = -74.793311447242  <S**2> = 2.000000000000006  CPU Time =  1.22 (0.09 / step)
   18:  E[2-UpCCGSD] = -74.793357763851  <S**2> = 1.999999999999999  CPU Time =  1.23 (0.09 / step)
   19:  E[2-UpCCGSD] = -74.793411572136  <S**2> = 1.999999999999997  CPU Time =  1.22 (0.09 / step)
   20:  E[2-UpCCGSD] = -74.793469683195  <S**2> = 1.999999999999998  CPU Time =  1.22 (0.09 / step)
   21:  E[2-UpCCGSD] = -74.793543826638  <S**2> = 1.999999999999996  CPU Time =  1.23 (0.09 / step)
   22:  E[2-UpCCGSD] = -74.793623998817  <S**2> = 2.000000000000000  CPU Time =  1.22 (0.09 / step)
   23:  E[2-UpCCGSD] = -74.793732726076  <S**2> = 2.000000000000000  CPU Time =  1.22 (0.09 / step)
   24:  E[2-UpCCGSD] = -74.793768733017  <S**2> = 2.000000000000002  CPU Time =  2.35 (0.09 / step)
   25:  E[2-UpCCGSD] = -74.793797761160  <S**2> = 2.000000000000004  CPU Time =  1.22 (0.09 / step)
   26:  E[2-UpCCGSD] = -74.793835396838  <S**2> = 1.999999999999999  CPU Time =  1.22 (0.09 / step)
   27:  E[2-UpCCGSD] = -74.793867899999  <S**2> = 2.000000000000002  CPU Time =  1.22 (0.09 / step)
   28:  E[2-UpCCGSD] = -74.793970142051  <S**2> = 2.000000000000002  CPU Time =  1.22 (0.09 / step)
   29:  E[2-UpCCGSD] = -74.794113752339  <S**2> = 1.999999999999995  CPU Time =  1.22 (0.09 / step)
   30:  E[2-UpCCGSD] = -74.794226383431  <S**2> = 1.999999999999995  CPU Time =  2.35 (0.09 / step)
   31:  E[2-UpCCGSD] = -74.794392467704  <S**2> = 2.000000000000000  CPU Time =  1.23 (0.09 / step)
   32:  E[2-UpCCGSD] = -74.794477096452  <S**2> = 1.999999999999995  CPU Time =  1.23 (0.09 / step)
   33:  E[2-UpCCGSD] = -74.794517165843  <S**2> = 2.000000000000004  CPU Time =  1.23 (0.09 / step)
   34:  E[2-UpCCGSD] = -74.794564652765  <S**2> = 1.999999999999999  CPU Time =  1.22 (0.09 / step)
   35:  E[2-UpCCGSD] = -74.794628098794  <S**2> = 1.999999999999998  CPU Time =  1.22 (0.09 / step)
   36:  E[2-UpCCGSD] = -74.794682122776  <S**2> = 2.000000000000000  CPU Time =  1.23 (0.09 / step)
   37:  E[2-UpCCGSD] = -74.794720517445  <S**2> = 1.999999999999994  CPU Time =  1.23 (0.09 / step)
   38:  E[2-UpCCGSD] = -74.794737550337  <S**2> = 2.000000000000002  CPU Time =  1.22 (0.09 / step)
   39:  E[2-UpCCGSD] = -74.794745809833  <S**2> = 2.000000000000008  CPU Time =  1.22 (0.09 / step)
   40:  E[2-UpCCGSD] = -74.794756192147  <S**2> = 1.999999999999998  CPU Time =  1.22 (0.09 / step)
   41:  E[2-UpCCGSD] = -74.794772767503  <S**2> = 2.000000000000004  CPU Time =  1.22 (0.09 / step)
   42:  E[2-UpCCGSD] = -74.794803879186  <S**2> = 1.999999999999997  CPU Time =  1.22 (0.09 / step)
   43:  E[2-UpCCGSD] = -74.794836987391  <S**2> = 1.999999999999997  CPU Time =  1.22 (0.09 / step)
   44:  E[2-UpCCGSD] = -74.794871839767  <S**2> = 2.000000000000000  CPU Time =  1.22 (0.09 / step)
   45:  E[2-UpCCGSD] = -74.794901970560  <S**2> = 1.999999999999999  CPU Time =  1.22 (0.09 / step)
   46:  E[2-UpCCGSD] = -74.794940329712  <S**2> = 2.000000000000004  CPU Time =  1.22 (0.09 / step)
   47:  E[2-UpCCGSD] = -74.794968986547  <S**2> = 2.000000000000007  CPU Time =  1.22 (0.09 / step)
   48:  E[2-UpCCGSD] = -74.795000742122  <S**2> = 1.999999999999996  CPU Time =  1.22 (0.09 / step)
   49:  E[2-UpCCGSD] = -74.795025833559  <S**2> = 1.999999999999998  CPU Time =  1.22 (0.09 / step)
   50:  E[2-UpCCGSD] = -74.795063197047  <S**2> = 1.999999999999999  CPU Time =  1.22 (0.09 / step)
   51:  E[2-UpCCGSD] = -74.795143417052  <S**2> = 1.999999999999991  CPU Time =  1.22 (0.09 / step)
   52:  E[2-UpCCGSD] = -74.795257764017  <S**2> = 2.000000000000001  CPU Time =  1.22 (0.09 / step)
   53:  E[2-UpCCGSD] = -74.795333014722  <S**2> = 2.000000000000001  CPU Time =  1.22 (0.09 / step)
   54:  E[2-UpCCGSD] = -74.795427857708  <S**2> = 1.999999999999994  CPU Time =  1.22 (0.09 / step)
   55:  E[2-UpCCGSD] = -74.795488285760  <S**2> = 1.999999999999998  CPU Time =  1.22 (0.09 / step)
   56:  E[2-UpCCGSD] = -74.795580550380  <S**2> = 1.999999999999997  CPU Time =  1.22 (0.09 / step)
   57:  E[2-UpCCGSD] = -74.795651086896  <S**2> = 2.000000000000002  CPU Time =  1.22 (0.09 / step)
   58:  E[2-UpCCGSD] = -74.795803034354  <S**2> = 2.000000000000001  CPU Time =  1.22 (0.09 / step)
   59:  E[2-UpCCGSD] = -74.795899404762  <S**2> = 2.000000000000005  CPU Time =  1.22 (0.09 / step)
   60:  E[2-UpCCGSD] = -74.796008984588  <S**2> = 1.999999999999999  CPU Time =  1.22 (0.09 / step)
   61:  E[2-UpCCGSD] = -74.796077164699  <S**2> = 2.000000000000004  CPU Time =  1.22 (0.09 / step)
   62:  E[2-UpCCGSD] = -74.796137054749  <S**2> = 2.000000000000000  CPU Time =  1.22 (0.09 / step)
   63:  E[2-UpCCGSD] = -74.796215681788  <S**2> = 2.000000000000000  CPU Time =  1.22 (0.09 / step)
   64:  E[2-UpCCGSD] = -74.796327763674  <S**2> = 2.000000000000000  CPU Time =  1.22 (0.09 / step)
   65:  E[2-UpCCGSD] = -74.796430139749  <S**2> = 1.999999999999998  CPU Time =  1.22 (0.09 / step)
   66:  E[2-UpCCGSD] = -74.796528987547  <S**2> = 1.999999999999992  CPU Time =  1.22 (0.09 / step)
   67:  E[2-UpCCGSD] = -74.796640283339  <S**2> = 2.000000000000000  CPU Time =  1.22 (0.09 / step)
   68:  E[2-UpCCGSD] = -74.796753307762  <S**2> = 2.000000000000005  CPU Time =  1.22 (0.09 / step)
   69:  E[2-UpCCGSD] = -74.796968023262  <S**2> = 2.000000000000001  CPU Time =  1.23 (0.09 / step)
   70:  E[2-UpCCGSD] = -74.797218993136  <S**2> = 2.000000000000005  CPU Time =  1.22 (0.09 / step)
   71:  E[2-UpCCGSD] = -74.797455333962  <S**2> = 2.000000000000000  CPU Time =  1.23 (0.09 / step)
   72:  E[2-UpCCGSD] = -74.797620967536  <S**2> = 1.999999999999992  CPU Time =  1.22 (0.09 / step)
   73:  E[2-UpCCGSD] = -74.797749813990  <S**2> = 2.000000000000000  CPU Time =  1.22 (0.09 / step)
   74:  E[2-UpCCGSD] = -74.797823746828  <S**2> = 1.999999999999998  CPU Time =  1.23 (0.09 / step)
   75:  E[2-UpCCGSD] = -74.797881557715  <S**2> = 1.999999999999998  CPU Time =  1.22 (0.09 / step)
   76:  E[2-UpCCGSD] = -74.797949567161  <S**2> = 1.999999999999996  CPU Time =  1.22 (0.09 / step)
   77:  E[2-UpCCGSD] = -74.797984132695  <S**2> = 2.000000000000003  CPU Time =  1.23 (0.09 / step)
   78:  E[2-UpCCGSD] = -74.798019846792  <S**2> = 1.999999999999994  CPU Time =  1.22 (0.09 / step)
   79:  E[2-UpCCGSD] = -74.798055958254  <S**2> = 1.999999999999993  CPU Time =  1.22 (0.09 / step)
   80:  E[2-UpCCGSD] = -74.798091877390  <S**2> = 1.999999999999994  CPU Time =  1.22 (0.09 / step)
   81:  E[2-UpCCGSD] = -74.798157628147  <S**2> = 2.000000000000004  CPU Time =  1.22 (0.09 / step)
   82:  E[2-UpCCGSD] = -74.798170434223  <S**2> = 2.000000000000003  CPU Time =  1.22 (0.09 / step)
   83:  E[2-UpCCGSD] = -74.798199806416  <S**2> = 2.000000000000005  CPU Time =  1.22 (0.09 / step)
   84:  E[2-UpCCGSD] = -74.798216652399  <S**2> = 1.999999999999998  CPU Time =  1.23 (0.09 / step)
   85:  E[2-UpCCGSD] = -74.798235187240  <S**2> = 1.999999999999999  CPU Time =  1.23 (0.09 / step)
   86:  E[2-UpCCGSD] = -74.798261820886  <S**2> = 1.999999999999996  CPU Time =  1.22 (0.09 / step)
   87:  E[2-UpCCGSD] = -74.798272163339  <S**2> = 1.999999999999999  CPU Time =  1.22 (0.09 / step)
   88:  E[2-UpCCGSD] = -74.798313057512  <S**2> = 2.000000000000004  CPU Time =  1.23 (0.09 / step)
   89:  E[2-UpCCGSD] = -74.798341753352  <S**2> = 2.000000000000004  CPU Time =  1.22 (0.09 / step)
   90:  E[2-UpCCGSD] = -74.798381774865  <S**2> = 2.000000000000001  CPU Time =  1.22 (0.09 / step)
   91:  E[2-UpCCGSD] = -74.798459112624  <S**2> = 1.999999999999998  CPU Time =  1.23 (0.09 / step)
   92:  E[2-UpCCGSD] = -74.798512721783  <S**2> = 1.999999999999996  CPU Time =  2.35 (0.09 / step)
   93:  E[2-UpCCGSD] = -74.798590943890  <S**2> = 2.000000000000001  CPU Time =  1.22 (0.09 / step)
   94:  E[2-UpCCGSD] = -74.798712093158  <S**2> = 2.000000000000003  CPU Time =  1.22 (0.09 / step)
   95:  E[2-UpCCGSD] = -74.798810286851  <S**2> = 2.000000000000001  CPU Time =  1.22 (0.09 / step)
   96:  E[2-UpCCGSD] = -74.798910721809  <S**2> = 1.999999999999998  CPU Time =  1.23 (0.09 / step)
   97:  E[2-UpCCGSD] = -74.799030121839  <S**2> = 2.000000000000005  CPU Time =  1.22 (0.09 / step)
   98:  E[2-UpCCGSD] = -74.799230347936  <S**2> = 2.000000000000004  CPU Time =  1.22 (0.09 / step)
   99:  E[2-UpCCGSD] = -74.799413795372  <S**2> = 2.000000000000003  CPU Time =  1.22 (0.09 / step)
  100:  E[2-UpCCGSD] = -74.799648557114  <S**2> = 2.000000000000003  CPU Time =  1.22 (0.09 / step)
  101:  E[2-UpCCGSD] = -74.800011256247  <S**2> = 1.999999999999996  CPU Time =  1.22 (0.09 / step)
  102:  E[2-UpCCGSD] = -74.800336915113  <S**2> = 1.999999999999996  CPU Time =  1.22 (0.09 / step)
  103:  E[2-UpCCGSD] = -74.800553833551  <S**2> = 2.000000000000005  CPU Time =  1.22 (0.09 / step)
  104:  E[2-UpCCGSD] = -74.800673793555  <S**2> = 2.000000000000000  CPU Time =  1.22 (0.09 / step)
  105:  E[2-UpCCGSD] = -74.800936840878  <S**2> = 1.999999999999994  CPU Time =  1.22 (0.09 / step)
  106:  E[2-UpCCGSD] = -74.801170846281  <S**2> = 2.000000000000010  CPU Time =  1.22 (0.09 / step)
  107:  E[2-UpCCGSD] = -74.801296829971  <S**2> = 1.999999999999997  CPU Time =  1.22 (0.09 / step)
  108:  E[2-UpCCGSD] = -74.801434467826  <S**2> = 1.999999999999999  CPU Time =  1.22 (0.09 / step)
  109:  E[2-UpCCGSD] = -74.801585551923  <S**2> = 2.000000000000000  CPU Time =  1.22 (0.09 / step)
  110:  E[2-UpCCGSD] = -74.801758084941  <S**2> = 2.000000000000004  CPU Time =  1.22 (0.09 / step)
  111:  E[2-UpCCGSD] = -74.801962828513  <S**2> = 2.000000000000002  CPU Time =  1.22 (0.09 / step)
  112:  E[2-UpCCGSD] = -74.802186008027  <S**2> = 2.000000000000004  CPU Time =  1.22 (0.09 / step)
  113:  E[2-UpCCGSD] = -74.802387256698  <S**2> = 1.999999999999998  CPU Time =  1.22 (0.09 / step)
  114:  E[2-UpCCGSD] = -74.802621125277  <S**2> = 2.000000000000015  CPU Time =  1.22 (0.09 / step)
  115:  E[2-UpCCGSD] = -74.802821707643  <S**2> = 1.999999999999997  CPU Time =  1.22 (0.09 / step)
  116:  E[2-UpCCGSD] = -74.803063714773  <S**2> = 1.999999999999996  CPU Time =  1.22 (0.09 / step)
  117:  E[2-UpCCGSD] = -74.803225568676  <S**2> = 2.000000000000001  CPU Time =  1.22 (0.09 / step)
  118:  E[2-UpCCGSD] = -74.803471526026  <S**2> = 2.000000000000006  CPU Time =  1.22 (0.09 / step)
  119:  E[2-UpCCGSD] = -74.803676561894  <S**2> = 2.000000000000001  CPU Time =  1.22 (0.09 / step)
  120:  E[2-UpCCGSD] = -74.803877612594  <S**2> = 1.999999999999996  CPU Time =  1.23 (0.09 / step)
  121:  E[2-UpCCGSD] = -74.803970673141  <S**2> = 2.000000000000000  CPU Time =  1.22 (0.09 / step)
  122:  E[2-UpCCGSD] = -74.804158154709  <S**2> = 1.999999999999999  CPU Time =  1.22 (0.09 / step)
  123:  E[2-UpCCGSD] = -74.804228953979  <S**2> = 2.000000000000005  CPU Time =  1.22 (0.09 / step)
  124:  E[2-UpCCGSD] = -74.804397561834  <S**2> = 2.000000000000004  CPU Time =  1.22 (0.09 / step)
  125:  E[2-UpCCGSD] = -74.804505657146  <S**2> = 1.999999999999996  CPU Time =  1.23 (0.09 / step)
  126:  E[2-UpCCGSD] = -74.804615818576  <S**2> = 2.000000000000001  CPU Time =  1.22 (0.09 / step)
  127:  E[2-UpCCGSD] = -74.804821265502  <S**2> = 1.999999999999999  CPU Time =  1.22 (0.09 / step)
  128:  E[2-UpCCGSD] = -74.804976016716  <S**2> = 1.999999999999996  CPU Time =  1.22 (0.09 / step)
  129:  E[2-UpCCGSD] = -74.805154136735  <S**2> = 2.000000000000000  CPU Time =  1.22 (0.09 / step)
  130:  E[2-UpCCGSD] = -74.805251314645  <S**2> = 2.000000000000004  CPU Time =  1.22 (0.09 / step)
  131:  E[2-UpCCGSD] = -74.805389179044  <S**2> = 2.000000000000009  CPU Time =  1.22 (0.09 / step)
  132:  E[2-UpCCGSD] = -74.805498461390  <S**2> = 2.000000000000001  CPU Time =  1.23 (0.09 / step)
  133:  E[2-UpCCGSD] = -74.805637491824  <S**2> = 2.000000000000003  CPU Time =  1.22 (0.09 / step)
  134:  E[2-UpCCGSD] = -74.805703144251  <S**2> = 2.000000000000000  CPU Time =  1.22 (0.09 / step)
  135:  E[2-UpCCGSD] = -74.805767848538  <S**2> = 1.999999999999991  CPU Time =  1.23 (0.09 / step)
  136:  E[2-UpCCGSD] = -74.805864471882  <S**2> = 2.000000000000006  CPU Time =  1.22 (0.09 / step)
  137:  E[2-UpCCGSD] = -74.805950073840  <S**2> = 1.999999999999995  CPU Time =  1.22 (0.09 / step)
  138:  E[2-UpCCGSD] = -74.806050993718  <S**2> = 1.999999999999993  CPU Time =  1.22 (0.09 / step)
  139:  E[2-UpCCGSD] = -74.806147771650  <S**2> = 2.000000000000001  CPU Time =  1.23 (0.09 / step)
  140:  E[2-UpCCGSD] = -74.806243295199  <S**2> = 1.999999999999997  CPU Time =  1.22 (0.09 / step)
  141:  E[2-UpCCGSD] = -74.806382013870  <S**2> = 1.999999999999991  CPU Time =  1.22 (0.09 / step)
  142:  E[2-UpCCGSD] = -74.806507638230  <S**2> = 2.000000000000005  CPU Time =  1.22 (0.09 / step)
  143:  E[2-UpCCGSD] = -74.806643175976  <S**2> = 1.999999999999996  CPU Time =  1.22 (0.09 / step)
  144:  E[2-UpCCGSD] = -74.806734155400  <S**2> = 2.000000000000010  CPU Time =  1.22 (0.09 / step)
  145:  E[2-UpCCGSD] = -74.806763791761  <S**2> = 1.999999999999998  CPU Time =  1.22 (0.09 / step)
  146:  E[2-UpCCGSD] = -74.806849604428  <S**2> = 1.999999999999997  CPU Time =  1.23 (0.09 / step)
  147:  E[2-UpCCGSD] = -74.806881042580  <S**2> = 2.000000000000004  CPU Time =  1.22 (0.09 / step)
  148:  E[2-UpCCGSD] = -74.806949490264  <S**2> = 2.000000000000004  CPU Time =  1.22 (0.09 / step)
  149:  E[2-UpCCGSD] = -74.807007742630  <S**2> = 1.999999999999997  CPU Time =  1.22 (0.09 / step)
  150:  E[2-UpCCGSD] = -74.807053551634  <S**2> = 1.999999999999995  CPU Time =  1.22 (0.09 / step)
  151:  E[2-UpCCGSD] = -74.807088915208  <S**2> = 2.000000000000001  CPU Time =  1.22 (0.09 / step)
  152:  E[2-UpCCGSD] = -74.807121032340  <S**2> = 1.999999999999998  CPU Time =  1.22 (0.09 / step)
  153:  E[2-UpCCGSD] = -74.807147017016  <S**2> = 1.999999999999999  CPU Time =  1.22 (0.09 / step)
  154:  E[2-UpCCGSD] = -74.807172033590  <S**2> = 2.000000000000004  CPU Time =  1.22 (0.09 / step)
  155:  E[2-UpCCGSD] = -74.807191994698  <S**2> = 2.000000000000002  CPU Time =  1.22 (0.09 / step)
  156:  E[2-UpCCGSD] = -74.807232771448  <S**2> = 1.999999999999999  CPU Time =  1.22 (0.09 / step)
  157:  E[2-UpCCGSD] = -74.807272666337  <S**2> = 2.000000000000006  CPU Time =  1.22 (0.09 / step)
  158:  E[2-UpCCGSD] = -74.807316905376  <S**2> = 1.999999999999998  CPU Time =  1.22 (0.09 / step)
  159:  E[2-UpCCGSD] = -74.807361448447  <S**2> = 1.999999999999999  CPU Time =  1.22 (0.09 / step)
  160:  E[2-UpCCGSD] = -74.807384098122  <S**2> = 2.000000000000004  CPU Time =  1.22 (0.09 / step)
  161:  E[2-UpCCGSD] = -74.807401553670  <S**2> = 1.999999999999998  CPU Time =  1.22 (0.09 / step)
  162:  E[2-UpCCGSD] = -74.807413706876  <S**2> = 2.000000000000006  CPU Time =  1.22 (0.09 / step)
  163:  E[2-UpCCGSD] = -74.807421643046  <S**2> = 1.999999999999996  CPU Time =  1.22 (0.09 / step)
  164:  E[2-UpCCGSD] = -74.807436904624  <S**2> = 1.999999999999999  CPU Time =  1.22 (0.09 / step)
  165:  E[2-UpCCGSD] = -74.807451778908  <S**2> = 1.999999999999994  CPU Time =  1.22 (0.09 / step)
  166:  E[2-UpCCGSD] = -74.807466024202  <S**2> = 2.000000000000008  CPU Time =  1.22 (0.09 / step)
  167:  E[2-UpCCGSD] = -74.807476821934  <S**2> = 2.000000000000008  CPU Time =  1.22 (0.09 / step)
  168:  E[2-UpCCGSD] = -74.807488359602  <S**2> = 2.000000000000000  CPU Time =  1.22 (0.09 / step)
  169:  E[2-UpCCGSD] = -74.807506904252  <S**2> = 2.000000000000002  CPU Time =  1.23 (0.09 / step)
  170:  E[2-UpCCGSD] = -74.807527713478  <S**2> = 1.999999999999997  CPU Time =  1.22 (0.09 / step)
  171:  E[2-UpCCGSD] = -74.807557703987  <S**2> = 2.000000000000001  CPU Time =  1.22 (0.09 / step)
  172:  E[2-UpCCGSD] = -74.807579677459  <S**2> = 1.999999999999996  CPU Time =  1.22 (0.09 / step)
  173:  E[2-UpCCGSD] = -74.807590488846  <S**2> = 2.000000000000005  CPU Time =  1.22 (0.09 / step)
  174:  E[2-UpCCGSD] = -74.807607547124  <S**2> = 2.000000000000010  CPU Time =  1.22 (0.09 / step)
  175:  E[2-UpCCGSD] = -74.807626324735  <S**2> = 1.999999999999999  CPU Time =  1.22 (0.09 / step)
  176:  E[2-UpCCGSD] = -74.807639357475  <S**2> = 2.000000000000007  CPU Time =  1.22 (0.09 / step)
  177:  E[2-UpCCGSD] = -74.807658928904  <S**2> = 1.999999999999997  CPU Time =  1.22 (0.09 / step)
  178:  E[2-UpCCGSD] = -74.807682225083  <S**2> = 1.999999999999998  CPU Time =  1.22 (0.09 / step)
  179:  E[2-UpCCGSD] = -74.807695206961  <S**2> = 2.000000000000005  CPU Time =  1.22 (0.09 / step)
  180:  E[2-UpCCGSD] = -74.807704468870  <S**2> = 1.999999999999994  CPU Time =  1.23 (0.09 / step)
  181:  E[2-UpCCGSD] = -74.807711632659  <S**2> = 2.000000000000001  CPU Time =  2.35 (0.09 / step)
  182:  E[2-UpCCGSD] = -74.807719332976  <S**2> = 2.000000000000003  CPU Time =  1.22 (0.09 / step)
  183:  E[2-UpCCGSD] = -74.807728809274  <S**2> = 1.999999999999995  CPU Time =  1.22 (0.09 / step)
  184:  E[2-UpCCGSD] = -74.807736084758  <S**2> = 1.999999999999999  CPU Time =  1.23 (0.09 / step)
  185:  E[2-UpCCGSD] = -74.807748719147  <S**2> = 2.000000000000003  CPU Time =  1.22 (0.09 / step)
  186:  E[2-UpCCGSD] = -74.807751761538  <S**2> = 1.999999999999998  CPU Time =  1.22 (0.09 / step)
  187:  E[2-UpCCGSD] = -74.807767518398  <S**2> = 2.000000000000001  CPU Time =  1.22 (0.09 / step)
  188:  E[2-UpCCGSD] = -74.807775082150  <S**2> = 2.000000000000000  CPU Time =  1.22 (0.09 / step)
  189:  E[2-UpCCGSD] = -74.807782769592  <S**2> = 2.000000000000004  CPU Time =  1.22 (0.09 / step)
  190:  E[2-UpCCGSD] = -74.807791088019  <S**2> = 1.999999999999998  CPU Time =  1.22 (0.09 / step)
  191:  E[2-UpCCGSD] = -74.807801122467  <S**2> = 1.999999999999998  CPU Time =  1.22 (0.09 / step)
  192:  E[2-UpCCGSD] = -74.807808502987  <S**2> = 2.000000000000002  CPU Time =  1.22 (0.09 / step)
  193:  E[2-UpCCGSD] = -74.807817336882  <S**2> = 2.000000000000003  CPU Time =  1.22 (0.09 / step)
  194:  E[2-UpCCGSD] = -74.807823507075  <S**2> = 2.000000000000002  CPU Time =  1.22 (0.09 / step)
  195:  E[2-UpCCGSD] = -74.807829272775  <S**2> = 1.999999999999997  CPU Time =  1.22 (0.09 / step)
  196:  E[2-UpCCGSD] = -74.807831492047  <S**2> = 1.999999999999996  CPU Time =  1.22 (0.09 / step)
  197:  E[2-UpCCGSD] = -74.807833934520  <S**2> = 2.000000000000003  CPU Time =  1.22 (0.09 / step)
  198:  E[2-UpCCGSD] = -74.807837972544  <S**2> = 2.000000000000002  CPU Time =  1.22 (0.09 / step)
  199:  E[2-UpCCGSD] = -74.807844428371  <S**2> = 2.000000000000005  CPU Time =  1.22 (0.09 / step)
  200:  E[2-UpCCGSD] = -74.807852946866  <S**2> = 2.000000000000006  CPU Time =  1.22 (0.09 / step)
  201:  E[2-UpCCGSD] = -74.807859596317  <S**2> = 2.000000000000000  CPU Time =  1.22 (0.09 / step)
  202:  E[2-UpCCGSD] = -74.807866019206  <S**2> = 2.000000000000004  CPU Time =  1.22 (0.09 / step)
  203:  E[2-UpCCGSD] = -74.807871208207  <S**2> = 1.999999999999997  CPU Time =  1.22 (0.09 / step)
  204:  E[2-UpCCGSD] = -74.807877748435  <S**2> = 2.000000000000003  CPU Time =  1.23 (0.09 / step)
  205:  E[2-UpCCGSD] = -74.807883138058  <S**2> = 2.000000000000006  CPU Time =  1.22 (0.09 / step)
  206:  E[2-UpCCGSD] = -74.807892202297  <S**2> = 2.000000000000005  CPU Time =  1.23 (0.09 / step)
  207:  E[2-UpCCGSD] = -74.807899116293  <S**2> = 2.000000000000006  CPU Time =  1.22 (0.09 / step)
  208:  E[2-UpCCGSD] = -74.807906003774  <S**2> = 1.999999999999996  CPU Time =  1.22 (0.09 / step)
  209:  E[2-UpCCGSD] = -74.807914550992  <S**2> = 2.000000000000002  CPU Time =  1.22 (0.09 / step)
  210:  E[2-UpCCGSD] = -74.807922888047  <S**2> = 2.000000000000005  CPU Time =  1.22 (0.09 / step)
  211:  E[2-UpCCGSD] = -74.807928367176  <S**2> = 2.000000000000001  CPU Time =  1.22 (0.09 / step)
  212:  E[2-UpCCGSD] = -74.807946393628  <S**2> = 1.999999999999994  CPU Time =  1.22 (0.09 / step)
  213:  E[2-UpCCGSD] = -74.807955728631  <S**2> = 1.999999999999997  CPU Time =  1.22 (0.09 / step)
  214:  E[2-UpCCGSD] = -74.807967674755  <S**2> = 2.000000000000008  CPU Time =  1.22 (0.09 / step)
  215:  E[2-UpCCGSD] = -74.807974325791  <S**2> = 2.000000000000004  CPU Time =  1.23 (0.09 / step)
  216:  E[2-UpCCGSD] = -74.807994875916  <S**2> = 2.000000000000003  CPU Time =  1.22 (0.09 / step)
  217:  E[2-UpCCGSD] = -74.808007976507  <S**2> = 1.999999999999997  CPU Time =  1.23 (0.09 / step)
  218:  E[2-UpCCGSD] = -74.808028016110  <S**2> = 2.000000000000001  CPU Time =  1.23 (0.09 / step)
  219:  E[2-UpCCGSD] = -74.808038207880  <S**2> = 2.000000000000004  CPU Time =  1.23 (0.09 / step)
  220:  E[2-UpCCGSD] = -74.808056574461  <S**2> = 2.000000000000001  CPU Time =  1.23 (0.09 / step)
  221:  E[2-UpCCGSD] = -74.808068851494  <S**2> = 1.999999999999994  CPU Time =  1.23 (0.09 / step)
  222:  E[2-UpCCGSD] = -74.808080676982  <S**2> = 1.999999999999991  CPU Time =  1.23 (0.09 / step)
  223:  E[2-UpCCGSD] = -74.808097499358  <S**2> = 2.000000000000001  CPU Time =  1.22 (0.09 / step)
  224:  E[2-UpCCGSD] = -74.808123017622  <S**2> = 2.000000000000001  CPU Time =  1.23 (0.09 / step)
  225:  E[2-UpCCGSD] = -74.808149595204  <S**2> = 1.999999999999997  CPU Time =  1.23 (0.09 / step)
  226:  E[2-UpCCGSD] = -74.808175447043  <S**2> = 1.999999999999989  CPU Time =  1.23 (0.09 / step)
  227:  E[2-UpCCGSD] = -74.808199069789  <S**2> = 1.999999999999998  CPU Time =  1.23 (0.09 / step)
  228:  E[2-UpCCGSD] = -74.808219124461  <S**2> = 1.999999999999993  CPU Time =  1.23 (0.09 / step)
  229:  E[2-UpCCGSD] = -74.808233314532  <S**2> = 2.000000000000004  CPU Time =  1.23 (0.09 / step)
  230:  E[2-UpCCGSD] = -74.808252144664  <S**2> = 1.999999999999996  CPU Time =  1.23 (0.09 / step)
  231:  E[2-UpCCGSD] = -74.808268737727  <S**2> = 2.000000000000008  CPU Time =  1.23 (0.09 / step)
  232:  E[2-UpCCGSD] = -74.808282975853  <S**2> = 1.999999999999996  CPU Time =  1.23 (0.09 / step)
  233:  E[2-UpCCGSD] = -74.808294417815  <S**2> = 2.000000000000005  CPU Time =  1.23 (0.09 / step)
  234:  E[2-UpCCGSD] = -74.808309899645  <S**2> = 2.000000000000009  CPU Time =  1.22 (0.09 / step)
  235:  E[2-UpCCGSD] = -74.808324068912  <S**2> = 1.999999999999994  CPU Time =  1.23 (0.09 / step)
  236:  E[2-UpCCGSD] = -74.808337145184  <S**2> = 2.000000000000008  CPU Time =  1.23 (0.09 / step)
  237:  E[2-UpCCGSD] = -74.808350222285  <S**2> = 2.000000000000000  CPU Time =  1.23 (0.09 / step)
  238:  E[2-UpCCGSD] = -74.808369452698  <S**2> = 1.999999999999999  CPU Time =  1.23 (0.09 / step)
  239:  E[2-UpCCGSD] = -74.808383237787  <S**2> = 1.999999999999999  CPU Time =  1.23 (0.09 / step)
  240:  E[2-UpCCGSD] = -74.808394610165  <S**2> = 2.000000000000008  CPU Time =  1.23 (0.09 / step)
  241:  E[2-UpCCGSD] = -74.808405972319  <S**2> = 1.999999999999998  CPU Time =  1.23 (0.09 / step)
  242:  E[2-UpCCGSD] = -74.808420539678  <S**2> = 1.999999999999992  CPU Time =  1.23 (0.09 / step)
  243:  E[2-UpCCGSD] = -74.808438437001  <S**2> = 1.999999999999988  CPU Time =  1.23 (0.09 / step)
  244:  E[2-UpCCGSD] = -74.808460940583  <S**2> = 2.000000000000003  CPU Time =  1.24 (0.09 / step)
  245:  E[2-UpCCGSD] = -74.808484477725  <S**2> = 2.000000000000003  CPU Time =  1.23 (0.09 / step)
  246:  E[2-UpCCGSD] = -74.808499270315  <S**2> = 1.999999999999998  CPU Time =  1.23 (0.09 / step)
  247:  E[2-UpCCGSD] = -74.808517647855  <S**2> = 1.999999999999997  CPU Time =  1.23 (0.09 / step)
  248:  E[2-UpCCGSD] = -74.808531009984  <S**2> = 1.999999999999992  CPU Time =  1.23 (0.09 / step)
  249:  E[2-UpCCGSD] = -74.808545109758  <S**2> = 2.000000000000002  CPU Time =  1.23 (0.09 / step)
  250:  E[2-UpCCGSD] = -74.808559108313  <S**2> = 2.000000000000001  CPU Time =  1.23 (0.09 / step)
  251:  E[2-UpCCGSD] = -74.808567608410  <S**2> = 1.999999999999998  CPU Time =  1.23 (0.09 / step)
  252:  E[2-UpCCGSD] = -74.808575684329  <S**2> = 2.000000000000002  CPU Time =  1.22 (0.09 / step)
  253:  E[2-UpCCGSD] = -74.808582932365  <S**2> = 2.000000000000003  CPU Time =  1.23 (0.09 / step)
  254:  E[2-UpCCGSD] = -74.808590042566  <S**2> = 1.999999999999995  CPU Time =  1.24 (0.09 / step)
  255:  E[2-UpCCGSD] = -74.808599542509  <S**2> = 2.000000000000002  CPU Time =  1.23 (0.09 / step)
  256:  E[2-UpCCGSD] = -74.808612467581  <S**2> = 2.000000000000004  CPU Time =  1.23 (0.09 / step)
  257:  E[2-UpCCGSD] = -74.808621943789  <S**2> = 2.000000000000002  CPU Time =  1.23 (0.09 / step)
  258:  E[2-UpCCGSD] = -74.808635072181  <S**2> = 2.000000000000004  CPU Time =  1.23 (0.09 / step)
  259:  E[2-UpCCGSD] = -74.808644613489  <S**2> = 1.999999999999999  CPU Time =  1.23 (0.09 / step)
  260:  E[2-UpCCGSD] = -74.808654897236  <S**2> = 2.000000000000003  CPU Time =  1.23 (0.09 / step)
  261:  E[2-UpCCGSD] = -74.808661791952  <S**2> = 2.000000000000000  CPU Time =  1.23 (0.09 / step)
  262:  E[2-UpCCGSD] = -74.808668286540  <S**2> = 2.000000000000004  CPU Time =  1.23 (0.09 / step)
  263:  E[2-UpCCGSD] = -74.808675541289  <S**2> = 2.000000000000000  CPU Time =  1.22 (0.09 / step)
  264:  E[2-UpCCGSD] = -74.808682058995  <S**2> = 1.999999999999996  CPU Time =  1.23 (0.09 / step)
  265:  E[2-UpCCGSD] = -74.808688413376  <S**2> = 1.999999999999996  CPU Time =  1.23 (0.09 / step)
  266:  E[2-UpCCGSD] = -74.808696933966  <S**2> = 1.999999999999998  CPU Time =  1.23 (0.09 / step)
  267:  E[2-UpCCGSD] = -74.808704088933  <S**2> = 1.999999999999999  CPU Time =  1.23 (0.09 / step)
  268:  E[2-UpCCGSD] = -74.808709306122  <S**2> = 1.999999999999992  CPU Time =  1.23 (0.09 / step)
  269:  E[2-UpCCGSD] = -74.808717228911  <S**2> = 2.000000000000001  CPU Time =  1.24 (0.09 / step)
  270:  E[2-UpCCGSD] = -74.808720840931  <S**2> = 1.999999999999991  CPU Time =  1.23 (0.09 / step)
  271:  E[2-UpCCGSD] = -74.808726267652  <S**2> = 2.000000000000009  CPU Time =  1.24 (0.09 / step)
  272:  E[2-UpCCGSD] = -74.808729645981  <S**2> = 2.000000000000004  CPU Time =  1.23 (0.09 / step)
  273:  E[2-UpCCGSD] = -74.808732000500  <S**2> = 2.000000000000000  CPU Time =  1.23 (0.09 / step)
  274:  E[2-UpCCGSD] = -74.808737345147  <S**2> = 2.000000000000004  CPU Time =  1.23 (0.09 / step)
  275:  E[2-UpCCGSD] = -74.808738782259  <S**2> = 2.000000000000005  CPU Time =  1.23 (0.09 / step)
  276:  E[2-UpCCGSD] = -74.808747258814  <S**2> = 2.000000000000008  CPU Time =  1.23 (0.09 / step)
  277:  E[2-UpCCGSD] = -74.808749784551  <S**2> = 1.999999999999998  CPU Time =  1.23 (0.09 / step)
  278:  E[2-UpCCGSD] = -74.808754546338  <S**2> = 2.000000000000004  CPU Time =  1.23 (0.09 / step)
  279:  E[2-UpCCGSD] = -74.808758224732  <S**2> = 2.000000000000002  CPU Time =  1.23 (0.09 / step)
  280:  E[2-UpCCGSD] = -74.808763572957  <S**2> = 1.999999999999997  CPU Time =  1.23 (0.09 / step)
  281:  E[2-UpCCGSD] = -74.808766776722  <S**2> = 1.999999999999997  CPU Time =  1.23 (0.09 / step)
  282:  E[2-UpCCGSD] = -74.808769300339  <S**2> = 1.999999999999999  CPU Time =  1.23 (0.09 / step)
  283:  E[2-UpCCGSD] = -74.808772760934  <S**2> = 2.000000000000006  CPU Time =  1.23 (0.09 / step)
  284:  E[2-UpCCGSD] = -74.808776041409  <S**2> = 2.000000000000002  CPU Time =  1.23 (0.09 / step)
  285:  E[2-UpCCGSD] = -74.808779016998  <S**2> = 1.999999999999996  CPU Time =  1.23 (0.09 / step)
  286:  E[2-UpCCGSD] = -74.808780904416  <S**2> = 1.999999999999998  CPU Time =  1.23 (0.09 / step)
  287:  E[2-UpCCGSD] = -74.808782806299  <S**2> = 1.999999999999994  CPU Time =  1.23 (0.09 / step)
  288:  E[2-UpCCGSD] = -74.808784300487  <S**2> = 2.000000000000001  CPU Time =  1.23 (0.09 / step)
  289:  E[2-UpCCGSD] = -74.808786796635  <S**2> = 1.999999999999998  CPU Time =  1.23 (0.09 / step)
  290:  E[2-UpCCGSD] = -74.808790532115  <S**2> = 1.999999999999998  CPU Time =  1.23 (0.09 / step)
  291:  E[2-UpCCGSD] = -74.808791719205  <S**2> = 2.000000000000001  CPU Time =  1.22 (0.09 / step)
  292:  E[2-UpCCGSD] = -74.808793134640  <S**2> = 2.000000000000004  CPU Time =  1.23 (0.09 / step)
  293:  E[2-UpCCGSD] = -74.808793978683  <S**2> = 2.000000000000001  CPU Time =  1.23 (0.09 / step)
  294:  E[2-UpCCGSD] = -74.808795436541  <S**2> = 1.999999999999998  CPU Time =  1.23 (0.09 / step)
  295:  E[2-UpCCGSD] = -74.808797236738  <S**2> = 1.999999999999994  CPU Time =  1.23 (0.09 / step)
  296:  E[2-UpCCGSD] = -74.808798802720  <S**2> = 1.999999999999996  CPU Time =  1.23 (0.09 / step)
  297:  E[2-UpCCGSD] = -74.808802322540  <S**2> = 2.000000000000006  CPU Time =  1.23 (0.09 / step)
  298:  E[2-UpCCGSD] = -74.808803978220  <S**2> = 1.999999999999999  CPU Time =  1.23 (0.09 / step)
  299:  E[2-UpCCGSD] = -74.808807581483  <S**2> = 1.999999999999999  CPU Time =  1.23 (0.09 / step)
  300:  E[2-UpCCGSD] = -74.808809214312  <S**2> = 2.000000000000000  CPU Time =  1.23 (0.09 / step)
  301:  E[2-UpCCGSD] = -74.808810702658  <S**2> = 2.000000000000004  CPU Time =  1.23 (0.09 / step)
  302:  E[2-UpCCGSD] = -74.808811834998  <S**2> = 2.000000000000000  CPU Time =  1.23 (0.09 / step)
  303:  E[2-UpCCGSD] = -74.808813162538  <S**2> = 1.999999999999996  CPU Time =  1.23 (0.09 / step)
  304:  E[2-UpCCGSD] = -74.808814738935  <S**2> = 2.000000000000006  CPU Time =  1.23 (0.09 / step)
  305:  E[2-UpCCGSD] = -74.808816159023  <S**2> = 2.000000000000009  CPU Time =  1.23 (0.09 / step)
  306:  E[2-UpCCGSD] = -74.808818114237  <S**2> = 1.999999999999998  CPU Time =  1.22 (0.09 / step)
  307:  E[2-UpCCGSD] = -74.808820080461  <S**2> = 1.999999999999998  CPU Time =  1.24 (0.09 / step)
  308:  E[2-UpCCGSD] = -74.808820487758  <S**2> = 1.999999999999997  CPU Time =  2.37 (0.09 / step)
  309:  E[2-UpCCGSD] = -74.808821894991  <S**2> = 2.000000000000000  CPU Time =  2.36 (0.09 / step)
  310:  E[2-UpCCGSD] = -74.808823489821  <S**2> = 1.999999999999994  CPU Time =  1.24 (0.09 / step)
  311:  E[2-UpCCGSD] = -74.808824921718  <S**2> = 1.999999999999998  CPU Time =  1.23 (0.09 / step)
  312:  E[2-UpCCGSD] = -74.808825961567  <S**2> = 2.000000000000000  CPU Time =  1.23 (0.09 / step)
  313:  E[2-UpCCGSD] = -74.808827708207  <S**2> = 1.999999999999996  CPU Time =  1.23 (0.09 / step)
  314:  E[2-UpCCGSD] = -74.808829356411  <S**2> = 1.999999999999996  CPU Time =  1.24 (0.09 / step)
  315:  E[2-UpCCGSD] = -74.808830916004  <S**2> = 1.999999999999995  CPU Time =  1.23 (0.09 / step)
  316:  E[2-UpCCGSD] = -74.808832177800  <S**2> = 1.999999999999999  CPU Time =  1.23 (0.09 / step)
  317:  E[2-UpCCGSD] = -74.808832988953  <S**2> = 1.999999999999999  CPU Time =  1.23 (0.09 / step)
  318:  E[2-UpCCGSD] = -74.808834376233  <S**2> = 2.000000000000001  CPU Time =  1.23 (0.09 / step)
  319:  E[2-UpCCGSD] = -74.808835189182  <S**2> = 1.999999999999997  CPU Time =  1.23 (0.09 / step)
  320:  E[2-UpCCGSD] = -74.808836308004  <S**2> = 1.999999999999995  CPU Time =  1.23 (0.09 / step)
  321:  E[2-UpCCGSD] = -74.808837313748  <S**2> = 2.000000000000008  CPU Time =  1.23 (0.09 / step)
  322:  E[2-UpCCGSD] = -74.808838170806  <S**2> = 2.000000000000002  CPU Time =  1.23 (0.09 / step)
  323:  E[2-UpCCGSD] = -74.808839473137  <S**2> = 1.999999999999997  CPU Time =  1.23 (0.09 / step)
  324:  E[2-UpCCGSD] = -74.808840159560  <S**2> = 2.000000000000001  CPU Time =  1.23 (0.09 / step)
  325:  E[2-UpCCGSD] = -74.808841198930  <S**2> = 1.999999999999998  CPU Time =  1.23 (0.09 / step)
  326:  E[2-UpCCGSD] = -74.808842416793  <S**2> = 2.000000000000005  CPU Time =  1.23 (0.09 / step)
  327:  E[2-UpCCGSD] = -74.808843418609  <S**2> = 1.999999999999999  CPU Time =  1.23 (0.09 / step)
  328:  E[2-UpCCGSD] = -74.808844324783  <S**2> = 1.999999999999997  CPU Time =  1.23 (0.09 / step)
  329:  E[2-UpCCGSD] = -74.808845065576  <S**2> = 1.999999999999997  CPU Time =  1.23 (0.09 / step)
  330:  E[2-UpCCGSD] = -74.808845974418  <S**2> = 2.000000000000001  CPU Time =  1.23 (0.09 / step)
  331:  E[2-UpCCGSD] = -74.808847090029  <S**2> = 1.999999999999996  CPU Time =  1.23 (0.09 / step)
  332:  E[2-UpCCGSD] = -74.808847498114  <S**2> = 2.000000000000002  CPU Time =  1.24 (0.09 / step)
  333:  E[2-UpCCGSD] = -74.808848143004  <S**2> = 2.000000000000008  CPU Time =  1.23 (0.09 / step)
  334:  E[2-UpCCGSD] = -74.808849117324  <S**2> = 2.000000000000004  CPU Time =  1.24 (0.09 / step)
  335:  E[2-UpCCGSD] = -74.808850237836  <S**2> = 1.999999999999994  CPU Time =  1.23 (0.09 / step)
  336:  E[2-UpCCGSD] = -74.808851124898  <S**2> = 2.000000000000005  CPU Time =  1.23 (0.09 / step)
  337:  E[2-UpCCGSD] = -74.808852209238  <S**2> = 2.000000000000003  CPU Time =  1.23 (0.09 / step)
  338:  E[2-UpCCGSD] = -74.808853703948  <S**2> = 1.999999999999993  CPU Time =  1.23 (0.09 / step)
  339:  E[2-UpCCGSD] = -74.808854153419  <S**2> = 2.000000000000000  CPU Time =  1.23 (0.09 / step)
  340:  E[2-UpCCGSD] = -74.808854842857  <S**2> = 2.000000000000000  CPU Time =  1.23 (0.09 / step)
  341:  E[2-UpCCGSD] = -74.808855121701  <S**2> = 2.000000000000000  CPU Time =  1.23 (0.09 / step)
  342:  E[2-UpCCGSD] = -74.808855543731  <S**2> = 2.000000000000000  CPU Time =  1.23 (0.09 / step)
  343:  E[2-UpCCGSD] = -74.808855678689  <S**2> = 2.000000000000004  CPU Time =  2.37 (0.09 / step)
  344:  E[2-UpCCGSD] = -74.808856452817  <S**2> = 1.999999999999995  CPU Time =  1.23 (0.09 / step)
  345:  E[2-UpCCGSD] = -74.808857411505  <S**2> = 1.999999999999998  CPU Time =  1.23 (0.09 / step)
  346:  E[2-UpCCGSD] = -74.808858077129  <S**2> = 2.000000000000000  CPU Time =  1.23 (0.09 / step)
  347:  E[2-UpCCGSD] = -74.808858989761  <S**2> = 2.000000000000004  CPU Time =  1.23 (0.09 / step)
  348:  E[2-UpCCGSD] = -74.808859980162  <S**2> = 1.999999999999998  CPU Time =  1.23 (0.09 / step)
  349:  E[2-UpCCGSD] = -74.808860437723  <S**2> = 2.000000000000005  CPU Time =  1.23 (0.09 / step)
  350:  E[2-UpCCGSD] = -74.808861088788  <S**2> = 1.999999999999995  CPU Time =  1.23 (0.09 / step)
  351:  E[2-UpCCGSD] = -74.808861750741  <S**2> = 2.000000000000001  CPU Time =  1.23 (0.09 / step)
  352:  E[2-UpCCGSD] = -74.808862255900  <S**2> = 1.999999999999998  CPU Time =  1.23 (0.09 / step)
  353:  E[2-UpCCGSD] = -74.808862470114  <S**2> = 1.999999999999995  CPU Time =  2.36 (0.09 / step)
  354:  E[2-UpCCGSD] = -74.808862629203  <S**2> = 1.999999999999992  CPU Time =  2.38 (0.09 / step)
  355:  E[2-UpCCGSD] = -74.808863146489  <S**2> = 2.000000000000000  CPU Time =  1.23 (0.09 / step)
  356:  E[2-UpCCGSD] = -74.808863782958  <S**2> = 1.999999999999991  CPU Time =  1.23 (0.09 / step)
  357:  E[2-UpCCGSD] = -74.808864203097  <S**2> = 2.000000000000000  CPU Time =  1.23 (0.09 / step)
  358:  E[2-UpCCGSD] = -74.808864596302  <S**2> = 1.999999999999997  CPU Time =  1.23 (0.09 / step)
  359:  E[2-UpCCGSD] = -74.808864947352  <S**2> = 2.000000000000000  CPU Time =  1.24 (0.09 / step)
  360:  E[2-UpCCGSD] = -74.808865444204  <S**2> = 2.000000000000005  CPU Time =  1.23 (0.09 / step)
  361:  E[2-UpCCGSD] = -74.808865739044  <S**2> = 2.000000000000004  CPU Time =  1.24 (0.09 / step)
  362:  E[2-UpCCGSD] = -74.808866056543  <S**2> = 2.000000000000003  CPU Time =  1.23 (0.09 / step)
  363:  E[2-UpCCGSD] = -74.808866699786  <S**2> = 1.999999999999999  CPU Time =  1.23 (0.09 / step)
  364:  E[2-UpCCGSD] = -74.808867039843  <S**2> = 2.000000000000001  CPU Time =  2.36 (0.09 / step)
  365:  E[2-UpCCGSD] = -74.808867315061  <S**2> = 1.999999999999999  CPU Time =  2.37 (0.09 / step)
  366:  E[2-UpCCGSD] = -74.808867766582  <S**2> = 2.000000000000005  CPU Time =  1.23 (0.09 / step)
  367:  E[2-UpCCGSD] = -74.808868342715  <S**2> = 1.999999999999994  CPU Time =  1.23 (0.09 / step)
  368:  E[2-UpCCGSD] = -74.808868419117  <S**2> = 2.000000000000002  CPU Time =  1.23 (0.09 / step)
  369:  E[2-UpCCGSD] = -74.808869252383  <S**2> = 1.999999999999999  CPU Time =  1.23 (0.09 / step)
  370:  E[2-UpCCGSD] = -74.808870228035  <S**2> = 2.000000000000000  CPU Time =  1.23 (0.09 / step)
  371:  E[2-UpCCGSD] = -74.808870870865  <S**2> = 1.999999999999998  CPU Time =  1.23 (0.09 / step)
  372:  E[2-UpCCGSD] = -74.808871325097  <S**2> = 2.000000000000003  CPU Time =  1.22 (0.09 / step)
  373:  E[2-UpCCGSD] = -74.808872007586  <S**2> = 2.000000000000003  CPU Time =  1.23 (0.09 / step)
  374:  E[2-UpCCGSD] = -74.808872625149  <S**2> = 1.999999999999995  CPU Time =  1.23 (0.09 / step)
  375:  E[2-UpCCGSD] = -74.808873778603  <S**2> = 2.000000000000002  CPU Time =  1.23 (0.09 / step)
  376:  E[2-UpCCGSD] = -74.808875253699  <S**2> = 1.999999999999997  CPU Time =  1.23 (0.09 / step)
  377:  E[2-UpCCGSD] = -74.808875933890  <S**2> = 1.999999999999994  CPU Time =  1.23 (0.09 / step)
  378:  E[2-UpCCGSD] = -74.808877124850  <S**2> = 2.000000000000007  CPU Time =  1.23 (0.09 / step)
  379:  E[2-UpCCGSD] = -74.808877628553  <S**2> = 1.999999999999999  CPU Time =  1.23 (0.09 / step)
  380:  E[2-UpCCGSD] = -74.808878179252  <S**2> = 1.999999999999995  CPU Time =  1.22 (0.09 / step)
  381:  E[2-UpCCGSD] = -74.808879169358  <S**2> = 1.999999999999995  CPU Time =  1.23 (0.09 / step)
  382:  E[2-UpCCGSD] = -74.808879941837  <S**2> = 1.999999999999999  CPU Time =  1.24 (0.09 / step)
  383:  E[2-UpCCGSD] = -74.808881217222  <S**2> = 1.999999999999997  CPU Time =  1.23 (0.09 / step)
  384:  E[2-UpCCGSD] = -74.808882391598  <S**2> = 1.999999999999996  CPU Time =  1.23 (0.09 / step)
  385:  E[2-UpCCGSD] = -74.808882923595  <S**2> = 1.999999999999998  CPU Time =  1.23 (0.09 / step)
  386:  E[2-UpCCGSD] = -74.808883502106  <S**2> = 2.000000000000004  CPU Time =  1.23 (0.09 / step)
  387:  E[2-UpCCGSD] = -74.808884508150  <S**2> = 1.999999999999999  CPU Time =  1.23 (0.09 / step)
  388:  E[2-UpCCGSD] = -74.808885209434  <S**2> = 1.999999999999999  CPU Time =  1.23 (0.09 / step)
  389:  E[2-UpCCGSD] = -74.808885657748  <S**2> = 2.000000000000004  CPU Time =  1.23 (0.09 / step)
  390:  E[2-UpCCGSD] = -74.808886428931  <S**2> = 2.000000000000000  CPU Time =  1.23 (0.09 / step)
  391:  E[2-UpCCGSD] = -74.808886826551  <S**2> = 2.000000000000002  CPU Time =  1.23 (0.09 / step)
  392:  E[2-UpCCGSD] = -74.808887180730  <S**2> = 2.000000000000005  CPU Time =  1.23 (0.09 / step)
  393:  E[2-UpCCGSD] = -74.808887600115  <S**2> = 2.000000000000004  CPU Time =  1.22 (0.09 / step)
  394:  E[2-UpCCGSD] = -74.808887833100  <S**2> = 2.000000000000005  CPU Time =  1.23 (0.09 / step)
  395:  E[2-UpCCGSD] = -74.808888044774  <S**2> = 2.000000000000000  CPU Time =  1.23 (0.09 / step)
  396:  E[2-UpCCGSD] = -74.808888800030  <S**2> = 2.000000000000004  CPU Time =  1.23 (0.09 / step)
  397:  E[2-UpCCGSD] = -74.808889146989  <S**2> = 2.000000000000001  CPU Time =  1.24 (0.09 / step)
  398:  E[2-UpCCGSD] = -74.808889604758  <S**2> = 2.000000000000000  CPU Time =  2.37 (0.09 / step)
  399:  E[2-UpCCGSD] = -74.808890108280  <S**2> = 1.999999999999993  CPU Time =  1.23 (0.09 / step)
  400:  E[2-UpCCGSD] = -74.808890961132  <S**2> = 2.000000000000000  CPU Time =  1.23 (0.09 / step)
  401:  E[2-UpCCGSD] = -74.808891374268  <S**2> = 1.999999999999997  CPU Time =  1.23 (0.09 / step)
  402:  E[2-UpCCGSD] = -74.808892157261  <S**2> = 2.000000000000000  CPU Time =  1.23 (0.09 / step)
  403:  E[2-UpCCGSD] = -74.808892415991  <S**2> = 1.999999999999998  CPU Time =  1.22 (0.09 / step)
  404:  E[2-UpCCGSD] = -74.808892896386  <S**2> = 1.999999999999999  CPU Time =  1.22 (0.09 / step)
  405:  E[2-UpCCGSD] = -74.808893100645  <S**2> = 1.999999999999997  CPU Time =  2.37 (0.09 / step)
  406:  E[2-UpCCGSD] = -74.808893317362  <S**2> = 2.000000000000003  CPU Time =  1.23 (0.09 / step)
  407:  E[2-UpCCGSD] = -74.808893554824  <S**2> = 2.000000000000000  CPU Time =  1.23 (0.09 / step)
  408:  E[2-UpCCGSD] = -74.808893949216  <S**2> = 2.000000000000001  CPU Time =  1.22 (0.09 / step)
  409:  E[2-UpCCGSD] = -74.808894401974  <S**2> = 2.000000000000004  CPU Time =  1.23 (0.09 / step)
  410:  E[2-UpCCGSD] = -74.808894744929  <S**2> = 2.000000000000005  CPU Time =  1.23 (0.09 / step)
  411:  E[2-UpCCGSD] = -74.808894778559  <S**2> = 2.000000000000001  CPU Time =  1.23 (0.09 / step)
Final:  E[2-UpCCGSD] = -74.808894778559  <S**2> = 2.000000000000001  rho = 1

(2-UpCCGSD state)
 Basis       Coef
|00000000011011> : +0.2913 +0.0000j
|00000000011110> : -0.6298 +0.0000j
|00000000100111> : +0.2913 +0.0000j
|00000000101101> : -0.6298 -0.0000j
|00010000001110> : -0.1020 -0.0000j
|00100000001101> : -0.1020 -0.0000j

Dipole moment (in Debye) :
x = -0.00013     y = -0.00014    z = -0.00068
| mu | = 0.00071

 Done: CPU Time =         520.6948
End at 2021-02-02 17:39:21.202890
