2020-11-10 14:14:55.415457
+-------------+
|  Job #   1  |
+-------------+
RHF Energy :  -1.7792432699063232
FCI Energy :  -1.9695121652162797
JW_Hamiltonian done
Number of VQE parameters: 26
Kappa values for orbital rotation:
 Following order: Exp[T1] Exp[T2] |0>
Initial T1 amplitudes:
array([0., 0., 0., 0., 0., 0., 0., 0.])
Intial T2 amplitudes:
array([0., 0., 0., 0., 0., 0., 0., 0., 0., 0., 0., 0., 0., 0., 0., 0., 0.,
       0.])
Performing VQE for  upccgsd
 E[UpCCGSD] =  -1.828552441012   <S**2> = 0.002680798045716   CPU Time =  0.00158
 E[UpCCGSD] =  -1.835796567859   <S**2> = 0.003657084511949   CPU Time =  0.00172
 E[UpCCGSD] =  -1.839820962172   <S**2> = 0.004609082074357   CPU Time =  0.00177
 E[UpCCGSD] =  -1.856570522682   <S**2> = 0.020985584608548   CPU Time =  0.00202
 E[UpCCGSD] =  -1.864658013868   <S**2> = 0.035416181561537   CPU Time =  0.00186
 E[UpCCGSD] =  -1.867197586208   <S**2> = 0.040401305480943   CPU Time =  0.00239
 E[UpCCGSD] =  -1.867731522856   <S**2> = 0.035003594356442   CPU Time =  0.00160
 E[UpCCGSD] =  -1.868030796621   <S**2> = 0.037192172414212   CPU Time =  0.00160
 E[UpCCGSD] =  -1.869096983733   <S**2> = 0.046956346589750   CPU Time =  0.00152
 E[UpCCGSD] =  -1.870141473286   <S**2> = 0.058935977548542   CPU Time =  0.00159
 E[UpCCGSD] =  -1.871813211420   <S**2> = 0.084616559366044   CPU Time =  0.00158
 E[UpCCGSD] =  -1.874605895716   <S**2> = 0.177539242412587   CPU Time =  0.00159
 E[UpCCGSD] =  -1.876103296286   <S**2> = 0.308303293643302   CPU Time =  0.00155
 E[UpCCGSD] =  -1.878659436009   <S**2> = 0.275324368266582   CPU Time =  0.00169
 E[UpCCGSD] =  -1.880244021436   <S**2> = 0.309776847560516   CPU Time =  0.00148
 E[UpCCGSD] =  -1.880578238193   <S**2> = 0.332187258384799   CPU Time =  0.00189
 E[UpCCGSD] =  -1.880617413655   <S**2> = 0.358494797932532   CPU Time =  0.00155
 E[UpCCGSD] =  -1.880640663854   <S**2> = 0.353663551506006   CPU Time =  0.00164
 E[UpCCGSD] =  -1.880644677340   <S**2> = 0.349272092718739   CPU Time =  0.00185
 E[UpCCGSD] =  -1.880646573246   <S**2> = 0.350176248222208   CPU Time =  0.00160
 E[UpCCGSD] =  -1.880649747901   <S**2> = 0.351193681089423   CPU Time =  0.00153
 E[UpCCGSD] =  -1.880654190509   <S**2> = 0.351721337650235   CPU Time =  0.00156
 E[UpCCGSD] =  -1.880654950311   <S**2> = 0.350978505926047   CPU Time =  0.00157
 E[UpCCGSD] =  -1.880655222912   <S**2> = 0.350424827875802   CPU Time =  0.00158
 E[UpCCGSD] =  -1.880655363610   <S**2> = 0.350457150699805   CPU Time =  0.00158
 E[UpCCGSD] =  -1.880655476919   <S**2> = 0.350599717298799   CPU Time =  0.00180
 E[UpCCGSD] =  -1.880655521398   <S**2> = 0.350688330970825   CPU Time =  0.00156
 E[UpCCGSD] =  -1.880655621534   <S**2> = 0.350628684826383   CPU Time =  0.00149
 E[UpCCGSD] =  -1.880655719606   <S**2> = 0.350711473796558   CPU Time =  0.00161
 E[UpCCGSD] =  -1.880655789019   <S**2> = 0.350642834037718   CPU Time =  0.01303
 E[UpCCGSD] =  -1.880655823998   <S**2> = 0.350475231598393   CPU Time =  0.00151
 E[UpCCGSD] =  -1.880655850332   <S**2> = 0.350403050648342   CPU Time =  0.02518
 E[UpCCGSD] =  -1.880655881558   <S**2> = 0.350255118644442   CPU Time =  0.00170
 E[UpCCGSD] =  -1.880655936020   <S**2> = 0.349969369861173   CPU Time =  0.00151
 E[UpCCGSD] =  -1.880656044023   <S**2> = 0.349451958789720   CPU Time =  0.00150
 E[UpCCGSD] =  -1.880656282181   <S**2> = 0.348533324157825   CPU Time =  0.00158
 E[UpCCGSD] =  -1.880656434916   <S**2> = 0.346182750746789   CPU Time =  0.00165
 E[UpCCGSD] =  -1.880657390848   <S**2> = 0.345832491473263   CPU Time =  0.00378
 E[UpCCGSD] =  -1.880659615357   <S**2> = 0.344652701489937   CPU Time =  0.00212
 E[UpCCGSD] =  -1.880669585275   <S**2> = 0.338800181096029   CPU Time =  0.00200
 E[UpCCGSD] =  -1.880684823987   <S**2> = 0.329448755006259   CPU Time =  0.00179
 E[UpCCGSD] =  -1.880693005609   <S**2> = 0.326586911648488   CPU Time =  0.00169
 E[UpCCGSD] =  -1.880723412205   <S**2> = 0.329702331848732   CPU Time =  0.00200
 E[UpCCGSD] =  -1.880780703994   <S**2> = 0.344297791315919   CPU Time =  0.00215
 E[UpCCGSD] =  -1.880826550034   <S**2> = 0.349884618663054   CPU Time =  0.00197
 E[UpCCGSD] =  -1.880978245582   <S**2> = 0.377930822871384   CPU Time =  0.00152
 E[UpCCGSD] =  -1.881284278138   <S**2> = 0.422910349231515   CPU Time =  0.00160
 E[UpCCGSD] =  -1.881966265673   <S**2> = 0.451942909416067   CPU Time =  0.00174
 E[UpCCGSD] =  -1.882324158918   <S**2> = 0.444508450610945   CPU Time =  0.00192
 E[UpCCGSD] =  -1.882675500150   <S**2> = 0.460082770865670   CPU Time =  0.00160
 E[UpCCGSD] =  -1.882999167188   <S**2> = 0.432381257167342   CPU Time =  0.00154
 E[UpCCGSD] =  -1.883128116507   <S**2> = 0.443945375795205   CPU Time =  0.00156
 E[UpCCGSD] =  -1.883262395972   <S**2> = 0.460037253239172   CPU Time =  0.00152
 E[UpCCGSD] =  -1.883389812503   <S**2> = 0.467581034132861   CPU Time =  0.00183
 E[UpCCGSD] =  -1.883464317363   <S**2> = 0.458609537176718   CPU Time =  0.00153
 E[UpCCGSD] =  -1.883548525326   <S**2> = 0.462291590659089   CPU Time =  0.00161
 E[UpCCGSD] =  -1.883561690419   <S**2> = 0.459181374262200   CPU Time =  0.00150
 E[UpCCGSD] =  -1.883566556328   <S**2> = 0.458985909515492   CPU Time =  0.00151
 E[UpCCGSD] =  -1.883572779818   <S**2> = 0.456887007315624   CPU Time =  0.00154
 E[UpCCGSD] =  -1.883582241651   <S**2> = 0.452428907424257   CPU Time =  0.00703
 E[UpCCGSD] =  -1.883590104689   <S**2> = 0.452419739704048   CPU Time =  0.00156
 E[UpCCGSD] =  -1.883591803842   <S**2> = 0.452730905377680   CPU Time =  0.00147
 E[UpCCGSD] =  -1.883592740604   <S**2> = 0.453554084041145   CPU Time =  0.00148
 E[UpCCGSD] =  -1.883592784039   <S**2> = 0.453930677587350   CPU Time =  0.00150
 E[UpCCGSD] =  -1.883592791697   <S**2> = 0.454105951491961   CPU Time =  0.00289
 E[UpCCGSD] =  -1.883592798292   <S**2> = 0.454143989225491   CPU Time =  0.00159
 E[UpCCGSD] =  -1.883592799438   <S**2> = 0.454248419178003   CPU Time =  0.00281
 E[UpCCGSD] =  -1.883592802209   <S**2> = 0.454190937761911   CPU Time =  0.00160
 E[UpCCGSD] =  -1.883592803386   <S**2> = 0.454154693461469   CPU Time =  0.00170
 E[UpCCGSD] =  -1.883592804133   <S**2> = 0.454132013502486   CPU Time =  0.00159
 E[UpCCGSD] =  -1.883592804324   <S**2> = 0.454159572559253   CPU Time =  0.00147
 E[UpCCGSD] =  -1.883592804486   <S**2> = 0.454156123316801   CPU Time =  0.00142
 E[UpCCGSD] =  -1.883592804499   <S**2> = 0.454158563122582   CPU Time =  0.00159
 E[UpCCGSD] =  -1.883592804519   <S**2> = 0.454160181536347   CPU Time =  0.00162
 E[UpCCGSD] =  -1.883592804555   <S**2> = 0.454149937850526   CPU Time =  0.00157
 E[UpCCGSD] =  -1.883592804562   <S**2> = 0.454150199270943   CPU Time =  0.00149
 E[UpCCGSD] =  -1.883592804563   <S**2> = 0.454150197336693   CPU Time =  0.00188

 Done: CPU Time =            4.4969
