2020-11-17 13:29:53.799619
+-------------+
|  Job #   1  |
+-------------+
RHF Energy :  -1.7792432699063232
FCI Energy :  -1.9695121652162788
JW_Hamiltonian done
Number of VQE parameters: 26
Kappa values for orbital rotation:
 Following order: Exp[T1] Exp[T2] |0>
Initial T1 amplitudes:
array([0., 0., 0., 0., 0., 0., 0., 0.])
Intial T2 amplitudes:
array([0., 0., 0., 0., 0., 0., 0., 0., 0., 0., 0., 0., 0., 0., 0., 0., 0.,
       0.])
 Initial E[uccsd] =  -1.779243269906   <S**2> = 0.000000000000000 rho = 1
Performing VQE for  uccsd
 E[uccsd] =  -1.838139430065   <S**2> = 0.000044246664236   CPU Time =  0.25812  (0.00216 / step)
 E[uccsd] =  -1.919574565908   <S**2> = 0.000216843158533   CPU Time =  0.08555  (0.00295 / step)
 E[uccsd] =  -1.932560909510   <S**2> = 0.000051993785228   CPU Time =  0.08415  (0.00211 / step)
 E[uccsd] =  -1.952270887827   <S**2> = 0.000181600125225   CPU Time =  0.07934  (0.00224 / step)
 E[uccsd] =  -1.961179857577   <S**2> = 0.000889511839143   CPU Time =  0.08078  (0.00212 / step)
 E[uccsd] =  -1.965039737915   <S**2> = 0.001401839593704   CPU Time =  0.08086  (0.00231 / step)
 E[uccsd] =  -1.967278959810   <S**2> = 0.000328426856785   CPU Time =  0.08273  (0.00233 / step)
 E[uccsd] =  -1.967471568824   <S**2> = 0.000104013710448   CPU Time =  0.07920  (0.00265 / step)
 E[uccsd] =  -1.967520448527   <S**2> = 0.000016673349714   CPU Time =  0.08287  (0.00371 / step)
 E[uccsd] =  -1.967522858564   <S**2> = 0.000003698261768   CPU Time =  0.07811  (0.00241 / step)
 E[uccsd] =  -1.967523180891   <S**2> = 0.000000547151034   CPU Time =  0.09052  (0.00388 / step)
 E[uccsd] =  -1.967523256807   <S**2> = 0.000000000515644   CPU Time =  0.07706  (0.00246 / step)
 E[uccsd] =  -1.967523261585   <S**2> = 0.000000001367474   CPU Time =  0.07827  (0.00250 / step)
 E[uccsd] =  -1.967523262647   <S**2> = 0.000000000063960   CPU Time =  0.07924  (0.00308 / step)
 E[uccsd] =  -1.967523262651   <S**2> = 0.000000000052333   CPU Time =  0.08121  (0.00411 / step)
 E[uccsd] =  -1.967523262651   <S**2> = 0.000000000052333   CPU Time =  0.64806  (0.00552 / step)
 Final E[uccsd] =  -1.967523262651   <S**2> = 0.000000000052334 rho = 1
(UCCSD state)
| 00001111 > :  0.4933
| 00110011 > :  0.4278
| 01101001 > :  0.0222
| 10010110 > :  0.0222
1 a 2 a ->  3 a 4 a  :  -0.0197276524
2 a 2 b ->  3 a 3 b  :  0.1804812833
2 a 1 b ->  4 a 3 b  :  -0.0519086233
1 a 2 b ->  4 a 3 b  :  0.0273149755
2 a 1 b ->  3 a 4 b  :  0.0273150678
1 a 2 b ->  3 a 4 b  :  -0.0519086315
1 a 1 b ->  4 a 4 b  :  0.0179732752
1 b 2 b ->  3 b 4 b  :  -0.0247496143

 Done: CPU Time =            2.0807
