CASCI E = -24.8099399836266  E(CI) = -26.9575747682045  S^2 = 0.0000000
RUNNING THE L-BFGS-B CODE

           * * *

Machine precision = 2.220D-16
 N =          117     M =           10

At X0         0 variables are exactly at the bounds
 This problem is unconstrained.
RUNNING THE L-BFGS-B CODE

           * * *

Machine precision = 2.220D-16
 N =          117     M =           10
 This problem is unconstrained.

At X0         0 variables are exactly at the bounds
RUNNING THE L-BFGS-B CODE

           * * *

Machine precision = 2.220D-16
 N =          117     M =           10
 This problem is unconstrained.

At X0         0 variables are exactly at the bounds
RUNNING THE L-BFGS-B CODE

           * * *

Machine precision = 2.220D-16
 N =          117     M =           10
 This problem is unconstrained.

At X0         0 variables are exactly at the bounds
RUNNING THE L-BFGS-B CODE

           * * *

Machine precision = 2.220D-16
 N =          117     M =           10
 This problem is unconstrained.

At X0         0 variables are exactly at the bounds
RUNNING THE L-BFGS-B CODE

           * * *

Machine precision = 2.220D-16
 N =          117     M =           10
 This problem is unconstrained.

At X0         0 variables are exactly at the bounds
RUNNING THE L-BFGS-B CODE

           * * *

Machine precision = 2.220D-16
 N =          117     M =           10
 This problem is unconstrained.

At X0         0 variables are exactly at the bounds
RUNNING THE L-BFGS-B CODE

           * * *

Machine precision = 2.220D-16
 N =          117     M =           10
 This problem is unconstrained.

At X0         0 variables are exactly at the bounds


At iterate    0    f= -2.48099D+01    |proj g|=  5.15143D-04

At iterate    0    f= -2.48099D+01    |proj g|=  5.15143D-04

At iterate    0    f= -2.48099D+01    |proj g|=  5.15143D-04

At iterate    0    f= -2.48099D+01    |proj g|=  5.15143D-04

At iterate    0    f= -2.48099D+01    |proj g|=  5.15143D-04

At iterate    0    f= -2.48099D+01    |proj g|=  5.15143D-04

At iterate    0    f= -2.48099D+01    |proj g|=  5.15143D-04
At iterate    0    f= -2.48099D+01    |proj g|=  5.15143D-04

At iterate    1    f= -2.48099D+01    |proj g|=  9.63141D-04

At iterate    1    f= -2.48099D+01    |proj g|=  9.63141D-04

At iterate    1    f= -2.48099D+01    |proj g|=  9.63141D-04

At iterate    1    f= -2.48099D+01    |proj g|=  9.63141D-04

At iterate    1    f= -2.48099D+01    |proj g|=  9.63141D-04


At iterate    1    f= -2.48099D+01    |proj g|=  9.63141D-04

At iterate    1    f= -2.48099D+01    |proj g|=  9.63141D-04
At iterate    1    f= -2.48099D+01    |proj g|=  9.63141D-04

           * * *

Tit   = total number of iterations
Tnf   = total number of function evaluations
Tnint = total number of segments explored during Cauchy searches
Skip  = number of BFGS updates skipped
Nact  = number of active bounds at final generalized Cauchy point
Projg = norm of the final projected gradient

           * * *

Tit   = total number of iterations
Tnf   = total number of function evaluations
Tnint = total number of segments explored during Cauchy searches
Skip  = number of BFGS updates skipped
Nact  = number of active bounds at final generalized Cauchy point
Projg = norm of the final projected gradient
F     = final function value

           * * *

   N    Tit     Tnf  Tnint  Skip  Nact     Projg        F
F     = final function value
  117      1      4      1     0     0   9.631D-04  -2.481D+01
  F =  -24.809870077657038     

CONVERGENCE: REL_REDUCTION_OF_F_<=_FACTR*EPSMCH             

           * * *

   N    Tit     Tnf  Tnint  Skip  Nact     Projg        F
  117      1      4      1     0     0   9.631D-04  -2.481D+01
  F =  -24.809870077657038     

CONVERGENCE: REL_REDUCTION_OF_F_<=_FACTR*EPSMCH             

           * * *

Tit   = total number of iterations
Tnf   = total number of function evaluations
Tnint = total number of segments explored during Cauchy searches
Skip  = number of BFGS updates skipped
Nact  = number of active bounds at final generalized Cauchy point
Projg = norm of the final projected gradient
F     = final function value

           * * *

           * * *

Tit   = total number of iterations
Tnf   = total number of function evaluations
Tnint = total number of segments explored during Cauchy searches
Skip  = number of BFGS updates skipped
Nact  = number of active bounds at final generalized Cauchy point
Projg = norm of the final projected gradient
F     = final function value

           * * *

   N    Tit     Tnf  Tnint  Skip  Nact     Projg        F
  117      1      4      1     0     0   9.631D-04  -2.481D+01
  F =  -24.809870077657038     

CONVERGENCE: REL_REDUCTION_OF_F_<=_FACTR*EPSMCH             


   N    Tit     Tnf  Tnint  Skip  Nact     Projg        F
  117      1      4      1     0     0   9.631D-04  -2.481D+01
  F =  -24.809870077657038     

CONVERGENCE: REL_REDUCTION_OF_F_<=_FACTR*EPSMCH             
           * * *


           * * *

Tit   = total number of iterations
Tnf   = total number of function evaluations
Tnint = total number of segments explored during Cauchy searches
Skip  = number of BFGS updates skipped
Nact  = number of active bounds at final generalized Cauchy point
Projg = norm of the final projected gradient
F     = final function value

           * * *

   N    Tit     Tnf  Tnint  Skip  Nact     Projg        F
Tit   = total number of iterations
  117      1      4      1     0     0   9.631D-04  -2.481D+01
  F =  -24.809870077657038     

CONVERGENCE: REL_REDUCTION_OF_F_<=_FACTR*EPSMCH             
Tnf   = total number of function evaluations
Tnint = total number of segments explored during Cauchy searches
Skip  = number of BFGS updates skipped
Nact  = number of active bounds at final generalized Cauchy point
Projg = norm of the final projected gradient
F     = final function value

           * * *

   N    Tit     Tnf  Tnint  Skip  Nact     Projg        F
  117      1      4      1     0     0   9.631D-04  -2.481D+01
  F =  -24.809870077657038     

CONVERGENCE: REL_REDUCTION_OF_F_<=_FACTR*EPSMCH             

           * * *

Tit   = total number of iterations
Tnf   = total number of function evaluations
Tnint = total number of segments explored during Cauchy searches
Skip  = number of BFGS updates skipped
Nact  = number of active bounds at final generalized Cauchy point
Projg = norm of the final projected gradient
F     = final function value

           * * *

   N    Tit     Tnf  Tnint  Skip  Nact     Projg        F
  117      1      4      1     0     0   9.631D-04  -2.481D+01
  F =  -24.809870077657038     

CONVERGENCE: REL_REDUCTION_OF_F_<=_FACTR*EPSMCH             

           * * *

Tit   = total number of iterations
Tnf   = total number of function evaluations
Tnint = total number of segments explored during Cauchy searches
Skip  = number of BFGS updates skipped
Nact  = number of active bounds at final generalized Cauchy point
Projg = norm of the final projected gradient
F     = final function value

           * * *

   N    Tit     Tnf  Tnint  Skip  Nact     Projg        F
  117      1      4      1     0     0   9.631D-04  -2.481D+01
  F =  -24.809870077657038     

CONVERGENCE: REL_REDUCTION_OF_F_<=_FACTR*EPSMCH             
