///////////////////////////////////////////////////////////////////////////////////
///                                                                             ///
///                                                                             ///
///              QQQ       UUU  UUU    KKK   KK    EEEEEEE    TTTTTTT           ///
///             Q   Q       u    U      K   K       E    E    T  T  T           ///
///            Q     Q      U    U      K  K        E  E         T              ///
///            Q     Q      U    U      KKK         EEEE         T              ///
///            Q QQQ Q      U    U      K  K        E  E         T              ///
///             Q   Q       U    U      K   K       E    E       T              ///
///              QQQ QQ      UUUU      KKK   KK    EEEEEEE      TTT             ///
///                                                                             ///
///                      Quantum Computing Simulator Ver Beta                   ///
///                                                                             ///
///        Copyright 2019-2020                                                  ///
///        QC Project Team, Ten-no Research Group                               ///
///        All rights Reserved.                                                 ///
///                                                                             ///
///////////////////////////////////////////////////////////////////////////////////
2020-12-10 16:46:03.756154
+-------------+
|  Job #   1  |
+-------------+
8 processes  x  4 threads  =  Total 32 cores
Number of VQE parameters:117
Kappa values for orbital rotation:
 Following order: Exp[T1] Exp[T2] |0>
 Initial E[uccsd] = -24.752788371681  <S**2> =0.000000000000000rho = 8
Performing VQE for uccsd
 E[uccsd] = -24.779513787300  <S**2> =0.000000000007340  CPU Time = 8.92001 (0.12489 / step)
 E[uccsd] = -24.792086588186  <S**2> =0.000000000116608  CPU Time = 2.25884 (0.12496 / step)
 E[uccsd] = -24.798083559049  <S**2> =0.000000000094590  CPU Time = 2.26726 (0.12479 / step)
 E[uccsd] = -24.800319312917  <S**2> =0.000000000108558  CPU Time = 2.25879 (0.12483 / step)
 E[uccsd] = -24.803006150642  <S**2> =0.000000000129293  CPU Time = 2.25776 (0.12480 / step)
 E[uccsd] = -24.806728802732  <S**2> =0.000000000311419  CPU Time = 2.26633 (0.12480 / step)
 E[uccsd] = -24.807822355076  <S**2> =0.000000000297433  CPU Time = 4.39007 (0.12511 / step)
 E[uccsd] = -24.808370197883  <S**2> =0.000000000238775  CPU Time = 2.26778 (0.12515 / step)
 E[uccsd] = -24.808583129354  <S**2> =0.000000000135225  CPU Time = 2.25790 (0.12519 / step)
 E[uccsd] = -24.808747009513  <S**2> =0.000000000076357  CPU Time = 2.27372 (0.12565 / step)
 E[uccsd] = -24.809128037516  <S**2> =0.000000000120557  CPU Time = 2.26210 (0.12539 / step)
 E[uccsd] = -24.809414955444  <S**2> =0.000000008542757  CPU Time = 2.27054 (0.12528 / step)
 E[uccsd] = -24.809481014921  <S**2> =0.000000210713512  CPU Time = 2.26188 (0.12540 / step)
 E[uccsd] = -24.809495452010  <S**2> =0.000000168967500  CPU Time = 2.26097 (0.12517 / step)
 E[uccsd] = -24.809507640044  <S**2> =0.000000009411992  CPU Time = 2.27083 (0.12543 / step)
 E[uccsd] = -24.809519935904  <S**2> =0.000000018906378  CPU Time = 2.26237 (0.12580 / step)
 E[uccsd] = -24.809543700555  <S**2> =0.000000140643335  CPU Time = 2.26103 (0.12544 / step)
 E[uccsd] = -24.809585581283  <S**2> =0.000000282518889  CPU Time = 2.27034 (0.12527 / step)
 E[uccsd] = -24.809661541603  <S**2> =0.000000344611496  CPU Time = 2.26280 (0.12548 / step)
 E[uccsd] = -24.809711497294  <S**2> =0.000001406444008  CPU Time = 2.26204 (0.12524 / step)
 E[uccsd] = -24.809819423348  <S**2> =0.000000356452803  CPU Time = 2.27097 (0.12543 / step)
 E[uccsd] = -24.809848927654  <S**2> =0.000000075560041  CPU Time = 2.26307 (0.12537 / step)
 E[uccsd] = -24.809857462572  <S**2> =0.000000007186854  CPU Time = 2.27125 (0.12564 / step)
 E[uccsd] = -24.809858233501  <S**2> =0.000000008369029  CPU Time = 2.26244 (0.12533 / step)
 E[uccsd] = -24.809858971955  <S**2> =0.000000005642466  CPU Time = 2.27146 (0.12558 / step)
 E[uccsd] = -24.809860383702  <S**2> =0.000000004501125  CPU Time = 2.26234 (0.12542 / step)
 E[uccsd] = -24.809860672262  <S**2> =0.000000027566153  CPU Time = 2.26225 (0.12537 / step)
 E[uccsd] = -24.809861241768  <S**2> =0.000000005694279  CPU Time = 2.27083 (0.12542 / step)
 E[uccsd] = -24.809862449246  <S**2> =0.000000009837463  CPU Time = 2.26183 (0.12543 / step)
 E[uccsd] = -24.809863614918  <S**2> =0.000000025457696  CPU Time = 2.27196 (0.12531 / step)
 E[uccsd] = -24.809865245302  <S**2> =0.000000027922405  CPU Time = 2.26209 (0.12537 / step)
 E[uccsd] = -24.809866247116  <S**2> =0.000000030900816  CPU Time = 4.40648 (0.12526 / step)
 E[uccsd] = -24.809867494652  <S**2> =0.000000014918991  CPU Time = 2.26259 (0.12495 / step)
 E[uccsd] = -24.809868294118  <S**2> =0.000000013948109  CPU Time = 2.26178 (0.12506 / step)
 E[uccsd] = -24.809868869692  <S**2> =0.000000012242371  CPU Time = 2.26136 (0.12514 / step)
 E[uccsd] = -24.809869116491  <S**2> =0.000000005881373  CPU Time = 4.41224 (0.12541 / step)
 E[uccsd] = -24.809869420608  <S**2> =0.000000003229598  CPU Time = 2.27164 (0.12570 / step)
 E[uccsd] = -24.809869685784  <S**2> =0.000000004299536  CPU Time = 2.26197 (0.12531 / step)
 E[uccsd] = -24.809869823210  <S**2> =0.000000001948331  CPU Time = 2.26140 (0.12525 / step)
 E[uccsd] = -24.809869865983  <S**2> =0.000000001794404  CPU Time = 4.40727 (0.12499 / step)
 E[uccsd] = -24.809869901001  <S**2> =0.000000000667712  CPU Time = 2.26166 (0.12519 / step)
 E[uccsd] = -24.809869918044  <S**2> =0.000000000549651  CPU Time = 2.27051 (0.12503 / step)
 E[uccsd] = -24.809869946202  <S**2> =0.000000000598215  CPU Time = 2.26204 (0.12499 / step)
 E[uccsd] = -24.809869986687  <S**2> =0.000000000778079  CPU Time = 2.27049 (0.12537 / step)
 E[uccsd] = -24.809870005494  <S**2> =0.000000002753899  CPU Time = 2.26227 (0.12503 / step)
 E[uccsd] = -24.809870045975  <S**2> =0.000000001332425  CPU Time = 2.27018 (0.12516 / step)
 E[uccsd] = -24.809870063130  <S**2> =0.000000001208879  CPU Time = 2.26176 (0.12518 / step)
 E[uccsd] = -24.809870075793  <S**2> =0.000000001370208  CPU Time = 2.26133 (0.12515 / step)
 E[uccsd] = -24.809870081340  <S**2> =0.000000001355112  CPU Time = 2.27147 (0.12521 / step)
 E[uccsd] = -24.809870096634  <S**2> =0.000000000998357  CPU Time = 2.26171 (0.12494 / step)
 E[uccsd] = -24.809870101660  <S**2> =0.000000000911188  CPU Time = 2.26127 (0.12514 / step)
 E[uccsd] = -24.809870107662  <S**2> =0.000000000866007  CPU Time = 2.27101 (0.12510 / step)
 E[uccsd] = -24.809870111406  <S**2> =0.000000001305299  CPU Time = 2.26204 (0.12520 / step)
 E[uccsd] = -24.809870114363  <S**2> =0.000000001011294  CPU Time = 4.40550 (0.12537 / step)
 E[uccsd] = -24.809870118014  <S**2> =0.000000000590657  CPU Time = 2.26126 (0.12536 / step)
 E[uccsd] = -24.809870120605  <S**2> =0.000000000416023  CPU Time = 2.26101 (0.12543 / step)
 E[uccsd] = -24.809870122248  <S**2> =0.000000000483461  CPU Time = 2.27010 (0.12534 / step)
 E[uccsd] = -24.809870123263  <S**2> =0.000000000615504  CPU Time = 2.26137 (0.12524 / step)
 E[uccsd] = -24.809870124259  <S**2> =0.000000000565628  CPU Time = 2.27590 (0.12547 / step)
 E[uccsd] = -24.809870125311  <S**2> =0.000000000438422  CPU Time = 2.26132 (0.12542 / step)
 E[uccsd] = -24.809870126304  <S**2> =0.000000000543218  CPU Time = 2.26240 (0.12538 / step)
 E[uccsd] = -24.809870126765  <S**2> =0.000000000916558  CPU Time = 2.27135 (0.12541 / step)
 E[uccsd] = -24.809870127345  <S**2> =0.000000000789723  CPU Time = 2.26146 (0.12536 / step)
 E[uccsd] = -24.809870127607  <S**2> =0.000000000657867  CPU Time = 2.27013 (0.12526 / step)
 E[uccsd] = -24.809870127690  <S**2> =0.000000000424998  CPU Time = 2.26130 (0.12525 / step)
 E[uccsd] = -24.809870128143  <S**2> =0.000000000469585  CPU Time = 2.26227 (0.12563 / step)
 E[uccsd] = -24.809870128225  <S**2> =0.000000000750749  CPU Time = 2.27084 (0.12533 / step)
 E[uccsd] = -24.809870128847  <S**2> =0.000000000564368  CPU Time = 2.26089 (0.12541 / step)
 E[uccsd] = -24.809870129221  <S**2> =0.000000000463386  CPU Time = 2.26126 (0.12545 / step)
 E[uccsd] = -24.809870129269  <S**2> =0.000000000346239  CPU Time = 2.27110 (0.12540 / step)
 E[uccsd] = -24.809870129521  <S**2> =0.000000000263202  CPU Time = 2.25735 (0.12478 / step)
 E[uccsd] = -24.809870129789  <S**2> =0.000000000235686  CPU Time = 2.25327 (0.12489 / step)
 E[uccsd] = -24.809870129973  <S**2> =0.000000000212792  CPU Time = 2.26151 (0.12482 / step)
 E[uccsd] = -24.809870130252  <S**2> =0.000000000176398  CPU Time = 2.25458 (0.12527 / step)
 E[uccsd] = -24.809870130389  <S**2> =0.000000000168401  CPU Time = 2.25324 (0.12484 / step)
 E[uccsd] = -24.809870130501  <S**2> =0.000000000199712  CPU Time = 2.26112 (0.12488 / step)
 E[uccsd] = -24.809870130585  <S**2> =0.000000000246592  CPU Time = 2.25348 (0.12494 / step)
 E[uccsd] = -24.809870130696  <S**2> =0.000000000196555  CPU Time = 2.26072 (0.12478 / step)
 E[uccsd] = -24.809870130803  <S**2> =0.000000000130140  CPU Time = 2.25446 (0.12475 / step)
 E[uccsd] = -24.809870130841  <S**2> =0.000000000093315  CPU Time = 4.39069 (0.13328 / step)
 E[uccsd] = -24.809870130883  <S**2> =0.000000000075765  CPU Time = 2.25376 (0.12490 / step)
 E[uccsd] = -24.809870130967  <S**2> =0.000000000066285  CPU Time = 2.25300 (0.12456 / step)
 E[uccsd] = -24.809870131005  <S**2> =0.000000000052154  CPU Time = 2.26141 (0.12452 / step)
 E[uccsd] = -24.809870131009  <S**2> =0.000000000053908  CPU Time = 4.39731 (0.12539 / step)
 Final E[uccsd] = -24.809870131009  <S**2> =0.000000000053908rho = 8
(UCCSD state)
 Basis       Coef
|000000111111> : +0.9569 +0.0000j
|000011001111> : -0.1522 +0.0000j
|001100001111> : -0.1522 +0.0000j

----Amplitudes----
2a -> 6a  : -0.0125439129
3a -> 6a  : -0.0172703240
2b -> 6b  : -0.0125425697
3b -> 6b  : -0.0172713555
2a2b -> 4a4b  : 0.0137983190
3a2b -> 4a4b  : -0.0179278946
2a3b -> 4a4b  : 0.0179244392
3a3b -> 4a4b  : 0.0387087477
2a2b -> 5a5b  : 0.0138151315
3a2b -> 5a5b  : -0.0179777592
2a3b -> 5a5b  : 0.0179754782
3a3b -> 5a5b  : 0.0387927991
2a2b -> 6a6b  : 0.0165651334
3a2b -> 6a6b  : 0.0111779504
2a3b -> 6a6b  : -0.0111731330
3a3b -> 6a6b  : 0.0137861550
------------------

Dipole moment (in Debye) :
x = 0.61107     y = -0.00000    z = 0.00001
| mu | = 0.61107

 === Computing 1RDM === 

Daa
 
                0               1               2               3               4               5          
    0       0.9999803      -0.0004550      -0.0008020       0.0000001       0.0000000       0.0002670  
    1      -0.0004550       0.9774106      -0.0242772      -0.0000001      -0.0000007      -0.0119277  
    2      -0.0008020      -0.0242772       0.9378765      -0.0000004       0.0000017      -0.0159823  
    3       0.0000001      -0.0000001      -0.0000004       0.0364709       0.0000006       0.0000001  
    4       0.0000000      -0.0000007       0.0000017       0.0000006       0.0364704       0.0000004  
    5       0.0002670      -0.0119277      -0.0159823       0.0000001       0.0000004       0.0117912  

Dbb
 
                0               1               2               3               4               5          
    0       0.9999803      -0.0004550      -0.0008021      -0.0000000       0.0000001       0.0002669  
    1      -0.0004550       0.9774103      -0.0242775       0.0000010      -0.0000015      -0.0119262  
    2      -0.0008021      -0.0242775       0.9378769       0.0000009      -0.0000019      -0.0159834  
    3      -0.0000000       0.0000010       0.0000009       0.0364709       0.0000006       0.0000001  
    4       0.0000001      -0.0000015      -0.0000019       0.0000006       0.0364704       0.0000003  
    5       0.0002669      -0.0119262      -0.0159834       0.0000001       0.0000003       0.0117912  

 Done: CPU Time =         215.8232
