///////////////////////////////////////////////////////////////////////////////////
///                                                                             ///
///                                                                             ///
///              QQQ       UUU  UUU    KKK   KK    EEEEEEE    TTTTTTT           ///
///             Q   Q       u    U      K   K       E    E    T  T  T           ///
///            Q     Q      U    U      K  K        E  E         T              ///
///            Q     Q      U    U      KKK         EEEE         T              ///
///            Q QQQ Q      U    U      K  K        E  E         T              ///
///             Q   Q       U    U      K   K       E    E       T              ///
///              QQQ QQ      UUUU      KKK   KK    EEEEEEE      TTT             ///
///                                                                             ///
///                      Quantum Computing Simulator Ver Beta                   ///
///                                                                             ///
///        Copyright 2019-2020                                                  ///
///        QC Project Team, Ten-no Research Group                               ///
///        All rights Reserved.                                                 ///
///                                                                             ///
///////////////////////////////////////////////////////////////////////////////////
2020-12-10 16:38:19.721039
+-------------+
|  Job #   1  |
+-------------+
8 processes  x  4 threads  =  Total 32 cores
Number of VQE parameters:92
Kappa values for orbital rotation:
 Following order: Exp[T1] Exp[T2] |0>
 Initial E[uccsd] = -7.882391427309  <S**2> =0.000000000002359rho = 1
Performing VQE for uccsd
 E[uccsd] = -7.882391427310  <S**2> =0.000000000002366  CPU Time = 1.54375 (0.02460 / step)
 Final E[uccsd] = -7.882391427310  <S**2> =0.000000000002366rho = 1
(UCCSD state)
 Basis       Coef
|000000001111> : +0.9871 +0.0000j
|110000000011> : -0.1136 +0.0000j

----Amplitudes----
2a -> 3a  : 0.0378698995
2b -> 3b  : 0.0378706701
2a2b -> 6a3b  : 0.0147877577
2a2b -> 3a6b  : -0.0148248882
2a2b -> 6a6b  : 0.0285991114
------------------

Dipole moment (in Debye) :
x = -4.62026     y = 0.00000    z = 0.00000
| mu | = 4.62026

 === Computing 1RDM === 

Daa
 
                0               1               2               3               4               5          
    0       0.9999568      -0.0001415       0.0002114      -0.0000000      -0.0000000      -0.0006317  
    1      -0.0001415       0.9759150       0.0368417      -0.0000001       0.0000003       0.0054636  
    2       0.0002114       0.0368417       0.0061854      -0.0000000       0.0000000      -0.0086254  
    3      -0.0000000      -0.0000001      -0.0000000       0.0007581      -0.0000000      -0.0000000  
    4      -0.0000000       0.0000003       0.0000000      -0.0000000       0.0007581      -0.0000000  
    5      -0.0006317       0.0054636      -0.0086254      -0.0000000      -0.0000000       0.0164267  

Dbb
 
                0               1               2               3               4               5          
    0       0.9999568      -0.0001415       0.0002114       0.0000000      -0.0000000      -0.0006317  
    1      -0.0001415       0.9759149       0.0368425       0.0000000      -0.0000005       0.0054645  
    2       0.0002114       0.0368425       0.0061855       0.0000000      -0.0000000      -0.0086254  
    3       0.0000000       0.0000000       0.0000000       0.0007581      -0.0000000      -0.0000000  
    4      -0.0000000      -0.0000005      -0.0000000      -0.0000000       0.0007581       0.0000000  
    5      -0.0006317       0.0054645      -0.0086254      -0.0000000       0.0000000       0.0164267  

 Done: CPU Time =           5.4785
