///////////////////////////////////////////////////////////////////////////////////
///                                                                             ///
///                                                                             ///
///              QQQ       UUU  UUU    KKK   KK    EEEEEEE    TTTTTTT           ///
///             Q   Q       u    U      K   K       E    E    T  T  T           ///
///            Q     Q      U    U      K  K        E  E         T              ///
///            Q     Q      U    U      KKK         EEEE         T              ///
///            Q QQQ Q      U    U      K  K        E  E         T              ///
///             Q   Q       U    U      K   K       E    E       T              ///
///              QQQ QQ      UUUU      KKK   KK    EEEEEEE      TTT             ///
///                                                                             ///
///                      Quantum Computing Simulator Ver 0.4 dev                ///
///                                                                             ///
///        Copyright 2019-2021                                                  ///
///        QC Project Team, Ten-no Research Group                               ///
///        All rights Reserved.                                                 ///
///                                                                             ///
///////////////////////////////////////////////////////////////////////////////////
Start at  2021-03-16 02:55:40.559237

*** Geometry **************************
  H       0.0000      0.0000      0.0000
  H       0.0000      0.0000      2.0000
  H       0.0000      2.0000      2.0000
  H       0.0000      2.0000      0.0000
***************************************

E[FCI] =  -1.897849389019549
E[HF]  =  -1.5412552625976708

+-------------+
|  Job #   1  |
+-------------+
2 processes x 2 = Total 4 cores
vir: 1, act: 2, core: 1
act to act: False  [ndim1: 12, ndim2: 81]
Performing VQE for ic_mrucc
Number of VQE parameters: 93
Initial configuration: | 00001111 >
Convergence criteria: ftol = 1E-09, gtol = 1E-05
Theta list = zero
Circuit order: Exp[T1] Exp[T2] |0>
    1: E[0] = -1.72816119  (<S**2> = 0.02494)  E[1] = -1.68082769  (<S**2> = 2.00000)  E[2] = -1.58178166  (<S**2> = 0.00020)  E[3] = -1.37700828  (<S**2> = 0.00000)  CPU Time =  4.25  (0.12 / step)
    2: E[0] = -1.89201081  (<S**2> = 0.13206)  E[1] = -1.83242467  (<S**2> = 2.00000)  E[2] = -1.73001183  (<S**2> = 0.00012)  E[3] = -1.46705323  (<S**2> = 0.00000)  CPU Time =  2.39  (0.04 / step)
    3: E[0] = -1.88892018  (<S**2> = 0.26598)  E[1] = -1.86566180  (<S**2> = 2.00000)  E[2] = -1.80273298  (<S**2> = 0.00071)  E[3] = -1.46034151  (<S**2> = 0.00000)  CPU Time =  2.19  (0.04 / step)
    4: E[0] = -1.88320162  (<S**2> = 0.33746)  E[1] = -1.87048241  (<S**2> = 2.00000)  E[2] = -1.83590100  (<S**2> = 0.00488)  E[3] = -1.45418737  (<S**2> = 0.00000)  CPU Time =  2.24  (0.04 / step)
    5: E[0] = -1.89019916  (<S**2> = 0.35277)  E[1] = -1.86741278  (<S**2> = 2.00000)  E[2] = -1.83931788  (<S**2> = 0.01144)  E[3] = -1.45689142  (<S**2> = 0.00000)  CPU Time =  2.51  (0.05 / step)
    6: E[0] = -1.89195637  (<S**2> = 0.38581)  E[1] = -1.86652063  (<S**2> = 2.00000)  E[2] = -1.84380781  (<S**2> = 0.01868)  E[3] = -1.45366601  (<S**2> = 0.00000)  CPU Time =  2.46  (0.05 / step)
    7: E[0] = -1.89198975  (<S**2> = 0.43437)  E[1] = -1.86750047  (<S**2> = 2.00000)  E[2] = -1.84286269  (<S**2> = 0.02730)  E[3] = -1.45457086  (<S**2> = 0.00000)  CPU Time =  2.53  (0.05 / step)
    8: E[0] = -1.89101082  (<S**2> = 0.52363)  E[1] = -1.86981900  (<S**2> = 2.00000)  E[2] = -1.84148510  (<S**2> = 0.03210)  E[3] = -1.45509381  (<S**2> = 0.00000)  CPU Time =  2.43  (0.05 / step)
    9: E[0] = -1.89098237  (<S**2> = 0.52770)  E[1] = -1.86993966  (<S**2> = 2.00000)  E[2] = -1.84135732  (<S**2> = 0.03172)  E[3] = -1.45515640  (<S**2> = 0.00000)  CPU Time =  4.88  (0.05 / step)
   10: E[0] = -1.89103655  (<S**2> = 0.52524)  E[1] = -1.86998909  (<S**2> = 2.00000)  E[2] = -1.84113363  (<S**2> = 0.03067)  E[3] = -1.45529247  (<S**2> = 0.00000)  CPU Time =  2.50  (0.05 / step)
   11: E[0] = -1.89104161  (<S**2> = 0.52686)  E[1] = -1.87007143  (<S**2> = 2.00000)  E[2] = -1.84102485  (<S**2> = 0.02954)  E[3] = -1.45532866  (<S**2> = 0.00000)  CPU Time =  2.56  (0.05 / step)
   12: E[0] = -1.89102681  (<S**2> = 0.53015)  E[1] = -1.87009708  (<S**2> = 2.00000)  E[2] = -1.84107118  (<S**2> = 0.02890)  E[3] = -1.45527670  (<S**2> = 0.00000)  CPU Time =  2.60  (0.05 / step)
   13: E[0] = -1.89102331  (<S**2> = 0.53221)  E[1] = -1.87009663  (<S**2> = 2.00000)  E[2] = -1.84112006  (<S**2> = 0.02842)  E[3] = -1.45523333  (<S**2> = 0.00000)  CPU Time =  2.57  (0.05 / step)
   14: E[0] = -1.89102320  (<S**2> = 0.53210)  E[1] = -1.87009086  (<S**2> = 2.00000)  E[2] = -1.84113565  (<S**2> = 0.02852)  E[3] = -1.45522461  (<S**2> = 0.00000)  CPU Time =  2.59  (0.04 / step)
   15: E[0] = -1.89102332  (<S**2> = 0.53227)  E[1] = -1.87009032  (<S**2> = 2.00000)  E[2] = -1.84114479  (<S**2> = 0.02849)  E[3] = -1.45521608  (<S**2> = 0.00000)  CPU Time =  2.62  (0.05 / step)
   16: E[0] = -1.89102287  (<S**2> = 0.53248)  E[1] = -1.87009340  (<S**2> = 2.00000)  E[2] = -1.84114179  (<S**2> = 0.02846)  E[3] = -1.45521658  (<S**2> = 0.00000)  CPU Time =  2.71  (0.05 / step)
   17: E[0] = -1.89101989  (<S**2> = 0.53265)  E[1] = -1.87009865  (<S**2> = 2.00000)  E[2] = -1.84113286  (<S**2> = 0.02855)  E[3] = -1.45522341  (<S**2> = 0.00000)  CPU Time =  2.71  (0.05 / step)
   18: E[0] = -1.87050435  (<S**2> = 1.99470)  E[1] = -1.86799063  (<S**2> = 0.58790)  E[2] = -1.79519871  (<S**2> = 0.18341)  E[3] = -1.53165221  (<S**2> = 0.41098)  CPU Time = 21.93  (0.05 / step)
   19: E[0] = -1.87455109  (<S**2> = 1.99660)  E[1] = -1.87300383  (<S**2> = 0.85449)  E[2] = -1.81770475  (<S**2> = 0.10503)  E[3] = -1.53076756  (<S**2> = 0.42568)  CPU Time =  2.95  (0.05 / step)
   20: E[0] = -1.87104268  (<S**2> = 1.99579)  E[1] = -1.84061478  (<S**2> = 1.27904)  E[2] = -1.80754239  (<S**2> = 0.08174)  E[3] = -1.67431196  (<S**2> = 1.24569)  CPU Time =  5.63  (0.05 / step)
   21: E[0] = -1.86468282  (<S**2> = 1.99226)  E[1] = -1.81452499  (<S**2> = 1.08801)  E[2] = -1.80430822  (<S**2> = 0.46238)  E[3] = -1.75008404  (<S**2> = 1.66281)  CPU Time =  8.53  (0.07 / step)
   22: E[0] = -1.85727854  (<S**2> = 1.98459)  E[1] = -1.83822770  (<S**2> = 0.03986)  E[2] = -1.79789104  (<S**2> = 1.76192)  E[3] = -1.78381141  (<S**2> = 1.70010)  CPU Time =  2.98  (0.05 / step)
   23: E[0] = -1.86939504  (<S**2> = 1.99271)  E[1] = -1.84168356  (<S**2> = 0.47623)  E[2] = -1.82274965  (<S**2> = 1.13950)  E[3] = -1.79873155  (<S**2> = 1.78562)  CPU Time =  2.86  (0.05 / step)
   24: E[0] = -1.87544000  (<S**2> = 1.98599)  E[1] = -1.87271364  (<S**2> = 0.91739)  E[2] = -1.83163473  (<S**2> = 0.41352)  E[3] = -1.80712300  (<S**2> = 1.84820)  CPU Time =  2.94  (0.05 / step)
   25: E[0] = -1.87529806  (<S**2> = 0.84522)  E[1] = -1.87205804  (<S**2> = 1.97947)  E[2] = -1.83509166  (<S**2> = 0.77478)  E[3] = -1.81796228  (<S**2> = 1.83829)  CPU Time =  2.95  (0.07 / step)
   26: E[0] = -1.87841665  (<S**2> = 0.84070)  E[1] = -1.87457218  (<S**2> = 1.98756)  E[2] = -1.83844218  (<S**2> = 0.81359)  E[3] = -1.82506548  (<S**2> = 1.89092)  CPU Time =  2.91  (0.05 / step)
   27: E[0] = -1.87993280  (<S**2> = 0.76222)  E[1] = -1.87389832  (<S**2> = 1.98752)  E[2] = -1.84003401  (<S**2> = 1.01879)  E[3] = -1.83068709  (<S**2> = 1.91355)  CPU Time =  2.97  (0.06 / step)
   28: E[0] = -1.88022452  (<S**2> = 0.67933)  E[1] = -1.87287502  (<S**2> = 1.98404)  E[2] = -1.84178964  (<S**2> = 1.48069)  E[3] = -1.83780753  (<S**2> = 1.81168)  CPU Time =  2.91  (0.06 / step)
   29: E[0] = -1.88314160  (<S**2> = 0.63043)  E[1] = -1.87411145  (<S**2> = 1.98750)  E[2] = -1.84760024  (<S**2> = 1.94225)  E[3] = -1.84039895  (<S**2> = 1.85105)  CPU Time =  2.99  (0.06 / step)
   30: E[0] = -1.88301220  (<S**2> = 0.48030)  E[1] = -1.87666759  (<S**2> = 1.99705)  E[2] = -1.85147308  (<S**2> = 1.98389)  E[3] = -1.84259323  (<S**2> = 2.40279)  CPU Time =  2.93  (0.06 / step)
   31: E[0] = -1.88573073  (<S**2> = 0.38840)  E[1] = -1.87845655  (<S**2> = 1.99757)  E[2] = -1.85210325  (<S**2> = 1.99034)  E[3] = -1.84429784  (<S**2> = 2.35562)  CPU Time =  2.93  (0.05 / step)
   32: E[0] = -1.88661166  (<S**2> = 0.38632)  E[1] = -1.87837854  (<S**2> = 1.99844)  E[2] = -1.85210508  (<S**2> = 1.99079)  E[3] = -1.84503249  (<S**2> = 2.35924)  CPU Time =  2.90  (0.05 / step)
   33: E[0] = -1.88699653  (<S**2> = 0.36179)  E[1] = -1.87848955  (<S**2> = 1.99874)  E[2] = -1.85242613  (<S**2> = 1.99169)  E[3] = -1.84543372  (<S**2> = 2.39054)  CPU Time =  2.93  (0.05 / step)
   34: E[0] = -1.88786467  (<S**2> = 0.27009)  E[1] = -1.87926646  (<S**2> = 1.99872)  E[2] = -1.85313690  (<S**2> = 1.99325)  E[3] = -1.84584174  (<S**2> = 2.44945)  CPU Time =  2.96  (0.06 / step)
   35: E[0] = -1.89069302  (<S**2> = 0.20077)  E[1] = -1.87830687  (<S**2> = 1.99620)  E[2] = -1.85216566  (<S**2> = 1.98924)  E[3] = -1.84526579  (<S**2> = 2.43406)  CPU Time =  2.89  (0.06 / step)
   36: E[0] = -1.88994875  (<S**2> = 0.19146)  E[1] = -1.87962878  (<S**2> = 1.99826)  E[2] = -1.85310711  (<S**2> = 1.99215)  E[3] = -1.84566297  (<S**2> = 2.42274)  CPU Time =  2.90  (0.05 / step)
   37: E[0] = -1.88995640  (<S**2> = 0.18020)  E[1] = -1.87983143  (<S**2> = 1.99848)  E[2] = -1.85339680  (<S**2> = 1.99304)  E[3] = -1.84568978  (<S**2> = 2.43726)  CPU Time =  2.84  (0.05 / step)
   38: E[0] = -1.89041950  (<S**2> = 0.15920)  E[1] = -1.87997063  (<S**2> = 1.99861)  E[2] = -1.85358919  (<S**2> = 1.99377)  E[3] = -1.84564057  (<S**2> = 2.43678)  CPU Time =  2.94  (0.05 / step)
   39: E[0] = -1.89115766  (<S**2> = 0.13515)  E[1] = -1.87990659  (<S**2> = 1.99846)  E[2] = -1.85383810  (<S**2> = 1.99490)  E[3] = -1.84570345  (<S**2> = 2.46951)  CPU Time =  2.96  (0.06 / step)
   40: E[0] = -1.89267842  (<S**2> = 0.11228)  E[1] = -1.87920146  (<S**2> = 1.99726)  E[2] = -1.85362520  (<S**2> = 1.99715)  E[3] = -1.84550160  (<S**2> = 2.47777)  CPU Time =  2.88  (0.06 / step)
   41: E[0] = -1.89271027  (<S**2> = 0.11687)  E[1] = -1.87955689  (<S**2> = 1.99798)  E[2] = -1.85391781  (<S**2> = 1.99582)  E[3] = -1.84592184  (<S**2> = 2.50576)  CPU Time =  2.94  (0.06 / step)
   42: E[0] = -1.89268792  (<S**2> = 0.12569)  E[1] = -1.87972215  (<S**2> = 1.99833)  E[2] = -1.85391790  (<S**2> = 1.99563)  E[3] = -1.84607780  (<S**2> = 2.51277)  CPU Time =  2.94  (0.07 / step)
   43: E[0] = -1.89272827  (<S**2> = 0.13100)  E[1] = -1.87990484  (<S**2> = 1.99859)  E[2] = -1.85404425  (<S**2> = 1.99594)  E[3] = -1.84615152  (<S**2> = 2.54324)  CPU Time =  2.88  (0.05 / step)
   44: E[0] = -1.89277658  (<S**2> = 0.13191)  E[1] = -1.88000340  (<S**2> = 1.99874)  E[2] = -1.85423730  (<S**2> = 1.99626)  E[3] = -1.84602463  (<S**2> = 2.58647)  CPU Time =  2.87  (0.05 / step)
   45: E[0] = -1.89270968  (<S**2> = 0.13157)  E[1] = -1.88010514  (<S**2> = 1.99889)  E[2] = -1.85445839  (<S**2> = 1.99651)  E[3] = -1.84607973  (<S**2> = 2.59341)  CPU Time =  2.94  (0.07 / step)
   46: E[0] = -1.89279227  (<S**2> = 0.12929)  E[1] = -1.88007404  (<S**2> = 1.99884)  E[2] = -1.85460196  (<S**2> = 1.99679)  E[3] = -1.84606471  (<S**2> = 2.59621)  CPU Time =  2.87  (0.06 / step)
   47: E[0] = -1.89293480  (<S**2> = 0.12917)  E[1] = -1.88000010  (<S**2> = 1.99873)  E[2] = -1.85477500  (<S**2> = 1.99679)  E[3] = -1.84608208  (<S**2> = 2.59807)  CPU Time =  2.93  (0.05 / step)
   48: E[0] = -1.89325526  (<S**2> = 0.13365)  E[1] = -1.87980826  (<S**2> = 1.99842)  E[2] = -1.85487235  (<S**2> = 1.99608)  E[3] = -1.84621149  (<S**2> = 2.57844)  CPU Time =  2.91  (0.05 / step)
   49: E[0] = -1.89330604  (<S**2> = 0.13767)  E[1] = -1.87967599  (<S**2> = 1.99814)  E[2] = -1.85497886  (<S**2> = 1.99466)  E[3] = -1.84645612  (<S**2> = 2.55197)  CPU Time =  2.85  (0.06 / step)
   50: E[0] = -1.89340954  (<S**2> = 0.13933)  E[1] = -1.87972963  (<S**2> = 1.99831)  E[2] = -1.85493722  (<S**2> = 1.99444)  E[3] = -1.84653103  (<S**2> = 2.52866)  CPU Time =  2.99  (0.05 / step)
   51: E[0] = -1.89340777  (<S**2> = 0.13948)  E[1] = -1.87982000  (<S**2> = 1.99845)  E[2] = -1.85489549  (<S**2> = 1.99470)  E[3] = -1.84656236  (<S**2> = 2.51548)  CPU Time =  2.87  (0.06 / step)
   52: E[0] = -1.89345350  (<S**2> = 0.13546)  E[1] = -1.87980964  (<S**2> = 1.99843)  E[2] = -1.85489528  (<S**2> = 1.99477)  E[3] = -1.84657938  (<S**2> = 2.50489)  CPU Time =  2.99  (0.06 / step)
   53: E[0] = -1.89352002  (<S**2> = 0.13019)  E[1] = -1.87976741  (<S**2> = 1.99835)  E[2] = -1.85492074  (<S**2> = 1.99504)  E[3] = -1.84658463  (<S**2> = 2.49456)  CPU Time =  2.94  (0.06 / step)
   54: E[0] = -1.89362007  (<S**2> = 0.12477)  E[1] = -1.87970163  (<S**2> = 1.99830)  E[2] = -1.85492983  (<S**2> = 1.99516)  E[3] = -1.84658095  (<S**2> = 2.48698)  CPU Time =  2.91  (0.05 / step)
   55: E[0] = -1.89370284  (<S**2> = 0.11992)  E[1] = -1.87963483  (<S**2> = 1.99829)  E[2] = -1.85494668  (<S**2> = 1.99569)  E[3] = -1.84657487  (<S**2> = 2.48143)  CPU Time =  2.96  (0.06 / step)
   56: E[0] = -1.89374704  (<S**2> = 0.11948)  E[1] = -1.87963554  (<S**2> = 1.99837)  E[2] = -1.85493366  (<S**2> = 1.99548)  E[3] = -1.84656951  (<S**2> = 2.48082)  CPU Time =  2.86  (0.05 / step)
   57: E[0] = -1.89377698  (<S**2> = 0.11992)  E[1] = -1.87966309  (<S**2> = 1.99850)  E[2] = -1.85491244  (<S**2> = 1.99535)  E[3] = -1.84655941  (<S**2> = 2.48067)  CPU Time =  2.95  (0.05 / step)
   58: E[0] = -1.89378579  (<S**2> = 0.12035)  E[1] = -1.87969151  (<S**2> = 1.99856)  E[2] = -1.85491337  (<S**2> = 1.99538)  E[3] = -1.84654885  (<S**2> = 2.48134)  CPU Time =  3.00  (0.05 / step)
   59: E[0] = -1.89378057  (<S**2> = 0.12104)  E[1] = -1.87973579  (<S**2> = 1.99853)  E[2] = -1.85493768  (<S**2> = 1.99564)  E[3] = -1.84653956  (<S**2> = 2.48762)  CPU Time =  2.94  (0.06 / step)
   60: E[0] = -1.89378823  (<S**2> = 0.12228)  E[1] = -1.87976371  (<S**2> = 1.99848)  E[2] = -1.85494837  (<S**2> = 1.99583)  E[3] = -1.84651931  (<S**2> = 2.49291)  CPU Time =  5.71  (0.05 / step)
   61: E[0] = -1.89379887  (<S**2> = 0.12224)  E[1] = -1.87976428  (<S**2> = 1.99837)  E[2] = -1.85497626  (<S**2> = 1.99606)  E[3] = -1.84651076  (<S**2> = 2.49900)  CPU Time =  3.01  (0.05 / step)
   62: E[0] = -1.89383411  (<S**2> = 0.12161)  E[1] = -1.87975692  (<S**2> = 1.99827)  E[2] = -1.85499690  (<S**2> = 1.99626)  E[3] = -1.84648865  (<S**2> = 2.50561)  CPU Time =  2.86  (0.05 / step)
   63: E[0] = -1.89387485  (<S**2> = 0.12100)  E[1] = -1.87975618  (<S**2> = 1.99825)  E[2] = -1.85500870  (<S**2> = 1.99626)  E[3] = -1.84645425  (<S**2> = 2.51485)  CPU Time =  2.90  (0.05 / step)
   64: E[0] = -1.89393283  (<S**2> = 0.12025)  E[1] = -1.87975848  (<S**2> = 1.99824)  E[2] = -1.85499716  (<S**2> = 1.99627)  E[3] = -1.84642430  (<S**2> = 2.51893)  CPU Time =  2.83  (0.06 / step)
   65: E[0] = -1.89397979  (<S**2> = 0.11919)  E[1] = -1.87976436  (<S**2> = 1.99829)  E[2] = -1.85497647  (<S**2> = 1.99610)  E[3] = -1.84640733  (<S**2> = 2.52161)  CPU Time =  2.96  (0.05 / step)
   66: E[0] = -1.89402493  (<S**2> = 0.11751)  E[1] = -1.87977394  (<S**2> = 1.99832)  E[2] = -1.85495445  (<S**2> = 1.99588)  E[3] = -1.84638886  (<S**2> = 2.52480)  CPU Time =  3.62  (0.06 / step)
   67: E[0] = -1.89408919  (<S**2> = 0.11476)  E[1] = -1.87977114  (<S**2> = 1.99833)  E[2] = -1.85492676  (<S**2> = 1.99565)  E[3] = -1.84636749  (<S**2> = 2.52809)  CPU Time =  2.90  (0.06 / step)
   68: E[0] = -1.89409956  (<S**2> = 0.11323)  E[1] = -1.87977279  (<S**2> = 1.99829)  E[2] = -1.85492815  (<S**2> = 1.99553)  E[3] = -1.84636765  (<S**2> = 2.52978)  CPU Time =  2.88  (0.05 / step)
   69: E[0] = -1.89410447  (<S**2> = 0.11175)  E[1] = -1.87976248  (<S**2> = 1.99820)  E[2] = -1.85493702  (<S**2> = 1.99551)  E[3] = -1.84637441  (<S**2> = 2.52982)  CPU Time =  2.90  (0.06 / step)
   70: E[0] = -1.89411931  (<S**2> = 0.11069)  E[1] = -1.87975099  (<S**2> = 1.99814)  E[2] = -1.85493544  (<S**2> = 1.99543)  E[3] = -1.84637900  (<S**2> = 2.52910)  CPU Time =  2.91  (0.06 / step)
   71: E[0] = -1.89414240  (<S**2> = 0.10908)  E[1] = -1.87973224  (<S**2> = 1.99810)  E[2] = -1.85493514  (<S**2> = 1.99543)  E[3] = -1.84638095  (<S**2> = 2.52688)  CPU Time =  5.83  (0.06 / step)
   72: E[0] = -1.89417166  (<S**2> = 0.10797)  E[1] = -1.87972108  (<S**2> = 1.99807)  E[2] = -1.85492352  (<S**2> = 1.99523)  E[3] = -1.84638273  (<S**2> = 2.52477)  CPU Time =  2.93  (0.07 / step)
   73: E[0] = -1.89420271  (<S**2> = 0.10701)  E[1] = -1.87971589  (<S**2> = 1.99808)  E[2] = -1.85491263  (<S**2> = 1.99500)  E[3] = -1.84637486  (<S**2> = 2.52238)  CPU Time =  2.92  (0.05 / step)
   74: E[0] = -1.89421774  (<S**2> = 0.10649)  E[1] = -1.87971942  (<S**2> = 1.99811)  E[2] = -1.85490877  (<S**2> = 1.99478)  E[3] = -1.84636573  (<S**2> = 2.52029)  CPU Time =  2.98  (0.05 / step)
   75: E[0] = -1.89422680  (<S**2> = 0.10589)  E[1] = -1.87972956  (<S**2> = 1.99815)  E[2] = -1.85490862  (<S**2> = 1.99439)  E[3] = -1.84635575  (<S**2> = 2.51693)  CPU Time =  2.97  (0.06 / step)
   76: E[0] = -1.89424540  (<S**2> = 0.10519)  E[1] = -1.87975245  (<S**2> = 1.99819)  E[2] = -1.85488877  (<S**2> = 1.99345)  E[3] = -1.84634306  (<S**2> = 2.51032)  CPU Time =  2.99  (0.05 / step)
   77: E[0] = -1.89421929  (<S**2> = 0.10543)  E[1] = -1.87976623  (<S**2> = 1.99818)  E[2] = -1.85489792  (<S**2> = 1.99321)  E[3] = -1.84635933  (<S**2> = 2.50932)  CPU Time =  2.93  (0.06 / step)
   78: E[0] = -1.89419518  (<S**2> = 0.10590)  E[1] = -1.87977984  (<S**2> = 1.99815)  E[2] = -1.85489644  (<S**2> = 1.99296)  E[3] = -1.84638250  (<S**2> = 2.50879)  CPU Time =  2.96  (0.07 / step)
   79: E[0] = -1.89418704  (<S**2> = 0.10620)  E[1] = -1.87979227  (<S**2> = 1.99812)  E[2] = -1.85488162  (<S**2> = 1.99256)  E[3] = -1.84640181  (<S**2> = 2.50840)  CPU Time =  3.04  (0.07 / step)
   80: E[0] = -1.89418831  (<S**2> = 0.10599)  E[1] = -1.87980849  (<S**2> = 1.99809)  E[2] = -1.85485018  (<S**2> = 1.99168)  E[3] = -1.84642441  (<S**2> = 2.50914)  CPU Time =  2.96  (0.05 / step)
   81: E[0] = -1.89420879  (<S**2> = 0.10588)  E[1] = -1.87981348  (<S**2> = 1.99812)  E[2] = -1.85483864  (<S**2> = 1.99149)  E[3] = -1.84641928  (<S**2> = 2.51035)  CPU Time =  2.97  (0.06 / step)
   82: E[0] = -1.89422854  (<S**2> = 0.10532)  E[1] = -1.87981844  (<S**2> = 1.99816)  E[2] = -1.85483349  (<S**2> = 1.99125)  E[3] = -1.84640573  (<S**2> = 2.51266)  CPU Time =  2.99  (0.06 / step)
   83: E[0] = -1.89423885  (<S**2> = 0.10465)  E[1] = -1.87982286  (<S**2> = 1.99819)  E[2] = -1.85484008  (<S**2> = 1.99118)  E[3] = -1.84638906  (<S**2> = 2.51579)  CPU Time =  2.94  (0.06 / step)
   84: E[0] = -1.89424791  (<S**2> = 0.10302)  E[1] = -1.87984869  (<S**2> = 1.99825)  E[2] = -1.85484906  (<S**2> = 1.99022)  E[3] = -1.84634630  (<S**2> = 2.52759)  CPU Time =  2.93  (0.05 / step)
   85: E[0] = -1.89424683  (<S**2> = 0.10285)  E[1] = -1.87984641  (<S**2> = 1.99824)  E[2] = -1.85486423  (<S**2> = 1.99076)  E[3] = -1.84634566  (<S**2> = 2.52752)  CPU Time =  2.92  (0.05 / step)
   86: E[0] = -1.89424223  (<S**2> = 0.10255)  E[1] = -1.87984981  (<S**2> = 1.99824)  E[2] = -1.85487599  (<S**2> = 1.99098)  E[3] = -1.84634038  (<S**2> = 2.52990)  CPU Time =  2.99  (0.06 / step)
   87: E[0] = -1.89424200  (<S**2> = 0.10171)  E[1] = -1.87985850  (<S**2> = 1.99824)  E[2] = -1.85488909  (<S**2> = 1.99111)  E[3] = -1.84632622  (<S**2> = 2.53632)  CPU Time =  2.89  (0.06 / step)
   88: E[0] = -1.89426533  (<S**2> = 0.10025)  E[1] = -1.87986343  (<S**2> = 1.99826)  E[2] = -1.85488726  (<S**2> = 1.99110)  E[3] = -1.84631018  (<S**2> = 2.54445)  CPU Time =  2.95  (0.06 / step)
   89: E[0] = -1.89430531  (<S**2> = 0.09698)  E[1] = -1.87985751  (<S**2> = 1.99830)  E[2] = -1.85490763  (<S**2> = 1.99128)  E[3] = -1.84626984  (<S**2> = 2.55613)  CPU Time =  2.98  (0.06 / step)
   90: E[0] = -1.89433887  (<S**2> = 0.09586)  E[1] = -1.87985341  (<S**2> = 1.99831)  E[2] = -1.85489554  (<S**2> = 1.99130)  E[3] = -1.84625833  (<S**2> = 2.55802)  CPU Time =  5.84  (0.05 / step)
   91: E[0] = -1.89434689  (<S**2> = 0.09562)  E[1] = -1.87985129  (<S**2> = 1.99831)  E[2] = -1.85488926  (<S**2> = 1.99117)  E[3] = -1.84626342  (<S**2> = 2.55554)  CPU Time =  2.94  (0.05 / step)
   92: E[0] = -1.89436429  (<S**2> = 0.09524)  E[1] = -1.87984530  (<S**2> = 1.99831)  E[2] = -1.85487584  (<S**2> = 1.99094)  E[3] = -1.84627077  (<S**2> = 2.55060)  CPU Time =  2.95  (0.06 / step)
   93: E[0] = -1.89437811  (<S**2> = 0.09465)  E[1] = -1.87983926  (<S**2> = 1.99830)  E[2] = -1.85486961  (<S**2> = 1.99084)  E[3] = -1.84627447  (<S**2> = 2.54648)  CPU Time =  2.79  (0.06 / step)
   94: E[0] = -1.89440109  (<S**2> = 0.09327)  E[1] = -1.87983064  (<S**2> = 1.99826)  E[2] = -1.85486318  (<S**2> = 1.99069)  E[3] = -1.84627664  (<S**2> = 2.53949)  CPU Time =  2.87  (0.05 / step)
   95: E[0] = -1.89445247  (<S**2> = 0.09199)  E[1] = -1.87980526  (<S**2> = 1.99818)  E[2] = -1.85485709  (<S**2> = 1.99069)  E[3] = -1.84626104  (<S**2> = 2.52625)  CPU Time =  2.89  (0.06 / step)
   96: E[0] = -1.89443391  (<S**2> = 0.09143)  E[1] = -1.87981633  (<S**2> = 1.99817)  E[2] = -1.85487590  (<S**2> = 1.99074)  E[3] = -1.84626287  (<S**2> = 2.52838)  CPU Time =  2.88  (0.05 / step)
   97: E[0] = -1.89442116  (<S**2> = 0.09160)  E[1] = -1.87982202  (<S**2> = 1.99816)  E[2] = -1.85489122  (<S**2> = 1.99079)  E[3] = -1.84626003  (<S**2> = 2.52912)  CPU Time =  2.87  (0.05 / step)
   98: E[0] = -1.89441741  (<S**2> = 0.09172)  E[1] = -1.87982529  (<S**2> = 1.99815)  E[2] = -1.85490815  (<S**2> = 1.99072)  E[3] = -1.84625045  (<S**2> = 2.52775)  CPU Time =  2.89  (0.05 / step)
   99: E[0] = -1.89442941  (<S**2> = 0.09208)  E[1] = -1.87982673  (<S**2> = 1.99814)  E[2] = -1.85491936  (<S**2> = 1.99045)  E[3] = -1.84623559  (<S**2> = 2.52235)  CPU Time =  2.86  (0.06 / step)
  100: E[0] = -1.89443020  (<S**2> = 0.09269)  E[1] = -1.87983369  (<S**2> = 1.99813)  E[2] = -1.85491670  (<S**2> = 1.98976)  E[3] = -1.84623455  (<S**2> = 2.52058)  CPU Time =  5.73  (0.06 / step)
  101: E[0] = -1.89444462  (<S**2> = 0.09316)  E[1] = -1.87983523  (<S**2> = 1.99814)  E[2] = -1.85491312  (<S**2> = 1.98945)  E[3] = -1.84622826  (<S**2> = 2.51502)  CPU Time =  2.81  (0.06 / step)
  102: E[0] = -1.89445307  (<S**2> = 0.09369)  E[1] = -1.87983976  (<S**2> = 1.99815)  E[2] = -1.85490067  (<S**2> = 1.98911)  E[3] = -1.84623164  (<S**2> = 2.51223)  CPU Time =  2.96  (0.05 / step)
  103: E[0] = -1.89443827  (<S**2> = 0.09464)  E[1] = -1.87984924  (<S**2> = 1.99814)  E[2] = -1.85488985  (<S**2> = 1.98846)  E[3] = -1.84625234  (<S**2> = 2.50961)  CPU Time =  2.91  (0.06 / step)
  104: E[0] = -1.89443758  (<S**2> = 0.09496)  E[1] = -1.87985392  (<S**2> = 1.99814)  E[2] = -1.85488115  (<S**2> = 1.98823)  E[3] = -1.84626115  (<S**2> = 2.51038)  CPU Time =  2.83  (0.06 / step)
  105: E[0] = -1.89442566  (<S**2> = 0.09522)  E[1] = -1.87986076  (<S**2> = 1.99813)  E[2] = -1.85487878  (<S**2> = 1.98800)  E[3] = -1.84627230  (<S**2> = 2.51314)  CPU Time =  2.85  (0.05 / step)
  106: E[0] = -1.89441740  (<S**2> = 0.09543)  E[1] = -1.87986810  (<S**2> = 1.99813)  E[2] = -1.85487683  (<S**2> = 1.98774)  E[3] = -1.84627856  (<S**2> = 2.51516)  CPU Time =  2.78  (0.05 / step)
  107: E[0] = -1.89440557  (<S**2> = 0.09571)  E[1] = -1.87987759  (<S**2> = 1.99813)  E[2] = -1.85488032  (<S**2> = 1.98742)  E[3] = -1.84628216  (<S**2> = 2.51821)  CPU Time =  2.85  (0.05 / step)
  108: E[0] = -1.89440562  (<S**2> = 0.09592)  E[1] = -1.87988591  (<S**2> = 1.99814)  E[2] = -1.85488067  (<S**2> = 1.98705)  E[3] = -1.84627845  (<S**2> = 2.51874)  CPU Time =  2.85  (0.05 / step)
  109: E[0] = -1.89441193  (<S**2> = 0.09613)  E[1] = -1.87989124  (<S**2> = 1.99814)  E[2] = -1.85487909  (<S**2> = 1.98683)  E[3] = -1.84627378  (<S**2> = 2.51851)  CPU Time =  2.87  (0.05 / step)
  110: E[0] = -1.89441329  (<S**2> = 0.09608)  E[1] = -1.87989605  (<S**2> = 1.99814)  E[2] = -1.85487862  (<S**2> = 1.98657)  E[3] = -1.84627202  (<S**2> = 2.51655)  CPU Time =  2.84  (0.05 / step)
  111: E[0] = -1.89441577  (<S**2> = 0.09605)  E[1] = -1.87989311  (<S**2> = 1.99811)  E[2] = -1.85487766  (<S**2> = 1.98660)  E[3] = -1.84627730  (<S**2> = 2.51534)  CPU Time =  2.87  (0.05 / step)
  112: E[0] = -1.89440599  (<S**2> = 0.09623)  E[1] = -1.87989463  (<S**2> = 1.99804)  E[2] = -1.85486675  (<S**2> = 1.98625)  E[3] = -1.84630229  (<S**2> = 2.51270)  CPU Time =  3.55  (0.06 / step)
  113: E[0] = -1.89438800  (<S**2> = 0.09636)  E[1] = -1.87989019  (<S**2> = 1.99795)  E[2] = -1.85486929  (<S**2> = 1.98650)  E[3] = -1.84632601  (<S**2> = 2.50933)  CPU Time =  4.09  (0.08 / step)
  114: E[0] = -1.89438866  (<S**2> = 0.09655)  E[1] = -1.87989351  (<S**2> = 1.99795)  E[2] = -1.85485971  (<S**2> = 1.98612)  E[3] = -1.84633652  (<S**2> = 2.50846)  CPU Time =  3.71  (0.06 / step)
  115: E[0] = -1.89438829  (<S**2> = 0.09678)  E[1] = -1.87989738  (<S**2> = 1.99794)  E[2] = -1.85485049  (<S**2> = 1.98585)  E[3] = -1.84634694  (<S**2> = 2.50584)  CPU Time =  3.05  (0.06 / step)
  116: E[0] = -1.89439023  (<S**2> = 0.09694)  E[1] = -1.87989926  (<S**2> = 1.99795)  E[2] = -1.85484477  (<S**2> = 1.98580)  E[3] = -1.84635312  (<S**2> = 2.50179)  CPU Time =  3.05  (0.05 / step)
  117: E[0] = -1.89439379  (<S**2> = 0.09755)  E[1] = -1.87989694  (<S**2> = 1.99792)  E[2] = -1.85483561  (<S**2> = 1.98546)  E[3] = -1.84637094  (<S**2> = 2.49142)  CPU Time =  3.01  (0.06 / step)
  118: E[0] = -1.89438170  (<S**2> = 0.09800)  E[1] = -1.87989240  (<S**2> = 1.99789)  E[2] = -1.85483387  (<S**2> = 1.98556)  E[3] = -1.84639774  (<S**2> = 2.47814)  CPU Time =  5.81  (0.06 / step)
  119: E[0] = -1.89438791  (<S**2> = 0.09904)  E[1] = -1.87987574  (<S**2> = 1.99775)  E[2] = -1.85482407  (<S**2> = 1.98496)  E[3] = -1.84643426  (<S**2> = 2.46096)  CPU Time =  2.98  (0.06 / step)
  120: E[0] = -1.89439032  (<S**2> = 0.10044)  E[1] = -1.87984357  (<S**2> = 1.99744)  E[2] = -1.85481417  (<S**2> = 1.98397)  E[3] = -1.84649866  (<S**2> = 2.43378)  CPU Time =  2.99  (0.05 / step)
  121: E[0] = -1.89439441  (<S**2> = 0.10157)  E[1] = -1.87980899  (<S**2> = 1.99706)  E[2] = -1.85481274  (<S**2> = 1.98344)  E[3] = -1.84655966  (<S**2> = 2.40201)  CPU Time =  2.96  (0.05 / step)
  122: E[0] = -1.89438695  (<S**2> = 0.10216)  E[1] = -1.87975412  (<S**2> = 1.99650)  E[2] = -1.85479817  (<S**2> = 1.98260)  E[3] = -1.84666893  (<S**2> = 2.37042)  CPU Time =  2.93  (0.06 / step)
  123: E[0] = -1.89436529  (<S**2> = 0.09995)  E[1] = -1.87979675  (<S**2> = 1.99661)  E[2] = -1.85483500  (<S**2> = 1.98358)  E[3] = -1.84663940  (<S**2> = 2.36370)  CPU Time =  2.93  (0.05 / step)
  124: E[0] = -1.89437424  (<S**2> = 0.09886)  E[1] = -1.87969637  (<S**2> = 1.99585)  E[2] = -1.85479778  (<S**2> = 1.98334)  E[3] = -1.84681420  (<S**2> = 2.31812)  CPU Time =  2.88  (0.05 / step)
  125: E[0] = -1.89442955  (<S**2> = 0.09843)  E[1] = -1.87974216  (<S**2> = 1.99654)  E[2] = -1.85480154  (<S**2> = 1.98438)  E[3] = -1.84675158  (<S**2> = 2.33814)  CPU Time =  2.86  (0.05 / step)
  126: E[0] = -1.89443299  (<S**2> = 0.09663)  E[1] = -1.87976316  (<S**2> = 1.99668)  E[2] = -1.85481035  (<S**2> = 1.98436)  E[3] = -1.84675285  (<S**2> = 2.33775)  CPU Time =  2.87  (0.05 / step)
  127: E[0] = -1.89443793  (<S**2> = 0.09169)  E[1] = -1.87972283  (<S**2> = 1.99684)  E[2] = -1.85481300  (<S**2> = 1.98488)  E[3] = -1.84684761  (<S**2> = 2.30917)  CPU Time =  2.91  (0.05 / step)
  128: E[0] = -1.89441449  (<S**2> = 0.08399)  E[1] = -1.87975278  (<S**2> = 1.99760)  E[2] = -1.85485397  (<S**2> = 1.98690)  E[3] = -1.84684873  (<S**2> = 2.31170)  CPU Time =  2.91  (0.05 / step)
  129: E[0] = -1.89443030  (<S**2> = 0.08203)  E[1] = -1.87967130  (<S**2> = 1.99759)  E[2] = -1.85484948  (<S**2> = 1.98702)  E[3] = -1.84699607  (<S**2> = 2.28635)  CPU Time =  2.91  (0.06 / step)
  130: E[0] = -1.89443061  (<S**2> = 0.08142)  E[1] = -1.87960574  (<S**2> = 1.99763)  E[2] = -1.85489852  (<S**2> = 1.98882)  E[3] = -1.84708653  (<S**2> = 2.28200)  CPU Time =  2.89  (0.05 / step)
  131: E[0] = -1.89443039  (<S**2> = 0.07999)  E[1] = -1.87957893  (<S**2> = 1.99772)  E[2] = -1.85489388  (<S**2> = 1.98947)  E[3] = -1.84716978  (<S**2> = 2.26929)  CPU Time =  2.94  (0.05 / step)
  132: E[0] = -1.89442760  (<S**2> = 0.07839)  E[1] = -1.87959867  (<S**2> = 1.99795)  E[2] = -1.85492631  (<S**2> = 1.99081)  E[3] = -1.84718526  (<S**2> = 2.26655)  CPU Time =  2.87  (0.05 / step)
  133: E[0] = -1.89435120  (<S**2> = 0.07519)  E[1] = -1.87958152  (<S**2> = 1.99828)  E[2] = -1.85500286  (<S**2> = 1.99435)  E[3] = -1.84728285  (<S**2> = 2.23550)  CPU Time =  2.92  (0.06 / step)
  134: E[0] = -1.89439286  (<S**2> = 0.07780)  E[1] = -1.87969565  (<S**2> = 1.99866)  E[2] = -1.85504110  (<S**2> = 1.99522)  E[3] = -1.84717399  (<S**2> = 2.25529)  CPU Time =  2.82  (0.05 / step)
  135: E[0] = -1.89439823  (<S**2> = 0.07700)  E[1] = -1.87966946  (<S**2> = 1.99872)  E[2] = -1.85505552  (<S**2> = 1.99602)  E[3] = -1.84726148  (<S**2> = 2.23217)  CPU Time =  2.80  (0.06 / step)
  136: E[0] = -1.89442253  (<S**2> = 0.07978)  E[1] = -1.87968782  (<S**2> = 1.99856)  E[2] = -1.85506215  (<S**2> = 1.99636)  E[3] = -1.84730064  (<S**2> = 2.22393)  CPU Time =  2.88  (0.05 / step)
  137: E[0] = -1.89443010  (<S**2> = 0.08172)  E[1] = -1.87966206  (<S**2> = 1.99855)  E[2] = -1.85508566  (<S**2> = 1.99753)  E[3] = -1.84737448  (<S**2> = 2.20734)  CPU Time =  2.89  (0.05 / step)
  138: E[0] = -1.89442010  (<S**2> = 0.08605)  E[1] = -1.87966042  (<S**2> = 1.99841)  E[2] = -1.85510393  (<S**2> = 1.99824)  E[3] = -1.84743988  (<S**2> = 2.19628)  CPU Time =  2.90  (0.06 / step)
  139: E[0] = -1.89448014  (<S**2> = 0.09269)  E[1] = -1.87956973  (<S**2> = 1.99824)  E[2] = -1.85506496  (<S**2> = 1.99851)  E[3] = -1.84755013  (<S**2> = 2.16977)  CPU Time =  2.83  (0.05 / step)
  140: E[0] = -1.89444789  (<S**2> = 0.09131)  E[1] = -1.87961573  (<S**2> = 1.99828)  E[2] = -1.85508322  (<S**2> = 1.99851)  E[3] = -1.84756859  (<S**2> = 2.16740)  CPU Time =  2.84  (0.06 / step)
  141: E[0] = -1.89442057  (<S**2> = 0.09141)  E[1] = -1.87965683  (<S**2> = 1.99833)  E[2] = -1.85509117  (<S**2> = 1.99842)  E[3] = -1.84758648  (<S**2> = 2.16243)  CPU Time =  2.85  (0.05 / step)
  142: E[0] = -1.89438367  (<S**2> = 0.09278)  E[1] = -1.87966999  (<S**2> = 1.99841)  E[2] = -1.85510032  (<S**2> = 1.99846)  E[3] = -1.84765857  (<S**2> = 2.13722)  CPU Time =  3.45  (0.10 / step)
  143: E[0] = -1.89432957  (<S**2> = 0.09638)  E[1] = -1.87969206  (<S**2> = 1.99843)  E[2] = -1.85509848  (<S**2> = 1.99820)  E[3] = -1.84777496  (<S**2> = 2.09644)  CPU Time =  2.99  (0.05 / step)
  144: E[0] = -1.89430521  (<S**2> = 0.10053)  E[1] = -1.87964745  (<S**2> = 1.99892)  E[2] = -1.85504939  (<S**2> = 1.99799)  E[3] = -1.84796535  (<S**2> = 2.03305)  CPU Time =  2.89  (0.05 / step)
  145: E[0] = -1.89435397  (<S**2> = 0.10003)  E[1] = -1.87962594  (<S**2> = 1.99851)  E[2] = -1.85506917  (<S**2> = 1.99785)  E[3] = -1.84799308  (<S**2> = 2.02134)  CPU Time =  2.97  (0.05 / step)
  146: E[0] = -1.89439896  (<S**2> = 0.09987)  E[1] = -1.87959110  (<S**2> = 1.99827)  E[2] = -1.85504995  (<S**2> = 1.99777)  E[3] = -1.84804956  (<S**2> = 2.01122)  CPU Time =  2.92  (0.06 / step)
  147: E[0] = -1.89440140  (<S**2> = 0.10031)  E[1] = -1.87954167  (<S**2> = 1.99806)  E[2] = -1.85505033  (<S**2> = 1.99752)  E[3] = -1.84813020  (<S**2> = 1.98720)  CPU Time =  2.82  (0.05 / step)
  148: E[0] = -1.89438158  (<S**2> = 0.09872)  E[1] = -1.87948887  (<S**2> = 1.99789)  E[2] = -1.85499699  (<S**2> = 1.99706)  E[3] = -1.84832200  (<S**2> = 1.92794)  CPU Time =  2.80  (0.06 / step)
  149: E[0] = -1.89432129  (<S**2> = 0.09498)  E[1] = -1.87939273  (<S**2> = 1.99828)  E[2] = -1.85499052  (<S**2> = 1.99665)  E[3] = -1.84853798  (<S**2> = 1.88409)  CPU Time =  2.90  (0.06 / step)
  150: E[0] = -1.89431889  (<S**2> = 0.09331)  E[1] = -1.87945434  (<S**2> = 1.99831)  E[2] = -1.85501290  (<S**2> = 1.99700)  E[3] = -1.84851132  (<S**2> = 1.89079)  CPU Time =  2.82  (0.05 / step)
  151: E[0] = -1.89431306  (<S**2> = 0.09088)  E[1] = -1.87948688  (<S**2> = 1.99852)  E[2] = -1.85500894  (<S**2> = 1.99714)  E[3] = -1.84853557  (<S**2> = 1.88094)  CPU Time =  2.77  (0.05 / step)
  152: E[0] = -1.89429462  (<S**2> = 0.08771)  E[1] = -1.87945429  (<S**2> = 1.99867)  E[2] = -1.85499806  (<S**2> = 1.99696)  E[3] = -1.84865269  (<S**2> = 1.85247)  CPU Time =  2.82  (0.06 / step)
  153: E[0] = -1.89425432  (<S**2> = 0.08293)  E[1] = -1.87943545  (<S**2> = 1.99868)  E[2] = -1.85496728  (<S**2> = 1.99667)  E[3] = -1.84879491  (<S**2> = 1.80833)  CPU Time =  2.83  (0.05 / step)
  154: E[0] = -1.89422548  (<S**2> = 0.08321)  E[1] = -1.87936049  (<S**2> = 1.99858)  E[2] = -1.85498869  (<S**2> = 1.99605)  E[3] = -1.84892829  (<S**2> = 1.78856)  CPU Time =  2.80  (0.05 / step)
  155: E[0] = -1.89422939  (<S**2> = 0.08474)  E[1] = -1.87932915  (<S**2> = 1.99837)  E[2] = -1.85500587  (<S**2> = 1.99544)  E[3] = -1.84897010  (<S**2> = 1.78659)  CPU Time =  2.83  (0.05 / step)
  156: E[0] = -1.89422233  (<S**2> = 0.08647)  E[1] = -1.87927211  (<S**2> = 1.99813)  E[2] = -1.85500545  (<S**2> = 1.99393)  E[3] = -1.84908582  (<S**2> = 1.76320)  CPU Time =  2.75  (0.05 / step)
  157: E[0] = -1.89421555  (<S**2> = 0.09237)  E[1] = -1.87921868  (<S**2> = 1.99770)  E[2] = -1.85497876  (<S**2> = 1.98874)  E[3] = -1.84928594  (<S**2> = 1.72441)  CPU Time =  2.81  (0.05 / step)
  158: E[0] = -1.89412125  (<S**2> = 0.10138)  E[1] = -1.87907194  (<S**2> = 1.99719)  E[2] = -1.85479567  (<S**2> = 1.97034)  E[3] = -1.84976844  (<S**2> = 1.61995)  CPU Time =  2.85  (0.06 / step)
  159: E[0] = -1.89420829  (<S**2> = 0.10428)  E[1] = -1.87921698  (<S**2> = 1.99744)  E[2] = -1.85485726  (<S**2> = 1.97318)  E[3] = -1.84965703  (<S**2> = 1.64125)  CPU Time =  2.94  (0.05 / step)
  160: E[0] = -1.89421094  (<S**2> = 0.10613)  E[1] = -1.87930344  (<S**2> = 1.99779)  E[2] = -1.85483132  (<S**2> = 1.97154)  E[3] = -1.84969251  (<S**2> = 1.62322)  CPU Time =  2.81  (0.05 / step)
  161: E[0] = -1.89419728  (<S**2> = 0.11114)  E[1] = -1.87938557  (<S**2> = 1.99817)  E[2] = -1.85479668  (<S**2> = 1.96582)  E[3] = -1.84977050  (<S**2> = 1.59156)  CPU Time =  2.79  (0.05 / step)
  162: E[0] = -1.89403137  (<S**2> = 0.11918)  E[1] = -1.87950683  (<S**2> = 1.99866)  E[2] = -1.85465620  (<S**2> = 1.94631)  E[3] = -1.85007878  (<S**2> = 1.51003)  CPU Time =  2.77  (0.05 / step)
  163: E[0] = -1.89404909  (<S**2> = 0.12471)  E[1] = -1.87952566  (<S**2> = 1.99874)  E[2] = -1.85471742  (<S**2> = 1.93518)  E[3] = -1.85015799  (<S**2> = 1.49031)  CPU Time =  2.75  (0.05 / step)
  164: E[0] = -1.89402925  (<S**2> = 0.12759)  E[1] = -1.87947255  (<S**2> = 1.99856)  E[2] = -1.85476691  (<S**2> = 1.92235)  E[3] = -1.85030133  (<S**2> = 1.47179)  CPU Time =  2.79  (0.05 / step)
  165: E[0] = -1.89399925  (<S**2> = 0.12972)  E[1] = -1.87943636  (<S**2> = 1.99850)  E[2] = -1.85473988  (<S**2> = 1.90171)  E[3] = -1.85050349  (<S**2> = 1.44604)  CPU Time =  2.70  (0.06 / step)
  166: E[0] = -1.89400126  (<S**2> = 0.12981)  E[1] = -1.87937479  (<S**2> = 1.99839)  E[2] = -1.85474976  (<S**2> = 1.88500)  E[3] = -1.85069709  (<S**2> = 1.40837)  CPU Time =  2.77  (0.05 / step)
  167: E[0] = -1.89398328  (<S**2> = 0.13201)  E[1] = -1.87931454  (<S**2> = 1.99848)  E[2] = -1.85459302  (<S**2> = 1.83925)  E[3] = -1.85113177  (<S**2> = 1.34984)  CPU Time =  2.76  (0.06 / step)
  168: E[0] = -1.89414512  (<S**2> = 0.12450)  E[1] = -1.87927518  (<S**2> = 1.99853)  E[2] = -1.85451874  (<S**2> = 1.82665)  E[3] = -1.85130617  (<S**2> = 1.30099)  CPU Time =  5.35  (0.04 / step)
  169: E[0] = -1.89426364  (<S**2> = 0.11828)  E[1] = -1.87910651  (<S**2> = 1.99907)  E[2] = -1.85430457  (<S**2> = 1.76760)  E[3] = -1.85188134  (<S**2> = 1.23648)  CPU Time =  2.71  (0.05 / step)
  170: E[0] = -1.89443298  (<S**2> = 0.10550)  E[1] = -1.87910522  (<S**2> = 1.99852)  E[2] = -1.85439412  (<S**2> = 1.81041)  E[3] = -1.85200897  (<S**2> = 1.16702)  CPU Time =  2.75  (0.05 / step)
  171: E[0] = -1.89446056  (<S**2> = 0.10353)  E[1] = -1.87919361  (<S**2> = 1.99921)  E[2] = -1.85428495  (<S**2> = 1.74554)  E[3] = -1.85219730  (<S**2> = 1.20135)  CPU Time =  2.70  (0.05 / step)
  172: E[0] = -1.89452539  (<S**2> = 0.10174)  E[1] = -1.87921258  (<S**2> = 1.99939)  E[2] = -1.85429965  (<S**2> = 1.72686)  E[3] = -1.85226416  (<S**2> = 1.20514)  CPU Time =  2.71  (0.05 / step)
  173: E[0] = -1.89455413  (<S**2> = 0.09965)  E[1] = -1.87917618  (<S**2> = 1.99991)  E[2] = -1.85420599  (<S**2> = 1.61968)  E[3] = -1.85260786  (<S**2> = 1.25411)  CPU Time =  2.74  (0.05 / step)
  174: E[0] = -1.89461252  (<S**2> = 0.09142)  E[1] = -1.87920234  (<S**2> = 1.99870)  E[2] = -1.85423887  (<S**2> = 1.57222)  E[3] = -1.85270518  (<S**2> = 1.29494)  CPU Time =  5.40  (0.05 / step)
  175: E[0] = -1.89464027  (<S**2> = 0.08851)  E[1] = -1.87922207  (<S**2> = 1.99816)  E[2] = -1.85422095  (<S**2> = 1.50874)  E[3] = -1.85295551  (<S**2> = 1.33007)  CPU Time =  2.68  (0.05 / step)
  176: E[0] = -1.89461367  (<S**2> = 0.08631)  E[1] = -1.87918248  (<S**2> = 1.99731)  E[2] = -1.85421661  (<S**2> = 1.27419)  E[3] = -1.85334817  (<S**2> = 1.52760)  CPU Time =  2.87  (0.05 / step)
  177: E[0] = -1.89462182  (<S**2> = 0.08317)  E[1] = -1.87924339  (<S**2> = 1.99632)  E[2] = -1.85438931  (<S**2> = 1.34155)  E[3] = -1.85335229  (<S**2> = 1.46326)  CPU Time =  2.75  (0.05 / step)
  178: E[0] = -1.89465716  (<S**2> = 0.08185)  E[1] = -1.87912733  (<S**2> = 1.99595)  E[2] = -1.85450216  (<S**2> = 1.12315)  E[3] = -1.85365460  (<S**2> = 1.65284)  CPU Time =  2.66  (0.05 / step)
  179: E[0] = -1.89458649  (<S**2> = 0.08497)  E[1] = -1.87903365  (<S**2> = 1.99646)  E[2] = -1.85477913  (<S**2> = 1.00791)  E[3] = -1.85386857  (<S**2> = 1.73850)  CPU Time =  2.77  (0.05 / step)
  180: E[0] = -1.89456788  (<S**2> = 0.08567)  E[1] = -1.87900313  (<S**2> = 1.99639)  E[2] = -1.85491276  (<S**2> = 1.01964)  E[3] = -1.85395605  (<S**2> = 1.71936)  CPU Time =  2.72  (0.06 / step)
  181: E[0] = -1.89454379  (<S**2> = 0.08599)  E[1] = -1.87905592  (<S**2> = 1.99656)  E[2] = -1.85495513  (<S**2> = 0.98375)  E[3] = -1.85400682  (<S**2> = 1.74931)  CPU Time =  2.65  (0.05 / step)
  182: E[0] = -1.89445921  (<S**2> = 0.08908)  E[1] = -1.87913702  (<S**2> = 1.99712)  E[2] = -1.85505161  (<S**2> = 1.04997)  E[3] = -1.85408933  (<S**2> = 1.67289)  CPU Time =  2.69  (0.05 / step)
  183: E[0] = -1.89438228  (<S**2> = 0.09062)  E[1] = -1.87907065  (<S**2> = 1.99702)  E[2] = -1.85522216  (<S**2> = 0.86925)  E[3] = -1.85416812  (<S**2> = 1.83423)  CPU Time =  2.72  (0.05 / step)
  184: E[0] = -1.89437508  (<S**2> = 0.09179)  E[1] = -1.87908750  (<S**2> = 1.99697)  E[2] = -1.85526112  (<S**2> = 0.87699)  E[3] = -1.85423328  (<S**2> = 1.81963)  CPU Time =  2.71  (0.05 / step)
  185: E[0] = -1.89436994  (<S**2> = 0.09400)  E[1] = -1.87908230  (<S**2> = 1.99719)  E[2] = -1.85534043  (<S**2> = 0.89360)  E[3] = -1.85432674  (<S**2> = 1.79147)  CPU Time =  2.68  (0.05 / step)
  186: E[0] = -1.89432004  (<S**2> = 0.09408)  E[1] = -1.87913579  (<S**2> = 1.99769)  E[2] = -1.85530983  (<S**2> = 0.92683)  E[3] = -1.85444152  (<S**2> = 1.74842)  CPU Time =  2.70  (0.05 / step)
  187: E[0] = -1.89434437  (<S**2> = 0.09327)  E[1] = -1.87914346  (<S**2> = 1.99821)  E[2] = -1.85535230  (<S**2> = 0.90882)  E[3] = -1.85448462  (<S**2> = 1.76221)  CPU Time =  2.71  (0.04 / step)
  188: E[0] = -1.89437663  (<S**2> = 0.09110)  E[1] = -1.87913019  (<S**2> = 1.99943)  E[2] = -1.85542636  (<S**2> = 0.87730)  E[3] = -1.85457470  (<S**2> = 1.78697)  CPU Time =  2.73  (0.05 / step)
  189: E[0] = -1.89443265  (<S**2> = 0.08851)  E[1] = -1.87914280  (<S**2> = 2.00013)  E[2] = -1.85540512  (<S**2> = 0.82646)  E[3] = -1.85462560  (<S**2> = 1.83632)  CPU Time =  2.68  (0.05 / step)
  190: E[0] = -1.89447378  (<S**2> = 0.08799)  E[1] = -1.87914090  (<S**2> = 2.00034)  E[2] = -1.85546784  (<S**2> = 0.79224)  E[3] = -1.85462783  (<S**2> = 1.87127)  CPU Time =  2.70  (0.05 / step)
  191: E[0] = -1.89449790  (<S**2> = 0.08809)  E[1] = -1.87910716  (<S**2> = 2.00024)  E[2] = -1.85552401  (<S**2> = 0.75948)  E[3] = -1.85467697  (<S**2> = 1.90536)  CPU Time =  2.73  (0.05 / step)
  192: E[0] = -1.89452047  (<S**2> = 0.08851)  E[1] = -1.87909580  (<S**2> = 2.00044)  E[2] = -1.85556006  (<S**2> = 0.74330)  E[3] = -1.85469148  (<S**2> = 1.92277)  CPU Time =  2.67  (0.05 / step)
  193: E[0] = -1.89452561  (<S**2> = 0.08925)  E[1] = -1.87906496  (<S**2> = 2.00059)  E[2] = -1.85562697  (<S**2> = 0.73527)  E[3] = -1.85471735  (<S**2> = 1.93230)  CPU Time =  2.69  (0.05 / step)
  194: E[0] = -1.89451379  (<S**2> = 0.08971)  E[1] = -1.87903489  (<S**2> = 2.00079)  E[2] = -1.85569023  (<S**2> = 0.71580)  E[3] = -1.85474946  (<S**2> = 1.95182)  CPU Time =  2.83  (0.05 / step)
  195: E[0] = -1.89450027  (<S**2> = 0.09079)  E[1] = -1.87905529  (<S**2> = 2.00096)  E[2] = -1.85570876  (<S**2> = 0.71972)  E[3] = -1.85478197  (<S**2> = 1.94728)  CPU Time =  2.81  (0.06 / step)
  196: E[0] = -1.89449691  (<S**2> = 0.09049)  E[1] = -1.87902555  (<S**2> = 2.00081)  E[2] = -1.85574107  (<S**2> = 0.71085)  E[3] = -1.85482076  (<S**2> = 1.95768)  CPU Time =  2.75  (0.05 / step)
  197: E[0] = -1.89446772  (<S**2> = 0.09089)  E[1] = -1.87906318  (<S**2> = 2.00075)  E[2] = -1.85575411  (<S**2> = 0.70975)  E[3] = -1.85483160  (<S**2> = 1.95866)  CPU Time =  2.68  (0.05 / step)
  198: E[0] = -1.89444181  (<S**2> = 0.09093)  E[1] = -1.87910491  (<S**2> = 2.00064)  E[2] = -1.85574940  (<S**2> = 0.71150)  E[3] = -1.85485109  (<S**2> = 1.95845)  CPU Time =  2.70  (0.05 / step)
  199: E[0] = -1.89441341  (<S**2> = 0.09138)  E[1] = -1.87915117  (<S**2> = 2.00051)  E[2] = -1.85576593  (<S**2> = 0.70914)  E[3] = -1.85484078  (<S**2> = 1.96239)  CPU Time =  2.72  (0.06 / step)
  200: E[0] = -1.89435820  (<S**2> = 0.09210)  E[1] = -1.87920485  (<S**2> = 2.00021)  E[2] = -1.85579711  (<S**2> = 0.70047)  E[3] = -1.85485777  (<S**2> = 1.97405)  CPU Time =  2.69  (0.05 / step)
Final: E[0] = -1.89435820  (<S**2> = 0.09210)  E[1] = -1.87920485  (<S**2> = 2.00021)  E[2] = -1.85579711  (<S**2> = 0.70047)  E[3] = -1.85485777  (<S**2> = 1.97405)  CPU Time =  0.06  (0.05 / step)

------------------------------------
ic Basis   0
    Basis            Coef
| 00001111 > : +0.4872 +0.0000i
| 00011110 > : -0.2429 +0.0000i
| 00101101 > : -0.2407 +0.0000i
| 00111100 > : -0.3305 +0.0000i
| 01001011 > : -0.2555 +0.0000i
| 01100110 > : +0.2391 +0.0000i
| 01111000 > : +0.1612 +0.0000i
| 10000111 > : -0.2502 +0.0000i
| 10011001 > : +0.2296 +0.0000i
| 10110100 > : +0.1697 +0.0000i
| 11000011 > : -0.3278 +0.0000i
| 11010010 > : +0.1828 +0.0000i
| 11100001 > : +0.1735 +0.0000i
| 11110000 > : +0.1943 +0.0000i

ic Basis   1
    Basis            Coef
| 00001111 > : -0.3416 +0.0000i
| 00110011 > : +0.6892 +0.0000i
| 00111100 > : -0.2076 +0.0000i
| 01011010 > : -0.2402 +0.0000i
| 01101001 > : +0.2129 +0.0000i
| 10010110 > : +0.2045 +0.0000i
| 10100101 > : -0.2328 +0.0000i
| 11000011 > : -0.2310 +0.0000i
| 11001100 > : +0.2829 +0.0000i
| 11110000 > : -0.1459 +0.0000i

ic Basis   2
    Basis            Coef
| 00011011 > : +0.3727 +0.0000i
| 00100111 > : +0.3534 +0.0000i
| 00110110 > : +0.2658 +0.0000i
| 00111001 > : +0.2823 +0.0000i
| 01001110 > : +0.2243 +0.0000i
| 01100011 > : +0.2983 +0.0000i
| 01101100 > : -0.1687 +0.0000i
| 01110010 > : -0.2354 +0.0000i
| 10001101 > : +0.2384 +0.0000i
| 10010011 > : +0.2859 +0.0000i
| 10011100 > : -0.1952 +0.0000i
| 10110001 > : -0.2453 +0.0000i
| 11000110 > : -0.1903 +0.0000i
| 11001001 > : -0.1928 +0.0000i
| 11011000 > : -0.1482 +0.0000i
| 11100100 > : -0.1507 +0.0000i

ic Basis   3
    Basis            Coef
| 00011011 > : +0.3370 +0.0000i
| 00100111 > : +0.3397 +0.0000i
| 00110110 > : -0.3059 +0.0000i
| 00111001 > : -0.3015 +0.0000i
| 01001110 > : +0.2144 +0.0000i
| 01100011 > : -0.3029 +0.0000i
| 01101100 > : +0.1931 +0.0000i
| 01110010 > : -0.2238 +0.0000i
| 10001101 > : +0.2191 +0.0000i
| 10010011 > : -0.3131 +0.0000i
| 10011100 > : +0.1949 +0.0000i
| 10110001 > : -0.2177 +0.0000i
| 11000110 > : +0.2080 +0.0000i
| 11001001 > : +0.2019 +0.0000i
| 11011000 > : -0.1441 +0.0000i
| 11100100 > : -0.1361 +0.0000i


Coefficients: 
 
                0               1               2               3          
    0      -0.3975534      -0.0740124       0.8932005       0.1966376  
    1       0.9151263      -0.0501177       0.3997381       0.0155411  
    2      -0.0324826       0.7256817       0.1910133      -0.6601855  
    3       0.0586518       0.6821998      -0.0769173       0.7247394  
------------------------------------


###############################################
#                  ic states                  #
###############################################
State         : 0
E             : -1.89435820
<S**2>        : 0.09210
Superposition : 
    Basis            Coef
| 00001111 > : -0.5100 +0.0000i
| 00110011 > : +0.6251 +0.0000i
| 01011010 > : -0.1818 +0.0000i
| 01100110 > : -0.1243 +0.0000i
| 01101001 > : +0.2255 +0.0000i
| 10010110 > : +0.2173 +0.0000i
| 10011001 > : -0.1143 +0.0000i
| 10100101 > : -0.1790 +0.0000i
| 11001100 > : +0.2620 +0.0000i
| 11110000 > : -0.2110 +0.0000i

State         : 1
E             : -1.87920485
<S**2>        : 2.00021
Superposition : 
    Basis            Coef
| 00011011 > : +0.5044 +0.0000i
| 00100111 > : +0.4927 +0.0000i
| 01001110 > : +0.3120 +0.0000i
| 01110010 > : -0.3259 +0.0000i
| 10001101 > : +0.3246 +0.0000i
| 10110001 > : -0.3290 +0.0000i
| 11011000 > : -0.2071 +0.0000i
| 11100100 > : -0.2032 +0.0000i

State         : 2
E             : -1.85579711
<S**2>        : 0.70047
Superposition : 
    Basis            Coef
| 00001111 > : +0.3105 +0.0000i
| 00011110 > : -0.2278 +0.0000i
| 00101101 > : -0.2300 +0.0000i
| 00110011 > : +0.2917 +0.0000i
| 00111100 > : -0.3834 +0.0000i
| 01001011 > : -0.2388 +0.0000i
| 01011010 > : -0.1848 +0.0000i
| 01100110 > : +0.2053 +0.0000i
| 01111000 > : +0.1585 +0.0000i
| 10000111 > : -0.2317 +0.0000i
| 10011001 > : +0.1981 +0.0000i
| 10100101 > : -0.1728 +0.0000i
| 10110100 > : +0.1619 +0.0000i
| 11000011 > : -0.3906 +0.0000i
| 11001100 > : +0.1085 +0.0000i
| 11010010 > : +0.1693 +0.0000i
| 11100001 > : +0.1612 +0.0000i
| 11110000 > : +0.1174 +0.0000i

State         : 3
E             : -1.85485777
<S**2>        : 1.97405
Superposition : 
    Basis            Coef
| 00110110 > : -0.3997 +0.0000i
| 00111001 > : -0.4111 +0.0000i
| 01100011 > : -0.4199 +0.0000i
| 01101100 > : +0.2536 +0.0000i
| 10010011 > : -0.4175 +0.0000i
| 10011100 > : +0.2721 +0.0000i
| 11000110 > : +0.2791 +0.0000i
| 11001001 > : +0.2767 +0.0000i
###############################################

 Done: CPU Time =          622.3763
Normal termination of quket at 2021-03-16 03:06:03.448085
