///////////////////////////////////////////////////////////////////////////////////
///                                                                             ///
///                                                                             ///
///              QQQ       UUU  UUU    KKK   KK    EEEEEEE    TTTTTTT           ///
///             Q   Q       u    U      K   K       E    E    T  T  T           ///
///            Q     Q      U    U      K  K        E  E         T              ///
///            Q     Q      U    U      KKK         EEEE         T              ///
///            Q QQQ Q      U    U      K  K        E  E         T              ///
///             Q   Q       U    U      K   K       E    E       T              ///
///              QQQ QQ      UUUU      KKK   KK    EEEEEEE      TTT             ///
///                                                                             ///
///                      Quantum Computing Simulator Ver 0.4 dev                ///
///                                                                             ///
///        Copyright 2019-2021                                                  ///
///        QC Project Team, Ten-no Research Group                               ///
///        All rights Reserved.                                                 ///
///                                                                             ///
///////////////////////////////////////////////////////////////////////////////////
Start at  2021-03-16 02:38:28.202865

*** Geometry **************************
  H       0.0000      0.0000      0.0000
  H       0.0000      0.0000      2.0000
  H       0.0000      2.0000      2.0000
  H       0.0000      2.0000      0.0000
***************************************

E[FCI] =  -1.897849389019549
E[HF]  =  -1.5412552625976708

+-------------+
|  Job #   1  |
+-------------+
2 processes x 2 = Total 4 cores
vir: 1, act: 2, core: 1
act to act: False  [ndim1: 6, ndim2: 35]
Performing VQE for ic_mrucc_spinfree
Number of VQE parameters: 41
Initial configuration: | 00001111 >
Convergence criteria: ftol = 1E-09, gtol = 1E-05
Theta list = zero
Circuit order: Exp[T1] Exp[T2] |0>
    1: E[0] = -1.73415677  (<S**2> = 2.00000)  E[1] = -1.71563214  (<S**2> = 0.01083)  E[2] = -1.53091595  (<S**2> = 0.00624)  E[3] = -1.41575100  (<S**2> = 0.00000)  CPU Time =  2.46  (0.04 / step)
    2: E[0] = -1.81864307  (<S**2> = 2.00000)  E[1] = -1.81008488  (<S**2> = 0.01047)  E[2] = -1.61446115  (<S**2> = 0.00437)  E[3] = -1.42784802  (<S**2> = 0.00000)  CPU Time =  1.03  (0.04 / step)
    3: E[0] = -1.87343054  (<S**2> = 0.00663)  E[1] = -1.83986872  (<S**2> = 2.00000)  E[2] = -1.67061553  (<S**2> = 0.00133)  E[3] = -1.46706832  (<S**2> = 0.00000)  CPU Time =  1.01  (0.04 / step)
    4: E[0] = -1.87255828  (<S**2> = 0.00635)  E[1] = -1.84076376  (<S**2> = 2.00000)  E[2] = -1.69325493  (<S**2> = 0.00125)  E[3] = -1.46410592  (<S**2> = 0.00000)  CPU Time =  1.04  (0.04 / step)
    5: E[0] = -1.84954204  (<S**2> = 0.00659)  E[1] = -1.84878131  (<S**2> = 1.99993)  E[2] = -1.81859430  (<S**2> = 0.00205)  E[3] = -1.44143716  (<S**2> = 0.00000)  CPU Time =  1.02  (0.04 / step)
    6: E[0] = -1.86677281  (<S**2> = 0.00455)  E[1] = -1.83805063  (<S**2> = 1.99993)  E[2] = -1.82511769  (<S**2> = 0.00111)  E[3] = -1.44543020  (<S**2> = 0.00001)  CPU Time =  2.09  (0.04 / step)
    7: E[0] = -1.87843107  (<S**2> = 0.00282)  E[1] = -1.83009939  (<S**2> = 1.99995)  E[2] = -1.82629014  (<S**2> = 0.00058)  E[3] = -1.44948693  (<S**2> = 0.00001)  CPU Time =  1.06  (0.04 / step)
    8: E[0] = -1.88082489  (<S**2> = 0.00240)  E[1] = -1.82782484  (<S**2> = 0.00057)  E[2] = -1.82737095  (<S**2> = 1.99988)  E[3] = -1.44971149  (<S**2> = 0.00001)  CPU Time =  1.05  (0.04 / step)
    9: E[0] = -1.88086396  (<S**2> = 0.00236)  E[1] = -1.82861466  (<S**2> = 0.00106)  E[2] = -1.82716013  (<S**2> = 1.99937)  E[3] = -1.44993291  (<S**2> = 0.00001)  CPU Time =  1.09  (0.04 / step)
   10: E[0] = -1.87988293  (<S**2> = 0.00251)  E[1] = -1.82877344  (<S**2> = 0.00611)  E[2] = -1.82778273  (<S**2> = 1.99433)  E[3] = -1.45036789  (<S**2> = 0.00001)  CPU Time =  1.11  (0.04 / step)
   11: E[0] = -1.87959487  (<S**2> = 0.00264)  E[1] = -1.82864139  (<S**2> = 1.99555)  E[2] = -1.82858875  (<S**2> = 0.00493)  E[3] = -1.45056451  (<S**2> = 0.00001)  CPU Time =  1.06  (0.04 / step)
   12: E[0] = -1.87918782  (<S**2> = 0.00273)  E[1] = -1.82916994  (<S**2> = 1.99986)  E[2] = -1.82856899  (<S**2> = 0.00064)  E[3] = -1.45057851  (<S**2> = 0.00001)  CPU Time =  1.09  (0.04 / step)
   13: E[0] = -1.87885246  (<S**2> = 0.00279)  E[1] = -1.82948327  (<S**2> = 1.99983)  E[2] = -1.82882121  (<S**2> = 0.00067)  E[3] = -1.45052028  (<S**2> = 0.00001)  CPU Time =  1.10  (0.04 / step)
   14: E[0] = -1.87866664  (<S**2> = 0.00276)  E[1] = -1.82959376  (<S**2> = 0.00585)  E[2] = -1.82948209  (<S**2> = 1.99461)  E[3] = -1.45016296  (<S**2> = 0.00001)  CPU Time =  1.15  (0.04 / step)
   15: E[0] = -1.87898016  (<S**2> = 0.00271)  E[1] = -1.82914130  (<S**2> = 0.12105)  E[2] = -1.82912767  (<S**2> = 1.87938)  E[3] = -1.45078483  (<S**2> = 0.00001)  CPU Time =  2.36  (0.05 / step)
   16: E[0] = -1.87904464  (<S**2> = 0.00262)  E[1] = -1.83008033  (<S**2> = 0.00045)  E[2] = -1.82872507  (<S**2> = 1.99995)  E[3] = -1.45033953  (<S**2> = 0.00001)  CPU Time =  1.60  (0.07 / step)
   17: E[0] = -1.87914617  (<S**2> = 0.00256)  E[1] = -1.83083148  (<S**2> = 0.00045)  E[2] = -1.82832861  (<S**2> = 1.99993)  E[3] = -1.44998287  (<S**2> = 0.00001)  CPU Time =  1.50  (0.12 / step)
   18: E[0] = -1.87929528  (<S**2> = 0.00251)  E[1] = -1.83132079  (<S**2> = 0.00044)  E[2] = -1.82788692  (<S**2> = 1.99994)  E[3] = -1.44987140  (<S**2> = 0.00001)  CPU Time =  1.47  (0.05 / step)
   19: E[0] = -1.87924096  (<S**2> = 0.00254)  E[1] = -1.83146632  (<S**2> = 0.00045)  E[2] = -1.82787672  (<S**2> = 1.99994)  E[3] = -1.44987123  (<S**2> = 0.00001)  CPU Time =  1.20  (0.06 / step)
   20: E[0] = -1.87912297  (<S**2> = 0.00260)  E[1] = -1.83168710  (<S**2> = 0.00047)  E[2] = -1.82797168  (<S**2> = 1.99994)  E[3] = -1.44977324  (<S**2> = 0.00001)  CPU Time =  1.24  (0.05 / step)
   21: E[0] = -1.87912898  (<S**2> = 0.00265)  E[1] = -1.83176000  (<S**2> = 0.00047)  E[2] = -1.82804914  (<S**2> = 1.99994)  E[3] = -1.44971362  (<S**2> = 0.00001)  CPU Time =  1.27  (0.05 / step)
   22: E[0] = -1.87983560  (<S**2> = 0.00260)  E[1] = -1.83273797  (<S**2> = 0.00045)  E[2] = -1.82769101  (<S**2> = 1.99993)  E[3] = -1.44857594  (<S**2> = 0.00002)  CPU Time =  1.26  (0.05 / step)
   23: E[0] = -1.88019615  (<S**2> = 0.00261)  E[1] = -1.83219454  (<S**2> = 0.00043)  E[2] = -1.82775284  (<S**2> = 1.99992)  E[3] = -1.44885769  (<S**2> = 0.00003)  CPU Time =  1.21  (0.05 / step)
   24: E[0] = -1.88070078  (<S**2> = 0.00257)  E[1] = -1.83168877  (<S**2> = 0.00042)  E[2] = -1.82758296  (<S**2> = 1.99992)  E[3] = -1.44913884  (<S**2> = 0.00003)  CPU Time =  1.20  (0.05 / step)
   25: E[0] = -1.88116689  (<S**2> = 0.00248)  E[1] = -1.83183135  (<S**2> = 0.00040)  E[2] = -1.82722526  (<S**2> = 1.99993)  E[3] = -1.44897353  (<S**2> = 0.00003)  CPU Time =  1.29  (0.05 / step)
   26: E[0] = -1.88193779  (<S**2> = 0.00233)  E[1] = -1.83243357  (<S**2> = 0.00038)  E[2] = -1.82654605  (<S**2> = 1.99993)  E[3] = -1.44842708  (<S**2> = 0.00003)  CPU Time =  1.24  (0.04 / step)
   27: E[0] = -1.88292306  (<S**2> = 0.00212)  E[1] = -1.83342093  (<S**2> = 0.00037)  E[2] = -1.82552574  (<S**2> = 1.99992)  E[3] = -1.44774362  (<S**2> = 0.00004)  CPU Time =  1.23  (0.05 / step)
   28: E[0] = -1.88410202  (<S**2> = 0.00169)  E[1] = -1.83688341  (<S**2> = 0.00037)  E[2] = -1.82379633  (<S**2> = 1.99990)  E[3] = -1.44527773  (<S**2> = 0.00005)  CPU Time =  1.25  (0.05 / step)
   29: E[0] = -1.88460196  (<S**2> = 0.00146)  E[1] = -1.83784091  (<S**2> = 0.00045)  E[2] = -1.82227696  (<S**2> = 1.99988)  E[3] = -1.44562464  (<S**2> = 0.00007)  CPU Time =  1.29  (0.05 / step)
   30: E[0] = -1.88343264  (<S**2> = 0.00156)  E[1] = -1.83890041  (<S**2> = 0.00045)  E[2] = -1.82319090  (<S**2> = 1.99990)  E[3] = -1.44538000  (<S**2> = 0.00005)  CPU Time =  1.25  (0.05 / step)
   31: E[0] = -1.88140754  (<S**2> = 0.00154)  E[1] = -1.84141164  (<S**2> = 0.00045)  E[2] = -1.82469901  (<S**2> = 1.99990)  E[3] = -1.44370667  (<S**2> = 0.00007)  CPU Time =  1.28  (0.05 / step)
   32: E[0] = -1.88081492  (<S**2> = 0.00154)  E[1] = -1.84060359  (<S**2> = 0.00047)  E[2] = -1.82502885  (<S**2> = 1.99991)  E[3] = -1.44507023  (<S**2> = 0.00006)  CPU Time =  1.30  (0.06 / step)
   33: E[0] = -1.88024191  (<S**2> = 0.00142)  E[1] = -1.84080156  (<S**2> = 0.00049)  E[2] = -1.82501020  (<S**2> = 1.99991)  E[3] = -1.44567354  (<S**2> = 0.00007)  CPU Time =  1.30  (0.05 / step)
   34: E[0] = -1.87922105  (<S**2> = 0.00119)  E[1] = -1.84147868  (<S**2> = 0.00048)  E[2] = -1.82518300  (<S**2> = 1.99992)  E[3] = -1.44611748  (<S**2> = 0.00007)  CPU Time =  1.24  (0.05 / step)
   35: E[0] = -1.87766658  (<S**2> = 0.00101)  E[1] = -1.84211233  (<S**2> = 0.00046)  E[2] = -1.82584571  (<S**2> = 1.99992)  E[3] = -1.44667863  (<S**2> = 0.00008)  CPU Time =  1.28  (0.05 / step)
   36: E[0] = -1.87725296  (<S**2> = 0.00093)  E[1] = -1.84308719  (<S**2> = 0.00045)  E[2] = -1.82568685  (<S**2> = 1.99992)  E[3] = -1.44654769  (<S**2> = 0.00009)  CPU Time =  1.51  (0.07 / step)
   37: E[0] = -1.87723255  (<S**2> = 0.00089)  E[1] = -1.84339500  (<S**2> = 0.00042)  E[2] = -1.82571154  (<S**2> = 1.99993)  E[3] = -1.44643380  (<S**2> = 0.00009)  CPU Time =  1.51  (0.05 / step)
   38: E[0] = -1.87744092  (<S**2> = 0.00087)  E[1] = -1.84325127  (<S**2> = 0.00040)  E[2] = -1.82552644  (<S**2> = 1.99993)  E[3] = -1.44675842  (<S**2> = 0.00009)  CPU Time =  1.29  (0.05 / step)
   39: E[0] = -1.87713885  (<S**2> = 0.00119)  E[1] = -1.84274820  (<S**2> = 0.00043)  E[2] = -1.82545256  (<S**2> = 1.99993)  E[3] = -1.44792491  (<S**2> = 0.00010)  CPU Time =  1.34  (0.06 / step)
   40: E[0] = -1.87697396  (<S**2> = 0.00142)  E[1] = -1.84244205  (<S**2> = 0.00039)  E[2] = -1.82550051  (<S**2> = 1.99994)  E[3] = -1.44864224  (<S**2> = 0.00008)  CPU Time =  1.32  (0.06 / step)
   41: E[0] = -1.87658415  (<S**2> = 0.00166)  E[1] = -1.84199870  (<S**2> = 0.00038)  E[2] = -1.82607620  (<S**2> = 1.99994)  E[3] = -1.44913238  (<S**2> = 0.00008)  CPU Time =  1.30  (0.05 / step)
   42: E[0] = -1.87573427  (<S**2> = 0.00244)  E[1] = -1.84070822  (<S**2> = 0.00035)  E[2] = -1.82796412  (<S**2> = 1.99995)  E[3] = -1.44986009  (<S**2> = 0.00007)  CPU Time =  1.35  (0.06 / step)
   43: E[0] = -1.87516520  (<S**2> = 0.00277)  E[1] = -1.83900208  (<S**2> = 0.00030)  E[2] = -1.83017552  (<S**2> = 1.99994)  E[3] = -1.45035050  (<S**2> = 0.00006)  CPU Time =  1.30  (0.05 / step)
   44: E[0] = -1.87504610  (<S**2> = 0.00266)  E[1] = -1.83815868  (<S**2> = 0.00026)  E[2] = -1.83142943  (<S**2> = 1.99995)  E[3] = -1.45050373  (<S**2> = 0.00006)  CPU Time =  1.36  (0.05 / step)
   45: E[0] = -1.87359194  (<S**2> = 0.00438)  E[1] = -1.83578750  (<S**2> = 1.99958)  E[2] = -1.83433658  (<S**2> = 0.00065)  E[3] = -1.45171669  (<S**2> = 0.00020)  CPU Time =  1.35  (0.06 / step)
   46: E[0] = -1.87343097  (<S**2> = 0.00316)  E[1] = -1.83526993  (<S**2> = 1.99828)  E[2] = -1.83499139  (<S**2> = 0.00193)  E[3] = -1.45204591  (<S**2> = 0.00014)  CPU Time =  2.55  (0.05 / step)
   47: E[0] = -1.87385187  (<S**2> = 0.00278)  E[1] = -1.83654315  (<S**2> = 0.00025)  E[2] = -1.83393273  (<S**2> = 1.99995)  E[3] = -1.45150450  (<S**2> = 0.00010)  CPU Time =  1.38  (0.05 / step)
   48: E[0] = -1.87384034  (<S**2> = 0.00341)  E[1] = -1.83723862  (<S**2> = 0.00026)  E[2] = -1.83362743  (<S**2> = 1.99995)  E[3] = -1.45117370  (<S**2> = 0.00011)  CPU Time =  1.32  (0.06 / step)
   49: E[0] = -1.87357150  (<S**2> = 0.00334)  E[1] = -1.83735927  (<S**2> = 0.00028)  E[2] = -1.83373368  (<S**2> = 1.99994)  E[3] = -1.45127878  (<S**2> = 0.00011)  CPU Time =  1.32  (0.05 / step)
   50: E[0] = -1.87319551  (<S**2> = 0.00326)  E[1] = -1.83739702  (<S**2> = 0.00028)  E[2] = -1.83405863  (<S**2> = 1.99994)  E[3] = -1.45131099  (<S**2> = 0.00011)  CPU Time =  1.32  (0.06 / step)
   51: E[0] = -1.87309421  (<S**2> = 0.00340)  E[1] = -1.83736037  (<S**2> = 0.00028)  E[2] = -1.83422585  (<S**2> = 1.99994)  E[3] = -1.45129445  (<S**2> = 0.00011)  CPU Time =  1.38  (0.06 / step)
   52: E[0] = -1.87310462  (<S**2> = 0.00340)  E[1] = -1.83736967  (<S**2> = 0.00028)  E[2] = -1.83423441  (<S**2> = 1.99994)  E[3] = -1.45126971  (<S**2> = 0.00011)  CPU Time =  1.34  (0.05 / step)
   53: E[0] = -1.87305545  (<S**2> = 0.00342)  E[1] = -1.83742348  (<S**2> = 0.00028)  E[2] = -1.83430537  (<S**2> = 1.99994)  E[3] = -1.45120071  (<S**2> = 0.00011)  CPU Time =  1.36  (0.05 / step)
   54: E[0] = -1.87300614  (<S**2> = 0.00344)  E[1] = -1.83746248  (<S**2> = 0.00029)  E[2] = -1.83436225  (<S**2> = 1.99994)  E[3] = -1.45115803  (<S**2> = 0.00011)  CPU Time =  1.34  (0.06 / step)
   55: E[0] = -1.87291464  (<S**2> = 0.00342)  E[1] = -1.83746659  (<S**2> = 0.00029)  E[2] = -1.83453230  (<S**2> = 1.99995)  E[3] = -1.45107762  (<S**2> = 0.00011)  CPU Time =  1.34  (0.05 / step)
   56: E[0] = -1.87294161  (<S**2> = 0.00347)  E[1] = -1.83747379  (<S**2> = 0.00029)  E[2] = -1.83446950  (<S**2> = 1.99995)  E[3] = -1.45110829  (<S**2> = 0.00011)  CPU Time =  1.35  (0.05 / step)
   57: E[0] = -1.87295328  (<S**2> = 0.00346)  E[1] = -1.83746747  (<S**2> = 0.00029)  E[2] = -1.83445400  (<S**2> = 1.99995)  E[3] = -1.45111926  (<S**2> = 0.00011)  CPU Time =  1.32  (0.06 / step)
   58: E[0] = -1.87296229  (<S**2> = 0.00346)  E[1] = -1.83746527  (<S**2> = 0.00029)  E[2] = -1.83445398  (<S**2> = 1.99995)  E[3] = -1.45111313  (<S**2> = 0.00011)  CPU Time =  1.31  (0.05 / step)
   59: E[0] = -1.87297016  (<S**2> = 0.00348)  E[1] = -1.83745010  (<S**2> = 0.00029)  E[2] = -1.83445984  (<S**2> = 1.99995)  E[3] = -1.45111520  (<S**2> = 0.00011)  CPU Time =  1.35  (0.06 / step)
   60: E[0] = -1.87299827  (<S**2> = 0.00350)  E[1] = -1.83744823  (<S**2> = 0.00029)  E[2] = -1.83447079  (<S**2> = 1.99995)  E[3] = -1.45107840  (<S**2> = 0.00011)  CPU Time =  1.34  (0.05 / step)
   61: E[0] = -1.87299603  (<S**2> = 0.00351)  E[1] = -1.83744226  (<S**2> = 0.00029)  E[2] = -1.83447880  (<S**2> = 1.99995)  E[3] = -1.45107877  (<S**2> = 0.00011)  CPU Time =  1.37  (0.06 / step)
   62: E[0] = -1.87299627  (<S**2> = 0.00351)  E[1] = -1.83743413  (<S**2> = 0.00029)  E[2] = -1.83448141  (<S**2> = 1.99995)  E[3] = -1.45108410  (<S**2> = 0.00011)  CPU Time =  1.38  (0.06 / step)
   63: E[0] = -1.87299653  (<S**2> = 0.00352)  E[1] = -1.83743081  (<S**2> = 0.00029)  E[2] = -1.83448485  (<S**2> = 1.99995)  E[3] = -1.45108375  (<S**2> = 0.00011)  CPU Time =  1.34  (0.06 / step)
   64: E[0] = -1.87299847  (<S**2> = 0.00352)  E[1] = -1.83742947  (<S**2> = 0.00029)  E[2] = -1.83448383  (<S**2> = 1.99995)  E[3] = -1.45108420  (<S**2> = 0.00011)  CPU Time =  1.35  (0.06 / step)
   65: E[0] = -1.87299882  (<S**2> = 0.00352)  E[1] = -1.83742548  (<S**2> = 0.00029)  E[2] = -1.83448502  (<S**2> = 1.99995)  E[3] = -1.45108669  (<S**2> = 0.00011)  CPU Time =  1.68  (0.05 / step)
   66: E[0] = -1.87299274  (<S**2> = 0.00353)  E[1] = -1.83742279  (<S**2> = 0.00029)  E[2] = -1.83449168  (<S**2> = 1.99995)  E[3] = -1.45108882  (<S**2> = 0.00011)  CPU Time =  1.62  (0.05 / step)
   67: E[0] = -1.87297628  (<S**2> = 0.00354)  E[1] = -1.83741836  (<S**2> = 0.00029)  E[2] = -1.83451052  (<S**2> = 1.99995)  E[3] = -1.45109087  (<S**2> = 0.00011)  CPU Time =  1.51  (0.06 / step)
   68: E[0] = -1.87297022  (<S**2> = 0.00354)  E[1] = -1.83741614  (<S**2> = 0.00029)  E[2] = -1.83451594  (<S**2> = 1.99995)  E[3] = -1.45109374  (<S**2> = 0.00011)  CPU Time =  1.41  (0.05 / step)
   69: E[0] = -1.87297217  (<S**2> = 0.00354)  E[1] = -1.83741721  (<S**2> = 0.00029)  E[2] = -1.83451387  (<S**2> = 1.99995)  E[3] = -1.45109280  (<S**2> = 0.00011)  CPU Time =  1.49  (0.06 / step)
Final: E[0] = -1.87297217  (<S**2> = 0.00354)  E[1] = -1.83741721  (<S**2> = 0.00029)  E[2] = -1.83451387  (<S**2> = 1.99995)  E[3] = -1.45109280  (<S**2> = 0.00011)  CPU Time =  0.06  (0.06 / step)

------------------------------------
ic Basis   0
    Basis            Coef
| 00001111 > : +0.7178 +0.0000i
| 00111100 > : -0.2724 +0.0000i
| 01100110 > : +0.2364 +0.0000i
| 01101001 > : -0.1841 +0.0000i
| 10010110 > : -0.1889 +0.0000i
| 10011001 > : +0.2407 +0.0000i
| 11000011 > : -0.3469 +0.0000i
| 11001100 > : -0.1586 +0.0000i
| 11110000 > : +0.2464 +0.0000i

ic Basis   1
    Basis            Coef
| 00110011 > : +0.6590 +0.0000i
| 00111100 > : -0.3157 +0.0000i
| 01011010 > : -0.2165 +0.0000i
| 01101001 > : +0.2289 +0.0000i
| 10010110 > : +0.2203 +0.0000i
| 10100101 > : -0.2504 +0.0000i
| 11000011 > : -0.3527 +0.0000i
| 11001100 > : +0.3032 +0.0000i
| 11110000 > : -0.1163 +0.0000i

ic Basis   2
    Basis            Coef
| 00011011 > : +0.8678 +0.0000i
| 00111001 > : +0.2215 +0.0000i
| 01110010 > : -0.2493 +0.0000i
| 10001101 > : +0.2452 +0.0000i
| 11011000 > : -0.1671 +0.0000i
| 11100100 > : -0.1011 +0.0000i

ic Basis   3
    Basis            Coef
| 00100111 > : +0.8651 +0.0000i
| 00110110 > : +0.2237 +0.0000i
| 01001110 > : +0.2451 +0.0000i
| 01100011 > : +0.1036 +0.0000i
| 01101100 > : -0.1015 +0.0000i
| 10110001 > : -0.2523 +0.0000i
| 11100100 > : -0.1679 +0.0000i


Coefficients: 
 
                0               1               2               3          
    0      -0.6978499       0.7162440       0.0001314       0.0000336  
    1       0.7162440       0.6978499       0.0000826      -0.0000893  
    2      -0.0000390      -0.0001342       0.7055830      -0.7086273  
    3       0.0000848      -0.0000805       0.7086273       0.7055830  
------------------------------------


###############################################
#                  ic states                  #
###############################################
State         : 0
E             : -1.87297217
<S**2>        : 0.00354
Superposition : 
    Basis            Coef
| 00001111 > : -0.5695 +0.0000i
| 00110011 > : +0.4923 +0.0000i
| 01011010 > : -0.1000 +0.0000i
| 01100110 > : -0.1480 +0.0000i
| 01101001 > : +0.2924 +0.0000i
| 10010110 > : +0.2896 +0.0000i
| 10011001 > : -0.1531 +0.0000i
| 10100101 > : -0.1429 +0.0000i
| 11001100 > : +0.3278 +0.0000i
| 11110000 > : -0.2552 +0.0000i

State         : 1
E             : -1.83741721
<S**2>        : 0.00029
Superposition : 
    Basis            Coef
| 00001111 > : +0.4473 +0.0000i
| 00110011 > : +0.4390 +0.0000i
| 00111100 > : -0.4155 +0.0000i
| 01011010 > : -0.2076 +0.0000i
| 01100110 > : +0.1858 +0.0000i
| 10011001 > : +0.1869 +0.0000i
| 10100101 > : -0.2122 +0.0000i
| 11000011 > : -0.4946 +0.0000i

State         : 2
E             : -1.83451387
<S**2>        : 1.99995
Superposition : 
    Basis            Coef
| 00011011 > : +0.5950 +0.0000i
| 00100111 > : +0.5942 +0.0000i
| 00110110 > : +0.1591 +0.0000i
| 00111001 > : +0.1624 +0.0000i
| 01001110 > : +0.1430 +0.0000i
| 01100011 > : +0.1079 +0.0000i
| 01110010 > : -0.2184 +0.0000i
| 10001101 > : +0.1414 +0.0000i
| 10010011 > : +0.1045 +0.0000i
| 10110001 > : -0.2186 +0.0000i
| 11011000 > : -0.1863 +0.0000i
| 11100100 > : -0.1903 +0.0000i

State         : 3
E             : -1.45109280
<S**2>        : 0.00011
Superposition : 
    Basis            Coef
| 00011011 > : -0.6322 +0.0000i
| 00100111 > : +0.6293 +0.0000i
| 00110110 > : +0.1573 +0.0000i
| 00111001 > : -0.1508 +0.0000i
| 01001110 > : +0.2037 +0.0000i
| 01101100 > : -0.1117 +0.0000i
| 01110010 > : +0.1345 +0.0000i
| 10001101 > : -0.2052 +0.0000i
| 10011100 > : +0.1115 +0.0000i
| 10110001 > : -0.1381 +0.0000i
###############################################

 Done: CPU Time =           93.8230
Normal termination of quket at 2021-03-16 02:40:02.555467
