///////////////////////////////////////////////////////////////////////////////////
///                                                                             ///
///                                                                             ///
///              QQQ       UUU  UUU    KKK   KK    EEEEEEE    TTTTTTT           ///
///             Q   Q       u    U      K   K       E    E    T  T  T           ///
///            Q     Q      U    U      K  K        E  E         T              ///
///            Q     Q      U    U      KKK         EEEE         T              ///
///            Q QQQ Q      U    U      K  K        E  E         T              ///
///             Q   Q       U    U      K   K       E    E       T              ///
///              QQQ QQ      UUUU      KKK   KK    EEEEEEE      TTT             ///
///                                                                             ///
///                      Quantum Computing Simulator Ver 0.4 dev                ///
///                                                                             ///
///        Copyright 2019-2021                                                  ///
///        QC Project Team, Ten-no Research Group                               ///
///        All rights Reserved.                                                 ///
///                                                                             ///
///////////////////////////////////////////////////////////////////////////////////
Start at 2021-02-27 16:36:32.339765
+-------------+
|  Job #   1  |
+-------------+
8 processes  x  1 threads  =  Total 8 cores

 *** Geometry **************************
  H       0.0000     0.0000     0.0000
  H       0.0000     0.0000     1.2300
  H       1.2300     0.0000     0.0000
  H       1.2300     0.0000     1.2300
 ***************************************

E[FCI] = -1.969512165216278
E[HF]  = -1.7792432699063232

Performing QITE for chemical Hamiltonian
Initial configuration: |00001111>
Convergence criteria:  ftol = 1E-09 
Truncation threshold = 0.01 :  A total of 0 terms truncated.
QITE: Pauli operator group size = 112
      Unique sigma list = 1386
  0.00:  E  = -1.779243269906  <S**2> = 0.000000000000000  CPU Time =  0.00
  1.00:  E  = -1.886932595305  <S**2> = 0.000000042940908  CPU Time =  0.04
  2.00:  E  = -1.917048548998  <S**2> = 0.000019672117520  CPU Time =  0.04
  3.00:  E  = -1.930339946053  <S**2> = 0.000002751735178  CPU Time =  0.04
  4.00:  E  = -1.938936611753  <S**2> = 0.000000400218052  CPU Time =  0.04
  5.00:  E  = -1.945629001253  <S**2> = 0.000000056091799  CPU Time =  0.04
  6.00:  E  = -1.951000041925  <S**2> = 0.000000007665935  CPU Time =  0.04
  7.00:  E  = -1.955284298355  <S**2> = 0.000000001058057  CPU Time =  0.04
  8.00:  E  = -1.958656959265  <S**2> = 0.000000000171454  CPU Time =  0.04
  9.00:  E  = -1.961278773093  <S**2> = 0.000000000041859  CPU Time =  0.04
 10.00:  E  = -1.963295906752  <S**2> = 0.000000000014976  CPU Time =  0.04
 11.00:  E  = -1.964835314442  <S**2> = 0.000000000006118  CPU Time =  0.04
 12.00:  E  = -1.966002883953  <S**2> = 0.000000000002517  CPU Time =  0.04
 13.00:  E  = -1.966884282429  <S**2> = 0.000000000001017  CPU Time =  0.04
 14.00:  E  = -1.967547297364  <S**2> = 0.000000000000405  CPU Time =  0.04
 15.00:  E  = -1.968044710746  <S**2> = 0.000000000000159  CPU Time =  0.04
 16.00:  E  = -1.968417139969  <S**2> = 0.000000000000062  CPU Time =  0.04
 17.00:  E  = -1.968695572590  <S**2> = 0.000000000000023  CPU Time =  0.04
 18.00:  E  = -1.968903499389  <S**2> = 0.000000000000009  CPU Time =  0.04
 19.00:  E  = -1.969058644387  <S**2> = 0.000000000000004  CPU Time =  0.04
 20.00:  E  = -1.969174333943  <S**2> = -0.000000000000000  CPU Time =  0.04
 21.00:  E  = -1.969260561978  <S**2> = 0.000000000000001  CPU Time =  0.04
 22.00:  E  = -1.969324808887  <S**2> = 0.000000000000000  CPU Time =  0.04
 23.00:  E  = -1.969372665705  <S**2> = -0.000000000000000  CPU Time =  0.04
 24.00:  E  = -1.969408306868  <S**2> = -0.000000000000000  CPU Time =  0.04
 25.00:  E  = -1.969434846673  <S**2> = 0.000000000000001  CPU Time =  0.04
 26.00:  E  = -1.969454607147  <S**2> = 0.000000000000001  CPU Time =  0.04
 27.00:  E  = -1.969469318836  <S**2> = -0.000000000000000  CPU Time =  0.04
 28.00:  E  = -1.969480271056  <S**2> = 0.000000000000001  CPU Time =  0.04
 29.00:  E  = -1.969488424155  <S**2> = 0.000000000000000  CPU Time =  0.04
 30.00:  E  = -1.969494493323  <S**2> = -0.000000000000000  CPU Time =  0.04
 31.00:  E  = -1.969499011103  <S**2> = -0.000000000000000  CPU Time =  0.04
 32.00:  E  = -1.969502373997  <S**2> = -0.000000000000000  CPU Time =  0.04
 33.00:  E  = -1.969504877197  <S**2> = 0.000000000000000  CPU Time =  0.04
 34.00:  E  = -1.969506740457  <S**2> = -0.000000000000001  CPU Time =  0.04
 35.00:  E  = -1.969508127368  <S**2> = -0.000000000000000  CPU Time =  0.04
 36.00:  E  = -1.969509159703  <S**2> = -0.000000000000001  CPU Time =  0.04
 37.00:  E  = -1.969509928111  <S**2> = -0.000000000000001  CPU Time =  0.04
 38.00:  E  = -1.969510500065  <S**2> = -0.000000000000000  CPU Time =  0.04
 39.00:  E  = -1.969510925790  <S**2> = -0.000000000000001  CPU Time =  0.04
 40.00:  E  = -1.969511242672  <S**2> = 0.000000000000000  CPU Time =  0.04
 41.00:  E  = -1.969511478537  <S**2> = 0.000000000000001  CPU Time =  0.04
 42.00:  E  = -1.969511654100  <S**2> = -0.000000000000001  CPU Time =  0.04
 43.00:  E  = -1.969511784776  <S**2> = -0.000000000000000  CPU Time =  0.04
 44.00:  E  = -1.969511882043  <S**2> = -0.000000000000001  CPU Time =  0.04
 45.00:  E  = -1.969511954442  <S**2> = 0.000000000000000  CPU Time =  0.04
 46.00:  E  = -1.969512008330  <S**2> = 0.000000000000000  CPU Time =  0.04
 47.00:  E  = -1.969512048441  <S**2> = 0.000000000000001  CPU Time =  0.04
 48.00:  E  = -1.969512078297  <S**2> = 0.000000000000001  CPU Time =  0.04
 49.00:  E  = -1.969512100520  <S**2> = 0.000000000000000  CPU Time =  0.04
 50.00:  E  = -1.969512117061  <S**2> = -0.000000000000001  CPU Time =  0.04
 51.00:  E  = -1.969512129373  <S**2> = 0.000000000000001  CPU Time =  0.04
 52.00:  E  = -1.969512138537  <S**2> = 0.000000000000000  CPU Time =  0.04
 53.00:  E  = -1.969512145358  <S**2> = 0.000000000000000  CPU Time =  0.04
 54.00:  E  = -1.969512150435  <S**2> = 0.000000000000000  CPU Time =  0.04
 55.00:  E  = -1.969512154214  <S**2> = -0.000000000000001  CPU Time =  0.04
 56.00:  E  = -1.969512157027  <S**2> = 0.000000000000000  CPU Time =  0.04
 57.00:  E  = -1.969512159121  <S**2> = -0.000000000000001  CPU Time =  0.04
 58.00:  E  = -1.969512160679  <S**2> = 0.000000000000000  CPU Time =  0.04
 59.00:  E  = -1.969512161839  <S**2> = 0.000000000000001  CPU Time =  0.04
 60.00:  E  = -1.969512162703  <S**2> = 0.000000000000000  CPU Time =  0.04
QITE
 Basis       Coef
|00001111> : +0.6772 +0.0000j
|00110011> : -0.6771 +0.0000j
|01101001> : -0.1550 +0.0000j
|10010110> : -0.1550 +0.0000j
Normal termination of quket at 2021-02-27 16:36:35.344460
