///////////////////////////////////////////////////////////////////////////////////
///                                                                             ///
///                                                                             ///
///              QQQ       UUU  UUU    KKK   KK    EEEEEEE    TTTTTTT           ///
///             Q   Q       u    U      K   K       E    E    T  T  T           ///
///            Q     Q      U    U      K  K        E  E         T              ///
///            Q     Q      U    U      KKK         EEEE         T              ///
///            Q QQQ Q      U    U      K  K        E  E         T              ///
///             Q   Q       U    U      K   K       E    E       T              ///
///              QQQ QQ      UUUU      KKK   KK    EEEEEEE      TTT             ///
///                                                                             ///
///                      Quantum Computing Simulator Ver 0.4 dev                ///
///                                                                             ///
///        Copyright 2019-2021                                                  ///
///        QC Project Team, Ten-no Research Group                               ///
///        All rights Reserved.                                                 ///
///                                                                             ///
///////////////////////////////////////////////////////////////////////////////////
Start at 2021-02-27 18:39:36.900915
+-------------+
|  Job #   1  |
+-------------+
16 processes  x  1 threads  =  Total 16 cores

 *** Geometry **************************
  H       0.0000     0.0000     0.0000
  H       0.0000     0.0000     1.2300
  H       1.2300     0.0000     0.0000
  H       1.2300     0.0000     1.2300
 ***************************************

E[FCI] = -1.969512165216278
E[HF]  = -1.7792432699063232

Performing QITE for chemical Hamiltonian
Initial configuration: |00001111>
Convergence criteria:  ftol = 1E-09 
Truncation threshold = 0.01 :  A total of 0 terms truncated.
QITE: Pauli operator group size = 160
      Unique sigma list = 2894
  0.00:  E  = -1.779243269906  <S**2> = 0.000000000000000  CPU Time =  0.00
  1.00:  E  = -1.886932595305  <S**2> = 0.000000042940908  CPU Time =  0.06
  2.00:  E  = -1.917040035387  <S**2> = 0.000332427916104  CPU Time =  0.04
  3.00:  E  = -1.930328084320  <S**2> = 0.000219092981566  CPU Time =  0.04
  4.00:  E  = -1.938931522180  <S**2> = 0.000112019932936  CPU Time =  0.04
  5.00:  E  = -1.945634338997  <S**2> = 0.000051687543338  CPU Time =  0.04
  6.00:  E  = -1.951009980346  <S**2> = 0.000024056415590  CPU Time =  0.04
  7.00:  E  = -1.955296086363  <S**2> = 0.000011635224985  CPU Time =  0.04
  8.00:  E  = -1.958669223293  <S**2> = 0.000005891228099  CPU Time =  0.04
  9.00:  E  = -1.961290660379  <S**2> = 0.000003111347361  CPU Time =  0.04
 10.00:  E  = -1.963306859954  <S**2> = 0.000001699305809  CPU Time =  0.04
 11.00:  E  = -1.964845012698  <S**2> = 0.000000950658495  CPU Time =  0.04
 12.00:  E  = -1.966011199923  <S**2> = 0.000000540209785  CPU Time =  0.04
 13.00:  E  = -1.966891230897  <S**2> = 0.000000309786644  CPU Time =  0.04
 14.00:  E  = -1.967552983336  <S**2> = 0.000000178446501  CPU Time =  0.04
 15.00:  E  = -1.968049286062  <S**2> = 0.000000102929331  CPU Time =  0.04
 16.00:  E  = -1.968420771985  <S**2> = 0.000000059331636  CPU Time =  0.04
 17.00:  E  = -1.968698424314  <S**2> = 0.000000034136935  CPU Time =  0.04
 18.00:  E  = -1.968905718570  <S**2> = 0.000000019591268  CPU Time =  0.04
 19.00:  E  = -1.969060358795  <S**2> = 0.000000011211492  CPU Time =  0.04
 20.00:  E  = -1.969175650499  <S**2> = 0.000000006397188  CPU Time =  0.04
 21.00:  E  = -1.969261568037  <S**2> = 0.000000003639678  CPU Time =  0.04
 22.00:  E  = -1.969325574543  <S**2> = 0.000000002065119  CPU Time =  0.04
 23.00:  E  = -1.969373246424  <S**2> = 0.000000001168734  CPU Time =  0.04
 24.00:  E  = -1.969408746071  <S**2> = 0.000000000659877  CPU Time =  0.04
 25.00:  E  = -1.969435178056  <S**2> = 0.000000000371774  CPU Time =  0.04
 26.00:  E  = -1.969454856676  <S**2> = 0.000000000209054  CPU Time =  0.04
 27.00:  E  = -1.969469506413  <S**2> = 0.000000000117347  CPU Time =  0.04
 28.00:  E  = -1.969480411859  <S**2> = 0.000000000065770  CPU Time =  0.04
 29.00:  E  = -1.969488529719  <S**2> = 0.000000000036811  CPU Time =  0.04
 30.00:  E  = -1.969494572386  <S**2> = 0.000000000020577  CPU Time =  0.04
 31.00:  E  = -1.969499070265  <S**2> = 0.000000000011491  CPU Time =  0.04
 32.00:  E  = -1.969502418234  <S**2> = 0.000000000006410  CPU Time =  0.04
 33.00:  E  = -1.969504910253  <S**2> = 0.000000000003574  CPU Time =  0.04
 34.00:  E  = -1.969506765145  <S**2> = 0.000000000001990  CPU Time =  0.04
 35.00:  E  = -1.969508145797  <S**2> = 0.000000000001107  CPU Time =  0.04
 36.00:  E  = -1.969509173455  <S**2> = 0.000000000000617  CPU Time =  0.04
 37.00:  E  = -1.969509938368  <S**2> = 0.000000000000342  CPU Time =  0.04
 38.00:  E  = -1.969510507714  <S**2> = 0.000000000000192  CPU Time =  0.04
 39.00:  E  = -1.969510931493  <S**2> = 0.000000000000106  CPU Time =  0.04
 40.00:  E  = -1.969511246922  <S**2> = 0.000000000000059  CPU Time =  0.04
 41.00:  E  = -1.969511481705  <S**2> = 0.000000000000034  CPU Time =  0.04
 42.00:  E  = -1.969511656460  <S**2> = 0.000000000000018  CPU Time =  0.04
 43.00:  E  = -1.969511786535  <S**2> = 0.000000000000009  CPU Time =  0.04
 44.00:  E  = -1.969511883353  <S**2> = 0.000000000000005  CPU Time =  0.04
 45.00:  E  = -1.969511955417  <S**2> = 0.000000000000003  CPU Time =  0.04
 46.00:  E  = -1.969512009057  <S**2> = 0.000000000000003  CPU Time =  0.04
 47.00:  E  = -1.969512048982  <S**2> = 0.000000000000001  CPU Time =  0.04
 48.00:  E  = -1.969512078700  <S**2> = 0.000000000000001  CPU Time =  0.04
 49.00:  E  = -1.969512100820  <S**2> = 0.000000000000001  CPU Time =  0.04
 50.00:  E  = -1.969512117284  <S**2> = -0.000000000000001  CPU Time =  0.04
 51.00:  E  = -1.969512129539  <S**2> = 0.000000000000000  CPU Time =  0.04
 52.00:  E  = -1.969512138660  <S**2> = -0.000000000000000  CPU Time =  0.04
 53.00:  E  = -1.969512145450  <S**2> = -0.000000000000000  CPU Time =  0.04
 54.00:  E  = -1.969512150504  <S**2> = 0.000000000000001  CPU Time =  0.04
 55.00:  E  = -1.969512154265  <S**2> = -0.000000000000001  CPU Time =  0.04
 56.00:  E  = -1.969512157065  <S**2> = -0.000000000000001  CPU Time =  0.04
 57.00:  E  = -1.969512159149  <S**2> = -0.000000000000000  CPU Time =  0.04
 58.00:  E  = -1.969512160700  <S**2> = -0.000000000000001  CPU Time =  0.04
 59.00:  E  = -1.969512161855  <S**2> = 0.000000000000002  CPU Time =  0.04
 60.00:  E  = -1.969512162714  <S**2> = 0.000000000000001  CPU Time =  0.04
QITE
 Basis       Coef
|00001111> : +0.6772 +0.0000j
|00110011> : -0.6771 +0.0000j
|01101001> : -0.1550 +0.0000j
|10010110> : -0.1550 +0.0000j
Normal termination of quket at 2021-02-27 18:39:40.177440
