///////////////////////////////////////////////////////////////////////////////////
///                                                                             ///
///                                                                             ///
///              QQQ       UUU  UUU    KKK   KK    EEEEEEE    TTTTTTT           ///
///             Q   Q       u    U      K   K       E    E    T  T  T           ///
///            Q     Q      U    U      K  K        E  E         T              ///
///            Q     Q      U    U      KKK         EEEE         T              ///
///            Q QQQ Q      U    U      K  K        E  E         T              ///
///             Q   Q       U    U      K   K       E    E       T              ///
///              QQQ QQ      UUUU      KKK   KK    EEEEEEE      TTT             ///
///                                                                             ///
///                      Quantum Computing Simulator Ver 0.4 dev                ///
///                                                                             ///
///        Copyright 2019-2021                                                  ///
///        QC Project Team, Ten-no Research Group                               ///
///        All rights Reserved.                                                 ///
///                                                                             ///
///////////////////////////////////////////////////////////////////////////////////
Start at 2021-02-27 16:37:49.301636
+-------------+
|  Job #   1  |
+-------------+
8 processes  x  1 threads  =  Total 8 cores
Performing QITE for heisenberg Hamiltonian
Initial configuration: |0101>
Convergence criteria:  ftol = 1E-09 
QITE: Pauli operator group size = 22
      Unique sigma list = 117
  0.00:  E  = -1.333333333334  <S**2> = 0.000000000000000  CPU Time =  0.00
  0.10:  E  = -1.973574423142  <S**2> = 0.000000000000000  CPU Time =  0.00
  0.20:  E  = -2.376331296618  <S**2> = 0.000000000000000  CPU Time =  0.00
  0.30:  E  = -2.650823990689  <S**2> = 0.000000000000000  CPU Time =  0.00
  0.40:  E  = -2.845417598579  <S**2> = 0.000000000000000  CPU Time =  0.00
  0.50:  E  = -2.986812661098  <S**2> = 0.000000000000000  CPU Time =  0.00
  0.60:  E  = -3.089832516697  <S**2> = 0.000000000000000  CPU Time =  0.00
  0.70:  E  = -3.164104131328  <S**2> = 0.000000000000000  CPU Time =  0.00
  0.80:  E  = -3.216848458744  <S**2> = 0.000000000000000  CPU Time =  0.00
  0.90:  E  = -3.253762487596  <S**2> = 0.000000000000000  CPU Time =  0.00
  1.00:  E  = -3.279286786978  <S**2> = 0.000000000000000  CPU Time =  0.00
  1.10:  E  = -3.296773297657  <S**2> = 0.000000000000000  CPU Time =  0.00
  1.20:  E  = -3.308672868927  <S**2> = 0.000000000000000  CPU Time =  0.00
  1.30:  E  = -3.316732147835  <S**2> = 0.000000000000000  CPU Time =  0.00
  1.40:  E  = -3.322172560382  <S**2> = 0.000000000000000  CPU Time =  0.00
  1.50:  E  = -3.325836854828  <S**2> = 0.000000000000000  CPU Time =  0.00
  1.60:  E  = -3.328301118313  <S**2> = 0.000000000000000  CPU Time =  0.00
  1.70:  E  = -3.329956656439  <S**2> = 0.000000000000000  CPU Time =  0.00
  1.80:  E  = -3.331068118491  <S**2> = 0.000000000000000  CPU Time =  0.00
  1.90:  E  = -3.331813973137  <S**2> = 0.000000000000000  CPU Time =  0.00
  2.00:  E  = -3.332314337360  <S**2> = 0.000000000000000  CPU Time =  0.00
  2.10:  E  = -3.332649949242  <S**2> = 0.000000000000000  CPU Time =  0.00
  2.20:  E  = -3.332875030493  <S**2> = 0.000000000000000  CPU Time =  0.00
  2.30:  E  = -3.333025973960  <S**2> = 0.000000000000000  CPU Time =  0.00
  2.40:  E  = -3.333127196669  <S**2> = 0.000000000000000  CPU Time =  0.00
  2.50:  E  = -3.333195076637  <S**2> = 0.000000000000000  CPU Time =  0.00
  2.60:  E  = -3.333240597873  <S**2> = 0.000000000000000  CPU Time =  0.00
  2.70:  E  = -3.333271126145  <S**2> = 0.000000000000000  CPU Time =  0.00
  2.80:  E  = -3.333291600598  <S**2> = 0.000000000000000  CPU Time =  0.00
  2.90:  E  = -3.333305333108  <S**2> = 0.000000000000000  CPU Time =  0.00
  3.00:  E  = -3.333314544403  <S**2> = 0.000000000000000  CPU Time =  0.00
  3.10:  E  = -3.333320723576  <S**2> = 0.000000000000000  CPU Time =  0.00
  3.20:  E  = -3.333324869156  <S**2> = 0.000000000000000  CPU Time =  0.00
  3.30:  E  = -3.333327650740  <S**2> = 0.000000000000000  CPU Time =  0.00
  3.40:  E  = -3.333329517372  <S**2> = 0.000000000000000  CPU Time =  0.00
  3.50:  E  = -3.333330770206  <S**2> = 0.000000000000000  CPU Time =  0.00
  3.60:  E  = -3.333331611226  <S**2> = 0.000000000000000  CPU Time =  0.00
  3.70:  E  = -3.333332175912  <S**2> = 0.000000000000000  CPU Time =  0.00
  3.80:  E  = -3.333332555149  <S**2> = 0.000000000000000  CPU Time =  0.00
  3.90:  E  = -3.333332809907  <S**2> = 0.000000000000000  CPU Time =  0.00
  4.00:  E  = -3.333332981096  <S**2> = 0.000000000000000  CPU Time =  0.00
  4.10:  E  = -3.333333096169  <S**2> = 0.000000000000000  CPU Time =  0.00
  4.20:  E  = -3.333333173551  <S**2> = 0.000000000000000  CPU Time =  0.00
  4.30:  E  = -3.333333225611  <S**2> = 0.000000000000000  CPU Time =  0.00
  4.40:  E  = -3.333333260652  <S**2> = 0.000000000000000  CPU Time =  0.00
  4.50:  E  = -3.333333284252  <S**2> = 0.000000000000000  CPU Time =  0.00
  4.60:  E  = -3.333333300156  <S**2> = 0.000000000000000  CPU Time =  0.00
  4.70:  E  = -3.333333310881  <S**2> = 0.000000000000000  CPU Time =  0.00
  4.80:  E  = -3.333333318121  <S**2> = 0.000000000000000  CPU Time =  0.00
  4.90:  E  = -3.333333323012  <S**2> = 0.000000000000000  CPU Time =  0.00
  5.00:  E  = -3.333333326319  <S**2> = 0.000000000000000  CPU Time =  0.00
  5.10:  E  = -3.333333328559  <S**2> = 0.000000000000000  CPU Time =  0.00
  5.20:  E  = -3.333333330077  <S**2> = 0.000000000000000  CPU Time =  0.00
  5.30:  E  = -3.333333331108  <S**2> = 0.000000000000000  CPU Time =  0.00
  5.40:  E  = -3.333333331809  <S**2> = 0.000000000000000  CPU Time =  0.00
QITE
 Basis       Coef
|0011> : -0.2887 +0.0000j
|0101> : +0.5774 +0.0000j
|0110> : -0.2887 +0.0000j
|1001> : -0.2887 +0.0000j
|1010> : +0.5773 +0.0000j
|1100> : -0.2887 +0.0000j
Normal termination of quket at 2021-02-27 16:37:49.510197
