///////////////////////////////////////////////////////////////////////////////////
///                                                                             ///
///                                                                             ///
///              QQQ       UUU  UUU    KKK   KK    EEEEEEE    TTTTTTT           ///
///             Q   Q       u    U      K   K       E    E    T  T  T           ///
///            Q     Q      U    U      K  K        E  E         T              ///
///            Q     Q      U    U      KKK         EEEE         T              ///
///            Q QQQ Q      U    U      K  K        E  E         T              ///
///             Q   Q       U    U      K   K       E    E       T              ///
///              QQQ QQ      UUUU      KKK   KK    EEEEEEE      TTT             ///
///                                                                             ///
///                      Quantum Computing Simulator Ver 0.4 dev                ///
///                                                                             ///
///        Copyright 2019-2021                                                  ///
///        QC Project Team, Ten-no Research Group                               ///
///        All rights Reserved.                                                 ///
///                                                                             ///
///////////////////////////////////////////////////////////////////////////////////
Start at 2021-02-27 16:37:45.852994
+-------------+
|  Job #   1  |
+-------------+
8 processes  x  1 threads  =  Total 8 cores
Performing QITE for heisenberg Hamiltonian
Initial configuration: |0101>
Convergence criteria:  ftol = 1E-09 
QITE: Pauli operator group size = 0
  0.00:  E  = -1.333333333334  <S**2> = 0.000000000000000  CPU Time =  0.00
  0.10:  E  = -1.981552975961  <S**2> = 0.000000000000000  CPU Time =  0.00
  0.20:  E  = -2.391036261990  <S**2> = 0.000000000000000  CPU Time =  0.00
  0.30:  E  = -2.660808398680  <S**2> = 0.000000000000000  CPU Time =  0.00
  0.40:  E  = -2.851008729597  <S**2> = 0.000000000000000  CPU Time =  0.00
  0.50:  E  = -2.990011971616  <S**2> = 0.000000000000000  CPU Time =  0.00
  0.60:  E  = -3.091885347245  <S**2> = 0.000000000000000  CPU Time =  0.00
  0.70:  E  = -3.165551631268  <S**2> = 0.000000000000000  CPU Time =  0.00
  0.80:  E  = -3.217905107247  <S**2> = 0.000000000000000  CPU Time =  0.00
  0.90:  E  = -3.254531509825  <S**2> = 0.000000000000000  CPU Time =  0.00
  1.00:  E  = -3.279837854084  <S**2> = 0.000000000000000  CPU Time =  0.00
  1.10:  E  = -3.297161928162  <S**2> = 0.000000000000000  CPU Time =  0.00
  1.20:  E  = -3.308943509869  <S**2> = 0.000000000000000  CPU Time =  0.00
  1.30:  E  = -3.316918964145  <S**2> = 0.000000000000000  CPU Time =  0.00
  1.40:  E  = -3.322300786020  <S**2> = 0.000000000000000  CPU Time =  0.00
  1.50:  E  = -3.325924577851  <S**2> = 0.000000000000000  CPU Time =  0.00
  1.60:  E  = -3.328361040372  <S**2> = 0.000000000000000  CPU Time =  0.00
  1.70:  E  = -3.329997576660  <S**2> = 0.000000000000000  CPU Time =  0.00
  1.80:  E  = -3.331096080105  <S**2> = 0.000000000000000  CPU Time =  0.00
  1.90:  E  = -3.331833104839  <S**2> = 0.000000000000000  CPU Time =  0.00
  2.00:  E  = -3.332327451487  <S**2> = 0.000000000000000  CPU Time =  0.00
  2.10:  E  = -3.332658958792  <S**2> = 0.000000000000000  CPU Time =  0.00
  2.20:  E  = -3.332881236315  <S**2> = 0.000000000000000  CPU Time =  0.00
  2.30:  E  = -3.333030261057  <S**2> = 0.000000000000000  CPU Time =  0.00
  2.40:  E  = -3.333130167763  <S**2> = 0.000000000000000  CPU Time =  0.00
  2.50:  E  = -3.333197142818  <S**2> = 0.000000000000000  CPU Time =  0.00
  2.60:  E  = -3.333242040052  <S**2> = 0.000000000000000  CPU Time =  0.00
  2.70:  E  = -3.333272136696  <S**2> = 0.000000000000000  CPU Time =  0.00
  2.80:  E  = -3.333292311587  <S**2> = 0.000000000000000  CPU Time =  0.00
  2.90:  E  = -3.333305835449  <S**2> = 0.000000000000000  CPU Time =  0.00
  3.00:  E  = -3.333314900867  <S**2> = 0.000000000000000  CPU Time =  0.00
  3.10:  E  = -3.333320977644  <S**2> = 0.000000000000000  CPU Time =  0.00
  3.20:  E  = -3.333325051051  <S**2> = 0.000000000000000  CPU Time =  0.00
  3.30:  E  = -3.333327781546  <S**2> = 0.000000000000000  CPU Time =  0.00
  3.40:  E  = -3.333329611856  <S**2> = 0.000000000000000  CPU Time =  0.00
  3.50:  E  = -3.333330838751  <S**2> = 0.000000000000000  CPU Time =  0.00
  3.60:  E  = -3.333331661164  <S**2> = 0.000000000000000  CPU Time =  0.00
  3.70:  E  = -3.333332212445  <S**2> = 0.000000000000000  CPU Time =  0.00
  3.80:  E  = -3.333332581979  <S**2> = 0.000000000000000  CPU Time =  0.00
  3.90:  E  = -3.333332829686  <S**2> = 0.000000000000000  CPU Time =  0.00
  4.00:  E  = -3.333332995729  <S**2> = 0.000000000000000  CPU Time =  0.00
  4.10:  E  = -3.333333107030  <S**2> = 0.000000000000000  CPU Time =  0.00
  4.20:  E  = -3.333333181638  <S**2> = 0.000000000000000  CPU Time =  0.00
  4.30:  E  = -3.333333231649  <S**2> = 0.000000000000000  CPU Time =  0.00
  4.40:  E  = -3.333333265173  <S**2> = 0.000000000000000  CPU Time =  0.00
  4.50:  E  = -3.333333287644  <S**2> = 0.000000000000000  CPU Time =  0.00
  4.60:  E  = -3.333333302707  <S**2> = 0.000000000000000  CPU Time =  0.00
  4.70:  E  = -3.333333312804  <S**2> = 0.000000000000000  CPU Time =  0.00
  4.80:  E  = -3.333333319572  <S**2> = 0.000000000000000  CPU Time =  0.00
  4.90:  E  = -3.333333324109  <S**2> = 0.000000000000000  CPU Time =  0.00
  5.00:  E  = -3.333333327151  <S**2> = 0.000000000000000  CPU Time =  0.00
  5.10:  E  = -3.333333329189  <S**2> = 0.000000000000000  CPU Time =  0.00
  5.20:  E  = -3.333333330556  <S**2> = 0.000000000000000  CPU Time =  0.00
  5.30:  E  = -3.333333331472  <S**2> = 0.000000000000000  CPU Time =  0.00
QITE
 Basis       Coef
|0011> : -0.2887 +0.0000j
|0101> : +0.5774 +0.0000j
|0110> : -0.2887 +0.0000j
|1001> : -0.2887 +0.0000j
|1010> : +0.5773 +0.0000j
|1100> : -0.2887 +0.0000j
Normal termination of quket at 2021-02-27 16:37:45.976139
