///////////////////////////////////////////////////////////////////////////////////
///                                                                             ///
///                                                                             ///
///              QQQ       UUU  UUU    KKK   KK    EEEEEEE    TTTTTTT           ///
///             Q   Q       u    U      K   K       E    E    T  T  T           ///
///            Q     Q      U    U      K  K        E  E         T              ///
///            Q     Q      U    U      KKK         EEEE         T              ///
///            Q QQQ Q      U    U      K  K        E  E         T              ///
///             Q   Q       U    U      K   K       E    E       T              ///
///              QQQ QQ      UUUU      KKK   KK    EEEEEEE      TTT             ///
///                                                                             ///
///                      Quantum Computing Simulator Ver 0.4 dev                ///
///                                                                             ///
///        Copyright 2019-2021                                                  ///
///        QC Project Team, Ten-no Research Group                               ///
///        All rights Reserved.                                                 ///
///                                                                             ///
///////////////////////////////////////////////////////////////////////////////////
Start at 2021-02-27 16:42:14.441813
+-------------+
|  Job #   1  |
+-------------+
8 processes  x  2 threads  =  Total 16 cores

 *** Geometry **************************
  N       0.0000     0.0000     0.0000
  N       0.0000     0.0000     1.6000
 ***************************************

E[FCI] = -107.51339505094948
E[HF]  = -107.1848464607998

Performing QITE for chemical Hamiltonian
Initial configuration: |000000111111>
Convergence criteria:  ftol = 1E-09 
QITE: Pauli operator group size = 544
      Unique sigma list = 46033
  0.00:  E  = -107.184846460800  <S**2> = 0.000000000000000  CPU Time =  0.01
  0.10:  E  = -107.261919847001  <S**2> = 0.000000000273360  CPU Time =  1.50
  0.20:  E  = -107.316549685560  <S**2> = 0.000000001478900  CPU Time =  1.79
  0.30:  E  = -107.353689801236  <S**2> = 0.000251242322562  CPU Time =  1.80
  0.40:  E  = -107.380091593594  <S**2> = 0.000180522965839  CPU Time =  1.81
  0.50:  E  = -107.401674682662  <S**2> = 0.000340915219509  CPU Time =  1.79
  0.60:  E  = -107.419737536464  <S**2> = 0.000619319379646  CPU Time =  1.79
  0.70:  E  = -107.433922005953  <S**2> = 0.000811973240505  CPU Time =  1.79
  0.80:  E  = -107.444910520895  <S**2> = 0.000923249086499  CPU Time =  1.78
  0.90:  E  = -107.453390177835  <S**2> = 0.000980079115620  CPU Time =  1.78
  1.00:  E  = -107.460032603189  <S**2> = 0.001022450134743  CPU Time =  1.79
  1.10:  E  = -107.465529633193  <S**2> = 0.001055282967262  CPU Time =  1.79
  1.20:  E  = -107.470088890480  <S**2> = 0.001075607533259  CPU Time =  1.79
  1.30:  E  = -107.473877725913  <S**2> = 0.001092024574727  CPU Time =  1.84
  1.40:  E  = -107.477031247087  <S**2> = 0.001108110455295  CPU Time =  1.80
  1.50:  E  = -107.479598983856  <S**2> = 0.001113839905130  CPU Time =  1.79
  1.60:  E  = -107.479146851471  <S**2> = 0.002619650266419  CPU Time =  1.79
  1.70:  E  = -107.480955862087  <S**2> = 0.002705323789631  CPU Time =  1.79
  1.80:  E  = -107.483127401702  <S**2> = 0.002616463114397  CPU Time =  1.78
  1.90:  E  = -107.485150629776  <S**2> = 0.002521337582384  CPU Time =  1.79
  2.00:  E  = -107.486997028472  <S**2> = 0.002397108040472  CPU Time =  1.79
  2.10:  E  = -107.488682742429  <S**2> = 0.002256872894274  CPU Time =  1.78
  2.20:  E  = -107.490224302356  <S**2> = 0.002111114901558  CPU Time =  1.79
  2.30:  E  = -107.491640133261  <S**2> = 0.001967161644199  CPU Time =  1.79
  2.40:  E  = -107.492949023227  <S**2> = 0.001830987291099  CPU Time =  1.79
  2.50:  E  = -107.494165234685  <S**2> = 0.001706640244636  CPU Time =  1.79
  2.60:  E  = -107.495295489106  <S**2> = 0.001595000393043  CPU Time =  1.79
  2.70:  E  = -107.496341284243  <S**2> = 0.001493774970215  CPU Time =  1.80
  2.80:  E  = -107.497304025702  <S**2> = 0.001399399176629  CPU Time =  1.79
  2.90:  E  = -107.498157928733  <S**2> = 0.001298918783407  CPU Time =  1.81
  3.00:  E  = -107.498950324796  <S**2> = 0.001206042150630  CPU Time =  1.79
  3.10:  E  = -107.499687080903  <S**2> = 0.001120234187826  CPU Time =  1.78
  3.20:  E  = -107.500373415028  <S**2> = 0.001041189602189  CPU Time =  1.79
  3.30:  E  = -107.501013989503  <S**2> = 0.000968649991687  CPU Time =  1.79
  3.40:  E  = -107.501612937319  <S**2> = 0.000902345683550  CPU Time =  1.79
  3.50:  E  = -107.502173895869  <S**2> = 0.000841997905796  CPU Time =  1.80
  3.60:  E  = -107.502700062639  <S**2> = 0.000787341913493  CPU Time =  1.79
  3.70:  E  = -107.503194267710  <S**2> = 0.000738152911084  CPU Time =  1.79
  3.80:  E  = -107.503659055942  <S**2> = 0.000694268328047  CPU Time =  1.79
  3.90:  E  = -107.504096773898  <S**2> = 0.000655604809100  CPU Time =  1.79
  4.00:  E  = -107.504509656529  <S**2> = 0.000622169445384  CPU Time =  1.80
  4.10:  E  = -107.504899904528  <S**2> = 0.000594064774517  CPU Time =  1.81
  4.20:  E  = -107.505270145333  <S**2> = 0.000570857198669  CPU Time =  1.80
  4.30:  E  = -107.505623375009  <S**2> = 0.000553310616247  CPU Time =  1.80
  4.40:  E  = -107.505962784932  <S**2> = 0.000541388316032  CPU Time =  1.79
  4.50:  E  = -107.506291403019  <S**2> = 0.000534689209700  CPU Time =  1.80
  4.60:  E  = -107.506611278549  <S**2> = 0.000532332167419  CPU Time =  1.78
  4.70:  E  = -107.506922842829  <S**2> = 0.000532999106396  CPU Time =  1.80
  4.80:  E  = -107.507224967565  <S**2> = 0.000535015683316  CPU Time =  1.78
  4.90:  E  = -107.507515576536  <S**2> = 0.000536398967113  CPU Time =  1.79
  5.00:  E  = -107.507792553261  <S**2> = 0.000535112988308  CPU Time =  1.78
  5.10:  E  = -107.508047715611  <S**2> = 0.000512067964523  CPU Time =  1.79
  5.20:  E  = -107.508289873368  <S**2> = 0.000489536092088  CPU Time =  1.79
  5.30:  E  = -107.508519763481  <S**2> = 0.000467590414264  CPU Time =  1.80
  5.40:  E  = -107.508737909702  <S**2> = 0.000446138230323  CPU Time =  1.80
  5.50:  E  = -107.508944652929  <S**2> = 0.000424701156634  CPU Time =  1.79
  5.60:  E  = -107.509140752993  <S**2> = 0.000405341983901  CPU Time =  1.79
  5.70:  E  = -107.509326907504  <S**2> = 0.000387082261366  CPU Time =  1.79
  5.80:  E  = -107.509503771607  <S**2> = 0.000369918627602  CPU Time =  1.79
  5.90:  E  = -107.509671932008  <S**2> = 0.000353845248944  CPU Time =  1.80
  6.00:  E  = -107.509831928201  <S**2> = 0.000338861015849  CPU Time =  1.79
  6.10:  E  = -107.509984256352  <S**2> = 0.000324967498844  CPU Time =  1.78
  6.20:  E  = -107.510129372700  <S**2> = 0.000312167261569  CPU Time =  1.79
  6.30:  E  = -107.510267696787  <S**2> = 0.000300462630865  CPU Time =  1.79
  6.40:  E  = -107.510399614753  <S**2> = 0.000289854876523  CPU Time =  1.80
  6.50:  E  = -107.510525482812  <S**2> = 0.000280343684141  CPU Time =  1.80
  6.60:  E  = -107.510645630882  <S**2> = 0.000271926769365  CPU Time =  1.79
  6.70:  E  = -107.510760366332  <S**2> = 0.000264599467653  CPU Time =  1.79
  6.80:  E  = -107.510869977848  <S**2> = 0.000258354133777  CPU Time =  1.79
  6.90:  E  = -107.510974739593  <S**2> = 0.000253179180232  CPU Time =  1.78
  7.00:  E  = -107.511074915820  <S**2> = 0.000249057540710  CPU Time =  1.79
  7.10:  E  = -107.511170766046  <S**2> = 0.000245964237622  CPU Time =  1.79
  7.20:  E  = -107.511262550525  <S**2> = 0.000243862571088  CPU Time =  1.79
  7.30:  E  = -107.511350535222  <S**2> = 0.000242698328625  CPU Time =  1.82
  7.40:  E  = -107.511434994836  <S**2> = 0.000242391583953  CPU Time =  1.79
  7.50:  E  = -107.511516211765  <S**2> = 0.000242826501140  CPU Time =  1.78
  7.60:  E  = -107.511593236387  <S**2> = 0.000242283906183  CPU Time =  1.79
  7.70:  E  = -107.511666581404  <S**2> = 0.000242570704653  CPU Time =  1.79
  7.80:  E  = -107.511736556276  <S**2> = 0.000243588004763  CPU Time =  1.79
  7.90:  E  = -107.511803551407  <S**2> = 0.000245162233213  CPU Time =  1.79
  8.00:  E  = -107.511867925209  <S**2> = 0.000247101396548  CPU Time =  1.80
  8.10:  E  = -107.511929914143  <S**2> = 0.000249254099488  CPU Time =  1.79
  8.20:  E  = -107.511991845402  <S**2> = 0.000242813527083  CPU Time =  1.79
  8.30:  E  = -107.512050679023  <S**2> = 0.000236589436241  CPU Time =  1.79
  8.40:  E  = -107.512106503499  <S**2> = 0.000230525064237  CPU Time =  1.80
  8.50:  E  = -107.512159416018  <S**2> = 0.000224587078698  CPU Time =  1.79
  8.60:  E  = -107.512209528075  <S**2> = 0.000218759074577  CPU Time =  1.79
  8.70:  E  = -107.512256963919  <S**2> = 0.000213035554809  CPU Time =  1.80
  8.80:  E  = -107.512301856020  <S**2> = 0.000207417236997  CPU Time =  1.79
  8.90:  E  = -107.512344340130  <S**2> = 0.000201907807226  CPU Time =  1.79
  9.00:  E  = -107.512384551148  <S**2> = 0.000196511885871  CPU Time =  1.79
  9.10:  E  = -107.512422620142  <S**2> = 0.000191233873197  CPU Time =  1.80
  9.20:  E  = -107.512458672445  <S**2> = 0.000186077375026  CPU Time =  1.79
  9.30:  E  = -107.512492826614  <S**2> = 0.000181044981814  CPU Time =  1.79
  9.40:  E  = -107.512525194007  <S**2> = 0.000176138247146  CPU Time =  1.78
  9.50:  E  = -107.512555878756  <S**2> = 0.000171357767986  CPU Time =  1.79
  9.60:  E  = -107.512584977995  <S**2> = 0.000166703308755  CPU Time =  1.79
  9.70:  E  = -107.512612582232  <S**2> = 0.000162173936627  CPU Time =  1.79
  9.80:  E  = -107.512638775779  <S**2> = 0.000157768151383  CPU Time =  1.79
  9.90:  E  = -107.512663637213  <S**2> = 0.000153484002117  CPU Time =  1.80
 10.00:  E  = -107.512687239824  <S**2> = 0.000149319188245  CPU Time =  1.78
 10.10:  E  = -107.512709652047  <S**2> = 0.000145271145051  CPU Time =  1.80
 10.20:  E  = -107.512730937863  <S**2> = 0.000141337114985  CPU Time =  1.79
 10.30:  E  = -107.512751157163  <S**2> = 0.000137514206540  CPU Time =  1.79
 10.40:  E  = -107.512770366083  <S**2> = 0.000133799442598  CPU Time =  1.79
 10.50:  E  = -107.512788617316  <S**2> = 0.000130189799831  CPU Time =  1.79
 10.60:  E  = -107.512805960375  <S**2> = 0.000126682240743  CPU Time =  1.78
 10.70:  E  = -107.512822441852  <S**2> = 0.000123273739464  CPU Time =  1.80
 10.80:  E  = -107.512838105632  <S**2> = 0.000119961302440  CPU Time =  1.79
 10.90:  E  = -107.512852993104  <S**2> = 0.000116741984764  CPU Time =  1.78
 11.00:  E  = -107.512867143339  <S**2> = 0.000113612902922  CPU Time =  1.79
 11.10:  E  = -107.512880593253  <S**2> = 0.000110571244492  CPU Time =  1.79
 11.20:  E  = -107.512893377765  <S**2> = 0.000107614275292  CPU Time =  1.78
 11.30:  E  = -107.512905529923  <S**2> = 0.000104739344342  CPU Time =  1.80
 11.40:  E  = -107.512917081032  <S**2> = 0.000101943887094  CPU Time =  1.81
 11.50:  E  = -107.512928060769  <S**2> = 0.000099225427094  CPU Time =  1.80
 11.60:  E  = -107.512938497281  <S**2> = 0.000096581576436  CPU Time =  1.79
 11.70:  E  = -107.512948417280  <S**2> = 0.000094010035165  CPU Time =  1.79
 11.80:  E  = -107.512957846129  <S**2> = 0.000091508589918  CPU Time =  1.78
 11.90:  E  = -107.512966807920  <S**2> = 0.000089075111864  CPU Time =  1.79
 12.00:  E  = -107.512975325551  <S**2> = 0.000086707554146  CPU Time =  1.80
 12.10:  E  = -107.512983420786  <S**2> = 0.000084403949002  CPU Time =  1.80
 12.20:  E  = -107.512991114319  <S**2> = 0.000082162404580  CPU Time =  1.79
 12.30:  E  = -107.512998425835  <S**2> = 0.000079981101612  CPU Time =  1.79
 12.40:  E  = -107.513005374059  <S**2> = 0.000077858290017  CPU Time =  1.79
 12.50:  E  = -107.513011976807  <S**2> = 0.000075792285459  CPU Time =  1.79
 12.60:  E  = -107.513018251032  <S**2> = 0.000073781465982  CPU Time =  1.79
 12.70:  E  = -107.513024212868  <S**2> = 0.000071824268691  CPU Time =  1.79
 12.80:  E  = -107.513029877669  <S**2> = 0.000069919186587  CPU Time =  1.79
 12.90:  E  = -107.513035260050  <S**2> = 0.000068064765486  CPU Time =  1.79
 13.00:  E  = -107.513040373918  <S**2> = 0.000066259601160  CPU Time =  1.80
 13.10:  E  = -107.513045232512  <S**2> = 0.000064502336612  CPU Time =  1.79
 13.20:  E  = -107.513049848430  <S**2> = 0.000062791659523  CPU Time =  1.78
 13.30:  E  = -107.513054233662  <S**2> = 0.000061126299882  CPU Time =  1.79
 13.40:  E  = -107.513058399617  <S**2> = 0.000059505027797  CPU Time =  1.79
 13.50:  E  = -107.513062357152  <S**2> = 0.000057926651464  CPU Time =  1.78
 13.60:  E  = -107.513066116599  <S**2> = 0.000056390015293  CPU Time =  1.79
 13.70:  E  = -107.513069687785  <S**2> = 0.000054893998210  CPU Time =  1.79
 13.80:  E  = -107.513073080059  <S**2> = 0.000053437512066  CPU Time =  1.79
 13.90:  E  = -107.513076302317  <S**2> = 0.000052019500207  CPU Time =  1.79
 14.00:  E  = -107.513079363018  <S**2> = 0.000050638936152  CPU Time =  1.80
 14.10:  E  = -107.513082270207  <S**2> = 0.000049294822373  CPU Time =  1.79
 14.20:  E  = -107.513085031535  <S**2> = 0.000047986189196  CPU Time =  1.79
 14.30:  E  = -107.513087654277  <S**2> = 0.000046712093755  CPU Time =  1.79
 14.40:  E  = -107.513090145349  <S**2> = 0.000045471619081  CPU Time =  1.78
 14.50:  E  = -107.513092511329  <S**2> = 0.000044263873188  CPU Time =  1.79
 14.60:  E  = -107.513094758468  <S**2> = 0.000043087988290  CPU Time =  1.79
 14.70:  E  = -107.513096892707  <S**2> = 0.000041943120022  CPU Time =  1.79
 14.80:  E  = -107.513098919694  <S**2> = 0.000040828446735  CPU Time =  1.79
 14.90:  E  = -107.513100844797  <S**2> = 0.000039743168846  CPU Time =  1.79
 15.00:  E  = -107.513102673118  <S**2> = 0.000038686508174  CPU Time =  1.79
 15.10:  E  = -107.513104409503  <S**2> = 0.000037657707342  CPU Time =  1.80
 15.20:  E  = -107.513106058559  <S**2> = 0.000036656029230  CPU Time =  1.79
 15.30:  E  = -107.513107624662  <S**2> = 0.000035680756382  CPU Time =  1.81
 15.40:  E  = -107.513109111970  <S**2> = 0.000034731190545  CPU Time =  1.82
 15.50:  E  = -107.513110524435  <S**2> = 0.000033806652071  CPU Time =  1.78
 15.60:  E  = -107.513111865809  <S**2> = 0.000032906479505  CPU Time =  1.79
 15.70:  E  = -107.513113139658  <S**2> = 0.000032030029057  CPU Time =  1.78
 15.80:  E  = -107.513114349370  <S**2> = 0.000031176674170  CPU Time =  1.80
 15.90:  E  = -107.513115498161  <S**2> = 0.000030345805035  CPU Time =  1.79
 16.00:  E  = -107.513116589089  <S**2> = 0.000029536828193  CPU Time =  1.81
 16.10:  E  = -107.513117625056  <S**2> = 0.000028749166074  CPU Time =  1.79
 16.20:  E  = -107.513118608820  <S**2> = 0.000027982256600  CPU Time =  1.79
 16.30:  E  = -107.513119543002  <S**2> = 0.000027235552752  CPU Time =  1.78
 16.40:  E  = -107.513120430088  <S**2> = 0.000026508522211  CPU Time =  1.79
 16.50:  E  = -107.513121272443  <S**2> = 0.000025800646920  CPU Time =  1.78
 16.60:  E  = -107.513122072312  <S**2> = 0.000025111422745  CPU Time =  1.78
 16.70:  E  = -107.513122831825  <S**2> = 0.000024440359087  CPU Time =  1.78
 16.80:  E  = -107.513123553010  <S**2> = 0.000023786978509  CPU Time =  1.78
 16.90:  E  = -107.513124237788  <S**2> = 0.000023150816403  CPU Time =  1.78
 17.00:  E  = -107.513124887987  <S**2> = 0.000022531420620  CPU Time =  1.78
 17.10:  E  = -107.513125505343  <S**2> = 0.000021928351156  CPU Time =  1.81
 17.20:  E  = -107.513126091503  <S**2> = 0.000021341179803  CPU Time =  1.79
 17.30:  E  = -107.513126648034  <S**2> = 0.000020769489838  CPU Time =  1.79
 17.40:  E  = -107.513127176422  <S**2> = 0.000020212875696  CPU Time =  1.80
 17.50:  E  = -107.513127678079  <S**2> = 0.000019670942686  CPU Time =  1.80
 17.60:  E  = -107.513128154348  <S**2> = 0.000019143306679  CPU Time =  1.79
 17.70:  E  = -107.513128606501  <S**2> = 0.000018629593818  CPU Time =  1.79
 17.80:  E  = -107.513129035751  <S**2> = 0.000018129440220  CPU Time =  1.79
 17.90:  E  = -107.513129443245  <S**2> = 0.000017642491739  CPU Time =  1.79
 18.00:  E  = -107.513129830077  <S**2> = 0.000017168403669  CPU Time =  1.79
 18.10:  E  = -107.513130197284  <S**2> = 0.000016706840486  CPU Time =  1.79
 18.20:  E  = -107.513130545850  <S**2> = 0.000016257475598  CPU Time =  1.79
 18.30:  E  = -107.513130876712  <S**2> = 0.000015819991106  CPU Time =  1.79
 18.40:  E  = -107.513131190759  <S**2> = 0.000015394077542  CPU Time =  1.79
 18.50:  E  = -107.513131488834  <S**2> = 0.000014979433671  CPU Time =  1.79
 18.60:  E  = -107.513131771742  <S**2> = 0.000014575766215  CPU Time =  1.79
 18.70:  E  = -107.513132040242  <S**2> = 0.000014182789690  CPU Time =  1.79
 18.80:  E  = -107.513132295059  <S**2> = 0.000013800226145  CPU Time =  1.79
 18.90:  E  = -107.513132536881  <S**2> = 0.000013427804967  CPU Time =  1.78
 19.00:  E  = -107.513132766361  <S**2> = 0.000013065262696  CPU Time =  1.79
 19.10:  E  = -107.513132984119  <S**2> = 0.000012712342808  CPU Time =  1.79
 19.20:  E  = -107.513133190744  <S**2> = 0.000012368795536  CPU Time =  1.79
 19.30:  E  = -107.513133386797  <S**2> = 0.000012034377677  CPU Time =  1.79
 19.40:  E  = -107.513133572809  <S**2> = 0.000011708852412  CPU Time =  1.80
 19.50:  E  = -107.513133749285  <S**2> = 0.000011391989150  CPU Time =  1.79
 19.60:  E  = -107.513133916706  <S**2> = 0.000011083563316  CPU Time =  1.79
 19.70:  E  = -107.513134075528  <S**2> = 0.000010783356240  CPU Time =  1.79
 19.80:  E  = -107.513134226183  <S**2> = 0.000010491154954  CPU Time =  1.80
 19.90:  E  = -107.513134369082  <S**2> = 0.000010206752051  CPU Time =  1.80
 20.00:  E  = -107.513134504618  <S**2> = 0.000009929945544  CPU Time =  1.79
 20.10:  E  = -107.513134633161  <S**2> = 0.000009660538707  CPU Time =  1.79
 20.20:  E  = -107.513134755064  <S**2> = 0.000009398339931  CPU Time =  1.78
 20.30:  E  = -107.513134870662  <S**2> = 0.000009143162595  CPU Time =  1.79
 20.40:  E  = -107.513134980273  <S**2> = 0.000008894824925  CPU Time =  1.79
 20.50:  E  = -107.513135084200  <S**2> = 0.000008653149870  CPU Time =  1.78
 20.60:  E  = -107.513135182730  <S**2> = 0.000008417964966  CPU Time =  1.80
 20.70:  E  = -107.513135276136  <S**2> = 0.000008189102220  CPU Time =  1.80
 20.80:  E  = -107.513135364677  <S**2> = 0.000007966397988  CPU Time =  1.81
 20.90:  E  = -107.513135448599  <S**2> = 0.000007749692850  CPU Time =  1.78
 21.00:  E  = -107.513135528137  <S**2> = 0.000007538831518  CPU Time =  1.79
 21.10:  E  = -107.513135603512  <S**2> = 0.000007333662713  CPU Time =  1.80
 21.20:  E  = -107.513135674936  <S**2> = 0.000007134039052  CPU Time =  1.80
 21.30:  E  = -107.513135742609  <S**2> = 0.000006939816952  CPU Time =  1.79
 21.40:  E  = -107.513135806721  <S**2> = 0.000006750856541  CPU Time =  1.79
 21.50:  E  = -107.513135867455  <S**2> = 0.000006567021532  CPU Time =  1.79
 21.60:  E  = -107.513135924981  <S**2> = 0.000006388179165  CPU Time =  1.80
 21.70:  E  = -107.513135979462  <S**2> = 0.000006214200069  CPU Time =  1.79
 21.80:  E  = -107.513136031055  <S**2> = 0.000006044958214  CPU Time =  1.79
 21.90:  E  = -107.513136079905  <S**2> = 0.000005880330807  CPU Time =  1.79
 22.00:  E  = -107.513136126154  <S**2> = 0.000005720198189  CPU Time =  1.80
 22.10:  E  = -107.513136169933  <S**2> = 0.000005564443796  CPU Time =  1.81
 22.20:  E  = -107.513136211370  <S**2> = 0.000005412954031  CPU Time =  1.81
 22.30:  E  = -107.513136250584  <S**2> = 0.000005265618225  CPU Time =  1.79
 22.40:  E  = -107.513136287689  <S**2> = 0.000005122328525  CPU Time =  1.79
 22.50:  E  = -107.513136322793  <S**2> = 0.000004982979861  CPU Time =  1.79
 22.60:  E  = -107.513136355998  <S**2> = 0.000004847469838  CPU Time =  1.79
 22.70:  E  = -107.513136387404  <S**2> = 0.000004715698671  CPU Time =  1.79
 22.80:  E  = -107.513136417101  <S**2> = 0.000004587569164  CPU Time =  1.79
 22.90:  E  = -107.513136445178  <S**2> = 0.000004462986558  CPU Time =  1.79
 23.00:  E  = -107.513136471719  <S**2> = 0.000004341858554  CPU Time =  1.79
 23.10:  E  = -107.513136496803  <S**2> = 0.000004224095188  CPU Time =  1.78
 23.20:  E  = -107.513136520506  <S**2> = 0.000004109608808  CPU Time =  1.79
 23.30:  E  = -107.513136542898  <S**2> = 0.000003998313993  CPU Time =  1.79
 23.40:  E  = -107.513136564048  <S**2> = 0.000003890127498  CPU Time =  1.78
 23.50:  E  = -107.513136584020  <S**2> = 0.000003784968218  CPU Time =  1.79
 23.60:  E  = -107.513136602876  <S**2> = 0.000003682757107  CPU Time =  1.79
 23.70:  E  = -107.513136620673  <S**2> = 0.000003583417133  CPU Time =  1.79
 23.80:  E  = -107.513136637468  <S**2> = 0.000003486873240  CPU Time =  1.80
 23.90:  E  = -107.513136653312  <S**2> = 0.000003393052282  CPU Time =  1.79
 24.00:  E  = -107.513136668255  <S**2> = 0.000003301882975  CPU Time =  1.78
 24.10:  E  = -107.513136682345  <S**2> = 0.000003213295854  CPU Time =  1.80
 24.20:  E  = -107.513136695626  <S**2> = 0.000003127223237  CPU Time =  1.79
 24.30:  E  = -107.513136708141  <S**2> = 0.000003043599156  CPU Time =  1.80
 24.40:  E  = -107.513136719930  <S**2> = 0.000002962359320  CPU Time =  1.78
 24.50:  E  = -107.513136731032  <S**2> = 0.000002883441103  CPU Time =  1.78
 24.60:  E  = -107.513136741483  <S**2> = 0.000002806783449  CPU Time =  1.79
 24.70:  E  = -107.513136751318  <S**2> = 0.000002732326870  CPU Time =  1.79
 24.80:  E  = -107.513136760569  <S**2> = 0.000002660013399  CPU Time =  1.79
 24.90:  E  = -107.513136769267  <S**2> = 0.000002589786545  CPU Time =  1.80
 25.00:  E  = -107.513136777443  <S**2> = 0.000002521591258  CPU Time =  1.78
 25.10:  E  = -107.513136785124  <S**2> = 0.000002455373897  CPU Time =  1.78
 25.20:  E  = -107.513136792337  <S**2> = 0.000002391082175  CPU Time =  1.79
 25.30:  E  = -107.513136799107  <S**2> = 0.000002328665159  CPU Time =  1.79
 25.40:  E  = -107.513136805457  <S**2> = 0.000002268073202  CPU Time =  1.79
 25.50:  E  = -107.513136811411  <S**2> = 0.000002209257932  CPU Time =  1.79
 25.60:  E  = -107.513136816991  <S**2> = 0.000002152172215  CPU Time =  1.79
 25.70:  E  = -107.513136822216  <S**2> = 0.000002096770109  CPU Time =  1.79
 25.80:  E  = -107.513136827105  <S**2> = 0.000002043006856  CPU Time =  1.78
 25.90:  E  = -107.513136831679  <S**2> = 0.000001990838844  CPU Time =  1.78
 26.00:  E  = -107.513136835953  <S**2> = 0.000001940223562  CPU Time =  1.78
 26.10:  E  = -107.513136839944  <S**2> = 0.000001891119604  CPU Time =  1.79
 26.20:  E  = -107.513136843668  <S**2> = 0.000001843486606  CPU Time =  1.79
 26.30:  E  = -107.513136847140  <S**2> = 0.000001797285250  CPU Time =  1.79
 26.40:  E  = -107.513136850374  <S**2> = 0.000001752477221  CPU Time =  1.79
 26.50:  E  = -107.513136853384  <S**2> = 0.000001709025173  CPU Time =  1.79
 26.60:  E  = -107.513136856181  <S**2> = 0.000001666892744  CPU Time =  1.79
 26.70:  E  = -107.513136858778  <S**2> = 0.000001626044471  CPU Time =  1.79
 26.80:  E  = -107.513136861187  <S**2> = 0.000001586445821  CPU Time =  1.78
 26.90:  E  = -107.513136863418  <S**2> = 0.000001548063145  CPU Time =  1.79
 27.00:  E  = -107.513136865480  <S**2> = 0.000001510863647  CPU Time =  1.79
 27.10:  E  = -107.513136867385  <S**2> = 0.000001474815383  CPU Time =  1.80
 27.20:  E  = -107.513136869141  <S**2> = 0.000001439887222  CPU Time =  1.79
 27.30:  E  = -107.513136870757  <S**2> = 0.000001406048843  CPU Time =  1.80
 27.40:  E  = -107.513136872241  <S**2> = 0.000001373270688  CPU Time =  1.79
 27.50:  E  = -107.513136873600  <S**2> = 0.000001341523976  CPU Time =  1.81
 27.60:  E  = -107.513136874843  <S**2> = 0.000001310780653  CPU Time =  1.79
 27.70:  E  = -107.513136875976  <S**2> = 0.000001281013401  CPU Time =  1.79
 27.80:  E  = -107.513136877006  <S**2> = 0.000001252195589  CPU Time =  1.79
 27.90:  E  = -107.513136877938  <S**2> = 0.000001224301283  CPU Time =  1.79
QITE
 Basis       Coef
|000000111111> : +0.8140 +0.0000j
|000011110011> : -0.2952 +0.0000j
|000110011011> : -0.1377 +0.0000j
|000110100111> : +0.1265 +0.0000j
|001001011011> : +0.1265 +0.0000j
|001001100111> : -0.1377 +0.0000j
|001100001111> : -0.2952 +0.0000j
|001111000011> : +0.1717 +0.0000j
Normal termination of quket at 2021-02-27 16:50:50.334537
