///////////////////////////////////////////////////////////////////////////////////
///                                                                             ///
///                                                                             ///
///              QQQ       UUU  UUU    KKK   KK    EEEEEEE    TTTTTTT           ///
///             Q   Q       u    U      K   K       E    E    T  T  T           ///
///            Q     Q      U    U      K  K        E  E         T              ///
///            Q     Q      U    U      KKK         EEEE         T              ///
///            Q QQQ Q      U    U      K  K        E  E         T              ///
///             Q   Q       U    U      K   K       E    E       T              ///
///              QQQ QQ      UUUU      KKK   KK    EEEEEEE      TTT             ///
///                                                                             ///
///                      Quantum Computing Simulator Ver 0.4 dev                ///
///                                                                             ///
///        Copyright 2019-2021                                                  ///
///        QC Project Team, Ten-no Research Group                               ///
///        All rights Reserved.                                                 ///
///                                                                             ///
///////////////////////////////////////////////////////////////////////////////////
Start at 2021-02-27 16:51:36.664312
+-------------+
|  Job #   1  |
+-------------+
8 processes  x  2 threads  =  Total 16 cores

 *** Geometry **************************
  N       0.0000     0.0000     0.0000
  N       0.0000     0.0000     1.6000
 ***************************************

E[FCI] = -107.51339505094941
E[HF]  = -107.18484646079972

Performing QITE for chemical Hamiltonian
Initial configuration: |000000111111>
Convergence criteria:  ftol = 1E-09 
Truncation threshold = 0.01 :  A total of 544 terms truncated.
QITE: Pauli operator group size = 232
      Unique sigma list = 12423
  0.00:  E  = -107.184846460800  <S**2> = 0.000000000000000  CPU Time =  0.01
  0.10:  E  = -107.261595385546  <S**2> = 0.000026160528358  CPU Time =  1.15
  0.20:  E  = -107.315896163174  <S**2> = 0.000108008193608  CPU Time =  1.30
  0.30:  E  = -107.352494861736  <S**2> = 0.000480648934464  CPU Time =  1.32
  0.40:  E  = -107.379445746531  <S**2> = 0.000285066806709  CPU Time =  1.31
  0.50:  E  = -107.400995542439  <S**2> = 0.000394782752277  CPU Time =  1.30
  0.60:  E  = -107.418379798395  <S**2> = 0.000806618294335  CPU Time =  1.33
  0.70:  E  = -107.431048362878  <S**2> = 0.001202491469574  CPU Time =  1.30
  0.80:  E  = -107.440441185287  <S**2> = 0.001521202323995  CPU Time =  1.30
  0.90:  E  = -107.449606012264  <S**2> = 0.001694473505853  CPU Time =  1.30
  1.00:  E  = -107.456594726555  <S**2> = 0.001642989245253  CPU Time =  1.31
  1.10:  E  = -107.461718913933  <S**2> = 0.001611216594735  CPU Time =  1.30
  1.20:  E  = -107.466086092266  <S**2> = 0.001593456003700  CPU Time =  1.30
  1.30:  E  = -107.469900404408  <S**2> = 0.001597808538713  CPU Time =  1.30
  1.40:  E  = -107.473220209007  <S**2> = 0.001622626857980  CPU Time =  1.30
  1.50:  E  = -107.476107651090  <S**2> = 0.001651582608221  CPU Time =  1.30
  1.60:  E  = -107.478701412822  <S**2> = 0.001670854471038  CPU Time =  1.31
  1.70:  E  = -107.481035081954  <S**2> = 0.001664585100225  CPU Time =  1.30
  1.80:  E  = -107.483118960461  <S**2> = 0.001615074382094  CPU Time =  1.32
  1.90:  E  = -107.484970670468  <S**2> = 0.001538601929959  CPU Time =  1.30
  2.00:  E  = -107.486600958772  <S**2> = 0.001453651453508  CPU Time =  1.31
  2.10:  E  = -107.488026535713  <S**2> = 0.001368234226785  CPU Time =  1.32
  2.20:  E  = -107.489274171966  <S**2> = 0.001285374811263  CPU Time =  1.30
  2.30:  E  = -107.490376433147  <S**2> = 0.001205185687482  CPU Time =  1.31
  2.40:  E  = -107.491418848278  <S**2> = 0.001115927037224  CPU Time =  1.31
  2.50:  E  = -107.492373725714  <S**2> = 0.001032022038860  CPU Time =  1.30
  2.60:  E  = -107.493240162810  <S**2> = 0.000948060290128  CPU Time =  1.30
  2.70:  E  = -107.493983103558  <S**2> = 0.000856316853970  CPU Time =  1.30
  2.80:  E  = -107.494831891020  <S**2> = 0.000812001630745  CPU Time =  1.30
  2.90:  E  = -107.495663947095  <S**2> = 0.000776970514548  CPU Time =  1.31
  3.00:  E  = -107.496452606770  <S**2> = 0.000745026240161  CPU Time =  1.32
  3.10:  E  = -107.497194698919  <S**2> = 0.000715678506667  CPU Time =  1.30
  3.20:  E  = -107.497891561553  <S**2> = 0.000688936025195  CPU Time =  1.30
  3.30:  E  = -107.498545441717  <S**2> = 0.000665201686103  CPU Time =  1.30
  3.40:  E  = -107.499158690706  <S**2> = 0.000645175746099  CPU Time =  1.30
  3.50:  E  = -107.499733515390  <S**2> = 0.000629848796244  CPU Time =  1.31
  3.60:  E  = -107.500271873619  <S**2> = 0.000620509245813  CPU Time =  1.30
  3.70:  E  = -107.500775498045  <S**2> = 0.000618691385670  CPU Time =  1.31
  3.80:  E  = -107.501246118465  <S**2> = 0.000625985533894  CPU Time =  1.30
  3.90:  E  = -107.501685863646  <S**2> = 0.000643647703117  CPU Time =  1.30
  4.00:  E  = -107.502097580299  <S**2> = 0.000672098580476  CPU Time =  1.30
  4.10:  E  = -107.502484685733  <S**2> = 0.000710648084801  CPU Time =  1.31
  4.20:  E  = -107.502850572581  <S**2> = 0.000757746385186  CPU Time =  1.30
  4.30:  E  = -107.503198089968  <S**2> = 0.000811576458754  CPU Time =  1.30
  4.40:  E  = -107.503529442615  <S**2> = 0.000870484403079  CPU Time =  1.32
  4.50:  E  = -107.503846382853  <S**2> = 0.000933040854723  CPU Time =  1.30
  4.60:  E  = -107.504150466386  <S**2> = 0.000997898898487  CPU Time =  1.30
  4.70:  E  = -107.504443233316  <S**2> = 0.001063642121727  CPU Time =  1.30
  4.80:  E  = -107.504726242153  <S**2> = 0.001128709811022  CPU Time =  1.30
  4.90:  E  = -107.505000948172  <S**2> = 0.001191423617419  CPU Time =  1.30
  5.00:  E  = -107.505268491042  <S**2> = 0.001250107046409  CPU Time =  1.30
  5.10:  E  = -107.505529503021  <S**2> = 0.001303259636886  CPU Time =  1.30
  5.20:  E  = -107.505784042619  <S**2> = 0.001349726147513  CPU Time =  1.32
  5.30:  E  = -107.506031690566  <S**2> = 0.001388799240475  CPU Time =  1.30
  5.40:  E  = -107.506271736280  <S**2> = 0.001420230805255  CPU Time =  1.30
  5.50:  E  = -107.506503324524  <S**2> = 0.001444189539907  CPU Time =  1.30
  5.60:  E  = -107.506725480751  <S**2> = 0.001461204084829  CPU Time =  1.30
  5.70:  E  = -107.506941511268  <S**2> = 0.001477619976301  CPU Time =  1.30
  5.80:  E  = -107.507148391269  <S**2> = 0.001488232564285  CPU Time =  1.30
  5.90:  E  = -107.507345571259  <S**2> = 0.001493286118308  CPU Time =  1.30
  6.00:  E  = -107.507532589611  <S**2> = 0.001492902255689  CPU Time =  1.31
  6.10:  E  = -107.507709128855  <S**2> = 0.001487976102383  CPU Time =  1.30
  6.20:  E  = -107.507875029941  <S**2> = 0.001481304278322  CPU Time =  1.31
  6.30:  E  = -107.508030282418  <S**2> = 0.001470594917305  CPU Time =  1.30
  6.40:  E  = -107.508175881816  <S**2> = 0.001469053862232  CPU Time =  1.30
  6.50:  E  = -107.508314792826  <S**2> = 0.001475014569519  CPU Time =  1.30
  6.60:  E  = -107.507461052664  <S**2> = 0.001398756889563  CPU Time =  1.30
  6.70:  E  = -107.506528109067  <S**2> = 0.001886187333017  CPU Time =  1.31
  6.80:  E  = -107.502024840032  <S**2> = 0.010881551363567  CPU Time =  1.30
  6.90:  E  = -107.505087198445  <S**2> = 0.017263388947361  CPU Time =  1.31
  7.00:  E  = -107.505080933119  <S**2> = 0.024058241665529  CPU Time =  1.30
  7.10:  E  = -107.505448133579  <S**2> = 0.025079402617072  CPU Time =  1.30
  7.20:  E  = -107.506157044241  <S**2> = 0.026608871205603  CPU Time =  1.30
  7.30:  E  = -107.506740667017  <S**2> = 0.028230977683991  CPU Time =  1.30
  7.40:  E  = -107.507239478830  <S**2> = 0.029910182178483  CPU Time =  1.29
  7.50:  E  = -107.507595091459  <S**2> = 0.031542173820678  CPU Time =  1.30
  7.60:  E  = -107.507796980919  <S**2> = 0.032487182460109  CPU Time =  1.31
  7.70:  E  = -107.507921513060  <S**2> = 0.032921279693488  CPU Time =  1.30
  7.80:  E  = -107.507993705016  <S**2> = 0.033420609624122  CPU Time =  1.30
  7.90:  E  = -107.508020736106  <S**2> = 0.034228688798196  CPU Time =  1.30
  8.00:  E  = -107.508027122680  <S**2> = 0.035314658239145  CPU Time =  1.30
  8.10:  E  = -107.508046620397  <S**2> = 0.036485340584036  CPU Time =  1.30
  8.20:  E  = -107.508098573282  <S**2> = 0.037534225220470  CPU Time =  1.30
  8.30:  E  = -107.508186837898  <S**2> = 0.038331992008245  CPU Time =  1.30
  8.40:  E  = -107.508404005714  <S**2> = 0.038238505330472  CPU Time =  1.30
  8.50:  E  = -107.508613313417  <S**2> = 0.037965185357813  CPU Time =  1.30
  8.60:  E  = -107.508814442918  <S**2> = 0.037572452126249  CPU Time =  1.32
  8.70:  E  = -107.509006918210  <S**2> = 0.037103029251094  CPU Time =  1.32
  8.80:  E  = -107.509190842735  <S**2> = 0.036583435658741  CPU Time =  1.30
  8.90:  E  = -107.509366525777  <S**2> = 0.036032031616099  CPU Time =  1.32
  9.00:  E  = -107.509532529204  <S**2> = 0.035471858889388  CPU Time =  1.31
  9.10:  E  = -107.509697231259  <S**2> = 0.034808636530212  CPU Time =  1.30
  9.20:  E  = -107.509853010596  <S**2> = 0.034135437321535  CPU Time =  1.31
  9.30:  E  = -107.510001430538  <S**2> = 0.033448718385926  CPU Time =  1.30
  9.40:  E  = -107.510139712147  <S**2> = 0.032724196683761  CPU Time =  1.30
  9.50:  E  = -107.510270231608  <S**2> = 0.032017753432686  CPU Time =  1.30
  9.60:  E  = -107.510393680396  <S**2> = 0.031328552726844  CPU Time =  1.30
  9.70:  E  = -107.510510632554  <S**2> = 0.030655899163725  CPU Time =  1.30
  9.80:  E  = -107.510621575987  <S**2> = 0.029999197651833  CPU Time =  1.30
  9.90:  E  = -107.510726933337  <S**2> = 0.029357926183104  CPU Time =  1.30
 10.00:  E  = -107.510827076355  <S**2> = 0.028731616503518  CPU Time =  1.30
 10.10:  E  = -107.510922336102  <S**2> = 0.028119840440097  CPU Time =  1.30
 10.20:  E  = -107.511013010396  <S**2> = 0.027522200346621  CPU Time =  1.30
 10.30:  E  = -107.511099369392  <S**2> = 0.026938322454356  CPU Time =  1.30
 10.40:  E  = -107.511181659849  <S**2> = 0.026367852209758  CPU Time =  1.30
 10.50:  E  = -107.511260025646  <S**2> = 0.025809555923343  CPU Time =  1.30
 10.60:  E  = -107.511334758089  <S**2> = 0.025263993361976  CPU Time =  1.30
 10.70:  E  = -107.511406051488  <S**2> = 0.024730851357511  CPU Time =  1.31
 10.80:  E  = -107.511474086588  <S**2> = 0.024209826478068  CPU Time =  1.30
 10.90:  E  = -107.511539032009  <S**2> = 0.023700624086630  CPU Time =  1.30
 11.00:  E  = -107.511601045451  <S**2> = 0.023202957554974  CPU Time =  1.30
 11.10:  E  = -107.511660274721  <S**2> = 0.022716547596114  CPU Time =  1.30
 11.20:  E  = -107.511716858601  <S**2> = 0.022241121690829  CPU Time =  1.30
 11.30:  E  = -107.511770927610  <S**2> = 0.021776413591583  CPU Time =  1.30
 11.40:  E  = -107.511822604658  <S**2> = 0.021322162891702  CPU Time =  1.30
 11.50:  E  = -107.511872005629  <S**2> = 0.020878114650924  CPU Time =  1.30
 11.60:  E  = -107.511919239898  <S**2> = 0.020444019070961  CPU Time =  1.31
 11.70:  E  = -107.511964410791  <S**2> = 0.020019631216292  CPU Time =  1.30
 11.80:  E  = -107.512007616000  <S**2> = 0.019604710777562  CPU Time =  1.30
 11.90:  E  = -107.512048513963  <S**2> = 0.019176586547703  CPU Time =  1.32
 12.00:  E  = -107.512087651172  <S**2> = 0.018758365577100  CPU Time =  1.31
 12.10:  E  = -107.512125112098  <S**2> = 0.018349812298039  CPU Time =  1.31
 12.20:  E  = -107.512160976508  <S**2> = 0.017950697097799  CPU Time =  1.30
 12.30:  E  = -107.512195319810  <S**2> = 0.017560796171521  CPU Time =  1.30
 12.40:  E  = -107.512228213351  <S**2> = 0.017179891386059  CPU Time =  1.30
 12.50:  E  = -107.512259724687  <S**2> = 0.016807770152643  CPU Time =  1.30
 12.60:  E  = -107.512289917828  <S**2> = 0.016444225306654  CPU Time =  1.30
 12.70:  E  = -107.512318853455  <S**2> = 0.016089054993271  CPU Time =  1.30
 12.80:  E  = -107.512346589128  <S**2> = 0.015742062558084  CPU Time =  1.30
 12.90:  E  = -107.512373179469  <S**2> = 0.015403056441929  CPU Time =  1.30
 13.00:  E  = -107.512398676332  <S**2> = 0.015071850079520  CPU Time =  1.30
 13.10:  E  = -107.512423128968  <S**2> = 0.014748261801554  CPU Time =  1.30
 13.20:  E  = -107.512446584169  <S**2> = 0.014432114740136  CPU Time =  1.30
 13.30:  E  = -107.512469086408  <S**2> = 0.014123236737472  CPU Time =  1.31
 13.40:  E  = -107.512490677968  <S**2> = 0.013821460257815  CPU Time =  1.30
 13.50:  E  = -107.512511399061  <S**2> = 0.013526622302822  CPU Time =  1.31
 13.60:  E  = -107.512531287940  <S**2> = 0.013238564330446  CPU Time =  1.32
 13.70:  E  = -107.512550381007  <S**2> = 0.012957132177647  CPU Time =  1.29
 13.80:  E  = -107.512568712909  <S**2> = 0.012682175987097  CPU Time =  1.30
 13.90:  E  = -107.512586316633  <S**2> = 0.012413550138355  CPU Time =  1.31
 14.00:  E  = -107.512603223590  <S**2> = 0.012151113183752  CPU Time =  1.30
 14.10:  E  = -107.512619463700  <S**2> = 0.011894727789522  CPU Time =  1.32
 14.20:  E  = -107.512635065465  <S**2> = 0.011644260682599  CPU Time =  1.31
 14.30:  E  = -107.512650056045  <S**2> = 0.011399582603812  CPU Time =  1.30
 14.40:  E  = -107.512664622326  <S**2> = 0.011150406130157  CPU Time =  1.30
 14.50:  E  = -107.512678616748  <S**2> = 0.010906803162261  CPU Time =  1.31
 14.60:  E  = -107.512692064863  <S**2> = 0.010668643122016  CPU Time =  1.30
 14.70:  E  = -107.512704990806  <S**2> = 0.010435798755874  CPU Time =  1.30
 14.80:  E  = -107.512717417426  <S**2> = 0.010208146059083  CPU Time =  1.30
 14.90:  E  = -107.512729366398  <S**2> = 0.009985564194346  CPU Time =  1.30
 15.00:  E  = -107.512740858302  <S**2> = 0.009767935406889  CPU Time =  1.31
 15.10:  E  = -107.512751912711  <S**2> = 0.009555144938034  CPU Time =  1.30
 15.20:  E  = -107.512762548245  <S**2> = 0.009347080938604  CPU Time =  1.30
 15.30:  E  = -107.512772719875  <S**2> = 0.009144792803610  CPU Time =  1.30
 15.40:  E  = -107.512782508721  <S**2> = 0.008947008276685  CPU Time =  1.31
 15.50:  E  = -107.512791930835  <S**2> = 0.008753623720776  CPU Time =  1.31
 15.60:  E  = -107.512801001529  <S**2> = 0.008564538032922  CPU Time =  1.30
 15.70:  E  = -107.512809735414  <S**2> = 0.008379652577855  CPU Time =  1.30
 15.80:  E  = -107.512818146437  <S**2> = 0.008198871122709  CPU Time =  1.31
 15.90:  E  = -107.512826247914  <S**2> = 0.008022099773042  CPU Time =  1.30
 16.00:  E  = -107.512834052560  <S**2> = 0.007849246910381  CPU Time =  1.30
 16.10:  E  = -107.512841572519  <S**2> = 0.007680223131388  CPU Time =  1.31
 16.20:  E  = -107.512848819397  <S**2> = 0.007514941188711  CPU Time =  1.30
 16.30:  E  = -107.512855804281  <S**2> = 0.007353315933526  CPU Time =  1.30
 16.40:  E  = -107.512862537767  <S**2> = 0.007195264259803  CPU Time =  1.30
 16.50:  E  = -107.512869029985  <S**2> = 0.007040705050257  CPU Time =  1.31
 16.60:  E  = -107.512875290621  <S**2> = 0.006889559123908  CPU Time =  1.32
 16.70:  E  = -107.512881328935  <S**2> = 0.006741749185296  CPU Time =  1.30
 16.80:  E  = -107.512887153785  <S**2> = 0.006597199775225  CPU Time =  1.30
 16.90:  E  = -107.512892773643  <S**2> = 0.006455837223013  CPU Time =  1.30
 17.00:  E  = -107.512898196614  <S**2> = 0.006317589600187  CPU Time =  1.30
 17.10:  E  = -107.512903430454  <S**2> = 0.006182386675610  CPU Time =  1.31
 17.20:  E  = -107.512908482585  <S**2> = 0.006050159871904  CPU Time =  1.30
 17.30:  E  = -107.512913360113  <S**2> = 0.005920842223229  CPU Time =  1.30
 17.40:  E  = -107.512918069836  <S**2> = 0.005794368334261  CPU Time =  1.30
 17.50:  E  = -107.512922618266  <S**2> = 0.005670674340398  CPU Time =  1.30
 17.60:  E  = -107.512927011638  <S**2> = 0.005549697869117  CPU Time =  1.31
 17.70:  E  = -107.512931255923  <S**2> = 0.005431378002446  CPU Time =  1.30
 17.80:  E  = -107.512935356839  <S**2> = 0.005315655240510  CPU Time =  1.31
 17.90:  E  = -107.512939319865  <S**2> = 0.005202471466103  CPU Time =  1.30
 18.00:  E  = -107.512943150251  <S**2> = 0.005091769910287  CPU Time =  1.32
 18.10:  E  = -107.512946853026  <S**2> = 0.004983495118916  CPU Time =  1.32
 18.20:  E  = -107.512950433010  <S**2> = 0.004877592920113  CPU Time =  1.32
 18.30:  E  = -107.512953894824  <S**2> = 0.004774010392661  CPU Time =  1.31
 18.40:  E  = -107.512957242896  <S**2> = 0.004672695835217  CPU Time =  1.30
 18.50:  E  = -107.512960481473  <S**2> = 0.004573598736427  CPU Time =  1.30
 18.60:  E  = -107.512963614627  <S**2> = 0.004476669745793  CPU Time =  1.30
 18.70:  E  = -107.512966646262  <S**2> = 0.004381860645373  CPU Time =  1.31
 18.80:  E  = -107.512969576385  <S**2> = 0.004289259730214  CPU Time =  1.32
 18.90:  E  = -107.512972412425  <S**2> = 0.004198674716740  CPU Time =  1.30
 19.00:  E  = -107.512975157835  <S**2> = 0.004110061124512  CPU Time =  1.31
 19.10:  E  = -107.512977815934  <S**2> = 0.004023375480495  CPU Time =  1.29
 19.20:  E  = -107.512980389901  <S**2> = 0.003938575294526  CPU Time =  1.30
 19.30:  E  = -107.512982882790  <S**2> = 0.003855619035486  CPU Time =  1.30
 19.40:  E  = -107.512985297529  <S**2> = 0.003774466108268  CPU Time =  1.30
 19.50:  E  = -107.512987636931  <S**2> = 0.003695076831422  CPU Time =  1.30
 19.60:  E  = -107.512989903696  <S**2> = 0.003617412415439  CPU Time =  1.30
 19.70:  E  = -107.512992100414  <S**2> = 0.003541434941647  CPU Time =  1.29
 19.80:  E  = -107.512994229575  <S**2> = 0.003467107341682  CPU Time =  1.30
 19.90:  E  = -107.512996293569  <S**2> = 0.003394393377531  CPU Time =  1.31
 20.00:  E  = -107.512998294691  <S**2> = 0.003323257622096  CPU Time =  1.31
 20.10:  E  = -107.513000235146  <S**2> = 0.003253665440237  CPU Time =  1.30
 20.20:  E  = -107.513002117051  <S**2> = 0.003185582970365  CPU Time =  1.32
 20.30:  E  = -107.513003942444  <S**2> = 0.003118977106444  CPU Time =  1.30
 20.40:  E  = -107.513005713278  <S**2> = 0.003053815480498  CPU Time =  1.31
 20.50:  E  = -107.513007431434  <S**2> = 0.002990066445520  CPU Time =  1.30
 20.60:  E  = -107.513009098719  <S**2> = 0.002927699058856  CPU Time =  1.30
 20.70:  E  = -107.513010716870  <S**2> = 0.002866683065941  CPU Time =  1.31
 20.80:  E  = -107.513012287556  <S**2> = 0.002806988884507  CPU Time =  1.30
 20.90:  E  = -107.513013812383  <S**2> = 0.002748587589127  CPU Time =  1.30
 21.00:  E  = -107.513015292895  <S**2> = 0.002691450896157  CPU Time =  1.30
 21.10:  E  = -107.513016730579  <S**2> = 0.002635551149074  CPU Time =  1.30
 21.20:  E  = -107.513018126862  <S**2> = 0.002580861304128  CPU Time =  1.30
 21.30:  E  = -107.513019483121  <S**2> = 0.002527354916376  CPU Time =  1.30
 21.40:  E  = -107.513020800677  <S**2> = 0.002475006126033  CPU Time =  1.31
 21.50:  E  = -107.513022080804  <S**2> = 0.002423789645189  CPU Time =  1.30
 21.60:  E  = -107.513023324728  <S**2> = 0.002373680744799  CPU Time =  1.30
 21.70:  E  = -107.513024533629  <S**2> = 0.002324655242042  CPU Time =  1.30
 21.80:  E  = -107.513025708642  <S**2> = 0.002276689487920  CPU Time =  1.31
 21.90:  E  = -107.513026850861  <S**2> = 0.002229760355221  CPU Time =  1.31
 22.00:  E  = -107.513027961340  <S**2> = 0.002183845226717  CPU Time =  1.31
 22.10:  E  = -107.513029041094  <S**2> = 0.002138921983691  CPU Time =  1.30
 22.20:  E  = -107.513030091101  <S**2> = 0.002094968994693  CPU Time =  1.32
 22.30:  E  = -107.513031112302  <S**2> = 0.002051965104584  CPU Time =  1.31
 22.40:  E  = -107.513032105606  <S**2> = 0.002009889623856  CPU Time =  1.30
 22.50:  E  = -107.513033071888  <S**2> = 0.001968722318170  CPU Time =  1.30
 22.60:  E  = -107.513034011990  <S**2> = 0.001928443398173  CPU Time =  1.30
 22.70:  E  = -107.513034926727  <S**2> = 0.001889033509544  CPU Time =  1.31
 22.80:  E  = -107.513035816883  <S**2> = 0.001850473723244  CPU Time =  1.31
 22.90:  E  = -107.513036683214  <S**2> = 0.001812745526058  CPU Time =  1.31
 23.00:  E  = -107.513037526450  <S**2> = 0.001775830811299  CPU Time =  1.29
 23.10:  E  = -107.513038347295  <S**2> = 0.001739711869760  CPU Time =  1.30
 23.20:  E  = -107.513039146427  <S**2> = 0.001704371380870  CPU Time =  1.30
 23.30:  E  = -107.513039924503  <S**2> = 0.001669792404043  CPU Time =  1.30
 23.40:  E  = -107.513040682155  <S**2> = 0.001635958370259  CPU Time =  1.30
 23.50:  E  = -107.513041419994  <S**2> = 0.001602853073789  CPU Time =  1.30
 23.60:  E  = -107.513042138610  <S**2> = 0.001570460664167  CPU Time =  1.30
 23.70:  E  = -107.513042838572  <S**2> = 0.001538765638303  CPU Time =  1.30
 23.80:  E  = -107.513043520429  <S**2> = 0.001507752832807  CPU Time =  1.30
 23.90:  E  = -107.513044184715  <S**2> = 0.001477407416458  CPU Time =  1.30
 24.00:  E  = -107.513044831941  <S**2> = 0.001447714882882  CPU Time =  1.30
 24.10:  E  = -107.513045462604  <S**2> = 0.001418661043360  CPU Time =  1.30
 24.20:  E  = -107.513046077183  <S**2> = 0.001390232019824  CPU Time =  1.30
 24.30:  E  = -107.513046676142  <S**2> = 0.001362414238013  CPU Time =  1.30
 24.40:  E  = -107.513047259929  <S**2> = 0.001335194420753  CPU Time =  1.31
 24.50:  E  = -107.513047828977  <S**2> = 0.001308559581432  CPU Time =  1.30
 24.60:  E  = -107.513048383705  <S**2> = 0.001282497017594  CPU Time =  1.30
 24.70:  E  = -107.513048924517  <S**2> = 0.001256994304676  CPU Time =  1.31
 24.80:  E  = -107.513049451807  <S**2> = 0.001232039289915  CPU Time =  1.30
 24.90:  E  = -107.513049965954  <S**2> = 0.001207620086347  CPU Time =  1.30
 25.00:  E  = -107.513050467324  <S**2> = 0.001183725066971  CPU Time =  1.30
 25.10:  E  = -107.513050956272  <S**2> = 0.001160342859051  CPU Time =  1.31
 25.20:  E  = -107.513051433144  <S**2> = 0.001137462338503  CPU Time =  1.30
 25.30:  E  = -107.513051898271  <S**2> = 0.001115072624462  CPU Time =  1.30
 25.40:  E  = -107.513052351976  <S**2> = 0.001093163073923  CPU Time =  1.30
 25.50:  E  = -107.513052794572  <S**2> = 0.001071723276528  CPU Time =  1.30
 25.60:  E  = -107.513053226361  <S**2> = 0.001050743049458  CPU Time =  1.30
 25.70:  E  = -107.513053647635  <S**2> = 0.001030212432436  CPU Time =  1.31
 25.80:  E  = -107.513054058679  <S**2> = 0.001010121682858  CPU Time =  1.31
 25.90:  E  = -107.513054459768  <S**2> = 0.000990461271005  CPU Time =  1.30
 26.00:  E  = -107.513054851169  <S**2> = 0.000971221875383  CPU Time =  1.30
 26.10:  E  = -107.513055233140  <S**2> = 0.000952394378148  CPU Time =  1.32
 26.20:  E  = -107.513055605931  <S**2> = 0.000933969860653  CPU Time =  1.30
 26.30:  E  = -107.513055969786  <S**2> = 0.000915939599070  CPU Time =  1.31
 26.40:  E  = -107.513056324941  <S**2> = 0.000898295060122  CPU Time =  1.31
 26.50:  E  = -107.513056671624  <S**2> = 0.000881027896904  CPU Time =  1.31
 26.60:  E  = -107.513057010057  <S**2> = 0.000864129944804  CPU Time =  1.30
 26.70:  E  = -107.513057340455  <S**2> = 0.000847593217501  CPU Time =  1.31
 26.80:  E  = -107.513057663026  <S**2> = 0.000831409903052  CPU Time =  1.30
 26.90:  E  = -107.513057977975  <S**2> = 0.000815572360076  CPU Time =  1.31
 27.00:  E  = -107.513058285496  <S**2> = 0.000800073114023  CPU Time =  1.31
 27.10:  E  = -107.513058585782  <S**2> = 0.000784904853494  CPU Time =  1.31
 27.20:  E  = -107.513058879017  <S**2> = 0.000770060426675  CPU Time =  1.30
 27.30:  E  = -107.513059165382  <S**2> = 0.000755532837854  CPU Time =  1.31
 27.40:  E  = -107.513059445051  <S**2> = 0.000741315243967  CPU Time =  1.32
 27.50:  E  = -107.513059718195  <S**2> = 0.000727400951276  CPU Time =  1.31
 27.60:  E  = -107.513059984978  <S**2> = 0.000713783412080  CPU Time =  1.31
 27.70:  E  = -107.513060245560  <S**2> = 0.000700456221524  CPU Time =  1.30
 27.80:  E  = -107.513060500099  <S**2> = 0.000687413114453  CPU Time =  1.30
 27.90:  E  = -107.513060748743  <S**2> = 0.000674647962355  CPU Time =  1.31
 28.00:  E  = -107.513060991642  <S**2> = 0.000662154770370  CPU Time =  1.31
 28.10:  E  = -107.513061228937  <S**2> = 0.000649927674338  CPU Time =  1.31
 28.20:  E  = -107.513061460769  <S**2> = 0.000637960937946  CPU Time =  1.31
 28.30:  E  = -107.513061687271  <S**2> = 0.000626248949933  CPU Time =  1.30
 28.40:  E  = -107.513061908577  <S**2> = 0.000614786221310  CPU Time =  1.30
 28.50:  E  = -107.513062124812  <S**2> = 0.000603567382725  CPU Time =  1.31
 28.60:  E  = -107.513062336103  <S**2> = 0.000592587181803  CPU Time =  1.30
 28.70:  E  = -107.513062542569  <S**2> = 0.000581840480578  CPU Time =  1.30
 28.80:  E  = -107.513062744328  <S**2> = 0.000571322253003  CPU Time =  1.31
 28.90:  E  = -107.513062941496  <S**2> = 0.000561027582490  CPU Time =  1.30
 29.00:  E  = -107.513063134182  <S**2> = 0.000550951659472  CPU Time =  1.30
 29.10:  E  = -107.513063322497  <S**2> = 0.000541089779111  CPU Time =  1.30
 29.20:  E  = -107.513063506545  <S**2> = 0.000531437338958  CPU Time =  1.31
 29.30:  E  = -107.513063686429  <S**2> = 0.000521989836708  CPU Time =  1.31
 29.40:  E  = -107.513063862249  <S**2> = 0.000512742868018  CPU Time =  1.30
 29.50:  E  = -107.513064034102  <S**2> = 0.000503692124347  CPU Time =  1.30
 29.60:  E  = -107.513064202084  <S**2> = 0.000494833390855  CPU Time =  1.30
 29.70:  E  = -107.513064366286  <S**2> = 0.000486162544339  CPU Time =  1.31
 29.80:  E  = -107.513064526799  <S**2> = 0.000477675551234  CPU Time =  1.30
 29.90:  E  = -107.513064683710  <S**2> = 0.000469368465628  CPU Time =  1.31
 30.00:  E  = -107.513064837104  <S**2> = 0.000461237427352  CPU Time =  1.30
 30.10:  E  = -107.513064987064  <S**2> = 0.000453278660101  CPU Time =  1.30
 30.20:  E  = -107.513065133672  <S**2> = 0.000445488469569  CPU Time =  1.29
 30.30:  E  = -107.513065277007  <S**2> = 0.000437863241672  CPU Time =  1.30
 30.40:  E  = -107.513065417144  <S**2> = 0.000430399440785  CPU Time =  1.31
 30.50:  E  = -107.513065554159  <S**2> = 0.000423093608008  CPU Time =  1.30
 30.60:  E  = -107.513065688126  <S**2> = 0.000415942359490  CPU Time =  1.30
 30.70:  E  = -107.513065819114  <S**2> = 0.000408942384785  CPU Time =  1.30
 30.80:  E  = -107.513065947194  <S**2> = 0.000402090445232  CPU Time =  1.30
 30.90:  E  = -107.513066072434  <S**2> = 0.000395383372387  CPU Time =  1.30
 31.00:  E  = -107.513066194898  <S**2> = 0.000388818066483  CPU Time =  1.30
 31.10:  E  = -107.513066314652  <S**2> = 0.000382391494916  CPU Time =  1.30
 31.20:  E  = -107.513066431757  <S**2> = 0.000376100690785  CPU Time =  1.30
 31.30:  E  = -107.513066546276  <S**2> = 0.000369942751438  CPU Time =  1.30
 31.40:  E  = -107.513066658268  <S**2> = 0.000363914837062  CPU Time =  1.30
 31.50:  E  = -107.513066767790  <S**2> = 0.000358014169329  CPU Time =  1.30
 31.60:  E  = -107.513066874900  <S**2> = 0.000352238030017  CPU Time =  1.31
 31.70:  E  = -107.513066979652  <S**2> = 0.000346583759704  CPU Time =  1.29
 31.80:  E  = -107.513067082102  <S**2> = 0.000341048756506  CPU Time =  1.30
 31.90:  E  = -107.513067181304  <S**2> = 0.000335664297330  CPU Time =  1.31
 32.00:  E  = -107.513067278219  <S**2> = 0.000330396426330  CPU Time =  1.32
 32.10:  E  = -107.513067372904  <S**2> = 0.000325242508140  CPU Time =  1.30
 32.20:  E  = -107.513067465413  <S**2> = 0.000320199975237  CPU Time =  1.31
 32.30:  E  = -107.513067555801  <S**2> = 0.000315266325293  CPU Time =  1.30
 32.40:  E  = -107.513067644118  <S**2> = 0.000310439118764  CPU Time =  1.30
 32.50:  E  = -107.513067730415  <S**2> = 0.000305715976571  CPU Time =  1.31
 32.60:  E  = -107.513067814740  <S**2> = 0.000301094578044  CPU Time =  1.30
 32.70:  E  = -107.513067897140  <S**2> = 0.000296572658882  CPU Time =  1.30
 32.80:  E  = -107.513067977660  <S**2> = 0.000292148009344  CPU Time =  1.31
 32.90:  E  = -107.513068056345  <S**2> = 0.000287818472484  CPU Time =  1.30
 33.00:  E  = -107.513068133238  <S**2> = 0.000283581942513  CPU Time =  1.30
 33.10:  E  = -107.513068208382  <S**2> = 0.000279436363240  CPU Time =  1.30
 33.20:  E  = -107.513068281816  <S**2> = 0.000275379726621  CPU Time =  1.30
 33.30:  E  = -107.513068353581  <S**2> = 0.000271410071348  CPU Time =  1.30
 33.40:  E  = -107.513068423716  <S**2> = 0.000267525481538  CPU Time =  1.30
 33.50:  E  = -107.513068492257  <S**2> = 0.000263724085484  CPU Time =  1.30
 33.60:  E  = -107.513068559243  <S**2> = 0.000260004054421  CPU Time =  1.30
 33.70:  E  = -107.513068624709  <S**2> = 0.000256363601414  CPU Time =  1.30
 33.80:  E  = -107.513068688689  <S**2> = 0.000252800980232  CPU Time =  1.30
 33.90:  E  = -107.513068751219  <S**2> = 0.000249314484307  CPU Time =  1.30
 34.00:  E  = -107.513068812331  <S**2> = 0.000245902445713  CPU Time =  1.30
 34.10:  E  = -107.513068872059  <S**2> = 0.000242563234201  CPU Time =  1.30
 34.20:  E  = -107.513068930433  <S**2> = 0.000239295256245  CPU Time =  1.30
 34.30:  E  = -107.513068987485  <S**2> = 0.000236096954153  CPU Time =  1.32
 34.40:  E  = -107.513069043246  <S**2> = 0.000232966805177  CPU Time =  1.30
 34.50:  E  = -107.513069097744  <S**2> = 0.000229903320678  CPU Time =  1.31
 34.60:  E  = -107.513069151009  <S**2> = 0.000226905045313  CPU Time =  1.31
 34.70:  E  = -107.513069203068  <S**2> = 0.000223970556220  CPU Time =  1.31
 34.80:  E  = -107.513069253950  <S**2> = 0.000221098462275  CPU Time =  1.31
 34.90:  E  = -107.513069303681  <S**2> = 0.000218287403329  CPU Time =  1.31
 35.00:  E  = -107.513069352287  <S**2> = 0.000215536049497  CPU Time =  1.32
 35.10:  E  = -107.513069399795  <S**2> = 0.000212843100449  CPU Time =  1.30
 35.20:  E  = -107.513069446228  <S**2> = 0.000210207284724  CPU Time =  1.31
 35.30:  E  = -107.513069491613  <S**2> = 0.000207627359069  CPU Time =  1.31
 35.40:  E  = -107.513069535972  <S**2> = 0.000205102107794  CPU Time =  1.30
 35.50:  E  = -107.513069579329  <S**2> = 0.000202630342137  CPU Time =  1.30
 35.60:  E  = -107.513069621707  <S**2> = 0.000200210899649  CPU Time =  1.32
 35.70:  E  = -107.513069663128  <S**2> = 0.000197842643608  CPU Time =  1.30
 35.80:  E  = -107.513069703613  <S**2> = 0.000195524462423  CPU Time =  1.30
 35.90:  E  = -107.513069743186  <S**2> = 0.000193255269074  CPU Time =  1.30
 36.00:  E  = -107.513069781865  <S**2> = 0.000191034000544  CPU Time =  1.29
 36.10:  E  = -107.513069819671  <S**2> = 0.000188859617306  CPU Time =  1.30
 36.20:  E  = -107.513069856625  <S**2> = 0.000186731102760  CPU Time =  1.31
 36.30:  E  = -107.513069892745  <S**2> = 0.000184647462752  CPU Time =  1.30
 36.40:  E  = -107.513069928051  <S**2> = 0.000182607725043  CPU Time =  1.30
 36.50:  E  = -107.513069962560  <S**2> = 0.000180610938833  CPU Time =  1.30
 36.60:  E  = -107.513069996292  <S**2> = 0.000178656174282  CPU Time =  1.32
 36.70:  E  = -107.513070029264  <S**2> = 0.000176742522028  CPU Time =  1.30
 36.80:  E  = -107.513070061493  <S**2> = 0.000174869092758  CPU Time =  1.31
 36.90:  E  = -107.513070092996  <S**2> = 0.000173035016723  CPU Time =  1.30
 37.00:  E  = -107.513070123790  <S**2> = 0.000171239443323  CPU Time =  1.29
 37.10:  E  = -107.513070153890  <S**2> = 0.000169481540696  CPU Time =  1.30
 37.20:  E  = -107.513070183313  <S**2> = 0.000167760495261  CPU Time =  1.30
 37.30:  E  = -107.513070212073  <S**2> = 0.000166075511345  CPU Time =  1.30
 37.40:  E  = -107.513070240187  <S**2> = 0.000164425810773  CPU Time =  1.31
 37.50:  E  = -107.513070267667  <S**2> = 0.000162810632469  CPU Time =  1.30
 37.60:  E  = -107.513070294530  <S**2> = 0.000161229232095  CPU Time =  1.30
 37.70:  E  = -107.513070320789  <S**2> = 0.000159680881659  CPU Time =  1.31
 37.80:  E  = -107.513070346457  <S**2> = 0.000158164869166  CPU Time =  1.29
 37.90:  E  = -107.513070371549  <S**2> = 0.000156680498266  CPU Time =  1.30
 38.00:  E  = -107.513070396076  <S**2> = 0.000155227087880  CPU Time =  1.30
 38.10:  E  = -107.513070420053  <S**2> = 0.000153803971894  CPU Time =  1.30
 38.20:  E  = -107.513070443491  <S**2> = 0.000152410498808  CPU Time =  1.30
 38.30:  E  = -107.513070466403  <S**2> = 0.000151046031409  CPU Time =  1.31
 38.40:  E  = -107.513070488800  <S**2> = 0.000149709946471  CPU Time =  1.30
 38.50:  E  = -107.513070510694  <S**2> = 0.000148401634430  CPU Time =  1.30
 38.60:  E  = -107.513070532098  <S**2> = 0.000147120499075  CPU Time =  1.30
 38.70:  E  = -107.513070553021  <S**2> = 0.000145865957272  CPU Time =  1.30
 38.80:  E  = -107.513070573474  <S**2> = 0.000144637438658  CPU Time =  1.31
 38.90:  E  = -107.513070593469  <S**2> = 0.000143434385368  CPU Time =  1.31
 39.00:  E  = -107.513070613016  <S**2> = 0.000142256251743  CPU Time =  1.32
 39.10:  E  = -107.513070632125  <S**2> = 0.000141102504083  CPU Time =  1.30
 39.20:  E  = -107.513070650805  <S**2> = 0.000139972620348  CPU Time =  1.29
 39.30:  E  = -107.513070669067  <S**2> = 0.000138866089935  CPU Time =  1.30
 39.40:  E  = -107.513070686920  <S**2> = 0.000137782413403  CPU Time =  1.30
 39.50:  E  = -107.513070704373  <S**2> = 0.000136721102230  CPU Time =  1.30
 39.60:  E  = -107.513070721435  <S**2> = 0.000135681678575  CPU Time =  1.30
 39.70:  E  = -107.513070738116  <S**2> = 0.000134663675032  CPU Time =  1.30
 39.80:  E  = -107.513070754423  <S**2> = 0.000133666634411  CPU Time =  1.30
 39.90:  E  = -107.513070770366  <S**2> = 0.000132690109505  CPU Time =  1.30
 40.00:  E  = -107.513070785952  <S**2> = 0.000131733662869  CPU Time =  1.30
 40.10:  E  = -107.513070801190  <S**2> = 0.000130796866604  CPU Time =  1.30
 40.20:  E  = -107.513070816087  <S**2> = 0.000129879302140  CPU Time =  1.30
 40.30:  E  = -107.513070830651  <S**2> = 0.000128980560047  CPU Time =  1.30
 40.40:  E  = -107.513070844890  <S**2> = 0.000128100239808  CPU Time =  1.30
 40.50:  E  = -107.513070858811  <S**2> = 0.000127237949650  CPU Time =  1.30
 40.60:  E  = -107.513070872421  <S**2> = 0.000126393306317  CPU Time =  1.30
 40.70:  E  = -107.513070885727  <S**2> = 0.000125565934922  CPU Time =  1.29
 40.80:  E  = -107.513070898737  <S**2> = 0.000124755468716  CPU Time =  1.30
 40.90:  E  = -107.513070911456  <S**2> = 0.000123961548949  CPU Time =  1.32
 41.00:  E  = -107.513070923891  <S**2> = 0.000123183824666  CPU Time =  1.30
 41.10:  E  = -107.513070936049  <S**2> = 0.000122421952550  CPU Time =  1.30
 41.20:  E  = -107.513070947937  <S**2> = 0.000121675596748  CPU Time =  1.31
 41.30:  E  = -107.513070959559  <S**2> = 0.000120944428696  CPU Time =  1.30
 41.40:  E  = -107.513070970923  <S**2> = 0.000120228126984  CPU Time =  1.30
 41.50:  E  = -107.513070982034  <S**2> = 0.000119526377166  CPU Time =  1.30
 41.60:  E  = -107.513070992897  <S**2> = 0.000118838871632  CPU Time =  1.30
 41.70:  E  = -107.513071003519  <S**2> = 0.000118165309441  CPU Time =  1.30
 41.80:  E  = -107.513071013904  <S**2> = 0.000117505396185  CPU Time =  1.29
 41.90:  E  = -107.513071024058  <S**2> = 0.000116858843832  CPU Time =  1.30
 42.00:  E  = -107.513071033987  <S**2> = 0.000116225370598  CPU Time =  1.30
 42.10:  E  = -107.513071043695  <S**2> = 0.000115604700807  CPU Time =  1.32
 42.20:  E  = -107.513071053187  <S**2> = 0.000114996564746  CPU Time =  1.31
 42.30:  E  = -107.513071062469  <S**2> = 0.000114400698549  CPU Time =  1.30
 42.40:  E  = -107.513071071544  <S**2> = 0.000113816844049  CPU Time =  1.30
 42.50:  E  = -107.513071080418  <S**2> = 0.000113244748669  CPU Time =  1.30
 42.60:  E  = -107.513071089096  <S**2> = 0.000112684165301  CPU Time =  1.31
 42.70:  E  = -107.513071097580  <S**2> = 0.000112134852167  CPU Time =  1.30
 42.80:  E  = -107.513071105877  <S**2> = 0.000111596572714  CPU Time =  1.32
 42.90:  E  = -107.513071113990  <S**2> = 0.000111069095504  CPU Time =  1.31
 43.00:  E  = -107.513071121923  <S**2> = 0.000110552194082  CPU Time =  1.30
 43.10:  E  = -107.513071129681  <S**2> = 0.000110045646903  CPU Time =  1.30
 43.20:  E  = -107.513071137267  <S**2> = 0.000109549237172  CPU Time =  1.31
 43.30:  E  = -107.513071142931  <S**2> = 0.000109164614670  CPU Time =  1.31
 43.40:  E  = -107.513071148454  <S**2> = 0.000108788205210  CPU Time =  1.30
 43.50:  E  = -107.513071153839  <S**2> = 0.000108419820737  CPU Time =  1.31
 43.60:  E  = -107.513071159091  <S**2> = 0.000108059278035  CPU Time =  1.31
 43.70:  E  = -107.513071164212  <S**2> = 0.000107706398573  CPU Time =  1.31
 43.80:  E  = -107.513071169207  <S**2> = 0.000107361008368  CPU Time =  1.32
 43.90:  E  = -107.513071174079  <S**2> = 0.000107022937833  CPU Time =  1.30
 44.00:  E  = -107.513071178830  <S**2> = 0.000106692021664  CPU Time =  1.29
 44.10:  E  = -107.513071183464  <S**2> = 0.000106368098686  CPU Time =  1.30
 44.20:  E  = -107.513071187985  <S**2> = 0.000106051011737  CPU Time =  1.30
 44.30:  E  = -107.513071192395  <S**2> = 0.000105740607571  CPU Time =  1.30
 44.40:  E  = -107.513071196697  <S**2> = 0.000105436736704  CPU Time =  1.30
 44.50:  E  = -107.513071200894  <S**2> = 0.000105139253345  CPU Time =  1.30
 44.60:  E  = -107.513071204989  <S**2> = 0.000104848015255  CPU Time =  1.30
 44.70:  E  = -107.513071208984  <S**2> = 0.000104562883671  CPU Time =  1.30
 44.80:  E  = -107.513071212883  <S**2> = 0.000104283723194  CPU Time =  1.30
 44.90:  E  = -107.513071216687  <S**2> = 0.000104010401687  CPU Time =  1.30
 45.00:  E  = -107.513071220399  <S**2> = 0.000103742790209  CPU Time =  1.30
 45.10:  E  = -107.513071224021  <S**2> = 0.000103480762898  CPU Time =  1.30
 45.20:  E  = -107.513071227556  <S**2> = 0.000103224196906  CPU Time =  1.29
 45.30:  E  = -107.513071231007  <S**2> = 0.000102972972312  CPU Time =  1.29
 45.40:  E  = -107.513071234374  <S**2> = 0.000102726972039  CPU Time =  1.30
 45.50:  E  = -107.513071237661  <S**2> = 0.000102486081770  CPU Time =  1.29
 45.60:  E  = -107.513071240870  <S**2> = 0.000102250189896  CPU Time =  1.30
 45.70:  E  = -107.513071244001  <S**2> = 0.000102019187418  CPU Time =  1.30
 45.80:  E  = -107.513071247059  <S**2> = 0.000101792967901  CPU Time =  1.30
 45.90:  E  = -107.513071250043  <S**2> = 0.000101571427398  CPU Time =  1.30
 46.00:  E  = -107.513071252956  <S**2> = 0.000101354464368  CPU Time =  1.29
 46.10:  E  = -107.513071255801  <S**2> = 0.000101141979643  CPU Time =  1.32
 46.20:  E  = -107.513071258578  <S**2> = 0.000100933876346  CPU Time =  1.30
 46.30:  E  = -107.513071261290  <S**2> = 0.000100730059845  CPU Time =  1.30
 46.40:  E  = -107.513071263937  <S**2> = 0.000100530437679  CPU Time =  1.31
 46.50:  E  = -107.513071266523  <S**2> = 0.000100334919521  CPU Time =  1.30
 46.60:  E  = -107.513071269047  <S**2> = 0.000100143417109  CPU Time =  1.31
 46.70:  E  = -107.513071271512  <S**2> = 0.000099955844200  CPU Time =  1.31
 46.80:  E  = -107.513071273919  <S**2> = 0.000099772116533  CPU Time =  1.30
 46.90:  E  = -107.513071276270  <S**2> = 0.000099592151747  CPU Time =  1.30
 47.00:  E  = -107.513071278566  <S**2> = 0.000099415869363  CPU Time =  1.30
 47.10:  E  = -107.513071280808  <S**2> = 0.000099243190725  CPU Time =  1.30
 47.20:  E  = -107.513071282998  <S**2> = 0.000099074038959  CPU Time =  1.30
 47.30:  E  = -107.513071285137  <S**2> = 0.000098908338917  CPU Time =  1.30
 47.40:  E  = -107.513071287227  <S**2> = 0.000098746017163  CPU Time =  1.30
 47.50:  E  = -107.513071289267  <S**2> = 0.000098587001893  CPU Time =  1.31
 47.60:  E  = -107.513071291261  <S**2> = 0.000098431222928  CPU Time =  1.30
 47.70:  E  = -107.513071293208  <S**2> = 0.000098278611654  CPU Time =  1.30
 47.80:  E  = -107.513071295110  <S**2> = 0.000098129100989  CPU Time =  1.29
 47.90:  E  = -107.513071296968  <S**2> = 0.000097982625362  CPU Time =  1.30
 48.00:  E  = -107.513071298784  <S**2> = 0.000097839120647  CPU Time =  1.30
 48.10:  E  = -107.513071300557  <S**2> = 0.000097698524157  CPU Time =  1.31
 48.20:  E  = -107.513071302289  <S**2> = 0.000097560774589  CPU Time =  1.31
 48.30:  E  = -107.513071303982  <S**2> = 0.000097425811997  CPU Time =  1.31
 48.40:  E  = -107.513071305636  <S**2> = 0.000097293577771  CPU Time =  1.30
 48.50:  E  = -107.513071307252  <S**2> = 0.000097164014583  CPU Time =  1.31
 48.60:  E  = -107.513071308831  <S**2> = 0.000097037066393  CPU Time =  1.31
 48.70:  E  = -107.513071310374  <S**2> = 0.000096912678362  CPU Time =  1.29
 48.80:  E  = -107.513071311881  <S**2> = 0.000096790796883  CPU Time =  1.30
 48.90:  E  = -107.513071313354  <S**2> = 0.000096671369509  CPU Time =  1.30
 49.00:  E  = -107.513071314793  <S**2> = 0.000096554344960  CPU Time =  1.30
 49.10:  E  = -107.513071316200  <S**2> = 0.000096439673062  CPU Time =  1.29
 49.20:  E  = -107.513071317575  <S**2> = 0.000096327304749  CPU Time =  1.30
 49.30:  E  = -107.513071318918  <S**2> = 0.000096217192021  CPU Time =  1.30
 49.40:  E  = -107.513071320230  <S**2> = 0.000096109287921  CPU Time =  1.30
 49.50:  E  = -107.513071321513  <S**2> = 0.000096003546517  CPU Time =  1.30
 49.60:  E  = -107.513071322767  <S**2> = 0.000095899922881  CPU Time =  1.30
 49.70:  E  = -107.513071323993  <S**2> = 0.000095798373053  CPU Time =  1.30
 49.80:  E  = -107.513071325190  <S**2> = 0.000095698854028  CPU Time =  1.30
 49.90:  E  = -107.513071326361  <S**2> = 0.000095601323728  CPU Time =  1.30
 50.00:  E  = -107.513071327505  <S**2> = 0.000095505740993  CPU Time =  1.30
 50.10:  E  = -107.513071328623  <S**2> = 0.000095412065546  CPU Time =  1.30
 50.20:  E  = -107.513071329717  <S**2> = 0.000095320257978  CPU Time =  1.29
 50.30:  E  = -107.513071330785  <S**2> = 0.000095230279731  CPU Time =  1.29
 50.40:  E  = -107.513071331829  <S**2> = 0.000095142093075  CPU Time =  1.31
 50.50:  E  = -107.513071332850  <S**2> = 0.000095055661092  CPU Time =  1.30
 50.60:  E  = -107.513071333848  <S**2> = 0.000094970947653  CPU Time =  1.30
QITE
 Basis       Coef
|000000111111> : +0.8116 +0.0000j
|000011110011> : -0.2998 +0.0000j
|000110011011> : -0.1419 +0.0000j
|000110100111> : +0.1282 +0.0000j
|001001011011> : +0.1282 +0.0000j
|001001100111> : -0.1420 +0.0000j
|001100001111> : -0.2998 +0.0000j
|001111000011> : +0.1669 +0.0000j
Normal termination of quket at 2021-02-27 17:02:38.912158
