///////////////////////////////////////////////////////////////////////////////////
///                                                                             ///
///                                                                             ///
///              QQQ       UUU  UUU    KKK   KK    EEEEEEE    TTTTTTT           ///
///             Q   Q       u    U      K   K       E    E    T  T  T           ///
///            Q     Q      U    U      K  K        E  E         T              ///
///            Q     Q      U    U      KKK         EEEE         T              ///
///            Q QQQ Q      U    U      K  K        E  E         T              ///
///             Q   Q       U    U      K   K       E    E       T              ///
///              QQQ QQ      UUUU      KKK   KK    EEEEEEE      TTT             ///
///                                                                             ///
///                      Quantum Computing Simulator Ver 0.4 dev                ///
///                                                                             ///
///        Copyright 2019-2021                                                  ///
///        QC Project Team, Ten-no Research Group                               ///
///        All rights Reserved.                                                 ///
///                                                                             ///
///////////////////////////////////////////////////////////////////////////////////
Start at 2021-02-27 17:24:35.377828
+-------------+
|  Job #   1  |
+-------------+
8 processes  x  2 threads  =  Total 16 cores

 *** Geometry **************************
  N       0.0000     0.0000     0.0000
  N       0.0000     0.0000     1.6000
 ***************************************

E[FCI] = -107.51339505094948
E[HF]  = -107.18484646079978

Performing QITE for chemical Hamiltonian
Initial configuration: |000000111111>
Convergence criteria:  ftol = 1E-09 
QITE: Pauli operator group size = 588
      Unique sigma list = 13258
  0.00:  E  = -107.184846460800  <S**2> = 0.000000000000000  CPU Time =  0.01
  0.10:  E  = -107.209688747067  <S**2> = -0.000000000000000  CPU Time =  1.34
  0.20:  E  = -107.232409130694  <S**2> = -0.000000000000000  CPU Time =  1.54
  0.30:  E  = -107.253852496291  <S**2> = 0.000000002242637  CPU Time =  1.55
  0.40:  E  = -107.272926704929  <S**2> = 0.000000007567964  CPU Time =  1.54
  0.50:  E  = -107.290196424531  <S**2> = 0.000000013131175  CPU Time =  1.55
  0.60:  E  = -107.305877306236  <S**2> = 0.000000020143222  CPU Time =  1.54
  0.70:  E  = -107.320210405835  <S**2> = 0.000000030594293  CPU Time =  1.56
  0.80:  E  = -107.333210282033  <S**2> = 0.000000045951354  CPU Time =  1.53
  0.90:  E  = -107.345048991934  <S**2> = 0.000000068267090  CPU Time =  1.55
  1.00:  E  = -107.355777251612  <S**2> = 0.000000100519096  CPU Time =  1.59
  1.10:  E  = -107.365486704342  <S**2> = 0.000000145902176  CPU Time =  1.55
  1.20:  E  = -107.374266612147  <S**2> = 0.000000207993054  CPU Time =  1.54
  1.30:  E  = -107.382201294590  <S**2> = 0.000000290694709  CPU Time =  1.58
  1.40:  E  = -107.389368864212  <S**2> = 0.000000398166969  CPU Time =  1.55
  1.50:  E  = -107.395840958867  <S**2> = 0.000000534753488  CPU Time =  1.54
  1.60:  E  = -107.401682972536  <S**2> = 0.000000704912797  CPU Time =  1.54
  1.70:  E  = -107.406954477860  <S**2> = 0.000000913158493  CPU Time =  1.54
  1.80:  E  = -107.411709693264  <S**2> = 0.000001164011529  CPU Time =  1.54
  1.90:  E  = -107.415997935366  <S**2> = 0.000001461966015  CPU Time =  1.54
  2.00:  E  = -107.419864037730  <S**2> = 0.000001811469168  CPU Time =  1.56
  2.10:  E  = -107.423348733359  <S**2> = 0.000002216926216  CPU Time =  1.53
  2.20:  E  = -107.426489006035  <S**2> = 0.000002682931235  CPU Time =  1.54
  2.30:  E  = -107.429318454451  <S**2> = 0.000003218053080  CPU Time =  1.54
  2.40:  E  = -107.431868288191  <S**2> = 0.000003894051000  CPU Time =  1.54
  2.50:  E  = -107.434177773424  <S**2> = 0.000005717340467  CPU Time =  1.53
  2.60:  E  = -107.436426875089  <S**2> = 0.000020637623591  CPU Time =  1.54
  2.70:  E  = -107.439633821767  <S**2> = 0.000027528730607  CPU Time =  1.54
  2.80:  E  = -107.440853678171  <S**2> = 0.000041392984891  CPU Time =  1.53
  2.90:  E  = -107.442179067639  <S**2> = 0.000039293847797  CPU Time =  1.54
  3.00:  E  = -107.443634542572  <S**2> = 0.000033106224457  CPU Time =  1.54
  3.10:  E  = -107.444770529685  <S**2> = 0.000029927688968  CPU Time =  1.54
  3.20:  E  = -107.445966021515  <S**2> = 0.000028078815422  CPU Time =  1.54
  3.30:  E  = -107.446837288967  <S**2> = 0.000028580320027  CPU Time =  1.54
  3.40:  E  = -107.448477368410  <S**2> = 0.000031124443287  CPU Time =  1.53
  3.50:  E  = -107.449251023999  <S**2> = 0.000031567759823  CPU Time =  1.54
  3.60:  E  = -107.449948202331  <S**2> = 0.000031977310667  CPU Time =  1.55
  3.70:  E  = -107.450576506269  <S**2> = 0.000032352076686  CPU Time =  1.54
  3.80:  E  = -107.451142640060  <S**2> = 0.000032701662118  CPU Time =  1.54
  3.90:  E  = -107.451652546948  <S**2> = 0.000033025860531  CPU Time =  1.55
  4.00:  E  = -107.452111299078  <S**2> = 0.000033339445017  CPU Time =  1.53
  4.10:  E  = -107.452523284805  <S**2> = 0.000033637312934  CPU Time =  1.54
  4.20:  E  = -107.452892121834  <S**2> = 0.000033930657067  CPU Time =  1.54
  4.30:  E  = -107.453221180808  <S**2> = 0.000034192438639  CPU Time =  1.53
  4.40:  E  = -107.453513940351  <S**2> = 0.000034408837364  CPU Time =  1.54
  4.50:  E  = -107.453775081083  <S**2> = 0.000034524255057  CPU Time =  1.54
  4.60:  E  = -107.454010570112  <S**2> = 0.000034737417357  CPU Time =  1.53
  4.70:  E  = -107.454226946992  <S**2> = 0.000034920825228  CPU Time =  1.53
  4.80:  E  = -107.454429534376  <S**2> = 0.000035118078579  CPU Time =  1.54
  4.90:  E  = -107.454623848065  <S**2> = 0.000035448323942  CPU Time =  1.52
  5.00:  E  = -107.454816343605  <S**2> = 0.000036019644226  CPU Time =  1.54
  5.10:  E  = -107.454989925947  <S**2> = 0.000036280391302  CPU Time =  1.53
  5.20:  E  = -107.455133829432  <S**2> = 0.000036156687599  CPU Time =  1.52
  5.30:  E  = -107.455259329365  <S**2> = 0.000036249562575  CPU Time =  1.54
  5.40:  E  = -107.455372162565  <S**2> = 0.000036386781476  CPU Time =  1.54
  5.50:  E  = -107.455474332914  <S**2> = 0.000036523111606  CPU Time =  1.53
  5.60:  E  = -107.455566999493  <S**2> = 0.000036655824983  CPU Time =  1.53
  5.70:  E  = -107.455651109808  <S**2> = 0.000036782899888  CPU Time =  1.56
  5.80:  E  = -107.455727493776  <S**2> = 0.000036905451374  CPU Time =  1.53
  5.90:  E  = -107.455796897701  <S**2> = 0.000037023496781  CPU Time =  1.54
  6.00:  E  = -107.455859992588  <S**2> = 0.000037137882867  CPU Time =  1.59
  6.10:  E  = -107.455917382999  <S**2> = 0.000037248667096  CPU Time =  1.53
  6.20:  E  = -107.455969613526  <S**2> = 0.000037356563542  CPU Time =  1.53
  6.30:  E  = -107.456017174969  <S**2> = 0.000037461528633  CPU Time =  1.54
  6.40:  E  = -107.456060509719  <S**2> = 0.000037564183322  CPU Time =  1.54
  6.50:  E  = -107.456100016667  <S**2> = 0.000037664397666  CPU Time =  1.54
  6.60:  E  = -107.456136055556  <S**2> = 0.000037762712342  CPU Time =  1.53
  6.70:  E  = -107.456168950942  <S**2> = 0.000037858941985  CPU Time =  1.54
  6.80:  E  = -107.456198995695  <S**2> = 0.000037953555176  CPU Time =  1.53
  6.90:  E  = -107.456226454199  <S**2> = 0.000038046339003  CPU Time =  1.53
  7.00:  E  = -107.456251565174  <S**2> = 0.000038137696030  CPU Time =  1.54
  7.10:  E  = -107.456274544262  <S**2> = 0.000038227407460  CPU Time =  1.52
  7.20:  E  = -107.456295586301  <S**2> = 0.000038315814923  CPU Time =  1.53
  7.30:  E  = -107.456314867412  <S**2> = 0.000038402709087  CPU Time =  1.53
  7.40:  E  = -107.456332546842  <S**2> = 0.000038488375584  CPU Time =  1.53
  7.50:  E  = -107.456348768645  <S**2> = 0.000038572624331  CPU Time =  1.53
  7.60:  E  = -107.456363663171  <S**2> = 0.000038655690257  CPU Time =  1.53
  7.70:  E  = -107.456377348427  <S**2> = 0.000038737407795  CPU Time =  1.53
  7.80:  E  = -107.456389931282  <S**2> = 0.000038817966924  CPU Time =  1.52
  7.90:  E  = -107.456401508565  <S**2> = 0.000038897228422  CPU Time =  1.53
  8.00:  E  = -107.456412168040  <S**2> = 0.000038975343406  CPU Time =  1.53
  8.10:  E  = -107.456421989300  <S**2> = 0.000039052198420  CPU Time =  1.52
  8.20:  E  = -107.456431044551  <S**2> = 0.000039127911863  CPU Time =  1.53
  8.30:  E  = -107.456439399336  <S**2> = 0.000039202393959  CPU Time =  1.54
  8.40:  E  = -107.456447113175  <S**2> = 0.000039275736286  CPU Time =  1.52
  8.50:  E  = -107.456454240149  <S**2> = 0.000039347869853  CPU Time =  1.53
  8.60:  E  = -107.456460829418  <S**2> = 0.000039418864843  CPU Time =  1.54
  8.70:  E  = -107.456466925698  <S**2> = 0.000039488669872  CPU Time =  1.52
  8.80:  E  = -107.456472569677  <S**2> = 0.000039557338496  CPU Time =  1.54
  8.90:  E  = -107.456477798408  <S**2> = 0.000039624833852  CPU Time =  1.54
  9.00:  E  = -107.456482645644  <S**2> = 0.000039691196912  CPU Time =  1.52
  9.10:  E  = -107.456487142155  <S**2> = 0.000039756402507  CPU Time =  1.53
  9.20:  E  = -107.456491316006  <S**2> = 0.000039820482362  CPU Time =  1.55
  9.30:  E  = -107.456495192811  <S**2> = 0.000039883420550  CPU Time =  1.53
  9.40:  E  = -107.456498795961  <S**2> = 0.000039945242192  CPU Time =  1.53
  9.50:  E  = -107.456502146830  <S**2> = 0.000040005938587  CPU Time =  1.58
  9.60:  E  = -107.456505264961  <S**2> = 0.000040065530273  CPU Time =  1.54
  9.70:  E  = -107.456508168236  <S**2> = 0.000040124014137  CPU Time =  1.53
  9.80:  E  = -107.456510873025  <S**2> = 0.000040181407672  CPU Time =  1.53
  9.90:  E  = -107.456513394326  <S**2> = 0.000040237712048  CPU Time =  1.54
 10.00:  E  = -107.456515745889  <S**2> = 0.000040292942828  CPU Time =  1.54
 10.10:  E  = -107.456517940325  <S**2> = 0.000040347104453  CPU Time =  1.52
 10.20:  E  = -107.456519989214  <S**2> = 0.000040400211347  CPU Time =  1.53
 10.30:  E  = -107.456521903190  <S**2> = 0.000040452270446  CPU Time =  1.54
 10.40:  E  = -107.456523692031  <S**2> = 0.000040503295559  CPU Time =  1.52
 10.50:  E  = -107.456525364729  <S**2> = 0.000040553295532  CPU Time =  1.53
 10.60:  E  = -107.456526929563  <S**2> = 0.000040602283910  CPU Time =  1.53
 10.70:  E  = -107.456528394157  <S**2> = 0.000040650270988  CPU Time =  1.53
 10.80:  E  = -107.456529765541  <S**2> = 0.000040697270265  CPU Time =  1.54
 10.90:  E  = -107.456531050196  <S**2> = 0.000040743293139  CPU Time =  1.55
 11.00:  E  = -107.456532254106  <S**2> = 0.000040788353174  CPU Time =  1.52
 11.10:  E  = -107.456533382800  <S**2> = 0.000040832462600  CPU Time =  1.53
 11.20:  E  = -107.456534441386  <S**2> = 0.000040875635103  CPU Time =  1.53
 11.30:  E  = -107.456535434590  <S**2> = 0.000040917883532  CPU Time =  1.53
 11.40:  E  = -107.456536366783  <S**2> = 0.000040959221700  CPU Time =  1.53
 11.50:  E  = -107.456537242018  <S**2> = 0.000040999662906  CPU Time =  1.53
 11.60:  E  = -107.456538064048  <S**2> = 0.000041039221076  CPU Time =  1.53
 11.70:  E  = -107.456538836354  <S**2> = 0.000041077909814  CPU Time =  1.53
 11.80:  E  = -107.456539562167  <S**2> = 0.000041115743134  CPU Time =  1.53
 11.90:  E  = -107.456540244487  <S**2> = 0.000041152734820  CPU Time =  1.53
 12.00:  E  = -107.456540886102  <S**2> = 0.000041188898925  CPU Time =  1.53
 12.10:  E  = -107.456541489602  <S**2> = 0.000041224249339  CPU Time =  1.53
 12.20:  E  = -107.456542057400  <S**2> = 0.000041258800097  CPU Time =  1.53
 12.30:  E  = -107.456542591738  <S**2> = 0.000041292565104  CPU Time =  1.53
 12.40:  E  = -107.456543094709  <S**2> = 0.000041325558342  CPU Time =  1.54
 12.50:  E  = -107.456543568259  <S**2> = 0.000041357793663  CPU Time =  1.53
 12.60:  E  = -107.456544014205  <S**2> = 0.000041389284935  CPU Time =  1.53
 12.70:  E  = -107.456544434242  <S**2> = 0.000041420045916  CPU Time =  1.55
 12.80:  E  = -107.456544829952  <S**2> = 0.000041450090322  CPU Time =  1.53
 12.90:  E  = -107.456545202814  <S**2> = 0.000041479431745  CPU Time =  1.53
 13.00:  E  = -107.456545554207  <S**2> = 0.000041508083717  CPU Time =  1.58
 13.10:  E  = -107.456545885422  <S**2> = 0.000041536059639  CPU Time =  1.54
 13.20:  E  = -107.456546197667  <S**2> = 0.000041563372814  CPU Time =  1.54
 13.30:  E  = -107.456546492073  <S**2> = 0.000041590036410  CPU Time =  1.53
 13.40:  E  = -107.456546769697  <S**2> = 0.000041616063480  CPU Time =  1.53
 13.50:  E  = -107.456547031529  <S**2> = 0.000041641466927  CPU Time =  1.53
 13.60:  E  = -107.456547278499  <S**2> = 0.000041666259520  CPU Time =  1.53
 13.70:  E  = -107.456547511477  <S**2> = 0.000041690453879  CPU Time =  1.53
 13.80:  E  = -107.456547731280  <S**2> = 0.000041714062475  CPU Time =  1.54
 13.90:  E  = -107.456547938673  <S**2> = 0.000041737097617  CPU Time =  1.53
 14.00:  E  = -107.456548134375  <S**2> = 0.000041759571464  CPU Time =  1.53
 14.10:  E  = -107.456548319062  <S**2> = 0.000041781495988  CPU Time =  1.53
 14.20:  E  = -107.456548493366  <S**2> = 0.000041802883021  CPU Time =  1.53
 14.30:  E  = -107.456548657885  <S**2> = 0.000041823744205  CPU Time =  1.53
 14.40:  E  = -107.456548813176  <S**2> = 0.000041844091023  CPU Time =  1.53
 14.50:  E  = -107.456548959768  <S**2> = 0.000041863934772  CPU Time =  1.53
 14.60:  E  = -107.456549098154  <S**2> = 0.000041883286577  CPU Time =  1.53
 14.70:  E  = -107.456549228801  <S**2> = 0.000041902157391  CPU Time =  1.53
 14.80:  E  = -107.456549352146  <S**2> = 0.000041920557981  CPU Time =  1.54
 14.90:  E  = -107.456549468601  <S**2> = 0.000041938498938  CPU Time =  1.53
 15.00:  E  = -107.456549578556  <S**2> = 0.000041955990673  CPU Time =  1.54
 15.10:  E  = -107.456549682375  <S**2> = 0.000041973043420  CPU Time =  1.53
 15.20:  E  = -107.456549780402  <S**2> = 0.000041989667220  CPU Time =  1.54
 15.30:  E  = -107.456549872963  <S**2> = 0.000042005871957  CPU Time =  1.54
 15.40:  E  = -107.456549960363  <S**2> = 0.000042021667308  CPU Time =  1.53
 15.50:  E  = -107.456550042889  <S**2> = 0.000042037062799  CPU Time =  1.54
 15.60:  E  = -107.456550120815  <S**2> = 0.000042052067758  CPU Time =  1.53
 15.70:  E  = -107.456550194395  <S**2> = 0.000042066691343  CPU Time =  1.53
 15.80:  E  = -107.456550263871  <S**2> = 0.000042080942538  CPU Time =  1.54
 15.90:  E  = -107.456550329471  <S**2> = 0.000042094830148  CPU Time =  1.53
 16.00:  E  = -107.456550391411  <S**2> = 0.000042108362807  CPU Time =  1.52
 16.10:  E  = -107.456550449892  <S**2> = 0.000042121548979  CPU Time =  1.53
 16.20:  E  = -107.456550505106  <S**2> = 0.000042134396955  CPU Time =  1.54
 16.30:  E  = -107.456550557234  <S**2> = 0.000042146914856  CPU Time =  1.53
 16.40:  E  = -107.456550606447  <S**2> = 0.000042159110643  CPU Time =  1.53
 16.50:  E  = -107.456550652904  <S**2> = 0.000042170992104  CPU Time =  1.54
 16.60:  E  = -107.456550696759  <S**2> = 0.000042182566868  CPU Time =  1.53
 16.70:  E  = -107.456550738154  <S**2> = 0.000042193842405  CPU Time =  1.54
 16.80:  E  = -107.456550777226  <S**2> = 0.000042204826024  CPU Time =  1.58
 16.90:  E  = -107.456550814101  <S**2> = 0.000042215524879  CPU Time =  1.54
 17.00:  E  = -107.456550848902  <S**2> = 0.000042225945964  CPU Time =  1.53
 17.10:  E  = -107.456550881743  <S**2> = 0.000042236096130  CPU Time =  1.53
 17.20:  E  = -107.456550912730  <S**2> = 0.000042245982071  CPU Time =  1.53
 17.30:  E  = -107.456550941967  <S**2> = 0.000042255610332  CPU Time =  1.53
 17.40:  E  = -107.456550969549  <S**2> = 0.000042264987320  CPU Time =  1.53
 17.50:  E  = -107.456550995567  <S**2> = 0.000042274119296  CPU Time =  1.53
 17.60:  E  = -107.456551020108  <S**2> = 0.000042283012376  CPU Time =  1.53
 17.70:  E  = -107.456551043253  <S**2> = 0.000042291672543  CPU Time =  1.53
 17.80:  E  = -107.456551065079  <S**2> = 0.000042300105638  CPU Time =  1.54
 17.90:  E  = -107.456551085658  <S**2> = 0.000042308317374  CPU Time =  1.53
 18.00:  E  = -107.456551105059  <S**2> = 0.000042316313334  CPU Time =  1.52
 18.10:  E  = -107.456551123347  <S**2> = 0.000042324098966  CPU Time =  1.53
 18.20:  E  = -107.456551140584  <S**2> = 0.000042331679593  CPU Time =  1.54
 18.30:  E  = -107.456551156826  <S**2> = 0.000042339060419  CPU Time =  1.53
 18.40:  E  = -107.456551172130  <S**2> = 0.000042346246516  CPU Time =  1.53
 18.50:  E  = -107.456551186547  <S**2> = 0.000042353242850  CPU Time =  1.53
 18.60:  E  = -107.456551200125  <S**2> = 0.000042360054257  CPU Time =  1.53
 18.70:  E  = -107.456551212912  <S**2> = 0.000042366685467  CPU Time =  1.53
 18.80:  E  = -107.456551224951  <S**2> = 0.000042373141090  CPU Time =  1.55
 18.90:  E  = -107.456551236284  <S**2> = 0.000042379425633  CPU Time =  1.52
 19.00:  E  = -107.456551246949  <S**2> = 0.000042385543489  CPU Time =  1.53
 19.10:  E  = -107.456551256985  <S**2> = 0.000042391498951  CPU Time =  1.53
 19.20:  E  = -107.456551266425  <S**2> = 0.000042397296198  CPU Time =  1.53
 19.30:  E  = -107.456551275303  <S**2> = 0.000042402939323  CPU Time =  1.54
 19.40:  E  = -107.456551283650  <S**2> = 0.000042408432302  CPU Time =  1.53
 19.50:  E  = -107.456551291496  <S**2> = 0.000042413779027  CPU Time =  1.53
 19.60:  E  = -107.456551298869  <S**2> = 0.000042418983289  CPU Time =  1.53
 19.70:  E  = -107.456551305795  <S**2> = 0.000042424048785  CPU Time =  1.54
 19.80:  E  = -107.456551312300  <S**2> = 0.000042428979125  CPU Time =  1.52
 19.90:  E  = -107.456551318407  <S**2> = 0.000042433777829  CPU Time =  1.54
 20.00:  E  = -107.456551324138  <S**2> = 0.000042438448319  CPU Time =  1.54
 20.10:  E  = -107.456551329514  <S**2> = 0.000042442993954  CPU Time =  1.52
 20.20:  E  = -107.456551334557  <S**2> = 0.000042447417986  CPU Time =  1.54
 20.30:  E  = -107.456551339284  <S**2> = 0.000042451723599  CPU Time =  1.57
 20.40:  E  = -107.456551343713  <S**2> = 0.000042455913897  CPU Time =  1.52
 20.50:  E  = -107.456551347861  <S**2> = 0.000042459991901  CPU Time =  1.53
 20.60:  E  = -107.456551351745  <S**2> = 0.000042463960560  CPU Time =  1.57
 20.70:  E  = -107.456551355379  <S**2> = 0.000042467822746  CPU Time =  1.52
 20.80:  E  = -107.456551358778  <S**2> = 0.000042471581259  CPU Time =  1.54
 20.90:  E  = -107.456551361955  <S**2> = 0.000042475238830  CPU Time =  1.53
 21.00:  E  = -107.456551364923  <S**2> = 0.000042478798116  CPU Time =  1.53
 21.10:  E  = -107.456551367694  <S**2> = 0.000042482261719  CPU Time =  1.53
 21.20:  E  = -107.456551370279  <S**2> = 0.000042485632154  CPU Time =  1.52
 21.30:  E  = -107.456551372690  <S**2> = 0.000042488911888  CPU Time =  1.54
 21.40:  E  = -107.456551374935  <S**2> = 0.000042492103323  CPU Time =  1.53
 21.50:  E  = -107.456551377026  <S**2> = 0.000042495208793  CPU Time =  1.53
 21.60:  E  = -107.456551378971  <S**2> = 0.000042498230578  CPU Time =  1.54
 21.70:  E  = -107.456551380778  <S**2> = 0.000042501170895  CPU Time =  1.55
 21.80:  E  = -107.456551382456  <S**2> = 0.000042504031909  CPU Time =  1.53
 21.90:  E  = -107.456551384013  <S**2> = 0.000042506815724  CPU Time =  1.53
 22.00:  E  = -107.456551385455  <S**2> = 0.000042509524395  CPU Time =  1.53
 22.10:  E  = -107.456551386790  <S**2> = 0.000042512159917  CPU Time =  1.53
 22.20:  E  = -107.456551388024  <S**2> = 0.000042514724240  CPU Time =  1.53
 22.30:  E  = -107.456551389163  <S**2> = 0.000042517219261  CPU Time =  1.53
 22.40:  E  = -107.456551390212  <S**2> = 0.000042519646827  CPU Time =  1.53
 22.50:  E  = -107.456551391178  <S**2> = 0.000042522008735  CPU Time =  1.53
QITE
 Basis       Coef
|000000111111> : +0.7790 -0.0000j
|000011110011> : -0.3992 +0.0000j
|001100001111> : -0.3993 +0.0000j
|001111000011> : +0.2084 -0.0000j
|110000111100> : -0.1262 +0.0000j
Normal termination of quket at 2021-02-27 17:30:28.873064
