///////////////////////////////////////////////////////////////////////////////////
///                                                                             ///
///                                                                             ///
///              QQQ       UUU  UUU    KKK   KK    EEEEEEE    TTTTTTT           ///
///             Q   Q       u    U      K   K       E    E    T  T  T           ///
///            Q     Q      U    U      K  K        E  E         T              ///
///            Q     Q      U    U      KKK         EEEE         T              ///
///            Q QQQ Q      U    U      K  K        E  E         T              ///
///             Q   Q       U    U      K   K       E    E       T              ///
///              QQQ QQ      UUUU      KKK   KK    EEEEEEE      TTT             ///
///                                                                             ///
///                      Quantum Computing Simulator Ver 0.4 dev                ///
///                                                                             ///
///        Copyright 2019-2021                                                  ///
///        QC Project Team, Ten-no Research Group                               ///
///        All rights Reserved.                                                 ///
///                                                                             ///
///////////////////////////////////////////////////////////////////////////////////
Start at 2021-02-27 17:32:39.979780
+-------------+
|  Job #   1  |
+-------------+
8 processes  x  1 threads  =  Total 8 cores
Performing QITE for heisenberg Hamiltonian
Initial configuration: |0101>
Convergence criteria:  ftol = 1E-09 
QITE: Pauli operator group size = 0
  0.00:  E  = -4.000000000000  <S**2> = 0.000000000000000  CPU Time =  0.00
  0.10:  E  = -6.115405857641  <S**2> = 0.000000000000000  CPU Time =  0.00
  0.20:  E  = -7.035350792942  <S**2> = 0.000000000000000  CPU Time =  0.00
  0.30:  E  = -7.517104028177  <S**2> = 0.000000000000000  CPU Time =  0.00
  0.40:  E  = -7.769143548067  <S**2> = 0.000000000000000  CPU Time =  0.00
  0.50:  E  = -7.893009041644  <S**2> = 0.000000000000000  CPU Time =  0.00
  0.60:  E  = -7.951220353150  <S**2> = 0.000000000000000  CPU Time =  0.00
  0.70:  E  = -7.977934905415  <S**2> = 0.000000000000000  CPU Time =  0.00
  0.80:  E  = -7.990055414098  <S**2> = 0.000000000000000  CPU Time =  0.00
  0.90:  E  = -7.995525493553  <S**2> = 0.000000000000000  CPU Time =  0.00
  1.00:  E  = -7.997988236311  <S**2> = 0.000000000000000  CPU Time =  0.00
  1.10:  E  = -7.999095805965  <S**2> = 0.000000000000000  CPU Time =  0.00
  1.20:  E  = -7.999593668859  <S**2> = 0.000000000000000  CPU Time =  0.00
  1.30:  E  = -7.999817413436  <S**2> = 0.000000000000000  CPU Time =  0.00
  1.40:  E  = -7.999917956506  <S**2> = 0.000000000000000  CPU Time =  0.00
  1.50:  E  = -7.999963135066  <S**2> = 0.000000000000000  CPU Time =  0.00
  1.60:  E  = -7.999983435433  <S**2> = 0.000000000000000  CPU Time =  0.00
  1.70:  E  = -7.999992557043  <S**2> = 0.000000000000000  CPU Time =  0.00
  1.80:  E  = -7.999996655661  <S**2> = 0.000000000000000  CPU Time =  0.00
  1.90:  E  = -7.999998497291  <S**2> = 0.000000000000000  CPU Time =  0.00
  2.00:  E  = -7.999999324789  <S**2> = 0.000000000000000  CPU Time =  0.00
  2.10:  E  = -7.999999696608  <S**2> = 0.000000000000000  CPU Time =  0.00
  2.20:  E  = -7.999999863677  <S**2> = 0.000000000000000  CPU Time =  0.00
  2.30:  E  = -7.999999938746  <S**2> = 0.000000000000000  CPU Time =  0.00
  2.40:  E  = -7.999999972477  <S**2> = 0.000000000000000  CPU Time =  0.00
  2.50:  E  = -7.999999987633  <S**2> = 0.000000000000000  CPU Time =  0.00
  2.60:  E  = -7.999999994443  <S**2> = 0.000000000000000  CPU Time =  0.00
  2.70:  E  = -7.999999997503  <S**2> = 0.000000000000000  CPU Time =  0.00
  2.80:  E  = -7.999999998878  <S**2> = 0.000000000000000  CPU Time =  0.00
  2.90:  E  = -7.999999999496  <S**2> = 0.000000000000000  CPU Time =  0.00
QITE
 Basis       Coef
|0011> : -0.2887 +0.0000j
|0101> : +0.5774 +0.0000j
|0110> : -0.2887 +0.0000j
|1001> : -0.2887 +0.0000j
|1010> : +0.5773 +0.0000j
|1100> : -0.2887 +0.0000j
Normal termination of quket at 2021-02-27 17:32:40.052536
