///////////////////////////////////////////////////////////////////////////////////
///                                                                             ///
///                                                                             ///
///              QQQ       UUU  UUU    KKK   KK    EEEEEEE    TTTTTTT           ///
///             Q   Q       u    U      K   K       E    E    T  T  T           ///
///            Q     Q      U    U      K  K        E  E         T              ///
///            Q     Q      U    U      KKK         EEEE         T              ///
///            Q QQQ Q      U    U      K  K        E  E         T              ///
///             Q   Q       U    U      K   K       E    E       T              ///
///              QQQ QQ      UUUU      KKK   KK    EEEEEEE      TTT             ///
///                                                                             ///
///                      Quantum Computing Simulator Ver 0.4 dev                ///
///                                                                             ///
///        Copyright 2019-2021                                                  ///
///        QC Project Team, Ten-no Research Group                               ///
///        All rights Reserved.                                                 ///
///                                                                             ///
///////////////////////////////////////////////////////////////////////////////////
Start at 2021-02-27 17:34:08.518794
+-------------+
|  Job #   1  |
+-------------+
8 processes  x  1 threads  =  Total 8 cores
Performing QITE for heisenberg Hamiltonian
Initial configuration: |0101>
Convergence criteria:  ftol = 1E-09 
QITE: Pauli operator group size = 14
      Unique sigma list = 51
  0.00:  E  = -4.000000000000  <S**2> = 0.000000000000000  CPU Time =  0.00
  0.10:  E  = -6.026263079786  <S**2> = 0.000000000000000  CPU Time =  0.00
  0.20:  E  = -6.903206091927  <S**2> = 0.000000000000000  CPU Time =  0.00
  0.30:  E  = -7.425272135843  <S**2> = 0.000000000000000  CPU Time =  0.00
  0.40:  E  = -7.718759778297  <S**2> = 0.000000000000000  CPU Time =  0.00
  0.50:  E  = -7.868898657311  <S**2> = 0.000000000000000  CPU Time =  0.00
  0.60:  E  = -7.940357278335  <S**2> = 0.000000000000000  CPU Time =  0.00
  0.70:  E  = -7.973121810894  <S**2> = 0.000000000000000  CPU Time =  0.00
  0.80:  E  = -7.987923232230  <S**2> = 0.000000000000000  CPU Time =  0.00
  0.90:  E  = -7.994577448844  <S**2> = 0.000000000000000  CPU Time =  0.00
  1.00:  E  = -7.997565239958  <S**2> = 0.000000000000000  CPU Time =  0.00
  1.10:  E  = -7.998906608800  <S**2> = 0.000000000000000  CPU Time =  0.00
  1.20:  E  = -7.999508908431  <S**2> = 0.000000000000000  CPU Time =  0.00
  1.30:  E  = -7.999779401548  <S**2> = 0.000000000000000  CPU Time =  0.00
  1.40:  E  = -7.999900898354  <S**2> = 0.000000000000000  CPU Time =  0.00
  1.50:  E  = -7.999955476823  <S**2> = 0.000000000000000  CPU Time =  0.00
  1.60:  E  = -7.999979996319  <S**2> = 0.000000000000000  CPU Time =  0.00
  1.70:  E  = -7.999991012346  <S**2> = 0.000000000000000  CPU Time =  0.00
  1.80:  E  = -7.999995961767  <S**2> = 0.000000000000000  CPU Time =  0.00
  1.90:  E  = -7.999998185438  <S**2> = 0.000000000000000  CPU Time =  0.00
  2.00:  E  = -7.999999184563  <S**2> = 0.000000000000000  CPU Time =  0.00
  2.10:  E  = -7.999999633496  <S**2> = 0.000000000000000  CPU Time =  0.00
  2.20:  E  = -7.999999835215  <S**2> = 0.000000000000000  CPU Time =  0.00
  2.30:  E  = -7.999999925854  <S**2> = 0.000000000000000  CPU Time =  0.00
  2.40:  E  = -7.999999966580  <S**2> = 0.000000000000000  CPU Time =  0.00
  2.50:  E  = -7.999999984880  <S**2> = 0.000000000000000  CPU Time =  0.00
  2.60:  E  = -7.999999993103  <S**2> = 0.000000000000000  CPU Time =  0.00
  2.70:  E  = -7.999999996798  <S**2> = 0.000000000000000  CPU Time =  0.00
  2.80:  E  = -7.999999998458  <S**2> = 0.000000000000000  CPU Time =  0.00
  2.90:  E  = -7.999999999204  <S**2> = 0.000000000000000  CPU Time =  0.00
QITE
 Basis       Coef
|0011> : -0.2887 +0.0000j
|0101> : +0.5774 +0.0000j
|0110> : -0.2887 +0.0000j
|1001> : -0.2887 +0.0000j
|1010> : +0.5773 +0.0000j
|1100> : -0.2887 +0.0000j
Normal termination of quket at 2021-02-27 17:34:08.627170
